================================================================================
KCOR v4.4 - Kirsch Cumulative Outcomes Ratio Analysis
================================================================================
Analysis Date: 2025-09-18 16:24:01
Mode: Primary Analysis
Input File: ../data/Czech/KCOR_CMR.xlsx
Output File: ../data/Czech/KCOR.xlsx
Log File: ../data/Czech/KCOR_summary.log
--------------------------------------------------------------------------------
Configuration Parameters (effective):
  FINAL_KCOR_MIN        = 0
  FINAL_KCOR_DATE       = 4/1/24
  KCOR_NORMALIZATION_WEEK = 4
  SLOPE_ANCHOR_T        = 0
  SKIP_WEEKS            = 0
  SLOPE_WINDOW_SIZE     = 2
  MA_TOTAL_LENGTH       = 8
  CENTERED              = True
  YEAR_RANGE            = (1920, 2000)
  ENROLLMENT_DATES      = ['2021_13', '2021_24', '2022_06', '2022_47']
  DEBUG_VERBOSE         = True
  OVERRIDE_DOSE_PAIRS   = None
  OVERRIDE_YOBS         = None
  QUIET_ANCHOR_ISO_WEEKS= ['2022-25', '2023-28', '2024-15']
  MIN_ANCHOR_GAP_WEEKS  = 26
  MIN_ANCHOR_SEPARATION_WEEKS = 39
  KCOR_REPORTING_DATE   = {'2021-13': '2022-12-31', '2021_13': '2022-12-31', '2021_24': '2022-12-31', '2022_06': '2022-12-31', '2022_47': '2023-12-31'}
================================================================================

[DEBUG] Limiting to age range: 1920-2000
[DEBUG] Limiting to enrollment dates: ['2021_13', '2021_24', '2022_06', '2022_47']
[Info] Processing sheet: 2021_13
[DEBUG] Filtered to start from enrollment date 03/29/2021: 134125 rows
[DEBUG] Filtered to 125800 rows for ages 1920-2000
[DEBUG] Filtered to doses [0, 1, 2] (max dose 2): 75480 rows
[DEBUG] Aggregated across sexes: 9435 rows
[INFO] 2021_13 dynamic anchors: t=64 (2022-06-20), t=119 (2023-07-10), Δt=55 weeks

[DEBUG] Computed slopes for sheet 2021_13:
  YoB 1920, Dose 0: slope = -0.004283
  YoB 1925, Dose 0: slope = -0.003360
  YoB 1930, Dose 0: slope = -0.001330
  YoB 1935, Dose 0: slope = -0.002006
  YoB 1940, Dose 0: slope = 0.000091
  YoB 1945, Dose 0: slope = 0.000046
  YoB 1950, Dose 0: slope = 0.000068
  YoB 1955, Dose 0: slope = 0.001383
  YoB 1960, Dose 0: slope = 0.000935
  YoB 1965, Dose 0: slope = 0.001972
  YoB 1970, Dose 0: slope = 0.001561
  YoB 1975, Dose 0: slope = 0.000599
  YoB 1980, Dose 0: slope = 0.002011
  YoB 1985, Dose 0: slope = 0.001509
  YoB 1990, Dose 0: slope = 0.000766
  YoB 1995, Dose 0: slope = 0.005603
  YoB 2000, Dose 0: slope = 0.003809
  YoB 1920, Dose 1: slope = 0.002456
  YoB 1925, Dose 1: slope = -0.001439
  YoB 1930, Dose 1: slope = 0.001304
  YoB 1935, Dose 1: slope = 0.001070
  YoB 1940, Dose 1: slope = 0.000908
  YoB 1945, Dose 1: slope = 0.002023
  YoB 1950, Dose 1: slope = 0.000457
  YoB 1955, Dose 1: slope = 0.001429
  YoB 1960, Dose 1: slope = -0.008823
  YoB 1965, Dose 1: slope = 0.001566
  YoB 1970, Dose 1: slope = 0.005982
  YoB 1975, Dose 1: slope = 0.010652
  YoB 1980, Dose 1: slope = 0.002164
  YoB 1985, Dose 1: slope = 0.022089
  YoB 1990, Dose 1: slope = 0.017668
  YoB 1995, Dose 1: slope = -0.012596
  YoB 2000, Dose 1: slope = 0.000000
  YoB 1920, Dose 2: slope = 0.002693
  YoB 1925, Dose 2: slope = 0.002421
  YoB 1930, Dose 2: slope = 0.001681
  YoB 1935, Dose 2: slope = 0.001086
  YoB 1940, Dose 2: slope = 0.003036
  YoB 1945, Dose 2: slope = 0.000645
  YoB 1950, Dose 2: slope = 0.000514
  YoB 1955, Dose 2: slope = -0.001640
  YoB 1960, Dose 2: slope = -0.002156
  YoB 1965, Dose 2: slope = -0.005414
  YoB 1970, Dose 2: slope = -0.006862
  YoB 1975, Dose 2: slope = 0.016266
  YoB 1980, Dose 2: slope = 0.007777
  YoB 1985, Dose 2: slope = 0.016147
  YoB 1990, Dose 2: slope = 0.001880
  YoB 1995, Dose 2: slope = 0.001282
  YoB 2000, Dose 2: slope = 0.000000

[Info] Processing sheet: 2021_24
[DEBUG] Filtered to start from enrollment date 06/14/2021: 126150 rows
[DEBUG] Filtered to 118320 rows for ages 1920-2000
[DEBUG] Filtered to doses [0, 1, 2] (max dose 2): 70992 rows
[DEBUG] Aggregated across sexes: 8874 rows
[INFO] 2021_24 dynamic anchors: t=53 (2022-06-20), t=108 (2023-07-10), Δt=55 weeks

[DEBUG] Computed slopes for sheet 2021_24:
  YoB 1920, Dose 0: slope = -0.004864
  YoB 1925, Dose 0: slope = -0.003875
  YoB 1930, Dose 0: slope = -0.002043
  YoB 1935, Dose 0: slope = -0.002640
  YoB 1940, Dose 0: slope = -0.001755
  YoB 1945, Dose 0: slope = -0.001995
  YoB 1950, Dose 0: slope = -0.002784
  YoB 1955, Dose 0: slope = 0.001410
  YoB 1960, Dose 0: slope = -0.000870
  YoB 1965, Dose 0: slope = -0.000449
  YoB 1970, Dose 0: slope = -0.000466
  YoB 1975, Dose 0: slope = 0.000004
  YoB 1980, Dose 0: slope = -0.000601
  YoB 1985, Dose 0: slope = -0.000236
  YoB 1990, Dose 0: slope = -0.000364
  YoB 1995, Dose 0: slope = 0.002793
  YoB 2000, Dose 0: slope = 0.001664
  YoB 1920, Dose 1: slope = -0.000858
  YoB 1925, Dose 1: slope = -0.004299
  YoB 1930, Dose 1: slope = -0.001506
  YoB 1935, Dose 1: slope = -0.000609
  YoB 1940, Dose 1: slope = 0.001360
  YoB 1945, Dose 1: slope = -0.000139
  YoB 1950, Dose 1: slope = 0.002122
  YoB 1955, Dose 1: slope = 0.001242
  YoB 1960, Dose 1: slope = 0.002428
  YoB 1965, Dose 1: slope = 0.005764
  YoB 1970, Dose 1: slope = 0.002261
  YoB 1975, Dose 1: slope = 0.003602
  YoB 1980, Dose 1: slope = 0.008800
  YoB 1985, Dose 1: slope = 0.017417
  YoB 1990, Dose 1: slope = 0.002791
  YoB 1995, Dose 1: slope = 0.016736
  YoB 2000, Dose 1: slope = 0.021411
  YoB 1920, Dose 2: slope = 0.002188
  YoB 1925, Dose 2: slope = 0.001584
  YoB 1930, Dose 2: slope = 0.001678
  YoB 1935, Dose 2: slope = 0.000917
  YoB 1940, Dose 2: slope = 0.001964
  YoB 1945, Dose 2: slope = 0.002163
  YoB 1950, Dose 2: slope = 0.001102
  YoB 1955, Dose 2: slope = 0.001235
  YoB 1960, Dose 2: slope = 0.000684
  YoB 1965, Dose 2: slope = 0.001956
  YoB 1970, Dose 2: slope = 0.006280
  YoB 1975, Dose 2: slope = 0.002313
  YoB 1980, Dose 2: slope = 0.005749
  YoB 1985, Dose 2: slope = 0.006142
  YoB 1990, Dose 2: slope = 0.009307
  YoB 1995, Dose 2: slope = -0.001034
  YoB 2000, Dose 2: slope = 0.000000

[Info] Processing sheet: 2022_06
[DEBUG] Filtered to start from enrollment date 02/07/2022: 101500 rows
[DEBUG] Filtered to 95200 rows for ages 1920-2000
[DEBUG] Filtered to doses [0, 1, 2, 3] (max dose 3): 76160 rows
[DEBUG] Aggregated across sexes: 9520 rows
[INFO] 2022_06 dynamic anchors: t=74 (2023-07-10), t=113 (2024-04-08), Δt=39 weeks

[DEBUG] Computed slopes for sheet 2022_06:
  YoB 1920, Dose 0: slope = 0.005108
  YoB 1925, Dose 0: slope = 0.002877
  YoB 1930, Dose 0: slope = 0.000439
  YoB 1935, Dose 0: slope = 0.001264
  YoB 1940, Dose 0: slope = -0.001306
  YoB 1945, Dose 0: slope = 0.000846
  YoB 1950, Dose 0: slope = 0.003000
  YoB 1955, Dose 0: slope = -0.003628
  YoB 1960, Dose 0: slope = -0.001762
  YoB 1965, Dose 0: slope = -0.001704
  YoB 1970, Dose 0: slope = 0.000868
  YoB 1975, Dose 0: slope = -0.006099
  YoB 1980, Dose 0: slope = -0.002801
  YoB 1985, Dose 0: slope = -0.004620
  YoB 1990, Dose 0: slope = -0.002637
  YoB 1995, Dose 0: slope = -0.005994
  YoB 2000, Dose 0: slope = 0.006395
  YoB 1920, Dose 1: slope = 0.014520
  YoB 1925, Dose 1: slope = -0.002342
  YoB 1930, Dose 1: slope = 0.003172
  YoB 1935, Dose 1: slope = -0.001361
  YoB 1940, Dose 1: slope = 0.002528
  YoB 1945, Dose 1: slope = 0.005285
  YoB 1950, Dose 1: slope = 0.002546
  YoB 1955, Dose 1: slope = -0.004232
  YoB 1960, Dose 1: slope = -0.008419
  YoB 1965, Dose 1: slope = 0.003699
  YoB 1970, Dose 1: slope = 0.009753
  YoB 1975, Dose 1: slope = 0.008964
  YoB 1980, Dose 1: slope = 0.012338
  YoB 1985, Dose 1: slope = 0.010484
  YoB 1990, Dose 1: slope = 0.003776
  YoB 1995, Dose 1: slope = 0.045661
  YoB 2000, Dose 1: slope = -0.021323
  YoB 1920, Dose 2: slope = 0.001798
  YoB 1925, Dose 2: slope = -0.001558
  YoB 1930, Dose 2: slope = 0.000063
  YoB 1935, Dose 2: slope = 0.003555
  YoB 1940, Dose 2: slope = -0.000543
  YoB 1945, Dose 2: slope = 0.002603
  YoB 1950, Dose 2: slope = -0.005307
  YoB 1955, Dose 2: slope = -0.003016
  YoB 1960, Dose 2: slope = 0.003304
  YoB 1965, Dose 2: slope = -0.000149
  YoB 1970, Dose 2: slope = 0.002069
  YoB 1975, Dose 2: slope = -0.004025
  YoB 1980, Dose 2: slope = -0.000828
  YoB 1985, Dose 2: slope = -0.000109
  YoB 1990, Dose 2: slope = -0.014482
  YoB 1995, Dose 2: slope = -0.008722
  YoB 2000, Dose 2: slope = -0.017291
  YoB 1920, Dose 3: slope = 0.001239
  YoB 1925, Dose 3: slope = 0.000277
  YoB 1930, Dose 3: slope = 0.002233
  YoB 1935, Dose 3: slope = 0.003844
  YoB 1940, Dose 3: slope = 0.002688
  YoB 1945, Dose 3: slope = 0.001340
  YoB 1950, Dose 3: slope = 0.000861
  YoB 1955, Dose 3: slope = 0.001849
  YoB 1960, Dose 3: slope = -0.000710
  YoB 1965, Dose 3: slope = 0.003164
  YoB 1970, Dose 3: slope = -0.001677
  YoB 1975, Dose 3: slope = -0.006068
  YoB 1980, Dose 3: slope = -0.006785
  YoB 1985, Dose 3: slope = -0.015931
  YoB 1990, Dose 3: slope = 0.000832
  YoB 1995, Dose 3: slope = -0.040593
  YoB 2000, Dose 3: slope = -0.036602

[Info] Processing sheet: 2022_47
[DEBUG] Filtered to start from enrollment date 11/21/2022: 71775 rows
[DEBUG] Filtered to 67320 rows for ages 1920-2000
[DEBUG] Filtered to doses [0, 1, 2, 3, 4] (max dose 4): 67320 rows
[DEBUG] Aggregated across sexes: 8415 rows
[INFO] 2022_47 dynamic anchors: t=33 (2023-07-10), t=72 (2024-04-08), Δt=39 weeks

[DEBUG] Computed slopes for sheet 2022_47:
  YoB 1920, Dose 0: slope = 0.003402
  YoB 1925, Dose 0: slope = 0.003467
  YoB 1930, Dose 0: slope = 0.001288
  YoB 1935, Dose 0: slope = 0.001092
  YoB 1940, Dose 0: slope = -0.001161
  YoB 1945, Dose 0: slope = 0.000556
  YoB 1950, Dose 0: slope = 0.003059
  YoB 1955, Dose 0: slope = -0.003674
  YoB 1960, Dose 0: slope = -0.001876
  YoB 1965, Dose 0: slope = -0.001792
  YoB 1970, Dose 0: slope = 0.000877
  YoB 1975, Dose 0: slope = -0.005728
  YoB 1980, Dose 0: slope = -0.002637
  YoB 1985, Dose 0: slope = -0.004404
  YoB 1990, Dose 0: slope = -0.002830
  YoB 1995, Dose 0: slope = -0.007230
  YoB 2000, Dose 0: slope = 0.006395
  YoB 1920, Dose 1: slope = 0.011688
  YoB 1925, Dose 1: slope = -0.009572
  YoB 1930, Dose 1: slope = 0.004494
  YoB 1935, Dose 1: slope = -0.004070
  YoB 1940, Dose 1: slope = 0.000042
  YoB 1945, Dose 1: slope = 0.007618
  YoB 1950, Dose 1: slope = 0.004235
  YoB 1955, Dose 1: slope = -0.005542
  YoB 1960, Dose 1: slope = -0.005852
  YoB 1965, Dose 1: slope = 0.002493
  YoB 1970, Dose 1: slope = 0.010291
  YoB 1975, Dose 1: slope = 0.011803
  YoB 1980, Dose 1: slope = 0.017883
  YoB 1985, Dose 1: slope = 0.005858
  YoB 1990, Dose 1: slope = -0.002399
  YoB 1995, Dose 1: slope = 0.040856
  YoB 2000, Dose 1: slope = -0.005629
  YoB 1920, Dose 2: slope = 0.012463
  YoB 1925, Dose 2: slope = -0.002166
  YoB 1930, Dose 2: slope = -0.000456
  YoB 1935, Dose 2: slope = 0.004947
  YoB 1940, Dose 2: slope = 0.000454
  YoB 1945, Dose 2: slope = 0.003123
  YoB 1950, Dose 2: slope = -0.007014
  YoB 1955, Dose 2: slope = -0.002809
  YoB 1960, Dose 2: slope = 0.003377
  YoB 1965, Dose 2: slope = -0.001415
  YoB 1970, Dose 2: slope = 0.002148
  YoB 1975, Dose 2: slope = -0.002765
  YoB 1980, Dose 2: slope = -0.003627
  YoB 1985, Dose 2: slope = -0.002052
  YoB 1990, Dose 2: slope = -0.009278
  YoB 1995, Dose 2: slope = -0.002562
  YoB 2000, Dose 2: slope = -0.017773
  YoB 1920, Dose 3: slope = -0.005246
  YoB 1925, Dose 3: slope = 0.000971
  YoB 1930, Dose 3: slope = 0.002303
  YoB 1935, Dose 3: slope = 0.003909
  YoB 1940, Dose 3: slope = 0.002006
  YoB 1945, Dose 3: slope = 0.000515
  YoB 1950, Dose 3: slope = 0.000625
  YoB 1955, Dose 3: slope = 0.001110
  YoB 1960, Dose 3: slope = -0.000863
  YoB 1965, Dose 3: slope = 0.003019
  YoB 1970, Dose 3: slope = 0.000179
  YoB 1975, Dose 3: slope = -0.005926
  YoB 1980, Dose 3: slope = -0.002324
  YoB 1985, Dose 3: slope = -0.005394
  YoB 1990, Dose 3: slope = -0.005805
  YoB 1995, Dose 3: slope = -0.022902
  YoB 2000, Dose 3: slope = -0.030719
  YoB 1920, Dose 4: slope = 0.006066
  YoB 1925, Dose 4: slope = -0.000374
  YoB 1930, Dose 4: slope = 0.001674
  YoB 1935, Dose 4: slope = 0.003236
  YoB 1940, Dose 4: slope = 0.003346
  YoB 1945, Dose 4: slope = 0.003136
  YoB 1950, Dose 4: slope = 0.001492
  YoB 1955, Dose 4: slope = 0.002548
  YoB 1960, Dose 4: slope = -0.000199
  YoB 1965, Dose 4: slope = 0.008352
  YoB 1970, Dose 4: slope = -0.014648
  YoB 1975, Dose 4: slope = -0.020745
  YoB 1980, Dose 4: slope = -0.023503
  YoB 1985, Dose 4: slope = -0.039542
  YoB 1990, Dose 4: slope = 0.008344
  YoB 1995, Dose 4: slope = 0.000000
  YoB 2000, Dose 4: slope = 0.000000


================================================================================
KCOR VALUES AT REPORTING DATES - ALL SHEETS
================================================================================

Sheet: 2021_13 — Reporting date: 2023-01-02
============================================================

Dose combination: 1 vs 0 [2021_13]
--------------------------------------------------
            YoB | KCOR [95% CI] | KCOR_o
--------------------------------------------------
  ASMR (pooled)   |   1.4157 [1.377, 1.455] | -
  1920            |   1.0197 [0.815, 1.276] | 1.4840
  1925            |   1.0722 [0.983, 1.169] | 1.2299
  1930            |   1.0882 [1.025, 1.155] | 1.2852
  1935            |   1.1400 [1.080, 1.203] | 1.3299
  1940            |   1.7552 [1.671, 1.843] | 1.8489
  1945            |   1.7164 [1.626, 1.812] | 1.9640
  1950            |   1.6408 [1.488, 1.810] | 1.7208
  1955            |   1.2922 [1.121, 1.489] | 1.3000
  1960            |   2.7924 [2.220, 3.512] | 1.7008
  1965            |   1.7248 [1.284, 2.317] | 1.7008
  1970            |   1.4239 [0.987, 2.055] | 1.7056
  1975            |   1.3386 [0.799, 2.242] | 2.0367
  1980            |   2.4534 [1.017, 5.916] | 2.4679
  1985            |   0.4460 [0.180, 1.104] | 0.9313
  1990            |   0.5387 [0.000, 5.387] | 0.0235
  1995            |   5.8925 [0.000, 58.925] | 0.0469
  2000            |   5.4405 [0.000, 54.405] | 0.0293

Dose combination: 2 vs 0 [2021_13]
--------------------------------------------------
            YoB | KCOR [95% CI] | KCOR_o
--------------------------------------------------
  ASMR (pooled)   |   1.5870 [1.538, 1.637] | -
  1920            |   0.8884 [0.773, 1.021] | 1.3387
  1925            |   1.2805 [1.195, 1.372] | 1.8533
  1930            |   1.5561 [1.480, 1.636] | 1.9789
  1935            |   1.8709 [1.778, 1.969] | 2.3455
  1940            |   1.7281 [1.626, 1.836] | 2.4476
  1945            |   1.4979 [1.378, 1.628] | 1.9448
  1950            |   1.4078 [1.245, 1.592] | 1.5241
  1955            |   1.8424 [1.529, 2.220] | 1.6551
  1960            |   1.7430 [1.380, 2.201] | 1.6411
  1965            |   2.1378 [1.562, 2.926] | 1.5517
  1970            |   1.9695 [1.339, 2.896] | 1.4217
  1975            |   1.0116 [0.526, 1.945] | 1.9731
  1980            |   0.4404 [0.293, 0.662] | 0.5833
  1985            |   0.5562 [0.000, 5.562] | 0.0310
  1990            |   1.2359 [0.499, 3.060] | 1.3128
  1995            |   2.7568 [0.000, 27.568] | 0.0528
  2000            |   3.5058 [0.000, 35.058] | 0.0163

Dose combination: 2 vs 1 [2021_13]
--------------------------------------------------
            YoB | KCOR [95% CI] | KCOR_o
--------------------------------------------------
  ASMR (pooled)   |   1.1159 [1.073, 1.161] | -
  1920            |   0.8713 [0.689, 1.102] | 0.9021
  1925            |   1.1942 [1.085, 1.315] | 1.5069
  1930            |   1.4300 [1.338, 1.529] | 1.5398
  1935            |   1.6411 [1.539, 1.750] | 1.7638
  1940            |   0.9845 [0.917, 1.057] | 1.3238
  1945            |   0.8727 [0.794, 0.960] | 0.9902
  1950            |   0.8580 [0.736, 1.000] | 0.8857
  1955            |   1.4257 [1.132, 1.796] | 1.2732
  1960            |   0.6242 [0.452, 0.862] | 0.9649
  1965            |   1.2394 [0.810, 1.897] | 0.9123
  1970            |   1.3832 [0.817, 2.340] | 0.8335
  1975            |   0.7557 [0.330, 1.728] | 0.9688
  1980            |   0.1795 [0.069, 0.469] | 0.2364
  1985            |   0.9014 [0.000, 9.014] | 1.1667
  1990            |   2.5757 [0.000, 25.757] | 1.6923
  1995            |   0.4678 [0.000, 4.678] | 1.1250
  2000            |   0.6444 [0.000, 6.444] | 0.5556

Sheet: 2021_24 — Reporting date: 2023-01-02
============================================================

Dose combination: 1 vs 0 [2021_24]
--------------------------------------------------
            YoB | KCOR [95% CI] | KCOR_o
--------------------------------------------------
  ASMR (pooled)   |   1.0453 [1.016, 1.075] | -
  1920            |   1.0229 [0.787, 1.330] | 1.2112
  1925            |   0.8785 [0.784, 0.984] | 0.8892
  1930            |   0.9416 [0.869, 1.021] | 0.9817
  1935            |   1.0309 [0.952, 1.117] | 1.1156
  1940            |   1.0985 [1.024, 1.178] | 1.2378
  1945            |   1.0668 [0.999, 1.139] | 1.1224
  1950            |   1.1410 [1.060, 1.228] | 1.3321
  1955            |   1.2203 [1.117, 1.333] | 1.1516
  1960            |   1.2567 [1.123, 1.406] | 1.3378
  1965            |   0.9672 [0.846, 1.106] | 1.2033
  1970            |   1.2473 [1.063, 1.463] | 1.3934
  1975            |   1.0378 [0.856, 1.259] | 1.2196
  1980            |   0.5671 [0.433, 0.743] | 0.8374
  1985            |   0.8167 [0.512, 1.304] | 1.6018
  1990            |   2.3924 [0.941, 6.080] | 2.8000
  1995            |   0.4770 [0.000, 4.770] | 0.1858
  2000            |   0.2420 [0.131, 0.446] | 0.4645

Dose combination: 2 vs 0 [2021_24]
--------------------------------------------------
            YoB | KCOR [95% CI] | KCOR_o
--------------------------------------------------
  ASMR (pooled)   |   1.2091 [1.184, 1.235] | -
  1920            |   0.7840 [0.689, 0.892] | 1.1320
  1925            |   0.8710 [0.813, 0.933] | 1.1913
  1930            |   0.9746 [0.926, 1.025] | 1.2371
  1935            |   1.1848 [1.126, 1.247] | 1.4568
  1940            |   1.3258 [1.261, 1.394] | 1.6250
  1945            |   1.3030 [1.235, 1.374] | 1.6044
  1950            |   1.4975 [1.402, 1.599] | 1.8349
  1955            |   1.5202 [1.391, 1.661] | 1.6740
  1960            |   1.1897 [1.065, 1.329] | 1.4333
  1965            |   1.7786 [1.476, 2.143] | 2.0996
  1970            |   0.9308 [0.773, 1.121] | 1.2679
  1975            |   1.9751 [1.430, 2.728] | 2.2689
  1980            |   0.6512 [0.472, 0.898] | 0.8647
  1985            |   1.9111 [0.995, 3.672] | 2.4434
  1990            |   0.8491 [0.436, 1.652] | 1.2889
  1995            |   1.1959 [0.622, 2.298] | 1.1067
  2000            |   0.6286 [0.315, 1.252] | 0.5943

Dose combination: 2 vs 1 [2021_24]
--------------------------------------------------
            YoB | KCOR [95% CI] | KCOR_o
--------------------------------------------------
  ASMR (pooled)   |   1.1568 [1.124, 1.191] | -
  1920            |   0.7665 [0.591, 0.994] | 0.9346
  1925            |   0.9915 [0.889, 1.107] | 1.3397
  1930            |   1.0350 [0.959, 1.117] | 1.2602
  1935            |   1.1493 [1.065, 1.241] | 1.3058
  1940            |   1.2068 [1.127, 1.292] | 1.3128
  1945            |   1.2214 [1.143, 1.305] | 1.4294
  1950            |   1.3125 [1.210, 1.424] | 1.3775
  1955            |   1.2458 [1.121, 1.384] | 1.4537
  1960            |   0.9467 [0.825, 1.086] | 1.0714
  1965            |   1.8389 [1.493, 2.266] | 1.7448
  1970            |   0.7463 [0.598, 0.931] | 0.9100
  1975            |   1.9031 [1.338, 2.708] | 1.8604
  1980            |   1.1482 [0.787, 1.675] | 1.0326
  1985            |   2.3399 [1.077, 5.085] | 1.5254
  1990            |   0.3549 [0.117, 1.075] | 0.4603
  1995            |   4.3541 [0.000, 43.541] | 0.8511
  2000            |   2.5975 [1.129, 5.979] | 1.2794

Sheet: 2022_06 — Reporting date: 2023-01-02
============================================================

Dose combination: 1 vs 0 [2022_06]
--------------------------------------------------
            YoB | KCOR [95% CI] | KCOR_o
--------------------------------------------------
  ASMR (pooled)   |   1.0156 [0.971, 1.062] | -
  1920            |   0.6805 [0.465, 0.996] | 0.8595
  1925            |   1.4523 [1.166, 1.810] | 1.4042
  1930            |   0.9552 [0.848, 1.075] | 1.0470
  1935            |   1.3157 [1.155, 1.498] | 1.2749
  1940            |   0.8111 [0.734, 0.896] | 0.8909
  1945            |   0.8987 [0.806, 1.003] | 0.9931
  1950            |   1.3052 [1.145, 1.488] | 1.3043
  1955            |   0.9989 [0.869, 1.148] | 0.9871
  1960            |   1.2626 [1.057, 1.509] | 1.0858
  1965            |   0.7446 [0.615, 0.902] | 0.8323
  1970            |   0.8493 [0.667, 1.082] | 1.0312
  1975            |   0.6598 [0.512, 0.850] | 0.9050
  1980            |   0.7846 [0.544, 1.131] | 1.0356
  1985            |   0.7824 [0.486, 1.260] | 1.0946
  1990            |   1.7079 [0.888, 3.284] | 1.9512
  1995            |   0.2720 [0.131, 0.565] | 0.6711
  2000            |   2.6251 [1.069, 6.448] | 1.4000

Dose combination: 2 vs 0 [2022_06]
--------------------------------------------------
            YoB | KCOR [95% CI] | KCOR_o
--------------------------------------------------
  ASMR (pooled)   |   1.0654 [1.042, 1.090] | -
  1920            |   0.9973 [0.832, 1.196] | 0.8978
  1925            |   1.0343 [0.951, 1.125] | 0.9204
  1930            |   1.1064 [1.043, 1.174] | 1.0815
  1935            |   0.9954 [0.938, 1.056] | 1.0318
  1940            |   1.0087 [0.954, 1.066] | 1.0141
  1945            |   0.9695 [0.917, 1.025] | 0.9940
  1950            |   1.5191 [1.421, 1.624] | 1.2635
  1955            |   1.0080 [0.930, 1.093] | 1.0182
  1960            |   0.9817 [0.884, 1.090] | 1.0863
  1965            |   0.9684 [0.856, 1.095] | 0.9967
  1970            |   0.8881 [0.774, 1.018] | 0.9066
  1975            |   1.7474 [1.428, 2.138] | 1.8110
  1980            |   1.0652 [0.839, 1.353] | 1.1080
  1985            |   1.1402 [0.823, 1.579] | 1.2614
  1990            |   1.9408 [1.348, 2.794] | 1.4024
  1995            |   1.0013 [0.604, 1.659] | 0.9211
  2000            |   4.1330 [2.312, 7.387] | 2.3333

Dose combination: 2 vs 1 [2022_06]
--------------------------------------------------
            YoB | KCOR [95% CI] | KCOR_o
--------------------------------------------------
  ASMR (pooled)   |   1.0490 [1.003, 1.097] | -
  1920            |   1.4655 [0.987, 2.177] | 1.0446
  1925            |   0.7121 [0.570, 0.890] | 0.6554
  1930            |   1.1584 [1.027, 1.306] | 1.0329
  1935            |   0.7566 [0.664, 0.862] | 0.8093
  1940            |   1.2436 [1.126, 1.374] | 1.1382
  1945            |   1.0788 [0.967, 1.203] | 1.0009
  1950            |   1.1639 [1.018, 1.330] | 0.9687
  1955            |   1.0091 [0.876, 1.162] | 1.0315
  1960            |   0.7775 [0.647, 0.934] | 1.0005
  1965            |   1.3005 [1.068, 1.583] | 1.1975
  1970            |   1.0456 [0.819, 1.335] | 0.8791
  1975            |   2.6484 [1.988, 3.529] | 2.0010
  1980            |   1.3576 [0.921, 2.000] | 1.0699
  1985            |   1.4573 [0.862, 2.465] | 1.1524
  1990            |   1.1364 [0.567, 2.277] | 0.7188
  1995            |   3.6812 [1.774, 7.640] | 1.3725
  2000            |   1.5744 [0.588, 4.218] | 1.6667

Dose combination: 3 vs 2 [2022_06]
--------------------------------------------------
            YoB | KCOR [95% CI] | KCOR_o
--------------------------------------------------
  ASMR (pooled)   |   1.5350 [1.504, 1.567] | -
  1920            |   1.4812 [1.242, 1.767] | 1.5659
  1925            |   1.4416 [1.334, 1.558] | 1.6097
  1930            |   1.4080 [1.335, 1.485] | 1.5677
  1935            |   1.5597 [1.482, 1.642] | 1.6509
  1940            |   1.6561 [1.577, 1.739] | 1.8413
  1945            |   1.8312 [1.742, 1.925] | 1.8375
  1950            |   1.3044 [1.224, 1.390] | 1.5231
  1955            |   1.3803 [1.275, 1.494] | 1.5538
  1960            |   1.4752 [1.322, 1.646] | 1.3676
  1965            |   1.2525 [1.098, 1.429] | 1.3633
  1970            |   1.8055 [1.543, 2.113] | 1.6748
  1975            |   1.2191 [0.946, 1.570] | 1.1665
  1980            |   1.2920 [0.970, 1.720] | 1.1236
  1985            |   1.2931 [0.866, 1.930] | 0.8815
  1990            |   1.1859 [0.656, 2.144] | 1.7971
  1995            |   1.7404 [1.001, 3.027] | 0.7714
  2000            |   0.7274 [0.362, 1.462] | 0.4286

Dose combination: 3 vs 0 [2022_06]
--------------------------------------------------
            YoB | KCOR [95% CI] | KCOR_o
--------------------------------------------------
  ASMR (pooled)   |   1.6354 [1.603, 1.668] | -
  1920            |   1.4772 [1.284, 1.700] | 1.4059
  1925            |   1.4910 [1.391, 1.598] | 1.4816
  1930            |   1.5579 [1.483, 1.637] | 1.6954
  1935            |   1.5526 [1.477, 1.632] | 1.7034
  1940            |   1.6705 [1.590, 1.755] | 1.8672
  1945            |   1.7754 [1.688, 1.867] | 1.8265
  1950            |   1.9816 [1.868, 2.102] | 1.9244
  1955            |   1.3913 [1.291, 1.500] | 1.5822
  1960            |   1.4482 [1.311, 1.600] | 1.4857
  1965            |   1.2128 [1.071, 1.374] | 1.3587
  1970            |   1.6034 [1.375, 1.870] | 1.5184
  1975            |   2.1304 [1.719, 2.640] | 2.1125
  1980            |   1.3762 [1.066, 1.777] | 1.2449
  1985            |   1.4743 [1.056, 2.059] | 1.1120
  1990            |   2.3016 [1.337, 3.962] | 2.5203
  1995            |   1.7428 [1.002, 3.032] | 0.7105
  2000            |   3.0065 [1.702, 5.312] | 1.0000

Sheet: 2022_47 — Reporting date: 2024-01-01
============================================================

Dose combination: 4 vs 3 [2022_47]
--------------------------------------------------
            YoB | KCOR [95% CI] | KCOR_o
--------------------------------------------------
  ASMR (pooled)   |   1.2437 [1.211, 1.277] | -
  1920            |   1.0408 [0.834, 1.299] | 1.4359
  1925            |   1.3901 [1.279, 1.511] | 1.3635
  1930            |   1.1891 [1.125, 1.257] | 1.1918
  1935            |   1.1914 [1.129, 1.257] | 1.1960
  1940            |   1.2587 [1.190, 1.331] | 1.3293
  1945            |   1.0743 [1.015, 1.137] | 1.1683
  1950            |   1.4038 [1.302, 1.514] | 1.4520
  1955            |   1.1152 [1.006, 1.236] | 1.1705
  1960            |   1.6774 [1.388, 2.028] | 1.7245
  1965            |   0.9967 [0.781, 1.272] | 1.1522
  1970            |   2.8328 [1.902, 4.219] | 1.8378
  1975            |   3.3963 [2.032, 5.676] | 2.1041
  1980            |   0.9610 [0.650, 1.422] | 0.5670
  1985            |   7.4513 [3.095, 17.937] | 2.2361
  1990            |   0.5806 [0.295, 1.142] | 0.8349
  1995            |   0.4173 [0.159, 1.095] | 0.8889
  2000            |   0.1796 [0.065, 0.493] | 0.4865

Dose combination: 4 vs 2 [2022_47]
--------------------------------------------------
            YoB | KCOR [95% CI] | KCOR_o
--------------------------------------------------
  ASMR (pooled)   |   1.2577 [1.219, 1.298] | -
  1920            |   1.5761 [1.167, 2.130] | 1.5007
  1925            |   1.0002 [0.886, 1.130] | 1.1494
  1930            |   1.1529 [1.070, 1.242] | 1.3031
  1935            |   1.3963 [1.300, 1.499] | 1.4016
  1940            |   1.2086 [1.124, 1.299] | 1.3545
  1945            |   1.2972 [1.206, 1.395] | 1.3372
  1950            |   1.1300 [1.033, 1.236] | 1.4487
  1955            |   0.9833 [0.874, 1.106] | 1.1501
  1960            |   1.9148 [1.568, 2.339] | 1.7640
  1965            |   0.9300 [0.722, 1.197] | 1.2123
  1970            |   3.3619 [2.246, 5.033] | 2.0692
  1975            |   4.3439 [2.595, 7.271] | 2.4272
  1980            |   0.8704 [0.586, 1.292] | 0.5341
  1985            |   8.1228 [3.374, 19.558] | 2.2361
  1990            |   0.5791 [0.295, 1.135] | 0.9245
  1995            |   0.9328 [0.370, 2.353] | 1.0448
  2000            |   0.3500 [0.137, 0.893] | 0.5854

Dose combination: 4 vs 1 [2022_47]
--------------------------------------------------
            YoB | KCOR [95% CI] | KCOR_o
--------------------------------------------------
  ASMR (pooled)   |   1.4395 [1.362, 1.522] | -
  1920            |   1.4345 [0.581, 3.542] | 1.0362
  1925            |   0.8646 [0.666, 1.122] | 1.0610
  1930            |   1.4488 [1.228, 1.709] | 1.3151
  1935            |   1.1649 [1.010, 1.344] | 1.4071
  1940            |   1.5188 [1.330, 1.734] | 1.6649
  1945            |   1.6945 [1.491, 1.925] | 1.5489
  1950            |   1.6939 [1.458, 1.967] | 1.5969
  1955            |   1.0967 [0.923, 1.303] | 1.3624
  1960            |   1.6082 [1.252, 2.065] | 1.8832
  1965            |   0.7542 [0.542, 1.049] | 0.8797
  1970            |   4.4129 [2.835, 6.869] | 2.2667
  1975            |   7.0451 [4.042, 12.279] | 2.7407
  1980            |   0.4966 [0.241, 1.025] | 0.1762
  1985            |   8.8857 [3.417, 23.107] | 2.0000
  1990            |   0.7150 [0.331, 1.544] | 0.9655
  1995            |   1.8216 [0.501, 6.620] | 0.7692
  2000            |   4.4026 [0.000, 44.026] | 0.5000

Dose combination: 4 vs 0 [2022_47]
--------------------------------------------------
            YoB | KCOR [95% CI] | KCOR_o
--------------------------------------------------
  ASMR (pooled)   |   1.2811 [1.243, 1.321] | -
  1920            |   1.9710 [1.569, 2.476] | 2.0565
  1925            |   1.5544 [1.409, 1.715] | 1.4306
  1930            |   1.2051 [1.125, 1.291] | 1.2688
  1935            |   1.1515 [1.075, 1.234] | 1.2608
  1940            |   1.1451 [1.066, 1.230] | 1.3281
  1945            |   1.2073 [1.126, 1.294] | 1.3201
  1950            |   1.5860 [1.454, 1.730] | 1.5463
  1955            |   1.0921 [0.978, 1.219] | 1.3041
  1960            |   1.6444 [1.354, 1.997] | 1.7381
  1965            |   0.9766 [0.764, 1.249] | 1.2825
  1970            |   3.2806 [2.202, 4.888] | 2.0912
  1975            |   3.5807 [2.147, 5.972] | 2.1694
  1980            |   1.0004 [0.685, 1.461] | 0.5946
  1985            |   5.7469 [2.417, 13.666] | 1.6847
  1990            |   0.4821 [0.248, 0.937] | 0.6495
  1995            |   0.5733 [0.228, 1.445] | 0.7292
  2000            |   0.4882 [0.185, 1.288] | 0.4167
================================================================================
[Done] Wrote 39114 rows to ../data/Czech/KCOR.xlsx
[Summary] Creating summary file: ../data/Czech/KCOR_summary.xlsx
  - 2021_13: 3 dose combinations, 61 summary rows
  - 2021_24: 3 dose combinations, 61 summary rows
  - 2022_06: 5 dose combinations, 101 summary rows
  - 2022_47: 4 dose combinations, 81 summary rows
[Summary] Created summary with 4 enrollment periods
