================================================================================
KCOR v4.6 - Kirsch Cumulative Outcomes Ratio Analysis
================================================================================
Analysis Date: 2025-10-11 12:07:33
Mode: Primary Analysis
Input File: ../data/japan/KCOR_CMR.xlsx
Output File: ../data/japan/KCOR.xlsx
Log File: ../data/japan/KCOR_summary.log
--------------------------------------------------------------------------------
Configuration Parameters (effective):
  KCOR_NORMALIZATION_WEEK = 4
  DYNAMIC_HVE_SKIP_WEEKS = 0
  AGE_RANGE             = 10
  YEAR_RANGE            = (1920, 2009)
  ENROLLMENT_DATES      = ['2021_13', '2021_24', '2022_06', '2022_47']
  DEBUG_VERBOSE         = True
  OVERRIDE_DOSE_PAIRS   = None
  OVERRIDE_YOBS         = None
  KCOR_REPORTING_DATE   = {'2021-13': '2022-12-31', '2021_13': '2022-12-31', '2021_24': '2022-12-31', '2022_06': '2022-12-31', '2022_47': '2023-12-31'}
  NEGATIVE_CONTROL_MODE = 0
  SLOPE2_W1            = (2022-24, 2022-36)
  SLOPE2_W2            = (2023-24, 2023-36)
  SLOPE2_W3            = (2024-12, 2024-20)
  SLOPE2_W4            = (2022-42, 2022-48)  [fallback second window if W2 has no data]
  SLOPE2 selection     = W1/W2 unless enrollment_date > start(W1), then W2/W3
================================================================================

[DEBUG] Limiting to age range: 1920-2009
[DEBUG] Limiting to enrollment dates: ['2021_13', '2021_24', '2022_06', '2022_47']
[Info] Processing sheet: 2021_13
[DEBUG] Filtered to start from enrollment date 03/29/2021: 115600 rows
[DEBUG] Filtered to 115600 rows for ages 1920-2009
[DEBUG] Filtered to doses [0, 1, 2] (max dose 2): 69360 rows
[DEBUG] Aggregated across sexes: 4590 rows
  YoB 1920, % vaxxed=0  alive_by_dose= 100% total=26394
  YoB 1930, % vaxxed=0  alive_by_dose= 100% 0% total=67838
  YoB 1940, % vaxxed=0  alive_by_dose= 100% 0% 0% total=98006
  YoB 1950, % vaxxed=1  alive_by_dose= 99% 1% 0% total=89762
  YoB 1960, % vaxxed=1  alive_by_dose= 99% 1% 0% total=104231
  YoB 1970, % vaxxed=1  alive_by_dose= 99% 1% 0% total=93208
  YoB 1980, % vaxxed=2  alive_by_dose= 98% 1% 0% total=73805
  YoB 1990, % vaxxed=1  alive_by_dose= 99% 1% 0% total=68907
  YoB 2000, % vaxxed=0  alive_by_dose= 100% total=31896
SLOPE2_WINDOW_PAIR,EnrollmentDate=2021_13,pair=2022-24..2022-36 vs 2023-24..2023-36,fallback_W4=2022-42..2022-48
SLOPE2_DIAG,EnrollmentDate=2021_13,YoB=1930,Dose=1,W1_present=13,W2_present=13,Wm1=0.000000e+00,Wm2=3.578463e-03,reason=nonpositive_means
SLOPE2_FALLBACK,EnrollmentDate=2021_13,using=W4,2022-42..2022-48 (applies to all cohorts)
SLOPE2_DIAG,EnrollmentDate=2021_13,YoB=1940,Dose=1,W1_present=13,W2_present=13,Wm1=0.000000e+00,Wm2=0.000000e+00,reason=nonpositive_means
SLOPE2_DIAG,EnrollmentDate=2021_13,YoB=1940,Dose=2,W1_present=13,W2_present=7,Wm1=0.000000e+00,Wm2=0.000000e+00,reason=nonpositive_means
SLOPE2_DIAG,EnrollmentDate=2021_13,YoB=1950,Dose=1,W1_present=13,W2_present=7,Wm1=0.000000e+00,Wm2=0.000000e+00,reason=nonpositive_means
SLOPE2_DIAG,EnrollmentDate=2021_13,YoB=1950,Dose=2,W1_present=13,W2_present=7,Wm1=0.000000e+00,Wm2=0.000000e+00,reason=nonpositive_means
SLOPE2_DIAG,EnrollmentDate=2021_13,YoB=1960,Dose=1,W1_present=13,W2_present=7,Wm1=0.000000e+00,Wm2=0.000000e+00,reason=nonpositive_means
SLOPE2_DIAG,EnrollmentDate=2021_13,YoB=1960,Dose=2,W1_present=13,W2_present=7,Wm1=0.000000e+00,Wm2=0.000000e+00,reason=nonpositive_means
SLOPE2_DIAG,EnrollmentDate=2021_13,YoB=1970,Dose=2,W1_present=13,W2_present=7,Wm1=0.000000e+00,Wm2=0.000000e+00,reason=nonpositive_means
SLOPE2_DIAG,EnrollmentDate=2021_13,YoB=1980,Dose=2,W1_present=13,W2_present=7,Wm1=4.459321e-04,Wm2=0.000000e+00,reason=nonpositive_means
SLOPE2_DIAG,EnrollmentDate=2021_13,YoB=1990,Dose=2,W1_present=13,W2_present=7,Wm1=7.654101e-04,Wm2=0.000000e+00,reason=nonpositive_means
[Info] Processing sheet: 2021_24
[DEBUG] Filtered to start from enrollment date 06/14/2021: 108120 rows
[DEBUG] Filtered to 108120 rows for ages 1920-2009
[DEBUG] Filtered to doses [0, 1, 2] (max dose 2): 64872 rows
[DEBUG] Aggregated across sexes: 4293 rows
  YoB 1920, % vaxxed=73  alive_by_dose= 27% 55% 18% total=26326
  YoB 1930, % vaxxed=61  alive_by_dose= 39% 47% 13% total=67808
  YoB 1940, % vaxxed=9  alive_by_dose= 91% 7% 2% total=98004
  YoB 1950, % vaxxed=7  alive_by_dose= 93% 2% 4% total=89757
  YoB 1960, % vaxxed=8  alive_by_dose= 92% 3% 6% total=104228
  YoB 1970, % vaxxed=9  alive_by_dose= 91% 3% 7% total=93201
  YoB 1980, % vaxxed=10  alive_by_dose= 90% 3% 7% total=73780
  YoB 1990, % vaxxed=8  alive_by_dose= 92% 2% 6% total=68892
  YoB 2000, % vaxxed=0  alive_by_dose= 100% 0% total=31896
SLOPE2_WINDOW_PAIR,EnrollmentDate=2021_24,pair=2022-24..2022-36 vs 2023-24..2023-36,fallback_W4=2022-42..2022-48
SLOPE2_FALLBACK,EnrollmentDate=2021_24,using=W4,2022-42..2022-48 (applies to all cohorts)
SLOPE2_DIAG,EnrollmentDate=2021_24,YoB=2000,Dose=1,W1_present=13,W2_present=13,Wm1=0.000000e+00,Wm2=0.000000e+00,reason=nonpositive_means
[Info] Processing sheet: 2022_06
[DEBUG] Filtered to start from enrollment date 02/07/2022: 85000 rows
[DEBUG] Filtered to 85000 rows for ages 1920-2009
[DEBUG] Filtered to doses [0, 1, 2, 3] (max dose 3): 68000 rows
[DEBUG] Aggregated across sexes: 4500 rows
  YoB 1920, % vaxxed=99  alive_by_dose= 1% 1% 71% 28% total=24355
  YoB 1930, % vaxxed=99  alive_by_dose= 1% 0% 72% 27% total=66343
  YoB 1940, % vaxxed=99  alive_by_dose= 1% 0% 81% 18% total=97344
  YoB 1950, % vaxxed=99  alive_by_dose= 1% 0% 89% 10% total=89448
  YoB 1960, % vaxxed=99  alive_by_dose= 1% 0% 92% 7% total=103819
  YoB 1970, % vaxxed=98  alive_by_dose= 2% 1% 90% 7% total=92615
  YoB 1980, % vaxxed=95  alive_by_dose= 5% 1% 87% 7% total=72281
  YoB 1990, % vaxxed=94  alive_by_dose= 6% 1% 87% 6% total=67456
  YoB 2000, % vaxxed=98  alive_by_dose= 2% 1% 97% total=31862
SLOPE2_WINDOW_PAIR,EnrollmentDate=2022_06,pair=2022-24..2022-36 vs 2023-24..2023-36,fallback_W4=2022-42..2022-48
SLOPE2_FALLBACK,EnrollmentDate=2022_06,using=W4,2022-42..2022-48 (applies to all cohorts)
SLOPE2_DIAG,EnrollmentDate=2022_06,YoB=1950,Dose=1,W1_present=13,W2_present=7,Wm1=0.000000e+00,Wm2=2.016840e-03,reason=nonpositive_means
SLOPE2_DIAG,EnrollmentDate=2022_06,YoB=1960,Dose=1,W1_present=13,W2_present=7,Wm1=7.692372e-04,Wm2=0.000000e+00,reason=nonpositive_means
SLOPE2_DIAG,EnrollmentDate=2022_06,YoB=2000,Dose=1,W1_present=13,W2_present=7,Wm1=2.802301e-04,Wm2=0.000000e+00,reason=nonpositive_means
[Info] Processing sheet: 2022_47
[DEBUG] Filtered to start from enrollment date 11/21/2022: 57120 rows
[DEBUG] Filtered to 57120 rows for ages 1920-2009
[DEBUG] Filtered to doses [0, 1, 2, 3, 4] (max dose 4): 57120 rows
[DEBUG] Aggregated across sexes: 3780 rows
  YoB 1920, % vaxxed=100  alive_by_dose= 0% 1% 3% 11% 85% total=21611
  YoB 1930, % vaxxed=100  alive_by_dose= 0% 0% 3% 10% 86% total=64150
  YoB 1940, % vaxxed=100  alive_by_dose= 0% 0% 3% 11% 85% total=96219
  YoB 1950, % vaxxed=100  alive_by_dose= 0% 0% 7% 27% 65% total=88757
  YoB 1960, % vaxxed=100  alive_by_dose= 0% 1% 15% 55% 29% total=102827
  YoB 1970, % vaxxed=100  alive_by_dose= 0% 1% 24% 55% 19% total=91118
  YoB 1980, % vaxxed=99  alive_by_dose= 1% 3% 28% 54% 14% total=69145
  YoB 1990, % vaxxed=98  alive_by_dose= 2% 4% 29% 55% 10% total=62325
  YoB 2000, % vaxxed=100  alive_by_dose= 0% 1% 42% 53% 4% total=31698
SLOPE2_WINDOW_PAIR,EnrollmentDate=2022_47,pair=2023-24..2023-36 vs 2024-12..2024-20
SLOPE2_DIAG,EnrollmentDate=2022_47,YoB=2000,Dose=0,W1_present=13,W2_present=9,Wm1=0.000000e+00,Wm2=6.576541e-03,reason=nonpositive_means

================================================================================
KCOR VALUES AT REPORTING DATES - ALL SHEETS
================================================================================

Sheet: 2021_13 — Reporting date: 2023-01-02
============================================================

Dose combination: 1 vs 0 [2021_13]
--------------------------------------------------
            YoB | KCOR [95% CI] | KCOR_o
--------------------------------------------------
  ASMR (direct)   |   0.0037 [0.002, 0.006] | -
  1920            |      nan [nan, nan] | 0.0000  (beta_num=nan, beta_den=0.001949)
  1930            |   0.0000 [0.000, 0.000] | 0.0000  (beta_num=0.000000, beta_den=0.003210)
  1940            |   0.3944 [0.000, 3.944] | 0.0005  (beta_num=0.000000, beta_den=0.002575)
  1950            |   0.0048 [0.002, 0.014] | 0.0036  (beta_num=0.000000, beta_den=0.005830)
  1960            |   0.3107 [0.000, 3.107] | 0.0052  (beta_num=0.000000, beta_den=-0.011576)
  1970            |   2.8661 [0.000, 28.661] | 0.0089  (beta_num=-0.031839, beta_den=-0.006486)
  1980            |   0.0013 [0.001, 0.002] | 0.0062  (beta_num=0.022580, beta_den=-0.013767)
  1990            |   0.0529 [0.022, 0.126] | 0.0142  (beta_num=-0.025471, beta_den=-0.000969)
  2000            |      nan [nan, nan] | 0.0000  (beta_num=nan, beta_den=-0.044526)

Dose combination: 2 vs 0 [2021_13]
--------------------------------------------------
            YoB | KCOR [95% CI] | KCOR_o
--------------------------------------------------
  ASMR (direct)   |   0.0031 [0.001, 0.008] | -
  1920            |      nan [nan, nan] | 0.0000  (beta_num=nan, beta_den=0.001949)
  1930            |      nan [nan, nan] | 0.0000  (beta_num=nan, beta_den=0.003210)
  1940            |   0.0000 [0.000, 0.000] | 0.0000  (beta_num=0.000000, beta_den=0.002575)
  1950            |   1.2007 [0.000, 12.007] | 0.0009  (beta_num=0.000000, beta_den=0.005830)
  1960            |   0.2191 [0.000, 2.191] | 0.0006  (beta_num=0.000000, beta_den=-0.011576)
  1970            |   0.1392 [0.000, 1.392] | 0.0004  (beta_num=0.000000, beta_den=-0.006486)
  1980            |   0.0031 [0.001, 0.008] | 0.0066  (beta_num=0.000000, beta_den=-0.013767)
  1990            |   1.0122 [0.000, 10.122] | 0.0017  (beta_num=0.000000, beta_den=-0.000969)
  2000            |      nan [nan, nan] | 0.0000  (beta_num=nan, beta_den=-0.044526)

Dose combination: 2 vs 1 [2021_13]
--------------------------------------------------
            YoB | KCOR [95% CI] | KCOR_o
--------------------------------------------------
  ASMR (direct)   |   2.3637 [0.934, 5.979] | -
  1920            |      nan [nan, nan] | -  (beta_num=nan, beta_den=nan)
  1930            |      nan [nan, nan] | -  (beta_num=nan, beta_den=0.000000)
  1940            |   0.0000 [0.000, 0.000] | 0.0000  (beta_num=0.000000, beta_den=0.000000)
  1950            |   0.6831 [0.000, 6.831] | 0.1250  (beta_num=0.000000, beta_den=0.000000)
  1960            |   0.7052 [0.000, 7.052] | 0.1250  (beta_num=0.000000, beta_den=0.000000)
  1970            |   0.0486 [0.000, 0.486] | 0.0500  (beta_num=0.000000, beta_den=-0.031839)
  1980            |   2.3637 [0.934, 5.979] | 1.0761  (beta_num=0.000000, beta_den=0.022580)
  1990            |   0.2408 [0.000, 2.408] | 0.1212  (beta_num=0.000000, beta_den=-0.025471)
  2000            |      nan [nan, nan] | -  (beta_num=nan, beta_den=nan)

Sheet: 2021_24 — Reporting date: 2023-01-02
============================================================

Dose combination: 1 vs 0 [2021_24]
--------------------------------------------------
            YoB | KCOR [95% CI] | KCOR_o
--------------------------------------------------
  ASMR (direct)   |   0.1703 [0.134, 0.216] | -
  1920            |   0.4314 [0.354, 0.525] | 0.4630  (beta_num=0.001706, beta_den=0.000392)
  1930            |   0.2675 [0.204, 0.351] | 0.2762  (beta_num=0.003697, beta_den=0.002958)
  1940            |   0.3518 [0.216, 0.573] | 0.2417  (beta_num=-0.005460, beta_den=0.003138)
  1950            |   2.2880 [0.000, 22.880] | 0.0312  (beta_num=-0.013140, beta_den=-0.000864)
  1960            |   1.1433 [0.000, 11.433] | 0.0233  (beta_num=-0.005427, beta_den=0.001949)
  1970            |   0.9081 [0.000, 9.081] | 0.0274  (beta_num=-0.002312, beta_den=-0.001856)
  1980            |   0.0228 [0.012, 0.044] | 0.0237  (beta_num=-0.003047, beta_den=-0.003471)
  1990            |   0.6316 [0.000, 6.316] | 0.0189  (beta_num=0.005652, beta_den=0.000499)
  2000            |   0.0000 [0.000, 0.000] | 0.0000  (beta_num=0.000000, beta_den=0.011641)

Dose combination: 2 vs 0 [2021_24]
--------------------------------------------------
            YoB | KCOR [95% CI] | KCOR_o
--------------------------------------------------
  ASMR (direct)   |   0.0518 [0.042, 0.064] | -
  1920            |   0.3409 [0.272, 0.427] | 0.4182  (beta_num=0.005417, beta_den=0.000392)
  1930            |   0.2499 [0.181, 0.344] | 0.2458  (beta_num=0.002531, beta_den=0.002958)
  1940            |   0.0324 [0.020, 0.053] | 0.0508  (beta_num=0.017242, beta_den=0.003138)
  1950            |   0.0253 [0.007, 0.088] | 0.0349  (beta_num=0.006644, beta_den=-0.000864)
  1960            |   0.3337 [0.000, 3.337] | 0.0384  (beta_num=0.017763, beta_den=0.001949)
  1970            |   0.7164 [0.000, 7.164] | 0.0445  (beta_num=-0.006284, beta_den=-0.001856)
  1980            |   0.0146 [0.008, 0.025] | 0.0159  (beta_num=-0.001691, beta_den=-0.003471)
  1990            |   0.0169 [0.010, 0.028] | 0.0223  (beta_num=0.007298, beta_den=0.000499)
  2000            |      nan [nan, nan] | 0.0000  (beta_num=nan, beta_den=0.011641)

Dose combination: 2 vs 1 [2021_24]
--------------------------------------------------
            YoB | KCOR [95% CI] | KCOR_o
--------------------------------------------------
  ASMR (direct)   |   0.4710 [0.362, 0.612] | -
  1920            |   0.7903 [0.669, 0.934] | 0.9033  (beta_num=0.005417, beta_den=0.001706)
  1930            |   0.9342 [0.736, 1.186] | 0.8900  (beta_num=0.002531, beta_den=0.003697)
  1940            |   0.0921 [0.053, 0.161] | 0.2103  (beta_num=0.017242, beta_den=-0.005460)
  1950            |   0.2340 [0.000, 2.340] | 1.1212  (beta_num=0.006644, beta_den=-0.013140)
  1960            |   0.2919 [0.000, 2.919] | 1.6471  (beta_num=0.017763, beta_den=-0.005427)
  1970            |   0.9360 [0.321, 2.726] | 0.8103  (beta_num=-0.006284, beta_den=-0.002312)
  1980            |   0.6382 [0.389, 1.048] | 0.6726  (beta_num=-0.001691, beta_den=-0.003047)
  1990            |   1.0167 [0.000, 10.167] | 2.9516  (beta_num=0.007298, beta_den=0.005652)
  2000            |      nan [nan, nan] | -  (beta_num=nan, beta_den=0.000000)

Sheet: 2022_06 — Reporting date: 2023-01-02
============================================================

Dose combination: 1 vs 0 [2022_06]
--------------------------------------------------
            YoB | KCOR [95% CI] | KCOR_o
--------------------------------------------------
  ASMR (direct)   |   0.2181 [0.135, 0.351] | -
  1920            |   0.1793 [0.068, 0.475] | 0.1622  (beta_num=0.007204, beta_den=0.008204)
  1930            |   0.3417 [0.125, 0.937] | 0.2273  (beta_num=-0.000288, beta_den=0.016242)
  1940            |   2.3147 [0.000, 23.147] | 0.6667  (beta_num=0.042515, beta_den=0.015929)
  1950            |   1.2993 [0.000, 12.993] | 0.5000  (beta_num=0.000000, beta_den=-0.019162)
  1960            |   0.6948 [0.000, 6.948] | 0.3939  (beta_num=0.000000, beta_den=-0.025542)
  1970            |   3.9441 [0.000, 39.441] | 0.4179  (beta_num=-0.023425, beta_den=0.030063)
  1980            |   1.2711 [0.000, 12.711] | 0.3351  (beta_num=-0.009891, beta_den=-0.012602)
  1990            |   0.1898 [0.106, 0.340] | 0.0615  (beta_num=-0.014862, beta_den=0.038950)
  2000            |   1.6140 [0.000, 16.140] | 0.4444  (beta_num=0.000000, beta_den=0.014470)

Dose combination: 2 vs 0 [2022_06]
--------------------------------------------------
            YoB | KCOR [95% CI] | KCOR_o
--------------------------------------------------
  ASMR (direct)   |   0.2779 [0.179, 0.431] | -
  1920            |   0.2538 [0.104, 0.618] | 0.2127  (beta_num=0.001183, beta_den=0.008204)
  1930            |   0.3296 [0.133, 0.818] | 0.2462  (beta_num=0.003417, beta_den=0.016242)
  1940            |   0.6323 [0.000, 6.323] | 54.1905  (beta_num=0.005197, beta_den=0.015929)
  1950            |   0.3116 [0.000, 3.116] | 46.1875  (beta_num=0.001990, beta_den=-0.019162)
  1960            |   0.2925 [0.000, 2.925] | 31.5152  (beta_num=-0.009719, beta_den=-0.025542)
  1970            |   1.2378 [0.000, 12.378] | 22.6269  (beta_num=-0.007110, beta_den=0.030063)
  1980            |   0.8061 [0.000, 8.061] | 16.6216  (beta_num=-0.014317, beta_den=-0.012602)
  1990            |   0.2671 [0.154, 0.462] | 0.1028  (beta_num=-0.006430, beta_den=0.038950)
  2000            |   1.9397 [0.000, 19.397] | 18.7778  (beta_num=-0.053814, beta_den=0.014470)

Dose combination: 2 vs 1 [2022_06]
--------------------------------------------------
            YoB | KCOR [95% CI] | KCOR_o
--------------------------------------------------
  ASMR (direct)   |   1.4614 [1.227, 1.741] | -
  1920            |   1.4158 [0.948, 2.114] | 1.3114  (beta_num=0.001183, beta_den=0.007204)
  1930            |   0.9645 [0.619, 1.504] | 1.0832  (beta_num=0.003417, beta_den=-0.000288)
  1940            |   1.9490 [1.028, 3.697] | 1.2701  (beta_num=0.005197, beta_den=0.042515)
  1950            |   0.2398 [0.000, 2.398] | 92.3750  (beta_num=0.001990, beta_den=0.000000)
  1960            |   2.8633 [1.704, 4.811] | 2.4000  (beta_num=-0.009719, beta_den=0.000000)
  1970            |   1.0075 [0.613, 1.655] | 1.2790  (beta_num=-0.007110, beta_den=-0.023425)
  1980            |   0.8851 [0.599, 1.307] | 0.7873  (beta_num=-0.014317, beta_den=-0.009891)
  1990            |   1.4067 [1.150, 1.721] | 1.6710  (beta_num=-0.006430, beta_den=-0.014862)
  2000            |   1.2018 [0.000, 12.018] | 42.2500  (beta_num=-0.053814, beta_den=0.000000)

Dose combination: 3 vs 2 [2022_06]
--------------------------------------------------
            YoB | KCOR [95% CI] | KCOR_o
--------------------------------------------------
  ASMR (direct)   |   1.0323 [0.950, 1.122] | -
  1920            |   1.2800 [1.140, 1.437] | 1.3855  (beta_num=0.003765, beta_den=0.001183)
  1930            |   2.1069 [1.790, 2.480] | 2.0590  (beta_num=0.001973, beta_den=0.003417)
  1940            |   0.4720 [0.381, 0.584] | 0.9407  (beta_num=0.045176, beta_den=0.005197)
  1950            |   0.5888 [0.385, 0.899] | 1.1164  (beta_num=0.036082, beta_den=0.001990)
  1960            |   0.8178 [0.584, 1.145] | 0.7005  (beta_num=-0.019714, beta_den=-0.009719)
  1970            |   2.5034 [1.906, 3.288] | 0.6050  (beta_num=-0.083435, beta_den=-0.007110)
  1980            |   0.7565 [0.626, 0.914] | 0.9665  (beta_num=-0.002457, beta_den=-0.014317)
  1990            |   0.9982 [0.823, 1.211] | 1.2125  (beta_num=0.007204, beta_den=-0.006430)
  2000            |      nan [nan, nan] | 0.0000  (beta_num=nan, beta_den=-0.053814)

Dose combination: 3 vs 1 [2022_06]
--------------------------------------------------
            YoB | KCOR [95% CI] | KCOR_o
--------------------------------------------------
  ASMR (direct)   |   1.5264 [1.261, 1.848] | -
  1920            |   1.8123 [1.201, 2.735] | 1.8169  (beta_num=0.003765, beta_den=0.007204)
  1930            |   2.0322 [1.274, 3.241] | 2.2303  (beta_num=0.001973, beta_den=-0.000288)
  1940            |   0.9199 [0.473, 1.790] | 1.1948  (beta_num=0.045176, beta_den=0.042515)
  1950            |   0.0794 [0.000, 0.794] | 6.8750  (beta_num=0.036082, beta_den=0.000000)
  1960            |   2.3416 [1.277, 4.294] | 1.6813  (beta_num=-0.019714, beta_den=0.000000)
  1970            |   2.5223 [1.447, 4.396] | 0.7738  (beta_num=-0.083435, beta_den=-0.023425)
  1980            |   0.6696 [0.436, 1.027] | 0.7609  (beta_num=-0.002457, beta_den=-0.009891)
  1990            |   1.4043 [1.068, 1.847] | 2.0262  (beta_num=0.007204, beta_den=-0.014862)
  2000            |      nan [nan, nan] | 0.0000  (beta_num=nan, beta_den=0.000000)

Dose combination: 3 vs 0 [2022_06]
--------------------------------------------------
            YoB | KCOR [95% CI] | KCOR_o
--------------------------------------------------
  ASMR (direct)   |   0.3668 [0.235, 0.574] | -
  1920            |   0.3249 [0.133, 0.795] | 0.2946  (beta_num=0.003765, beta_den=0.008204)
  1930            |   0.6945 [0.277, 1.743] | 0.5069  (beta_num=0.001973, beta_den=0.016242)
  1940            |   0.2075 [0.000, 2.075] | 8.7619  (beta_num=0.045176, beta_den=0.015929)
  1950            |   0.1032 [0.000, 1.032] | 3.4375  (beta_num=0.036082, beta_den=-0.019162)
  1960            |   0.2365 [0.000, 2.365] | 1.5455  (beta_num=-0.019714, beta_den=-0.025542)
  1970            |   3.2552 [0.000, 32.552] | 0.9701  (beta_num=-0.083435, beta_den=0.030063)
  1980            |   0.5058 [0.000, 5.058] | 1.1730  (beta_num=-0.002457, beta_den=-0.012602)
  1990            |   0.2666 [0.149, 0.476] | 0.1246  (beta_num=0.007204, beta_den=0.038950)
  2000            |      nan [nan, nan] | 0.0000  (beta_num=nan, beta_den=0.014470)

Sheet: 2022_47 — Reporting date: 2024-01-01
============================================================

Dose combination: 1 vs 0 [2022_47]
--------------------------------------------------
            YoB | KCOR [95% CI] | KCOR_o
--------------------------------------------------
  ASMR (direct)   |   0.3628 [0.243, 0.541] | -
  1920            |   2.5748 [0.000, 25.748] | 2.4545  (beta_num=0.014002, beta_den=0.024482)
  1930            |   2.5028 [0.000, 25.028] | 3.7000  (beta_num=0.005901, beta_den=-0.002381)
  1940            |   1.4776 [0.000, 14.776] | 2.5714  (beta_num=0.010949, beta_den=-0.007202)
  1950            |   2.0173 [0.000, 20.173] | 2.0909  (beta_num=0.018429, beta_den=0.029469)
  1960            |   1.1306 [0.000, 11.306] | 1.7333  (beta_num=0.028382, beta_den=0.031749)
  1970            |   0.7499 [0.283, 1.990] | 0.5111  (beta_num=0.017016, beta_den=0.028776)
  1980            |   0.3694 [0.190, 0.719] | 0.2370  (beta_num=0.020081, beta_den=0.032553)
  1990            |   0.2279 [0.133, 0.389] | 0.2438  (beta_num=0.023572, beta_den=0.015433)
  2000            |   0.4534 [0.000, 4.534] | 3.4000  (beta_num=0.052890, beta_den=0.000000)

Dose combination: 2 vs 0 [2022_47]
--------------------------------------------------
            YoB | KCOR [95% CI] | KCOR_o
--------------------------------------------------
  ASMR (direct)   |   0.4762 [0.324, 0.699] | -
  1920            |   5.5259 [0.000, 55.259] | 17.3636  (beta_num=-0.007016, beta_den=0.024482)
  1930            |   2.5552 [0.000, 25.552] | 24.4000  (beta_num=0.000880, beta_den=-0.002381)
  1940            |   1.0419 [0.000, 10.419] | 22.1429  (beta_num=0.004552, beta_den=-0.007202)
  1950            |   1.3787 [0.000, 13.787] | 13.1818  (beta_num=0.002442, beta_den=0.029469)
  1960            |   0.3651 [0.000, 3.651] | 7.7333  (beta_num=0.008709, beta_den=0.031749)
  1970            |   0.6681 [0.269, 1.661] | 0.4861  (beta_num=0.021526, beta_den=0.028776)
  1980            |   0.6025 [0.316, 1.150] | 0.3081  (beta_num=0.008134, beta_den=0.032553)
  1990            |   0.3212 [0.190, 0.542] | 0.4309  (beta_num=0.035835, beta_den=0.015433)
  2000            |   0.0877 [0.000, 0.877] | 55.0000  (beta_num=0.075895, beta_den=0.000000)

Dose combination: 2 vs 1 [2022_47]
--------------------------------------------------
            YoB | KCOR [95% CI] | KCOR_o
--------------------------------------------------
  ASMR (direct)   |   0.9597 [0.755, 1.219] | -
  1920            |   1.0078 [0.523, 1.941] | 0.5895  (beta_num=-0.007016, beta_den=0.014002)
  1930            |   0.5275 [0.276, 1.006] | 0.4710  (beta_num=0.000880, beta_den=0.005901)
  1940            |   1.1948 [0.615, 2.322] | 1.0131  (beta_num=0.004552, beta_den=0.010949)
  1950            |   0.6834 [0.000, 6.834] | 6.3043  (beta_num=0.002442, beta_den=0.018429)
  1960            |   0.8664 [0.439, 1.709] | 0.5949  (beta_num=0.008709, beta_den=0.028382)
  1970            |   0.8909 [0.575, 1.380] | 0.9511  (beta_num=0.021526, beta_den=0.017016)
  1980            |   1.6313 [1.301, 2.045] | 1.2998  (beta_num=0.008134, beta_den=0.020081)
  1990            |   1.4093 [1.179, 1.684] | 1.7672  (beta_num=0.035835, beta_den=0.023572)
  2000            |   0.1934 [0.000, 1.934] | 16.1765  (beta_num=0.075895, beta_den=0.052890)

Dose combination: 3 vs 2 [2022_47]
--------------------------------------------------
            YoB | KCOR [95% CI] | KCOR_o
--------------------------------------------------
  ASMR (direct)   |   0.8176 [0.755, 0.885] | -
  1920            |   0.6086 [0.495, 0.748] | 0.9373  (beta_num=0.008980, beta_den=-0.007016)
  1930            |   0.8244 [0.681, 0.998] | 0.8479  (beta_num=0.001657, beta_den=0.000880)
  1940            |   1.1009 [0.847, 1.430] | 1.0999  (beta_num=0.004286, beta_den=0.004552)
  1950            |   0.4838 [0.348, 0.673] | 0.5232  (beta_num=0.005485, beta_den=0.002442)
  1960            |   0.8005 [0.616, 1.039] | 0.9128  (beta_num=0.015452, beta_den=0.008709)
  1970            |   0.8124 [0.656, 1.006] | 0.7578  (beta_num=0.018866, beta_den=0.021526)
  1980            |   0.7974 [0.699, 0.910] | 0.8834  (beta_num=0.013143, beta_den=0.008134)
  1990            |   0.9942 [0.880, 1.123] | 0.9590  (beta_num=0.034340, beta_den=0.035835)
  2000            |   1.3759 [0.772, 2.453] | 1.7105  (beta_num=0.084529, beta_den=0.075895)

Dose combination: 3 vs 1 [2022_47]
--------------------------------------------------
            YoB | KCOR [95% CI] | KCOR_o
--------------------------------------------------
  ASMR (direct)   |   0.7997 [0.634, 1.009] | -
  1920            |   0.6134 [0.324, 1.162] | 0.5526  (beta_num=0.008980, beta_den=0.014002)
  1930            |   0.4349 [0.231, 0.817] | 0.3994  (beta_num=0.001657, beta_den=0.005901)
  1940            |   1.3154 [0.689, 2.510] | 1.1143  (beta_num=0.004286, beta_den=0.010949)
  1950            |   0.3226 [0.000, 3.226] | 12.8261  (beta_num=0.005485, beta_den=0.018429)
  1960            |   0.6936 [0.362, 1.331] | 0.5430  (beta_num=0.015452, beta_den=0.028382)
  1970            |   0.7238 [0.480, 1.092] | 0.7207  (beta_num=0.018866, beta_den=0.017016)
  1980            |   1.3009 [1.056, 1.603] | 1.1483  (beta_num=0.013143, beta_den=0.020081)
  1990            |   1.4011 [1.189, 1.652] | 1.6948  (beta_num=0.034340, beta_den=0.023572)
  2000            |   0.1978 [0.000, 1.978] | 23.0588  (beta_num=0.084529, beta_den=0.052890)

Dose combination: 3 vs 0 [2022_47]
--------------------------------------------------
            YoB | KCOR [95% CI] | KCOR_o
--------------------------------------------------
  ASMR (direct)   |   0.4183 [0.286, 0.611] | -
  1920            |   2.8104 [0.000, 28.104] | 50.1818  (beta_num=0.008980, beta_den=0.024482)
  1930            |   2.0946 [0.000, 20.946] | 66.5000  (beta_num=0.001657, beta_den=-0.002381)
  1940            |   0.6956 [0.000, 6.956] | 50.1429  (beta_num=0.004286, beta_den=-0.007202)
  1950            |   0.6508 [0.000, 6.508] | 26.8182  (beta_num=0.005485, beta_den=0.029469)
  1960            |   0.2689 [0.000, 2.689] | 24.0000  (beta_num=0.015452, beta_den=0.031749)
  1970            |   0.5428 [0.221, 1.333] | 0.3684  (beta_num=0.018866, beta_den=0.028776)
  1980            |   0.4805 [0.253, 0.911] | 0.2722  (beta_num=0.013143, beta_den=0.032553)
  1990            |   0.3193 [0.190, 0.537] | 0.4132  (beta_num=0.034340, beta_den=0.015433)
  2000            |   0.0897 [0.000, 0.897] | 78.4000  (beta_num=0.084529, beta_den=0.000000)

Dose combination: 4 vs 3 [2022_47]
--------------------------------------------------
            YoB | KCOR [95% CI] | KCOR_o
--------------------------------------------------
  ASMR (direct)   |   1.1641 [1.098, 1.234] | -
  1920            |   1.5285 [1.362, 1.715] | 1.4394  (beta_num=0.004794, beta_den=0.008980)
  1930            |   1.4385 [1.288, 1.606] | 1.6682  (beta_num=0.006198, beta_den=0.001657)
  1940            |   1.0588 [0.891, 1.259] | 1.2253  (beta_num=0.009043, beta_den=0.004286)
  1950            |   1.1557 [0.950, 1.406] | 1.3525  (beta_num=0.011717, beta_den=0.005485)
  1960            |   0.7962 [0.659, 0.963] | 0.7138  (beta_num=0.010174, beta_den=0.015452)
  1970            |   0.8528 [0.693, 1.049] | 0.9397  (beta_num=0.022109, beta_den=0.018866)
  1980            |   1.0775 [0.906, 1.281] | 1.1013  (beta_num=0.014543, beta_den=0.013143)
  1990            |   0.9461 [0.778, 1.150] | 0.9652  (beta_num=0.035113, beta_den=0.034340)
  2000            |   1.9535 [0.000, 19.535] | 0.1122  (beta_num=0.063560, beta_den=0.084529)

Dose combination: 4 vs 2 [2022_47]
--------------------------------------------------
            YoB | KCOR [95% CI] | KCOR_o
--------------------------------------------------
  ASMR (direct)   |   0.9497 [0.877, 1.028] | -
  1920            |   0.9303 [0.773, 1.119] | 1.3491  (beta_num=0.004794, beta_den=-0.007016)
  1930            |   1.1859 [0.994, 1.415] | 1.4144  (beta_num=0.006198, beta_den=0.000880)
  1940            |   1.1657 [0.924, 1.470] | 1.3478  (beta_num=0.009043, beta_den=0.004552)
  1950            |   0.5591 [0.406, 0.769] | 0.7076  (beta_num=0.011717, beta_den=0.002442)
  1960            |   0.6373 [0.487, 0.835] | 0.6515  (beta_num=0.010174, beta_den=0.008709)
  1970            |   0.6928 [0.537, 0.894] | 0.7121  (beta_num=0.022109, beta_den=0.021526)
  1980            |   0.8592 [0.708, 1.043] | 0.9728  (beta_num=0.014543, beta_den=0.008134)
  1990            |   0.9406 [0.765, 1.157] | 0.9257  (beta_num=0.035113, beta_den=0.035835)
  2000            |   1.9980 [0.000, 19.980] | 0.1600  (beta_num=0.063560, beta_den=0.075895)

Dose combination: 4 vs 1 [2022_47]
--------------------------------------------------
            YoB | KCOR [95% CI] | KCOR_o
--------------------------------------------------
  ASMR (direct)   |   0.9312 [0.738, 1.175] | -
  1920            |   0.9376 [0.498, 1.765] | 0.7953  (beta_num=0.004794, beta_den=0.014002)
  1930            |   0.6256 [0.334, 1.171] | 0.6663  (beta_num=0.006198, beta_den=0.005901)
  1940            |   1.3928 [0.738, 2.628] | 1.3654  (beta_num=0.009043, beta_den=0.010949)
  1950            |   0.2235 [0.000, 2.235] | 24.7826  (beta_num=0.011717, beta_den=0.018429)
  1960            |   0.5522 [0.287, 1.063] | 0.3876  (beta_num=0.010174, beta_den=0.028382)
  1970            |   0.6172 [0.400, 0.953] | 0.6773  (beta_num=0.022109, beta_den=0.017016)
  1980            |   1.4017 [1.089, 1.804] | 1.2646  (beta_num=0.014543, beta_den=0.020081)
  1990            |   1.3256 [1.048, 1.676] | 1.6358  (beta_num=0.035113, beta_den=0.023572)
  2000            |   0.3864 [0.000, 3.864] | 2.5882  (beta_num=0.063560, beta_den=0.052890)

Dose combination: 4 vs 0 [2022_47]
--------------------------------------------------
            YoB | KCOR [95% CI] | KCOR_o
--------------------------------------------------
  ASMR (direct)   |   0.4018 [0.272, 0.594] | -
  1920            |   2.3690 [0.000, 23.690] | 296.7273  (beta_num=0.004794, beta_den=0.024482)
  1930            |   0.8431 [0.000, 8.431] | 276.1000  (beta_num=0.006198, beta_den=-0.002381)
  1940            |   0.2886 [0.000, 2.886] | 182.5714  (beta_num=0.009043, beta_den=-0.007202)
  1950            |   0.4509 [0.000, 4.509] | 51.8182  (beta_num=0.011717, beta_den=0.029469)
  1960            |   0.3173 [0.000, 3.173] | 13.1000  (beta_num=0.010174, beta_den=0.031749)
  1970            |   0.4629 [0.187, 1.149] | 0.3462  (beta_num=0.022109, beta_den=0.028776)
  1980            |   0.5177 [0.269, 0.997] | 0.2997  (beta_num=0.014543, beta_den=0.032553)
  1990            |   0.3021 [0.175, 0.522] | 0.3988  (beta_num=0.035113, beta_den=0.015433)
  2000            |   0.1752 [0.000, 1.752] | 8.8000  (beta_num=0.063560, beta_den=0.000000)
================================================================================
[Done] Wrote 25761 rows to ../data/japan/KCOR.xlsx at 2025-10-11 12:08:49
[Summary] Creating summary file: ../data/japan/KCOR_summary.xlsx
  - 2021_13: 3 dose combinations, 37 summary rows
  - 2021_24: 3 dose combinations, 37 summary rows
  - 2022_06: 6 dose combinations, 73 summary rows
  - 2022_47: 10 dose combinations, 121 summary rows
[Summary] Created summary with 4 enrollment periods
