================================================================================
KCOR v4.4 - Kirsch Cumulative Outcomes Ratio Analysis
================================================================================
Analysis Date: 2025-09-15 15:32:52
Mode: Primary Analysis
Input File: ../data/Czech/KCOR_CMR.xlsx
Output File: ../data/Czech/KCOR.xlsx
Log File: ../data/Czech/KCOR_summary.log
================================================================================

[DEBUG] Limiting to age range: 1920-2000
[DEBUG] Limiting to enrollment dates: ['2021_13', '2021_24', '2022_06', '2022_47']
[Info] Processing sheet: 2021_13
[DEBUG] Filtered to start from enrollment date 03/29/2021: 134125 rows
[DEBUG] Filtered to 125800 rows for ages 1920-2000
[DEBUG] Filtered to doses [0, 1, 2] (max dose 2): 75480 rows
[DEBUG] Aggregated across sexes: 9435 rows

[DEBUG] Computed slopes for sheet 2021_13:
  YoB 1920, Dose 0: slope = -0.009975
  YoB 1925, Dose 0: slope = -0.006666
  YoB 1930, Dose 0: slope = -0.001921
  YoB 1935, Dose 0: slope = -0.001423
  YoB 1940, Dose 0: slope = -0.001130
  YoB 1945, Dose 0: slope = 0.000924
  YoB 1950, Dose 0: slope = 0.000930
  YoB 1955, Dose 0: slope = 0.001263
  YoB 1960, Dose 0: slope = 0.000602
  YoB 1965, Dose 0: slope = 0.001596
  YoB 1970, Dose 0: slope = 0.001764
  YoB 1975, Dose 0: slope = 0.000419
  YoB 1980, Dose 0: slope = 0.002267
  YoB 1985, Dose 0: slope = 0.002448
  YoB 1990, Dose 0: slope = -0.000899
  YoB 1995, Dose 0: slope = 0.000463
  YoB 2000, Dose 0: slope = 0.002740
  YoB 1920, Dose 1: slope = -0.001239
  YoB 1925, Dose 1: slope = -0.001778
  YoB 1930, Dose 1: slope = 0.002586
  YoB 1935, Dose 1: slope = -0.000514
  YoB 1940, Dose 1: slope = 0.000912
  YoB 1945, Dose 1: slope = 0.002466
  YoB 1950, Dose 1: slope = 0.000567
  YoB 1955, Dose 1: slope = -0.004287
  YoB 1960, Dose 1: slope = -0.001360
  YoB 1965, Dose 1: slope = -0.000608
  YoB 1970, Dose 1: slope = -0.000675
  YoB 1975, Dose 1: slope = 0.008539
  YoB 1980, Dose 1: slope = 0.005090
  YoB 1985, Dose 1: slope = 0.018976
  YoB 1990, Dose 1: slope = 0.000000
  YoB 1995, Dose 1: slope = 0.000007
  YoB 2000, Dose 1: slope = 0.000000
  YoB 1920, Dose 2: slope = 0.001939
  YoB 1925, Dose 2: slope = 0.002953
  YoB 1930, Dose 2: slope = 0.002684
  YoB 1935, Dose 2: slope = 0.001210
  YoB 1940, Dose 2: slope = 0.003712
  YoB 1945, Dose 2: slope = 0.003071
  YoB 1950, Dose 2: slope = -0.002656
  YoB 1955, Dose 2: slope = 0.001365
  YoB 1960, Dose 2: slope = -0.002002
  YoB 1965, Dose 2: slope = -0.001072
  YoB 1970, Dose 2: slope = -0.008224
  YoB 1975, Dose 2: slope = 0.011761
  YoB 1980, Dose 2: slope = 0.000759
  YoB 1985, Dose 2: slope = 0.012890
  YoB 1990, Dose 2: slope = -0.004132
  YoB 1995, Dose 2: slope = -0.005657
  YoB 2000, Dose 2: slope = 0.000000

[Info] Processing sheet: 2021_24
[DEBUG] Filtered to start from enrollment date 06/14/2021: 126150 rows
[DEBUG] Filtered to 118320 rows for ages 1920-2000
[DEBUG] Filtered to doses [0, 1, 2] (max dose 2): 70992 rows
[DEBUG] Aggregated across sexes: 8874 rows

[DEBUG] Computed slopes for sheet 2021_24:
  YoB 1920, Dose 0: slope = -0.011085
  YoB 1925, Dose 0: slope = -0.008560
  YoB 1930, Dose 0: slope = -0.004023
  YoB 1935, Dose 0: slope = -0.002537
  YoB 1940, Dose 0: slope = -0.004084
  YoB 1945, Dose 0: slope = -0.001305
  YoB 1950, Dose 0: slope = -0.001478
  YoB 1955, Dose 0: slope = 0.000374
  YoB 1960, Dose 0: slope = -0.000878
  YoB 1965, Dose 0: slope = -0.001070
  YoB 1970, Dose 0: slope = -0.000524
  YoB 1975, Dose 0: slope = 0.000024
  YoB 1980, Dose 0: slope = 0.001334
  YoB 1985, Dose 0: slope = 0.000814
  YoB 1990, Dose 0: slope = -0.000817
  YoB 1995, Dose 0: slope = -0.003552
  YoB 2000, Dose 0: slope = -0.001072
  YoB 1920, Dose 1: slope = -0.003399
  YoB 1925, Dose 1: slope = -0.004110
  YoB 1930, Dose 1: slope = 0.000171
  YoB 1935, Dose 1: slope = -0.001670
  YoB 1940, Dose 1: slope = 0.000808
  YoB 1945, Dose 1: slope = 0.001099
  YoB 1950, Dose 1: slope = 0.001970
  YoB 1955, Dose 1: slope = 0.000584
  YoB 1960, Dose 1: slope = 0.002649
  YoB 1965, Dose 1: slope = 0.005173
  YoB 1970, Dose 1: slope = 0.002742
  YoB 1975, Dose 1: slope = 0.001738
  YoB 1980, Dose 1: slope = 0.006557
  YoB 1985, Dose 1: slope = 0.013098
  YoB 1990, Dose 1: slope = 0.000138
  YoB 1995, Dose 1: slope = 0.012318
  YoB 2000, Dose 1: slope = 0.024522
  YoB 1920, Dose 2: slope = 0.000222
  YoB 1925, Dose 2: slope = 0.001679
  YoB 1930, Dose 2: slope = 0.002722
  YoB 1935, Dose 2: slope = 0.000901
  YoB 1940, Dose 2: slope = 0.001947
  YoB 1945, Dose 2: slope = 0.002861
  YoB 1950, Dose 2: slope = 0.001588
  YoB 1955, Dose 2: slope = 0.002093
  YoB 1960, Dose 2: slope = 0.000552
  YoB 1965, Dose 2: slope = 0.002965
  YoB 1970, Dose 2: slope = 0.005310
  YoB 1975, Dose 2: slope = 0.003231
  YoB 1980, Dose 2: slope = 0.000286
  YoB 1985, Dose 2: slope = 0.010703
  YoB 1990, Dose 2: slope = -0.009362
  YoB 1995, Dose 2: slope = 0.006831
  YoB 2000, Dose 2: slope = 0.000000

[Info] Processing sheet: 2022_06
[DEBUG] Filtered to start from enrollment date 02/07/2022: 101500 rows
[DEBUG] Filtered to 95200 rows for ages 1920-2000
[DEBUG] Filtered to doses [0, 1, 2, 3] (max dose 3): 76160 rows
[DEBUG] Aggregated across sexes: 9520 rows

[DEBUG] Computed slopes for sheet 2022_06:
  YoB 1920, Dose 0: slope = -0.009433
  YoB 1925, Dose 0: slope = -0.005718
  YoB 1930, Dose 0: slope = -0.003893
  YoB 1935, Dose 0: slope = -0.002857
  YoB 1940, Dose 0: slope = -0.002978
  YoB 1945, Dose 0: slope = -0.001217
  YoB 1950, Dose 0: slope = -0.001144
  YoB 1955, Dose 0: slope = -0.000798
  YoB 1960, Dose 0: slope = -0.002585
  YoB 1965, Dose 0: slope = -0.000582
  YoB 1970, Dose 0: slope = -0.001357
  YoB 1975, Dose 0: slope = -0.001592
  YoB 1980, Dose 0: slope = -0.000244
  YoB 1985, Dose 0: slope = -0.004479
  YoB 1990, Dose 0: slope = -0.000409
  YoB 1995, Dose 0: slope = 0.003531
  YoB 2000, Dose 0: slope = 0.000775
  YoB 1920, Dose 1: slope = 0.002750
  YoB 1925, Dose 1: slope = -0.004859
  YoB 1930, Dose 1: slope = -0.005105
  YoB 1935, Dose 1: slope = -0.003448
  YoB 1940, Dose 1: slope = -0.001479
  YoB 1945, Dose 1: slope = 0.000926
  YoB 1950, Dose 1: slope = 0.000266
  YoB 1955, Dose 1: slope = -0.000998
  YoB 1960, Dose 1: slope = -0.003083
  YoB 1965, Dose 1: slope = -0.004716
  YoB 1970, Dose 1: slope = 0.007767
  YoB 1975, Dose 1: slope = -0.001389
  YoB 1980, Dose 1: slope = 0.000971
  YoB 1985, Dose 1: slope = 0.004064
  YoB 1990, Dose 1: slope = -0.008785
  YoB 1995, Dose 1: slope = 0.003981
  YoB 2000, Dose 1: slope = -0.008408
  YoB 1920, Dose 2: slope = -0.001902
  YoB 1925, Dose 2: slope = -0.006525
  YoB 1930, Dose 2: slope = -0.002771
  YoB 1935, Dose 2: slope = -0.001380
  YoB 1940, Dose 2: slope = -0.000958
  YoB 1945, Dose 2: slope = -0.001274
  YoB 1950, Dose 2: slope = -0.002914
  YoB 1955, Dose 2: slope = -0.000195
  YoB 1960, Dose 2: slope = 0.000086
  YoB 1965, Dose 2: slope = 0.000969
  YoB 1970, Dose 2: slope = 0.001557
  YoB 1975, Dose 2: slope = -0.002116
  YoB 1980, Dose 2: slope = 0.000855
  YoB 1985, Dose 2: slope = 0.003460
  YoB 1990, Dose 2: slope = -0.005647
  YoB 1995, Dose 2: slope = -0.001495
  YoB 2000, Dose 2: slope = -0.003554
  YoB 1920, Dose 3: slope = 0.000970
  YoB 1925, Dose 3: slope = 0.001297
  YoB 1930, Dose 3: slope = 0.002297
  YoB 1935, Dose 3: slope = 0.002886
  YoB 1940, Dose 3: slope = 0.003157
  YoB 1945, Dose 3: slope = 0.002512
  YoB 1950, Dose 3: slope = 0.001918
  YoB 1955, Dose 3: slope = 0.002269
  YoB 1960, Dose 3: slope = 0.001925
  YoB 1965, Dose 3: slope = 0.005387
  YoB 1970, Dose 3: slope = 0.003342
  YoB 1975, Dose 3: slope = 0.001856
  YoB 1980, Dose 3: slope = 0.001643
  YoB 1985, Dose 3: slope = 0.003159
  YoB 1990, Dose 3: slope = 0.002402
  YoB 1995, Dose 3: slope = -0.016789
  YoB 2000, Dose 3: slope = -0.012928

[Info] Processing sheet: 2022_47
[DEBUG] Filtered to start from enrollment date 11/21/2022: 71775 rows
[DEBUG] Filtered to 67320 rows for ages 1920-2000
[DEBUG] Filtered to doses [0, 1, 2, 3, 4] (max dose 4): 67320 rows
[DEBUG] Aggregated across sexes: 8415 rows

[DEBUG] Computed slopes for sheet 2022_47:
  YoB 1920, Dose 0: slope = -0.000183
  YoB 1925, Dose 0: slope = -0.001443
  YoB 1930, Dose 0: slope = -0.003185
  YoB 1935, Dose 0: slope = -0.000753
  YoB 1940, Dose 0: slope = -0.001531
  YoB 1945, Dose 0: slope = 0.000876
  YoB 1950, Dose 0: slope = 0.002227
  YoB 1955, Dose 0: slope = -0.001490
  YoB 1960, Dose 0: slope = -0.001464
  YoB 1965, Dose 0: slope = -0.000618
  YoB 1970, Dose 0: slope = -0.000234
  YoB 1975, Dose 0: slope = -0.002873
  YoB 1980, Dose 0: slope = 0.003450
  YoB 1985, Dose 0: slope = -0.002483
  YoB 1990, Dose 0: slope = 0.004774
  YoB 1995, Dose 0: slope = -0.008146
  YoB 2000, Dose 0: slope = 0.002206
  YoB 1920, Dose 1: slope = -0.001863
  YoB 1925, Dose 1: slope = -0.007070
  YoB 1930, Dose 1: slope = 0.004589
  YoB 1935, Dose 1: slope = -0.005611
  YoB 1940, Dose 1: slope = -0.002177
  YoB 1945, Dose 1: slope = 0.007769
  YoB 1950, Dose 1: slope = 0.004476
  YoB 1955, Dose 1: slope = -0.002107
  YoB 1960, Dose 1: slope = -0.003727
  YoB 1965, Dose 1: slope = -0.011345
  YoB 1970, Dose 1: slope = -0.003202
  YoB 1975, Dose 1: slope = 0.004132
  YoB 1980, Dose 1: slope = 0.012902
  YoB 1985, Dose 1: slope = -0.005648
  YoB 1990, Dose 1: slope = -0.003761
  YoB 1995, Dose 1: slope = 0.020388
  YoB 2000, Dose 1: slope = -0.025543
  YoB 1920, Dose 2: slope = 0.000898
  YoB 1925, Dose 2: slope = -0.009990
  YoB 1930, Dose 2: slope = -0.002455
  YoB 1935, Dose 2: slope = 0.001656
  YoB 1940, Dose 2: slope = -0.000013
  YoB 1945, Dose 2: slope = 0.001577
  YoB 1950, Dose 2: slope = -0.003567
  YoB 1955, Dose 2: slope = -0.001077
  YoB 1960, Dose 2: slope = 0.001353
  YoB 1965, Dose 2: slope = 0.003985
  YoB 1970, Dose 2: slope = 0.002479
  YoB 1975, Dose 2: slope = -0.003714
  YoB 1980, Dose 2: slope = 0.000445
  YoB 1985, Dose 2: slope = -0.003548
  YoB 1990, Dose 2: slope = -0.009173
  YoB 1995, Dose 2: slope = -0.002492
  YoB 2000, Dose 2: slope = -0.014299
  YoB 1920, Dose 3: slope = -0.007648
  YoB 1925, Dose 3: slope = -0.001915
  YoB 1930, Dose 3: slope = 0.000427
  YoB 1935, Dose 3: slope = 0.002403
  YoB 1940, Dose 3: slope = 0.000376
  YoB 1945, Dose 3: slope = -0.000393
  YoB 1950, Dose 3: slope = 0.001292
  YoB 1955, Dose 3: slope = 0.000821
  YoB 1960, Dose 3: slope = 0.001049
  YoB 1965, Dose 3: slope = 0.002396
  YoB 1970, Dose 3: slope = 0.002346
  YoB 1975, Dose 3: slope = -0.003175
  YoB 1980, Dose 3: slope = 0.001557
  YoB 1985, Dose 3: slope = 0.006834
  YoB 1990, Dose 3: slope = -0.007182
  YoB 1995, Dose 3: slope = -0.022826
  YoB 2000, Dose 3: slope = -0.026823
  YoB 1920, Dose 4: slope = 0.001654
  YoB 1925, Dose 4: slope = 0.000691
  YoB 1930, Dose 4: slope = 0.004807
  YoB 1935, Dose 4: slope = 0.003638
  YoB 1940, Dose 4: slope = 0.004659
  YoB 1945, Dose 4: slope = 0.004318
  YoB 1950, Dose 4: slope = 0.003307
  YoB 1955, Dose 4: slope = 0.000883
  YoB 1960, Dose 4: slope = -0.001095
  YoB 1965, Dose 4: slope = 0.008544
  YoB 1970, Dose 4: slope = -0.009592
  YoB 1975, Dose 4: slope = -0.014356
  YoB 1980, Dose 4: slope = -0.028190
  YoB 1985, Dose 4: slope = -0.034326
  YoB 1990, Dose 4: slope = 0.012133
  YoB 1995, Dose 4: slope = -0.012870
  YoB 2000, Dose 4: slope = 0.000000


================================================================================
KCOR VALUES AT REPORTING DATES - ALL SHEETS
================================================================================

Sheet: 2021_13 — Reporting date: 2023-01-02
============================================================

Dose combination: 1 vs 0 [2021_13]
--------------------------------------------------
            YoB | KCOR [95% CI] | KCOR_o
--------------------------------------------------
  ASMR (pooled)   |   1.4796 [1.439, 1.521] | -
  1920            |   1.1031 [0.881, 1.380] | 1.5303
  1925            |   1.0443 [0.957, 1.139] | 0.9855
  1930            |   1.0485 [0.988, 1.113] | 1.1486
  1935            |   1.2584 [1.192, 1.328] | 1.2980
  1940            |   1.6539 [1.575, 1.736] | 1.7567
  1945            |   1.8032 [1.709, 1.903] | 1.8467
  1950            |   1.7486 [1.585, 1.928] | 1.7768
  1955            |   1.6833 [1.460, 1.941] | 2.1662
  1960            |   1.8564 [1.475, 2.336] | 1.9342
  1965            |   1.8740 [1.393, 2.521] | 2.0558
  1970            |   1.9033 [1.324, 2.737] | 3.4490
  1975            |   1.4228 [0.859, 2.357] | 1.6918
  1980            |   2.1940 [0.909, 5.293] | 2.5913
  1985            |   1.3262 [0.553, 3.180] | 1.1439
  1990            |   1.2019 [0.000, 12.019] | 0.0205
  1995            |   2.5772 [0.000, 25.772] | 0.0442
  2000            |   5.1270 [0.000, 51.270] | 0.0313

Dose combination: 2 vs 0 [2021_13]
--------------------------------------------------
            YoB | KCOR [95% CI] | KCOR_o
--------------------------------------------------
  ASMR (pooled)   |   1.7634 [1.707, 1.822] | -
  1920            |   1.0551 [0.918, 1.213] | 1.1790
  1925            |   1.2757 [1.190, 1.367] | 1.3070
  1930            |   1.6114 [1.533, 1.694] | 1.7375
  1935            |   2.0558 [1.954, 2.163] | 2.0528
  1940            |   2.0118 [1.890, 2.142] | 2.0515
  1945            |   1.8367 [1.683, 2.004] | 1.8156
  1950            |   1.8213 [1.610, 2.060] | 2.4912
  1955            |   1.6497 [1.371, 1.985] | 1.6636
  1960            |   1.8502 [1.458, 2.347] | 2.6337
  1965            |   1.7498 [1.278, 2.396] | 1.6324
  1970            |   2.3123 [1.550, 3.450] | 2.6207
  1975            |   1.1979 [0.643, 2.233] | 2.1871
  1980            |   0.9145 [0.610, 1.372] | 0.4773
  1985            |   1.2776 [0.000, 12.776] | 0.0228
  1990            |   1.5664 [0.642, 3.824] | 1.5460
  1995            |   3.7054 [0.000, 37.054] | 0.0497
  2000            |   4.1480 [0.000, 41.480] | 0.0174

Dose combination: 2 vs 1 [2021_13]
--------------------------------------------------
            YoB | KCOR [95% CI] | KCOR_o
--------------------------------------------------
  ASMR (pooled)   |   1.1867 [1.139, 1.236] | -
  1920            |   1.0628 [0.841, 1.343] | 0.7704
  1925            |   1.2216 [1.110, 1.345] | 1.3261
  1930            |   1.5368 [1.438, 1.643] | 1.5127
  1935            |   1.6336 [1.533, 1.741] | 1.5815
  1940            |   1.2164 [1.131, 1.308] | 1.1679
  1945            |   1.0533 [0.955, 1.162] | 0.9831
  1950            |   1.0416 [0.893, 1.215] | 1.4021
  1955            |   1.1564 [0.919, 1.455] | 0.7680
  1960            |   0.9967 [0.719, 1.382] | 1.3616
  1965            |   0.9415 [0.614, 1.443] | 0.7940
  1970            |   1.2149 [0.712, 2.072] | 0.7598
  1975            |   0.9636 [0.435, 2.136] | 1.2927
  1980            |   0.8278 [0.317, 2.160] | 0.1842
  1985            |   1.1459 [0.000, 11.459] | 0.7044
  1990            |   1.7273 [0.000, 17.273] | 2.2832
  1995            |   1.4377 [0.000, 14.377] | 1.1250
  2000            |   0.8091 [0.000, 8.091] | 0.5556

Sheet: 2021_24 — Reporting date: 2023-01-02
============================================================

Dose combination: 1 vs 0 [2021_24]
--------------------------------------------------
            YoB | KCOR [95% CI] | KCOR_o
--------------------------------------------------
  ASMR (pooled)   |   0.9937 [0.966, 1.022] | -
  1920            |   1.0670 [0.820, 1.388] | 1.0507
  1925            |   0.9682 [0.863, 1.086] | 0.8697
  1930            |   1.0019 [0.924, 1.086] | 0.8308
  1935            |   1.0748 [0.992, 1.165] | 1.0432
  1940            |   1.0083 [0.940, 1.081] | 0.9381
  1945            |   1.0085 [0.945, 1.077] | 1.0327
  1950            |   1.1492 [1.068, 1.237] | 1.1837
  1955            |   1.1290 [1.033, 1.234] | 1.2012
  1960            |   1.1555 [1.032, 1.294] | 1.0809
  1965            |   1.0368 [0.907, 1.185] | 0.9016
  1970            |   1.2202 [1.041, 1.430] | 1.2337
  1975            |   1.1341 [0.936, 1.375] | 1.0366
  1980            |   1.0131 [0.775, 1.324] | 0.6383
  1985            |   1.2156 [0.769, 1.920] | 1.2872
  1990            |   2.6880 [1.092, 6.619] | 3.2217
  1995            |   1.4736 [0.000, 14.736] | 0.1222
  2000            |   1.5000 [0.849, 2.650] | 0.3438

Dose combination: 2 vs 0 [2021_24]
--------------------------------------------------
            YoB | KCOR [95% CI] | KCOR_o
--------------------------------------------------
  ASMR (pooled)   |   1.2348 [1.209, 1.261] | -
  1920            |   0.9756 [0.856, 1.112] | 1.1462
  1925            |   1.0356 [0.966, 1.110] | 0.8614
  1930            |   0.9868 [0.938, 1.038] | 1.0214
  1935            |   1.2610 [1.198, 1.327] | 1.2401
  1940            |   1.2632 [1.201, 1.328] | 1.2614
  1945            |   1.3395 [1.270, 1.413] | 1.3668
  1950            |   1.6086 [1.506, 1.718] | 1.6337
  1955            |   1.5462 [1.415, 1.690] | 1.5390
  1960            |   1.3530 [1.210, 1.513] | 1.3774
  1965            |   1.7911 [1.489, 2.154] | 1.8461
  1970            |   1.1069 [0.921, 1.331] | 0.8561
  1975            |   1.9963 [1.445, 2.757] | 1.8760
  1980            |   0.9376 [0.680, 1.292] | 0.8079
  1985            |   1.7426 [0.921, 3.296] | 1.8111
  1990            |   1.9311 [0.997, 3.739] | 1.6072
  1995            |   1.5437 [0.799, 2.981] | 0.6678
  2000            |   1.1432 [0.579, 2.257] | 0.5081

Dose combination: 2 vs 1 [2021_24]
--------------------------------------------------
            YoB | KCOR [95% CI] | KCOR_o
--------------------------------------------------
  ASMR (pooled)   |   1.2441 [1.209, 1.281] | -
  1920            |   0.9144 [0.705, 1.186] | 1.0909
  1925            |   1.1069 [0.991, 1.237] | 0.9904
  1930            |   1.1396 [1.055, 1.231] | 1.2294
  1935            |   1.1732 [1.087, 1.267] | 1.1888
  1940            |   1.2528 [1.170, 1.342] | 1.3446
  1945            |   1.3282 [1.243, 1.419] | 1.3234
  1950            |   1.3997 [1.291, 1.518] | 1.3802
  1955            |   1.3696 [1.232, 1.523] | 1.2813
  1960            |   1.1709 [1.019, 1.346] | 1.2743
  1965            |   1.9079 [1.552, 2.345] | 2.0476
  1970            |   1.1727 [0.942, 1.460] | 0.6939
  1975            |   1.7602 [1.238, 2.504] | 1.8097
  1980            |   1.3283 [0.914, 1.931] | 1.2657
  1985            |   1.6933 [0.794, 3.609] | 1.4070
  1990            |   0.8023 [0.273, 2.359] | 0.4989
  1995            |   1.7762 [0.000, 17.762] | 0.8047
  2000            |   2.8197 [1.273, 6.246] | 1.4780

Sheet: 2022_06 — Reporting date: 2023-01-02
============================================================

Dose combination: 1 vs 0 [2022_06]
--------------------------------------------------
            YoB | KCOR [95% CI] | KCOR_o
--------------------------------------------------
  ASMR (pooled)   |   1.0428 [0.998, 1.090] | -
  1920            |   1.2104 [0.832, 1.761] | 0.6437
  1925            |   1.3710 [1.099, 1.711] | 1.2740
  1930            |   1.0716 [0.952, 1.206] | 1.0628
  1935            |   1.2900 [1.132, 1.470] | 1.2965
  1940            |   1.0664 [0.965, 1.178] | 0.8967
  1945            |   1.0196 [0.914, 1.137] | 0.9743
  1950            |   1.2601 [1.105, 1.436] | 1.2355
  1955            |   0.9880 [0.859, 1.136] | 0.9673
  1960            |   1.0980 [0.917, 1.314] | 1.1733
  1965            |   0.9074 [0.749, 1.100] | 0.9451
  1970            |   1.2532 [0.987, 1.591] | 0.8051
  1975            |   1.0130 [0.787, 1.303] | 0.9285
  1980            |   1.0115 [0.704, 1.453] | 1.0887
  1985            |   1.2460 [0.778, 1.995] | 0.9677
  1990            |   2.3224 [1.205, 4.475] | 1.8567
  1995            |   1.1923 [0.583, 2.439] | 0.6559
  2000            |   1.7166 [0.677, 4.353] | 1.4000

Dose combination: 2 vs 0 [2022_06]
--------------------------------------------------
            YoB | KCOR [95% CI] | KCOR_o
--------------------------------------------------
  ASMR (pooled)   |   1.0443 [1.021, 1.068] | -
  1920            |   1.0150 [0.846, 1.218] | 0.7007
  1925            |   0.9658 [0.888, 1.051] | 0.9506
  1930            |   1.0840 [1.021, 1.151] | 1.0528
  1935            |   1.0303 [0.971, 1.093] | 0.9965
  1940            |   0.9947 [0.941, 1.052] | 0.9903
  1945            |   1.0003 [0.946, 1.058] | 1.0097
  1950            |   1.3165 [1.231, 1.408] | 1.3392
  1955            |   1.0045 [0.926, 1.089] | 1.0170
  1960            |   1.0255 [0.923, 1.139] | 1.0444
  1965            |   0.9986 [0.883, 1.129] | 0.9865
  1970            |   1.0828 [0.944, 1.241] | 0.8136
  1975            |   1.8389 [1.500, 2.254] | 1.8956
  1980            |   1.0814 [0.851, 1.374] | 1.1318
  1985            |   1.1685 [0.844, 1.618] | 1.0068
  1990            |   1.6043 [1.108, 2.323] | 1.3250
  1995            |   1.0357 [0.623, 1.721] | 1.0630
  2000            |   2.5808 [1.434, 4.645] | 2.2824

Dose combination: 2 vs 1 [2022_06]
--------------------------------------------------
            YoB | KCOR [95% CI] | KCOR_o
--------------------------------------------------
  ASMR (pooled)   |   1.0014 [0.958, 1.047] | -
  1920            |   1.1683 [0.791, 1.726] | 1.0885
  1925            |   1.0122 [0.809, 1.267] | 0.7461
  1930            |   1.0116 [0.897, 1.141] | 0.9906
  1935            |   1.0098 [0.886, 1.151] | 0.7686
  1940            |   1.1450 [1.037, 1.265] | 1.1044
  1945            |   1.0602 [0.951, 1.182] | 1.0364
  1950            |   1.0448 [0.914, 1.194] | 1.0840
  1955            |   1.0167 [0.882, 1.172] | 1.0514
  1960            |   1.0872 [0.903, 1.309] | 0.8901
  1965            |   1.2540 [1.030, 1.527] | 1.0438
  1970            |   1.0106 [0.794, 1.286] | 1.0106
  1975            |   2.0398 [1.532, 2.716] | 2.0416
  1980            |   1.0692 [0.728, 1.570] | 1.0396
  1985            |   1.1710 [0.697, 1.968] | 1.0404
  1990            |   0.9092 [0.452, 1.830] | 0.7137
  1995            |   1.5448 [0.755, 3.163] | 1.6207
  2000            |   1.5034 [0.543, 4.166] | 1.6303

Dose combination: 3 vs 2 [2022_06]
--------------------------------------------------
            YoB | KCOR [95% CI] | KCOR_o
--------------------------------------------------
  ASMR (pooled)   |   1.4921 [1.462, 1.523] | -
  1920            |   1.6175 [1.356, 1.930] | 1.9694
  1925            |   1.4087 [1.303, 1.523] | 1.4664
  1930            |   1.4010 [1.328, 1.478] | 1.4489
  1935            |   1.4827 [1.409, 1.560] | 1.4908
  1940            |   1.6552 [1.576, 1.738] | 1.6648
  1945            |   1.6710 [1.590, 1.757] | 1.6662
  1950            |   1.3585 [1.274, 1.448] | 1.3685
  1955            |   1.4627 [1.351, 1.583] | 1.4408
  1960            |   1.3100 [1.174, 1.461] | 1.2880
  1965            |   1.2310 [1.080, 1.403] | 1.1604
  1970            |   1.6018 [1.369, 1.874] | 1.6616
  1975            |   1.0630 [0.824, 1.371] | 0.9752
  1980            |   1.1024 [0.827, 1.469] | 1.0595
  1985            |   0.9296 [0.621, 1.391] | 1.1118
  1990            |   1.4739 [0.813, 2.673] | 1.5873
  1995            |   1.1150 [0.627, 1.981] | 0.6880
  2000            |   0.8087 [0.393, 1.665] | 0.4381

Dose combination: 3 vs 0 [2022_06]
--------------------------------------------------
            YoB | KCOR [95% CI] | KCOR_o
--------------------------------------------------
  ASMR (pooled)   |   1.5581 [1.527, 1.589] | -
  1920            |   1.2465 [1.083, 1.435] | 1.3799
  1925            |   1.3606 [1.269, 1.458] | 1.3939
  1930            |   1.5187 [1.446, 1.596] | 1.5254
  1935            |   1.5079 [1.434, 1.585] | 1.4856
  1940            |   1.6258 [1.548, 1.708] | 1.6486
  1945            |   1.6714 [1.589, 1.758] | 1.6824
  1950            |   1.7885 [1.686, 1.897] | 1.8327
  1955            |   1.4693 [1.363, 1.584] | 1.4653
  1960            |   1.3434 [1.216, 1.484] | 1.3451
  1965            |   1.1869 [1.048, 1.344] | 1.1448
  1970            |   1.3670 [1.172, 1.594] | 1.3519
  1975            |   1.9547 [1.576, 2.425] | 1.8485
  1980            |   1.1922 [0.922, 1.541] | 1.1991
  1985            |   1.0863 [0.774, 1.524] | 1.1193
  1990            |   2.3645 [1.373, 4.072] | 2.1032
  1995            |   1.1547 [0.651, 2.049] | 0.7314
  2000            |   1.3885 [0.769, 2.506] | 1.0000

Sheet: 2022_47 — Reporting date: 2024-01-01
============================================================

Dose combination: 4 vs 3 [2022_47]
--------------------------------------------------
            YoB | KCOR [95% CI] | KCOR_o
--------------------------------------------------
  ASMR (pooled)   |   1.2084 [1.176, 1.242] | -
  1920            |   1.2513 [1.003, 1.562] | 1.1394
  1925            |   1.3344 [1.227, 1.451] | 1.2521
  1930            |   1.0741 [1.017, 1.135] | 1.0215
  1935            |   1.1526 [1.093, 1.216] | 1.2038
  1940            |   1.1779 [1.114, 1.245] | 1.2226
  1945            |   1.0264 [0.970, 1.086] | 0.9375
  1950            |   1.3714 [1.272, 1.478] | 1.3254
  1955            |   1.1674 [1.054, 1.293] | 1.2025
  1960            |   1.8326 [1.516, 2.216] | 1.9664
  1965            |   0.9869 [0.777, 1.254] | 1.2369
  1970            |   2.5930 [1.725, 3.899] | 2.3459
  1975            |   3.0467 [1.785, 5.200] | 3.1519
  1980            |   1.2362 [0.823, 1.858] | 0.8775
  1985            |   8.4201 [3.298, 21.497] | 3.6091
  1990            |   1.2023 [0.620, 2.333] | 0.9235
  1995            |   1.3127 [0.479, 3.598] | 0.6927
  2000            |   1.4509 [0.523, 4.029] | 0.4156

Dose combination: 4 vs 2 [2022_47]
--------------------------------------------------
            YoB | KCOR [95% CI] | KCOR_o
--------------------------------------------------
  ASMR (pooled)   |   1.2410 [1.202, 1.282] | -
  1920            |   1.7433 [1.294, 2.348] | 2.6789
  1925            |   1.0204 [0.903, 1.153] | 0.9379
  1930            |   1.1106 [1.031, 1.196] | 1.0531
  1935            |   1.3255 [1.235, 1.423] | 1.3755
  1940            |   1.1773 [1.095, 1.265] | 1.2973
  1945            |   1.2244 [1.139, 1.316] | 1.1886
  1950            |   1.1931 [1.091, 1.305] | 1.0933
  1955            |   1.0857 [0.965, 1.221] | 1.1296
  1960            |   1.8843 [1.543, 2.302] | 1.9752
  1965            |   1.0780 [0.841, 1.382] | 1.2372
  1970            |   2.9262 [1.937, 4.421] | 2.5653
  1975            |   3.5025 [2.049, 5.987] | 3.1592
  1980            |   1.1304 [0.749, 1.705] | 0.8402
  1985            |   6.4106 [2.510, 16.375] | 2.7652
  1990            |   1.2341 [0.638, 2.387] | 0.9871
  1995            |   1.3918 [0.532, 3.641] | 1.2912
  2000            |   1.2554 [0.492, 3.205] | 0.5349

Dose combination: 4 vs 1 [2022_47]
--------------------------------------------------
            YoB | KCOR [95% CI] | KCOR_o
--------------------------------------------------
  ASMR (pooled)   |   1.3796 [1.305, 1.459] | -
  1920            |   1.1673 [0.474, 2.873] | 1.1734
  1925            |   0.9831 [0.754, 1.281] | 0.9385
  1930            |   1.3769 [1.169, 1.622] | 1.2024
  1935            |   1.1266 [0.976, 1.301] | 1.4062
  1940            |   1.4013 [1.227, 1.600] | 1.1985
  1945            |   1.6592 [1.463, 1.882] | 1.5991
  1950            |   1.6309 [1.406, 1.892] | 1.6389
  1955            |   1.2622 [1.062, 1.501] | 1.3084
  1960            |   1.7646 [1.372, 2.270] | 2.1815
  1965            |   1.0044 [0.723, 1.394] | 0.5577
  1970            |   2.7676 [1.764, 4.341] | 3.3057
  1975            |   4.8403 [2.729, 8.585] | 4.7096
  1980            |   0.7803 [0.382, 1.596] | 0.2983
  1985            |   5.4849 [1.999, 15.052] | 2.3959
  1990            |   1.0709 [0.502, 2.286] | 0.9655
  1995            |   1.8376 [0.521, 6.486] | 0.8928
  2000            |   2.6269 [0.000, 26.269] | 0.5000

Dose combination: 4 vs 0 [2022_47]
--------------------------------------------------
            YoB | KCOR [95% CI] | KCOR_o
--------------------------------------------------
  ASMR (pooled)   |   1.2686 [1.230, 1.308] | -
  1920            |   2.3713 [1.890, 2.975] | 2.4365
  1925            |   1.5225 [1.380, 1.680] | 1.3135
  1930            |   1.0851 [1.013, 1.162] | 1.0281
  1935            |   1.1365 [1.061, 1.217] | 1.2355
  1940            |   1.1229 [1.046, 1.206] | 1.0912
  1945            |   1.1968 [1.117, 1.283] | 1.1508
  1950            |   1.4908 [1.367, 1.625] | 1.5062
  1955            |   1.2201 [1.093, 1.362] | 1.2724
  1960            |   1.7231 [1.418, 2.093] | 1.7738
  1965            |   1.0055 [0.789, 1.281] | 1.2223
  1970            |   2.7491 [1.828, 4.135] | 2.5831
  1975            |   3.1935 [1.875, 5.439] | 2.7997
  1980            |   1.3598 [0.916, 2.018] | 0.9983
  1985            |   4.9978 [1.980, 12.617] | 2.0609
  1990            |   1.1167 [0.583, 2.137] | 0.5434
  1995            |   1.1454 [0.438, 2.997] | 0.5507
  2000            |   1.1402 [0.434, 2.996] | 0.4056
================================================================================
[Done] Wrote 39114 rows to ../data/Czech/KCOR.xlsx
[Summary] Creating summary file: ../data/Czech/KCOR_summary.xlsx
  - 2021_13: 3 dose combinations, 61 summary rows
  - 2021_24: 3 dose combinations, 61 summary rows
  - 2022_06: 5 dose combinations, 101 summary rows
  - 2022_47: 4 dose combinations, 81 summary rows
[Summary] Created summary with 4 enrollment periods
