================================================================================
KCOR v7.1 - Kirsch Cumulative Outcomes Ratio Analysis
================================================================================
Analysis Date: 2026-03-18 23:36:57
Mode: Primary Analysis
Input File: ../data/Czech/KCOR_CMR.xlsx
Output File: ../data/Czech/KCOR.xlsx
Log File: ../data/Czech/KCOR_summary.log
--------------------------------------------------------------------------------
Configuration Parameters (effective):
  KCOR_NORMALIZATION_WEEKS = 4
  DYNAMIC_HVE_SKIP_WEEKS = 2
  AGE_RANGE             = 10
  YEAR_RANGE            = (1920, 2009)
  ENROLLMENT_DATES      = None
  DEBUG_VERBOSE         = True
  OVERRIDE_DOSE_PAIRS   = None
  OVERRIDE_YOBS         = None
  Reporting date calculation: 1 year from enrollment date
  NEGATIVE_CONTROL_MODE = 0
  THETA_ESTIMATION_WINDOWS = 2023-05..2023-40 (post COVID); 2022-22..2022-25 (post booster); 2021-26..2021-36 (post primary)
  THETA_IDENTIFIABILITY = min_quiet_deaths=30, theta0_max=100.0, action=set_zero
  COVID_CORRECTION      = 2021-41..2022-12, factor=1.0
  NORMALIZATION_METHOD  = KCOR7 (gamma-frailty inversion)
================================================================================

[INFO] Auto-derived enrollment dates from Excel file: ['2021_13', '2021_20', '2021_24', '2021_30', '2022_06', '2022_26', '2022_47']
[DEBUG] Limiting to age range: 1920-2009
[DEBUG] Limiting to enrollment dates: ['2021_13', '2021_20', '2021_24', '2021_30', '2022_06', '2022_26', '2022_47']
[Info] Processing sheet: 2021_13
[DEBUG] Filtered to start from enrollment date 03/29/2021: 296555 rows
[DEBUG] Filtered to 279720 rows for ages 1920-2009
[DEBUG] Filtered to doses [0, 1, 2] (max dose 2): 119880 rows
[DEBUG] Aggregated across sexes: 4995 rows
enroll | YoB | dose | theta | k | relRMSE | bins
----------------------------------------------------------------------
2021_13 | 1920 | 0 | 0.1 | 6.098001e-03 | 1.158095e-03 | 51
2021_13 | 1920 | 1 | 1.127082e-22 | 5.534813e-03 | 2.546771e-03 | 51
2021_13 | 1920 | 2 | 1.378762e-18 | 5.192138e-03 | 1.502766e-03 | 51
2021_13 | 1930 | 0 | 0.0 | 2.695124e-03 | 7.859982e-04 | 51
2021_13 | 1930 | 1 | 3.296484e-23 | 1.897348e-03 | 1.355867e-03 | 51
2021_13 | 1930 | 2 | 9.356719e-19 | 1.881372e-03 | 1.270200e-03 | 51
2021_13 | 1940 | 0 | 5.830755e-18 | 7.773338e-04 | 5.726360e-04 | 51
2021_13 | 1940 | 1 | 3.245705e-19 | 5.446824e-04 | 1.503829e-03 | 51
2021_13 | 1940 | 2 | 1.146262e-25 | 1.037483e-03 | 1.241176e-03 | 51
2021_13 | 1950 | 0 | 1.727213e-15 | 2.849600e-04 | 6.168535e-04 | 51
2021_13 | 1950 | 1 | 2.018302e-13 | 2.733770e-04 | 2.078738e-03 | 51
2021_13 | 1950 | 2 | 3.255293e-16 | 3.788915e-04 | 2.381542e-03 | 51
2021_13 | 1960 | 0 | 2.688059e-23 | 1.137686e-04 | 7.991083e-04 | 51
2021_13 | 1960 | 1 | 6.072360e-14 | 6.877790e-05 | 3.527449e-03 | 51
2021_13 | 1960 | 2 | 1.652808e-14 | 8.656556e-05 | 3.176096e-03 | 51
2021_13 | 1970 | 0 | 4.124819e-19 | 4.174480e-05 | 1.071675e-03 | 51
2021_13 | 1970 | 1 | 8.785850e-21 | 3.490158e-05 | 7.010315e-03 | 51
2021_13 | 1970 | 2 | 2.433166e-15 | 2.723769e-05 | 6.072771e-03 | 51
2021_13 | 1980 | 0 | 4.570921e-14 | 1.797641e-05 | 1.899536e-03 | 51
[KCOR7_DEGENERATE] enroll=2021_13, yob=1980, dose=1, theta0_raw=117.745, relRMSE=0.0124187 -> theta0_applied=0.0
2021_13 | 1980 | 1 | 0.000000e+00 | 2.632219e-05 | 1.241872e-02 | 51
2021_13 | 1980 | 2 | 5.342398e-17 | 2.154182e-05 | 8.529542e-03 | 51
2021_13 | 1990 | 0 | 7.731556e-18 | 9.146630e-06 | 2.455327e-03 | 51
[KCOR7_INSUFFICIENT_DEATHS] enroll=2021_13, yob=1990, dose=1, quiet_deaths=9.0 -> theta0_applied=0.0
2021_13 | 1990 | 1 | 0.000000e+00 | 1.057150e-05 | 1.361985e-02 | 51
[KCOR7_INSUFFICIENT_DEATHS] enroll=2021_13, yob=1990, dose=2, quiet_deaths=19.0 -> theta0_applied=0.0
2021_13 | 1990 | 2 | 0.000000e+00 | 1.583289e-05 | 1.226098e-02 | 51
2021_13 | 2000 | 0 | 2.724624e-20 | 4.517676e-06 | 4.219097e-03 | 51
[KCOR7_INSUFFICIENT_DEATHS] enroll=2021_13, yob=2000, dose=1, quiet_deaths=5.0 -> theta0_applied=0.0
2021_13 | 2000 | 1 | 0.000000e+00 | 9.066134e-05 | 4.059893e-02 | 51
[KCOR7_INSUFFICIENT_DEATHS] enroll=2021_13, yob=2000, dose=2, quiet_deaths=6.0 -> theta0_applied=0.0
2021_13 | 2000 | 2 | 0.000000e+00 | 5.452942e-05 | 4.028310e-02 | 51
2021_13 | -2 | 0 | 4.7 | 1.505754e-04 | 4.373087e-04 | 51
2021_13 | -2 | 1 | 4.083156e-17 | 4.605174e-04 | 9.659331e-04 | 51
2021_13 | -2 | 2 | 4.352422e-19 | 8.849418e-04 | 8.256398e-04 | 51
[Info] Processing sheet: 2021_20
[DEBUG] Filtered to start from enrollment date 05/17/2021: 285334 rows
[DEBUG] Filtered to 269136 rows for ages 1920-2009
[DEBUG] Filtered to doses [0, 1, 2] (max dose 2): 115344 rows
[DEBUG] Aggregated across sexes: 4806 rows
enroll | YoB | dose | theta | k | relRMSE | bins
----------------------------------------------------------------------
2021_20 | 1920 | 0 | 0.1 | 6.372535e-03 | 1.193327e-03 | 51
2021_20 | 1920 | 1 | 6.951607e-21 | 5.827448e-03 | 3.090019e-03 | 51
2021_20 | 1920 | 2 | 1.285495e-18 | 5.214364e-03 | 1.457824e-03 | 51
2021_20 | 1930 | 0 | 0.2 | 3.052390e-03 | 8.538577e-04 | 51
2021_20 | 1930 | 1 | 4.411844e-20 | 2.225449e-03 | 1.606246e-03 | 51
2021_20 | 1930 | 2 | 1.136299e-32 | 1.885243e-03 | 1.190372e-03 | 51
2021_20 | 1940 | 0 | 1.6 | 1.213147e-03 | 6.216980e-04 | 51
2021_20 | 1940 | 1 | 3.555945e-18 | 5.921469e-04 | 1.418431e-03 | 51
2021_20 | 1940 | 2 | 1.038661e-17 | 6.239881e-04 | 1.253207e-03 | 51
2021_20 | 1950 | 0 | 3.1 | 4.653671e-04 | 6.266657e-04 | 51
2021_20 | 1950 | 1 | 8.214754e-17 | 1.985862e-04 | 1.645242e-03 | 51
2021_20 | 1950 | 2 | 8.397140e-23 | 3.159686e-04 | 1.491709e-03 | 51
2021_20 | 1960 | 0 | 2.0 | 1.439920e-04 | 8.503903e-04 | 51
2021_20 | 1960 | 1 | 9.193436e-22 | 7.699610e-05 | 1.954995e-03 | 51
2021_20 | 1960 | 2 | 5.666361e-20 | 8.344055e-05 | 1.878140e-03 | 51
2021_20 | 1970 | 0 | 8.099059e-18 | 4.252907e-05 | 1.096063e-03 | 51
2021_20 | 1970 | 1 | 4.329512e-15 | 3.803478e-05 | 3.437345e-03 | 51
2021_20 | 1970 | 2 | 21.4 | 3.286961e-05 | 3.717613e-03 | 51
2021_20 | 1980 | 0 | 2.009314e-14 | 1.779192e-05 | 1.934009e-03 | 51
2021_20 | 1980 | 1 | 2.286617e-13 | 1.944269e-05 | 6.238361e-03 | 51
2021_20 | 1980 | 2 | 5.627405e-15 | 2.283997e-05 | 6.151777e-03 | 51
2021_20 | 1990 | 0 | 1.847066e-18 | 9.017273e-06 | 2.561309e-03 | 51
[KCOR7_INSUFFICIENT_DEATHS] enroll=2021_20, yob=1990, dose=1, quiet_deaths=22.0 -> theta0_applied=0.0
2021_20 | 1990 | 1 | 0.000000e+00 | 1.058692e-05 | 1.394577e-02 | 51
2021_20 | 1990 | 2 | 4.441164e-14 | 1.463887e-05 | 9.086958e-03 | 51
2021_20 | 2000 | 0 | 9.171247e-21 | 4.400278e-06 | 4.248817e-03 | 51
[KCOR7_INSUFFICIENT_DEATHS] enroll=2021_20, yob=2000, dose=1, quiet_deaths=8.0 -> theta0_applied=0.0
2021_20 | 2000 | 1 | 0.000000e+00 | 4.469648e-05 | 1.626925e-02 | 51
[KCOR7_INSUFFICIENT_DEATHS] enroll=2021_20, yob=2000, dose=2, quiet_deaths=11.0 -> theta0_applied=0.0
2021_20 | 2000 | 2 | 0.000000e+00 | 7.760803e-05 | 2.773594e-02 | 51
2021_20 | -2 | 0 | 19.5 | 1.485289e-04 | 4.635277e-04 | 51
2021_20 | -2 | 1 | 6.032750e-24 | 1.931363e-04 | 1.133495e-03 | 51
2021_20 | -2 | 2 | 5.431852e-24 | 6.209540e-04 | 8.187480e-04 | 51
[Info] Processing sheet: 2021_24
[DEBUG] Filtered to start from enrollment date 06/14/2021: 278922 rows
[DEBUG] Filtered to 263088 rows for ages 1920-2009
[DEBUG] Filtered to doses [0, 1, 2] (max dose 2): 112752 rows
[DEBUG] Aggregated across sexes: 4698 rows
enroll | YoB | dose | theta | k | relRMSE | bins
----------------------------------------------------------------------
2021_24 | 1920 | 0 | 0.1 | 6.367114e-03 | 1.272348e-03 | 51
2021_24 | 1920 | 1 | 0.2 | 6.898937e-03 | 3.867901e-03 | 51
2021_24 | 1920 | 2 | 5.620917e-19 | 5.218601e-03 | 1.403646e-03 | 51
2021_24 | 1930 | 0 | 0.3 | 3.179705e-03 | 8.328888e-04 | 51
2021_24 | 1930 | 1 | 1.755589e-18 | 2.282096e-03 | 1.929851e-03 | 51
2021_24 | 1930 | 2 | 9.133192e-19 | 1.903784e-03 | 1.172147e-03 | 51
2021_24 | 1940 | 0 | 2.2 | 1.363374e-03 | 6.326454e-04 | 51
2021_24 | 1940 | 1 | 1.099158e-23 | 7.632332e-04 | 1.409699e-03 | 51
2021_24 | 1940 | 2 | 1.237096e-18 | 6.025890e-04 | 1.256977e-03 | 51
2021_24 | 1950 | 0 | 5.4 | 5.657631e-04 | 6.682542e-04 | 51
2021_24 | 1950 | 1 | 1.954382e-15 | 2.330181e-04 | 1.360475e-03 | 51
2021_24 | 1950 | 2 | 9.860761e-32 | 2.254638e-04 | 1.516181e-03 | 51
2021_24 | 1960 | 0 | 9.0 | 1.817872e-04 | 8.250783e-04 | 51
2021_24 | 1960 | 1 | 1.575347e-22 | 7.463966e-05 | 2.148233e-03 | 51
2021_24 | 1960 | 2 | 3.268315e-18 | 9.929428e-05 | 1.665193e-03 | 51
2021_24 | 1970 | 0 | 16.3 | 6.093490e-05 | 1.285412e-03 | 51
2021_24 | 1970 | 1 | 1.167904e-16 | 2.598788e-05 | 2.619367e-03 | 51
2021_24 | 1970 | 2 | 1.846184e-21 | 3.969702e-05 | 2.028382e-03 | 51
2021_24 | 1980 | 0 | 15.3 | 2.164210e-05 | 1.801398e-03 | 51
2021_24 | 1980 | 1 | 1.317071e-19 | 1.133097e-05 | 4.790638e-03 | 51
2021_24 | 1980 | 2 | 5.019121e-14 | 2.054567e-05 | 4.947365e-03 | 51
2021_24 | 1990 | 0 | 9.220534e-18 | 9.165356e-06 | 2.668735e-03 | 51
2021_24 | 1990 | 1 | 1.016510e-20 | 8.789460e-06 | 8.468989e-03 | 51
2021_24 | 1990 | 2 | 4.574437e-15 | 1.226329e-05 | 8.185055e-03 | 51
2021_24 | 2000 | 0 | 1.101325e-20 | 4.418450e-06 | 4.290232e-03 | 51
[KCOR7_INSUFFICIENT_DEATHS] enroll=2021_24, yob=2000, dose=1, quiet_deaths=11.0 -> theta0_applied=0.0
2021_24 | 2000 | 1 | 0.000000e+00 | 5.608273e-06 | 1.463857e-02 | 51
[KCOR7_INSUFFICIENT_DEATHS] enroll=2021_24, yob=2000, dose=2, quiet_deaths=15.0 -> theta0_applied=0.0
2021_24 | 2000 | 2 | 0.000000e+00 | 6.997771e-05 | 1.747035e-02 | 51
2021_24 | -2 | 0 | 24.7 | 1.771869e-04 | 4.527340e-04 | 51
2021_24 | -2 | 1 | 1.358336e-18 | 1.006311e-04 | 1.094681e-03 | 51
2021_24 | -2 | 2 | 4.044046e-18 | 4.595471e-04 | 8.868413e-04 | 51
[Info] Processing sheet: 2021_30
[DEBUG] Filtered to start from enrollment date 07/26/2021: 269304 rows
[DEBUG] Filtered to 254016 rows for ages 1920-2009
[DEBUG] Filtered to doses [0, 1, 2] (max dose 2): 108864 rows
[DEBUG] Aggregated across sexes: 4536 rows
enroll | YoB | dose | theta | k | relRMSE | bins
----------------------------------------------------------------------
2021_30 | 1920 | 0 | 0.2 | 6.607318e-03 | 1.422555e-03 | 45
2021_30 | 1920 | 1 | 0.9 | 9.191661e-03 | 7.269848e-03 | 45
2021_30 | 1920 | 2 | 5.451656e-24 | 5.421149e-03 | 1.273145e-03 | 45
2021_30 | 1930 | 0 | 0.1 | 3.034847e-03 | 9.252843e-04 | 45
2021_30 | 1930 | 1 | 2.0 | 3.357464e-03 | 2.670676e-03 | 45
2021_30 | 1930 | 2 | 3.352063e-16 | 1.982885e-03 | 1.028436e-03 | 45
2021_30 | 1940 | 0 | 2.2 | 1.404072e-03 | 7.047880e-04 | 45
2021_30 | 1940 | 1 | 4.5 | 1.202863e-03 | 2.023439e-03 | 45
2021_30 | 1940 | 2 | 1.559291e-25 | 6.399724e-04 | 1.085851e-03 | 45
2021_30 | 1950 | 0 | 5.3 | 5.880735e-04 | 7.143337e-04 | 45
2021_30 | 1950 | 1 | 9.8 | 4.604512e-04 | 1.957412e-03 | 45
2021_30 | 1950 | 2 | 2.131394e-23 | 2.364444e-04 | 1.129643e-03 | 45
2021_30 | 1960 | 0 | 14.7 | 2.045734e-04 | 9.558115e-04 | 45
2021_30 | 1960 | 1 | 2.868772e-15 | 1.272799e-04 | 2.983054e-03 | 45
2021_30 | 1960 | 2 | 2.629016e-20 | 8.438292e-05 | 1.669667e-03 | 45
2021_30 | 1970 | 0 | 18.4 | 6.406108e-05 | 1.437551e-03 | 45
2021_30 | 1970 | 1 | 5.880756e-24 | 4.749147e-05 | 4.566522e-03 | 45
2021_30 | 1970 | 2 | 4.494119e-15 | 2.962557e-05 | 2.068040e-03 | 45
2021_30 | 1980 | 0 | 16.6 | 2.396349e-05 | 1.915916e-03 | 45
2021_30 | 1980 | 1 | 26.3 | 1.408071e-05 | 5.252266e-03 | 45
2021_30 | 1980 | 2 | 2.979867e-18 | 1.356257e-05 | 3.980698e-03 | 45
2021_30 | 1990 | 0 | 2.969313e-13 | 1.089064e-05 | 3.293771e-03 | 45
2021_30 | 1990 | 1 | 5.300281e-20 | 5.644944e-06 | 8.298263e-03 | 45
2021_30 | 1990 | 2 | 7.560721e-18 | 1.027866e-05 | 5.876616e-03 | 45
2021_30 | 2000 | 0 | 4.465345e-19 | 4.688477e-06 | 5.292862e-03 | 45
2021_30 | 2000 | 1 | 2.149611e-12 | 4.235633e-06 | 7.925858e-03 | 45
[KCOR7_INSUFFICIENT_DEATHS] enroll=2021_30, yob=2000, dose=2, quiet_deaths=23.0 -> theta0_applied=0.0
2021_30 | 2000 | 2 | 0.000000e+00 | 2.843009e-05 | 1.082642e-02 | 45
2021_30 | -2 | 0 | 21.4 | 2.014096e-04 | 5.171101e-04 | 45
2021_30 | -2 | 1 | 48.0 | 8.695925e-05 | 1.118078e-03 | 45
2021_30 | -2 | 2 | 8.369990e-20 | 2.623169e-04 | 7.766629e-04 | 45
[Info] Processing sheet: 2022_06
[DEBUG] Filtered to start from enrollment date 02/07/2022: 224420 rows
[DEBUG] Filtered to 211680 rows for ages 1920-2009
[DEBUG] Filtered to doses [0, 1, 2, 3] (max dose 3): 120960 rows
[DEBUG] Aggregated across sexes: 5040 rows
enroll | YoB | dose | theta | k | relRMSE | bins
----------------------------------------------------------------------
2022_06 | 1920 | 0 | 0.8 | 7.823970e-03 | 2.937104e-03 | 40
2022_06 | 1920 | 1 | 2.2 | 8.486839e-03 | 1.402780e-02 | 40
2022_06 | 1920 | 2 | 0.2 | 7.048026e-03 | 3.494949e-03 | 40
2022_06 | 1920 | 3 | 1.922499e-16 | 5.425675e-03 | 2.002791e-03 | 40
2022_06 | 1930 | 0 | 0.7 | 3.444122e-03 | 1.861309e-03 | 40
2022_06 | 1930 | 1 | 1.3 | 5.056023e-03 | 6.960268e-03 | 40
2022_06 | 1930 | 2 | 1.2 | 3.499321e-03 | 1.864165e-03 | 40
2022_06 | 1930 | 3 | 8.201134e-16 | 1.962512e-03 | 1.180663e-03 | 40
2022_06 | 1940 | 0 | 2.5 | 1.319192e-03 | 1.572456e-03 | 40
2022_06 | 1940 | 1 | 4.6 | 2.159268e-03 | 5.063939e-03 | 40
2022_06 | 1940 | 2 | 3.0 | 1.208758e-03 | 1.300398e-03 | 40
2022_06 | 1940 | 3 | 1.218001e-27 | 6.303705e-04 | 1.402938e-03 | 40
2022_06 | 1950 | 0 | 5.3 | 5.217955e-04 | 1.381822e-03 | 40
2022_06 | 1950 | 1 | 1.8 | 7.034259e-04 | 5.678970e-03 | 40
2022_06 | 1950 | 2 | 3.4 | 4.067363e-04 | 1.510372e-03 | 40
2022_06 | 1950 | 3 | 2.706503e-21 | 2.346509e-04 | 1.578122e-03 | 40
2022_06 | 1960 | 0 | 16.2 | 1.915825e-04 | 1.868554e-03 | 40
[KCOR7_DEGENERATE] enroll=2022_06, yob=1960, dose=1, theta0_raw=100.304, relRMSE=0.00672215 -> theta0_applied=0.0
2022_06 | 1960 | 1 | 0.000000e+00 | 7.841816e-04 | 6.722148e-03 | 40
2022_06 | 1960 | 2 | 1.887731e-20 | 1.124517e-04 | 2.222787e-03 | 40
2022_06 | 1960 | 3 | 7.587502e-19 | 8.834012e-05 | 2.149658e-03 | 40
2022_06 | 1970 | 0 | 8.056383e-16 | 5.636958e-05 | 2.631528e-03 | 40
2022_06 | 1970 | 1 | 36.9 | 1.246869e-04 | 1.173621e-02 | 40
2022_06 | 1970 | 2 | 40.2 | 4.139060e-05 | 2.894842e-03 | 40
2022_06 | 1970 | 3 | 1.672905e-15 | 3.362674e-05 | 3.322229e-03 | 40
2022_06 | 1980 | 0 | 20.5 | 2.495423e-05 | 4.005017e-03 | 40
2022_06 | 1980 | 1 | 5.583012e-14 | 4.220204e-05 | 1.420808e-02 | 40
2022_06 | 1980 | 2 | 4.966617e-17 | 1.444224e-05 | 5.021751e-03 | 40
2022_06 | 1980 | 3 | 2.152456e-17 | 1.512925e-05 | 6.865599e-03 | 40
2022_06 | 1990 | 0 | 2.701288e-16 | 1.208247e-05 | 6.414679e-03 | 40
[KCOR7_INSUFFICIENT_DEATHS] enroll=2022_06, yob=1990, dose=1, quiet_deaths=9.0 -> theta0_applied=0.0
2022_06 | 1990 | 1 | 0.000000e+00 | 3.182543e-05 | 2.175046e-02 | 40
2022_06 | 1990 | 2 | 1.591554e-18 | 7.196643e-06 | 7.304149e-03 | 40
[KCOR7_DEGENERATE] enroll=2022_06, yob=1990, dose=3, theta0_raw=663.98, relRMSE=0.0111789 -> theta0_applied=0.0
2022_06 | 1990 | 3 | 0.000000e+00 | 1.488302e-05 | 1.117891e-02 | 40
2022_06 | 2000 | 0 | 16.0 | 5.170762e-06 | 1.052132e-02 | 40
[KCOR7_INSUFFICIENT_DEATHS] enroll=2022_06, yob=2000, dose=1, quiet_deaths=5.0 -> theta0_applied=0.0
2022_06 | 2000 | 1 | 0.000000e+00 | 6.026856e-06 | 5.703346e-02 | 40
2022_06 | 2000 | 2 | 5.611659e-11 | 4.228169e-06 | 9.039729e-03 | 40
[KCOR7_INSUFFICIENT_DEATHS] enroll=2022_06, yob=2000, dose=3, quiet_deaths=22.0 -> theta0_applied=0.0
2022_06 | 2000 | 3 | 0.000000e+00 | 6.263180e-06 | 1.720524e-02 | 40
2022_06 | -2 | 0 | 24.4 | 2.064698e-04 | 1.168636e-03 | 40
2022_06 | -2 | 1 | 38.7 | 3.322959e-04 | 3.032420e-03 | 40
2022_06 | -2 | 2 | 29.0 | 1.429996e-04 | 7.775199e-04 | 40
2022_06 | -2 | 3 | 8.809103e-15 | 2.847189e-04 | 1.050935e-03 | 40
[Info] Processing sheet: 2022_26
[DEBUG] Filtered to start from enrollment date 06/27/2022: 192360 rows
[DEBUG] Filtered to 181440 rows for ages 1920-2009
[DEBUG] Filtered to doses [0, 1, 2, 3] (max dose 3): 103680 rows
[DEBUG] Aggregated across sexes: 4320 rows
enroll | YoB | dose | theta | k | relRMSE | bins
----------------------------------------------------------------------
2022_26 | 1920 | 0 | 22.8 | 4.900546e-02 | 6.131813e-03 | 36
[KCOR7_INSUFFICIENT_DEATHS] enroll=2022_26, yob=1920, dose=1, quiet_deaths=24.0 -> theta0_applied=0.0
2022_26 | 1920 | 1 | 0.000000e+00 | 4.739598e-03 | 3.482048e-02 | 36
2022_26 | 1920 | 2 | 0.6 | 7.968539e-03 | 8.303509e-03 | 36
2022_26 | 1920 | 3 | 0.7 | 6.580835e-03 | 3.897051e-03 | 36
2022_26 | 1930 | 0 | 5.0 | 5.364246e-03 | 3.912249e-03 | 36
2022_26 | 1930 | 1 | 15.3 | 1.503808e-02 | 1.380501e-02 | 36
2022_26 | 1930 | 2 | 2.8 | 3.950292e-03 | 4.515716e-03 | 36
2022_26 | 1930 | 3 | 2.8 | 2.567832e-03 | 1.829846e-03 | 36
2022_26 | 1940 | 0 | 10.2 | 1.741429e-03 | 3.320569e-03 | 36
2022_26 | 1940 | 1 | 20.3 | 3.821377e-03 | 1.510772e-02 | 36
2022_26 | 1940 | 2 | 3.9 | 1.215125e-03 | 2.710638e-03 | 36
2022_26 | 1940 | 3 | 9.1 | 8.362914e-04 | 1.764226e-03 | 36
2022_26 | 1950 | 0 | 12.2 | 5.659890e-04 | 3.124715e-03 | 36
[KCOR7_DEGENERATE] enroll=2022_26, yob=1950, dose=1, theta0_raw=6.56176e+06, relRMSE=0.0194426 -> theta0_applied=0.0
2022_26 | 1950 | 1 | 0.000000e+00 | 1.720465e+02 | 1.944260e-02 | 36
2022_26 | 1950 | 2 | 5.7 | 4.352905e-04 | 3.203019e-03 | 36
2022_26 | 1950 | 3 | 7.0 | 2.608810e-04 | 2.865786e-03 | 36
2022_26 | 1960 | 0 | 49.8 | 2.272966e-04 | 3.888115e-03 | 36
2022_26 | 1960 | 1 | 4.832506e-19 | 2.586185e-04 | 1.875953e-02 | 36
2022_26 | 1960 | 2 | 13.0 | 1.253094e-04 | 5.060465e-03 | 36
2022_26 | 1960 | 3 | 27.4 | 1.018089e-04 | 3.256690e-03 | 36
[KCOR7_DEGENERATE] enroll=2022_26, yob=1970, dose=0, theta0_raw=158.283, relRMSE=0.00488463 -> theta0_applied=0.0
2022_26 | 1970 | 0 | 0.000000e+00 | 8.302056e-05 | 4.884634e-03 | 36
[KCOR7_DEGENERATE] enroll=2022_26, yob=1970, dose=1, theta0_raw=153.442, relRMSE=0.0280192 -> theta0_applied=0.0
2022_26 | 1970 | 1 | 0.000000e+00 | 1.782778e-04 | 2.801925e-02 | 36
2022_26 | 1970 | 2 | 5.662542e-17 | 3.874325e-05 | 6.321750e-03 | 36
2022_26 | 1970 | 3 | 6.385958e-15 | 3.450504e-05 | 5.554147e-03 | 36
2022_26 | 1980 | 0 | 1.926842e-14 | 2.379024e-05 | 8.634490e-03 | 36
[KCOR7_INSUFFICIENT_DEATHS] enroll=2022_26, yob=1980, dose=1, quiet_deaths=26.0 -> theta0_applied=0.0
2022_26 | 1980 | 1 | 0.000000e+00 | 1.184883e-04 | 2.937180e-02 | 36
2022_26 | 1980 | 2 | 1.068131e-16 | 1.510312e-05 | 8.934842e-03 | 36
2022_26 | 1980 | 3 | 0.8 | 1.543424e-05 | 1.163116e-02 | 36
2022_26 | 1990 | 0 | 8.164596e-14 | 1.221700e-05 | 1.368860e-02 | 36
[KCOR7_INSUFFICIENT_DEATHS] enroll=2022_26, yob=1990, dose=1, quiet_deaths=6.0 -> theta0_applied=0.0
2022_26 | 1990 | 1 | 0.000000e+00 | 1.159178e-05 | 6.211300e-02 | 36
[KCOR7_DEGENERATE] enroll=2022_26, yob=1990, dose=2, theta0_raw=270.437, relRMSE=0.0154014 -> theta0_applied=0.0
2022_26 | 1990 | 2 | 0.000000e+00 | 8.182055e-06 | 1.540143e-02 | 36
[KCOR7_DEGENERATE] enroll=2022_26, yob=1990, dose=3, theta0_raw=12711.7, relRMSE=0.0181882 -> theta0_applied=0.0
2022_26 | 1990 | 3 | 0.000000e+00 | 6.510094e-05 | 1.818824e-02 | 36
2022_26 | 2000 | 0 | 2.077492e-15 | 5.197293e-06 | 2.274422e-02 | 36
[KCOR7_INSUFFICIENT_DEATHS] enroll=2022_26, yob=2000, dose=1, quiet_deaths=4.0 -> theta0_applied=0.0
2022_26 | 2000 | 1 | 0.000000e+00 | 8.621284e-06 | 9.820928e-02 | 36
2022_26 | 2000 | 2 | 2.122022e-11 | 4.226048e-06 | 2.044565e-02 | 36
[KCOR7_INSUFFICIENT_DEATHS] enroll=2022_26, yob=2000, dose=3, quiet_deaths=29.0 -> theta0_applied=0.0
2022_26 | 2000 | 3 | 0.000000e+00 | 5.276951e-06 | 3.021413e-02 | 36
2022_26 | -2 | 0 | 95.6 | 2.875051e-04 | 2.249298e-03 | 36
[KCOR7_DEGENERATE] enroll=2022_26, yob=-2, dose=1, theta0_raw=1975.91, relRMSE=0.00792939 -> theta0_applied=0.0
2022_26 | -2 | 1 | 0.000000e+00 | 5.188591e-03 | 7.929392e-03 | 36
2022_26 | -2 | 2 | 44.5 | 1.471675e-04 | 1.675581e-03 | 36
2022_26 | -2 | 3 | 21.8 | 3.517319e-04 | 1.354404e-03 | 36
[Info] Processing sheet: 2022_47
[DEBUG] Filtered to start from enrollment date 11/21/2022: 158697 rows
[DEBUG] Filtered to 149688 rows for ages 1920-2009
[DEBUG] Filtered to doses [0, 1, 2, 3, 4] (max dose 4): 106920 rows
[DEBUG] Aggregated across sexes: 4455 rows
enroll | YoB | dose | theta | k | relRMSE | bins
----------------------------------------------------------------------
2022_47 | 1920 | 0 | 5.1 | 1.056234e-02 | 5.957052e-03 | 36
2022_47 | 1920 | 1 | 4.158079e-23 | 6.024276e-03 | 2.624723e-02 | 36
2022_47 | 1920 | 2 | 0.6 | 7.201005e-03 | 1.005976e-02 | 36
2022_47 | 1920 | 3 | 0.8 | 6.350435e-03 | 4.711546e-03 | 36
2022_47 | 1920 | 4 | 0.4 | 5.932476e-03 | 6.885939e-03 | 36
2022_47 | 1930 | 0 | 3.9 | 3.952505e-03 | 3.833436e-03 | 36
2022_47 | 1930 | 1 | 1.6 | 4.534568e-03 | 1.447508e-02 | 36
2022_47 | 1930 | 2 | 1.6 | 3.077313e-03 | 4.512726e-03 | 36
2022_47 | 1930 | 3 | 3.1 | 2.521594e-03 | 2.291814e-03 | 36
2022_47 | 1930 | 4 | 1.6 | 2.037164e-03 | 2.763563e-03 | 36
2022_47 | 1940 | 0 | 8.2 | 1.358268e-03 | 3.381402e-03 | 36
2022_47 | 1940 | 1 | 12.6 | 2.279401e-03 | 1.401016e-02 | 36
2022_47 | 1940 | 2 | 3.9 | 1.101971e-03 | 3.067181e-03 | 36
2022_47 | 1940 | 3 | 10.3 | 8.318927e-04 | 1.955892e-03 | 36
2022_47 | 1940 | 4 | 1.2 | 5.935770e-04 | 2.715463e-03 | 36
2022_47 | 1950 | 0 | 10.8 | 4.965853e-04 | 3.190283e-03 | 36
[KCOR7_DEGENERATE] enroll=2022_47, yob=1950, dose=1, theta0_raw=370.716, relRMSE=0.0180998 -> theta0_applied=0.0
2022_47 | 1950 | 1 | 0.000000e+00 | 5.707823e-03 | 1.809978e-02 | 36
2022_47 | 1950 | 2 | 8.3 | 4.241086e-04 | 3.461948e-03 | 36
2022_47 | 1950 | 3 | 16.7 | 2.736204e-04 | 3.062104e-03 | 36
2022_47 | 1950 | 4 | 2.182563e-18 | 2.412604e-04 | 4.847503e-03 | 36
2022_47 | 1960 | 0 | 44.1 | 1.921831e-04 | 3.861314e-03 | 36
2022_47 | 1960 | 1 | 2.411810e-17 | 2.617037e-04 | 1.684716e-02 | 36
2022_47 | 1960 | 2 | 23.8 | 1.250957e-04 | 5.041797e-03 | 36
2022_47 | 1960 | 3 | 12.8 | 9.155510e-05 | 3.599450e-03 | 36
2022_47 | 1960 | 4 | 42.9 | 1.358806e-04 | 9.970131e-03 | 36
[KCOR7_DEGENERATE] enroll=2022_47, yob=1970, dose=0, theta0_raw=134.61, relRMSE=0.00492336 -> theta0_applied=0.0
2022_47 | 1970 | 0 | 0.000000e+00 | 6.936715e-05 | 4.923355e-03 | 36
[KCOR7_DEGENERATE] enroll=2022_47, yob=1970, dose=1, theta0_raw=167.755, relRMSE=0.0282835 -> theta0_applied=0.0
2022_47 | 1970 | 1 | 0.000000e+00 | 1.421823e-04 | 2.828348e-02 | 36
2022_47 | 1970 | 2 | 32.3 | 4.032781e-05 | 6.733581e-03 | 36
2022_47 | 1970 | 3 | 2.069253e-17 | 3.300427e-05 | 5.515364e-03 | 36
2022_47 | 1970 | 4 | 2.786359e-17 | 5.728363e-05 | 1.700445e-02 | 36
2022_47 | 1980 | 0 | 6.622967e-17 | 2.374055e-05 | 8.785278e-03 | 36
[KCOR7_INSUFFICIENT_DEATHS] enroll=2022_47, yob=1980, dose=1, quiet_deaths=27.0 -> theta0_applied=0.0
2022_47 | 1980 | 1 | 0.000000e+00 | 7.106858e-05 | 2.804366e-02 | 36
2022_47 | 1980 | 2 | 2.179113e-18 | 1.545170e-05 | 9.625321e-03 | 36
2022_47 | 1980 | 3 | 6.189801e-18 | 1.381404e-05 | 1.352944e-02 | 36
2022_47 | 1980 | 4 | 3.182306e-14 | 3.777844e-05 | 3.380957e-02 | 36
2022_47 | 1990 | 0 | 4.176022e-16 | 1.225928e-05 | 1.368861e-02 | 36
[KCOR7_INSUFFICIENT_DEATHS] enroll=2022_47, yob=1990, dose=1, quiet_deaths=6.0 -> theta0_applied=0.0
2022_47 | 1990 | 1 | 0.000000e+00 | 1.163711e-05 | 6.211300e-02 | 36
[KCOR7_DEGENERATE] enroll=2022_47, yob=1990, dose=2, theta0_raw=445.23, relRMSE=0.0155431 -> theta0_applied=0.0
2022_47 | 1990 | 2 | 0.000000e+00 | 8.103680e-06 | 1.554307e-02 | 36
[KCOR7_DEGENERATE] enroll=2022_47, yob=1990, dose=3, theta0_raw=3061.63, relRMSE=0.0169379 -> theta0_applied=0.0
2022_47 | 1990 | 3 | 0.000000e+00 | 1.595376e-05 | 1.693791e-02 | 36
[KCOR7_INSUFFICIENT_DEATHS] enroll=2022_47, yob=1990, dose=4, quiet_deaths=7.0 -> theta0_applied=0.0
2022_47 | 1990 | 4 | 0.000000e+00 | 2.487963e-05 | 6.579332e-02 | 36
2022_47 | 2000 | 0 | 3.339724e-10 | 5.214379e-06 | 2.274422e-02 | 36
[KCOR7_INSUFFICIENT_DEATHS] enroll=2022_47, yob=2000, dose=1, quiet_deaths=4.0 -> theta0_applied=0.0
2022_47 | 2000 | 1 | 0.000000e+00 | 8.946865e-06 | 9.820928e-02 | 36
2022_47 | 2000 | 2 | 8.598342e-13 | 4.106435e-06 | 2.284543e-02 | 36
2022_47 | 2000 | 3 | 3.135001e-15 | 5.031112e-06 | 3.191416e-02 | 36
[KCOR7_INSUFFICIENT_DEATHS] enroll=2022_47, yob=2000, dose=4, quiet_deaths=3.0 -> theta0_applied=0.0
2022_47 | 2000 | 4 | 0.000000e+00 | 2.367088e-05 | 9.212847e-02 | 36
2022_47 | -2 | 0 | 70.3 | 2.056551e-04 | 2.266599e-03 | 36
2022_47 | -2 | 1 | 93.2 | 3.614553e-04 | 8.085285e-03 | 36
2022_47 | -2 | 2 | 43.6 | 1.261104e-04 | 1.649375e-03 | 36
2022_47 | -2 | 3 | 29.1 | 2.728188e-04 | 1.525647e-03 | 36
2022_47 | -2 | 4 | 3.5 | 5.295575e-04 | 1.836639e-03 | 36

================================================================================
KCOR VALUES AT REPORTING DATES - ALL SHEETS
================================================================================

Sheet: 2021_13 — Reporting date: 2022-03-28
============================================================

ASMR Expected-Deaths Weights (for KCOR and KCOR_ns pooling):
  Age -2: weight = 0.627988
  Age 1920: weight = 0.032277
  Age 1930: weight = 0.121176
  Age 1940: weight = 0.114501
  Age 1950: weight = 0.064429
  Age 1960: weight = 0.020991
  Age 1970: weight = 0.009654
  Age 1980: weight = 0.005787
  Age 1990: weight = 0.002952
  Age 2000: weight = 0.000246
  Total weight: 1.000000


Dose combination: 1 vs 0 [2021_13]
--------------------------------------------------
            YoB | KCOR [95% CI] |             KCOR_ns
--------------------------------------------------
  All Ages        |   1.3448 [1.315, 1.375] |  1.3719
  ASMR (direct)   |   1.6818 [1.668, 1.696] |  1.3810
  1920            |   1.0167 [0.932, 1.109] |  1.0298
  1930            |   1.0909 [1.045, 1.139] |  1.0944
  1940            |   1.6244 [1.573, 1.677] |  1.6244
  1950            |   1.6393 [1.514, 1.774] |  1.6393
  1960            |   1.4017 [1.210, 1.624] |  1.4017
  1970            |   2.9826 [2.341, 3.800] |  2.9826
  1980            |   1.0317 [0.676, 1.574] |  1.0317
  1990            |   2.2366 [1.334, 3.751] |  2.2366
  2000            |  12.4845 [5.875, 26.530] | 12.4845

Dose combination: 2 vs 0 [2021_13]
--------------------------------------------------
            YoB | KCOR [95% CI] |             KCOR_ns
--------------------------------------------------
  All Ages        |   1.6128 [1.586, 1.640] |  1.6453
  ASMR (direct)   |   1.8496 [1.837, 1.863] |  1.4945
  1920            |   1.3944 [1.332, 1.460] |  1.4124
  1930            |   1.6287 [1.586, 1.673] |  1.6339
  1940            |   1.6938 [1.629, 1.761] |  1.6938
  1950            |   1.2590 [1.167, 1.359] |  1.2590
  1960            |   1.2665 [1.094, 1.466] |  1.2665
  1970            |   1.1030 [0.868, 1.402] |  1.1030
  1980            |   0.5983 [0.388, 0.924] |  0.5983
  1990            |   1.1881 [0.709, 1.991] |  1.1881
  2000            |   2.2478 [0.315, 16.031] |  2.2478

Dose combination: 2 vs 1 [2021_13]
--------------------------------------------------
            YoB | KCOR [95% CI] |             KCOR_ns
--------------------------------------------------
  All Ages        |   1.1993 [1.169, 1.230] |  1.1993
  ASMR (direct)   |   1.1008 [1.090, 1.112] |  1.0857
  1920            |   1.3715 [1.256, 1.497] |  1.3715
  1930            |   1.4930 [1.429, 1.559] |  1.4930
  1940            |   1.0427 [0.996, 1.091] |  1.0427
  1950            |   0.7681 [0.690, 0.855] |  0.7681
  1960            |   0.9036 [0.737, 1.108] |  0.9036
  1970            |   0.3698 [0.264, 0.518] |  0.3698
  1980            |   0.5799 [0.319, 1.056] |  0.5799
  1990            |   0.8037 [0.393, 1.643] |  0.8037
  2000            |   0.1800 [0.022, 1.463] |  0.1800

Sheet: 2021_20 — Reporting date: 2022-05-16
============================================================

ASMR Expected-Deaths Weights (for KCOR and KCOR_ns pooling):
  Age -2: weight = 0.522743
  Age 1920: weight = 0.045624
  Age 1930: weight = 0.147961
  Age 1940: weight = 0.142304
  Age 1950: weight = 0.087578
  Age 1960: weight = 0.024075
  Age 1970: weight = 0.012120
  Age 1980: weight = 0.005454
  Age 1990: weight = 0.003270
  Age 2000: weight = 0.008871
  Total weight: 1.000000


Dose combination: 1 vs 0 [2021_20]
--------------------------------------------------
            YoB | KCOR [95% CI] |             KCOR_ns
--------------------------------------------------
  All Ages        |   1.2229 [1.199, 1.247] |  1.3242
  ASMR (direct)   |   1.4472 [1.436, 1.459] |  1.2350
  1920            |   0.7434 [0.671, 0.823] |  0.7628
  1930            |   1.0670 [1.014, 1.123] |  1.0897
  1940            |   1.1431 [1.104, 1.183] |  1.2085
  1950            |   1.5650 [1.512, 1.620] |  1.6308
  1960            |   1.4721 [1.384, 1.565] |  1.4838
  1970            |   1.2370 [1.100, 1.391] |  1.2370
  1980            |   1.1701 [0.920, 1.489] |  1.1701
  1990            |   1.0243 [0.621, 1.689] |  1.0243
  2000            |   7.2631 [3.968, 13.294] |  7.2631

Dose combination: 2 vs 0 [2021_20]
--------------------------------------------------
            YoB | KCOR [95% CI] |             KCOR_ns
--------------------------------------------------
  All Ages        |   1.1622 [1.146, 1.179] |  1.2585
  ASMR (direct)   |   1.3707 [1.363, 1.379] |  1.2581
  1920            |   1.0235 [0.979, 1.070] |  1.0502
  1930            |   1.1007 [1.073, 1.130] |  1.1241
  1940            |   1.3372 [1.302, 1.373] |  1.4137
  1950            |   1.1082 [1.053, 1.166] |  1.1548
  1960            |   1.2763 [1.161, 1.403] |  1.2864
  1970            |   1.0407 [0.897, 1.208] |  1.0238
  1980            |   2.7059 [2.116, 3.460] |  2.7059
  1990            |   0.8501 [0.603, 1.198] |  0.8501
  2000            |   6.7260 [3.451, 13.110] |  6.7260

Dose combination: 2 vs 1 [2021_20]
--------------------------------------------------
            YoB | KCOR [95% CI] |             KCOR_ns
--------------------------------------------------
  All Ages        |   0.9504 [0.931, 0.970] |  0.9504
  ASMR (direct)   |   0.9492 [0.941, 0.957] |  1.0254
  1920            |   1.3768 [1.244, 1.524] |  1.3768
  1930            |   1.0316 [0.981, 1.085] |  1.0316
  1940            |   1.1698 [1.129, 1.212] |  1.1698
  1950            |   0.7081 [0.670, 0.748] |  0.7081
  1960            |   0.8670 [0.781, 0.963] |  0.8670
  1970            |   0.8413 [0.702, 1.008] |  0.8276
  1980            |   2.3124 [1.659, 3.223] |  2.3124
  1990            |   2.1574 [1.198, 3.884] |  2.1574
  2000            |   0.9260 [0.384, 2.231] |  0.9260

Sheet: 2021_24 — Reporting date: 2022-06-13
============================================================

ASMR Expected-Deaths Weights (for KCOR and KCOR_ns pooling):
  Age -2: weight = 0.462610
  Age 1920: weight = 0.049778
  Age 1930: weight = 0.169840
  Age 1940: weight = 0.163836
  Age 1950: weight = 0.089431
  Age 1960: weight = 0.034651
  Age 1970: weight = 0.014757
  Age 1980: weight = 0.005040
  Age 1990: weight = 0.003680
  Age 2000: weight = 0.006377
  Total weight: 1.000000


Dose combination: 1 vs 0 [2021_24]
--------------------------------------------------
            YoB | KCOR [95% CI] |             KCOR_ns
--------------------------------------------------
  All Ages        |   0.9838 [0.962, 1.006] |  1.1078
  ASMR (direct)   |   1.1529 [1.142, 1.164] |  1.0141
  1920            |   0.7447 [0.664, 0.835] |  0.7375
  1930            |   0.9365 [0.885, 0.991] |  0.9637
  1940            |   0.9105 [0.871, 0.951] |  0.9922
  1950            |   1.1432 [1.097, 1.191] |  1.2437
  1960            |   1.1449 [1.079, 1.215] |  1.1955
  1970            |   1.2697 [1.161, 1.388] |  1.3019
  1980            |   0.9591 [0.806, 1.142] |  0.9668
  1990            |   3.1828 [2.274, 4.455] |  3.1828
  2000            |   0.5841 [0.300, 1.135] |  0.5841

Dose combination: 2 vs 0 [2021_24]
--------------------------------------------------
            YoB | KCOR [95% CI] |             KCOR_ns
--------------------------------------------------
  All Ages        |   1.0738 [1.059, 1.088] |  1.2090
  ASMR (direct)   |   1.2721 [1.265, 1.279] |  1.1731
  1920            |   0.9499 [0.908, 0.994] |  0.9744
  1930            |   1.0268 [1.001, 1.054] |  1.0565
  1940            |   1.1194 [1.092, 1.147] |  1.2200
  1950            |   1.3549 [1.309, 1.402] |  1.4741
  1960            |   1.0917 [1.019, 1.170] |  1.1399
  1970            |   1.1419 [1.020, 1.279] |  1.1708
  1980            |   1.2967 [1.060, 1.587] |  1.3071
  1990            |   1.9897 [1.453, 2.724] |  1.9897
  2000            |   0.9564 [0.575, 1.590] |  0.9564

Dose combination: 2 vs 1 [2021_24]
--------------------------------------------------
            YoB | KCOR [95% CI] |             KCOR_ns
--------------------------------------------------
  All Ages        |   1.0914 [1.067, 1.116] |  1.0914
  ASMR (direct)   |   1.1034 [1.093, 1.114] |  1.1568
  1920            |   1.2756 [1.139, 1.428] |  1.3212
  1930            |   1.0964 [1.037, 1.159] |  1.0964
  1940            |   1.2295 [1.177, 1.284] |  1.2295
  1950            |   1.1852 [1.133, 1.240] |  1.1852
  1960            |   0.9535 [0.880, 1.033] |  0.9535
  1970            |   0.8993 [0.790, 1.024] |  0.8993
  1980            |   1.3520 [1.055, 1.733] |  1.3520
  1990            |   0.6251 [0.405, 0.964] |  0.6251
  2000            |   1.6375 [0.726, 3.694] |  1.6375

M/P by decades (Dose 2)
--------------------------------------------------
  1920: M/P KCOR = 1.0565
  1930: M/P KCOR = 1.3368
  1940: M/P KCOR = 1.2148
  1950: M/P KCOR = 2.0493
  1960: M/P KCOR = 1.3211
  1970: M/P KCOR = 1.3137
  1980: M/P KCOR = 1.4301
  1990: M/P KCOR = 2.2605
  2000: M/P KCOR = 1.0466

Sheet: 2021_30 — Reporting date: 2022-07-25
============================================================

ASMR Expected-Deaths Weights (for KCOR and KCOR_ns pooling):
  Age -2: weight = 0.366620
  Age 1920: weight = 0.057267
  Age 1930: weight = 0.190152
  Age 1940: weight = 0.199059
  Age 1950: weight = 0.117876
  Age 1960: weight = 0.039483
  Age 1970: weight = 0.018566
  Age 1980: weight = 0.005411
  Age 1990: weight = 0.002042
  Age 2000: weight = 0.003526
  Total weight: 1.000000


Dose combination: 1 vs 0 [2021_30]
--------------------------------------------------
            YoB | KCOR [95% CI] |             KCOR_ns
--------------------------------------------------
  All Ages        |   0.7062 [0.682, 0.731] |  0.7305
  ASMR (direct)   |   0.8844 [0.873, 0.895] |  0.6737
  1920            |   0.5559 [0.475, 0.650] |  0.4983
  1930            |   0.7076 [0.655, 0.764] |  0.6172
  1940            |   0.6714 [0.629, 0.717] |  0.6620
  1950            |   0.7004 [0.653, 0.752] |  0.6988
  1960            |   0.9745 [0.873, 1.088] |  1.0509
  1970            |   1.1047 [0.953, 1.280] |  1.1392
  1980            |   1.1702 [0.953, 1.437] |  1.1718
  1990            |   1.0149 [0.742, 1.388] |  1.0149
  2000            |   1.1818 [0.803, 1.738] |  1.1818

Dose combination: 2 vs 0 [2021_30]
--------------------------------------------------
            YoB | KCOR [95% CI] |             KCOR_ns
--------------------------------------------------
  All Ages        |   0.9462 [0.934, 0.958] |  1.0675
  ASMR (direct)   |   1.1333 [1.127, 1.140] |  1.0082
  1920            |   0.8506 [0.813, 0.890] |  0.8840
  1930            |   0.8899 [0.867, 0.913] |  0.8980
  1940            |   0.9589 [0.936, 0.982] |  1.0495
  1950            |   0.9841 [0.954, 1.015] |  1.0742
  1960            |   1.2968 [1.234, 1.363] |  1.3984
  1970            |   1.1465 [1.061, 1.239] |  1.1823
  1980            |   1.6411 [1.425, 1.890] |  1.6572
  1990            |   1.1265 [0.886, 1.433] |  1.1265
  2000            |   0.2626 [0.157, 0.440] |  0.2626

Dose combination: 2 vs 1 [2021_30]
--------------------------------------------------
            YoB | KCOR [95% CI] |             KCOR_ns
--------------------------------------------------
  All Ages        |   1.3398 [1.294, 1.387] |  1.4614
  ASMR (direct)   |   1.2815 [1.266, 1.297] |  1.4965
  1920            |   1.5301 [1.310, 1.787] |  1.7741
  1930            |   1.2577 [1.166, 1.357] |  1.4549
  1940            |   1.4282 [1.338, 1.524] |  1.5854
  1950            |   1.4051 [1.309, 1.508] |  1.5373
  1960            |   1.3307 [1.189, 1.489] |  1.3307
  1970            |   1.0379 [0.890, 1.210] |  1.0379
  1980            |   1.4024 [1.119, 1.758] |  1.4142
  1990            |   1.1100 [0.777, 1.585] |  1.1100
  2000            |   0.2222 [0.121, 0.408] |  0.2222

Sheet: 2022_06 — Reporting date: 2023-02-06
============================================================

ASMR Expected-Deaths Weights (for KCOR and KCOR_ns pooling):
  Age -2: weight = 0.382660
  Age 1920: weight = 0.035477
  Age 1930: weight = 0.154902
  Age 1940: weight = 0.240856
  Age 1950: weight = 0.113921
  Age 1960: weight = 0.041204
  Age 1970: weight = 0.022627
  Age 1980: weight = 0.004802
  Age 1990: weight = 0.002351
  Age 2000: weight = 0.001200
  Total weight: 1.000000


Dose combination: 1 vs 0 [2022_06]
--------------------------------------------------
            YoB | KCOR [95% CI] |             KCOR_ns
--------------------------------------------------
  All Ages        |   1.0982 [1.048, 1.151] |  0.9590
  ASMR (direct)   |   1.2004 [1.178, 1.224] |  0.9520
  1920            |   1.3470 [1.100, 1.649] |  1.1616
  1930            |   1.2002 [1.086, 1.326] |  1.1007
  1940            |   0.9981 [0.907, 1.098] |  0.8754
  1950            |   0.9142 [0.796, 1.050] |  0.9451
  1960            |   0.7417 [0.607, 0.907] |  0.7965
  1970            |   1.0083 [0.805, 1.263] |  0.9082
  1980            |   1.0653 [0.747, 1.520] |  1.0792
  1990            |   1.2431 [0.726, 2.128] |  1.2431
  2000            |   0.3135 [0.100, 0.986] |  0.3143

Dose combination: 2 vs 0 [2022_06]
--------------------------------------------------
            YoB | KCOR [95% CI] |             KCOR_ns
--------------------------------------------------
  All Ages        |   1.0773 [1.057, 1.098] |  1.1040
  ASMR (direct)   |   1.1351 [1.126, 1.144] |  1.1010
  1920            |   0.8668 [0.804, 0.935] |  0.9707
  1930            |   1.1040 [1.061, 1.149] |  1.0633
  1940            |   1.1134 [1.073, 1.156] |  1.1100
  1950            |   1.1452 [1.095, 1.198] |  1.1860
  1960            |   0.8972 [0.841, 0.957] |  0.9636
  1970            |   1.3185 [1.208, 1.439] |  1.2703
  1980            |   1.1061 [0.957, 1.279] |  1.1205
  1990            |   1.9621 [1.591, 2.420] |  1.9621
  2000            |   1.3586 [1.032, 1.788] |  1.3618

Dose combination: 3 vs 2 [2022_06]
--------------------------------------------------
            YoB | KCOR [95% CI] |             KCOR_ns
--------------------------------------------------
  All Ages        |   1.3334 [1.310, 1.357] |  1.4675
  ASMR (direct)   |   1.4125 [1.402, 1.423] |  1.4866
  1920            |   1.4047 [1.306, 1.511] |  1.4519
  1930            |   1.3472 [1.302, 1.393] |  1.4843
  1940            |   1.4608 [1.415, 1.508] |  1.5886
  1950            |   1.4334 [1.376, 1.493] |  1.4830
  1960            |   1.2913 [1.208, 1.380] |  1.2913
  1970            |   1.1522 [1.049, 1.266] |  1.1959
  1980            |   1.1443 [0.958, 1.367] |  1.1443
  1990            |   0.6445 [0.494, 0.842] |  0.6445
  2000            |   0.8366 [0.538, 1.301] |  0.8366

Dose combination: 3 vs 0 [2022_06]
--------------------------------------------------
            YoB | KCOR [95% CI] |             KCOR_ns
--------------------------------------------------
  All Ages        |   1.4364 [1.414, 1.459] |  1.6200
  ASMR (direct)   |   1.6033 [1.593, 1.614] |  1.6368
  1920            |   1.2177 [1.157, 1.282] |  1.4093
  1930            |   1.4873 [1.442, 1.534] |  1.5783
  1940            |   1.6264 [1.578, 1.676] |  1.7635
  1950            |   1.6416 [1.581, 1.704] |  1.7588
  1960            |   1.1586 [1.093, 1.228] |  1.2443
  1970            |   1.5192 [1.387, 1.663] |  1.5192
  1980            |   1.2658 [1.081, 1.481] |  1.2822
  1990            |   1.2647 [0.981, 1.631] |  1.2647
  2000            |   1.1366 [0.739, 1.749] |  1.1393

M/P by decades (Dose 3)
--------------------------------------------------
  1920: M/P KCOR = 1.0787
  1930: M/P KCOR = 1.1831
  1940: M/P KCOR = 1.2520
  1950: M/P KCOR = 1.1587
  1960: M/P KCOR = 1.0970
  1970: M/P KCOR = 1.2468
  1980: M/P KCOR = 1.0107
  1990: M/P KCOR = 0.7294
  2000: M/P KCOR = 1.5851

Sheet: 2022_26 — Reporting date: 2023-06-26
============================================================

ASMR Expected-Deaths Weights (for KCOR and KCOR_ns pooling):
  Age -2: weight = 0.397441
  Age 1920: weight = 0.038260
  Age 1930: weight = 0.156855
  Age 1940: weight = 0.190828
  Age 1950: weight = 0.136955
  Age 1960: weight = 0.038785
  Age 1970: weight = 0.025438
  Age 1980: weight = 0.006108
  Age 1990: weight = 0.007352
  Age 2000: weight = 0.001977
  Total weight: 1.000000


Dose combination: 1 vs 0 [2022_26]
--------------------------------------------------
            YoB | KCOR [95% CI] |             KCOR_ns
--------------------------------------------------
  All Ages        |   0.5924 [0.550, 0.638] |  0.9284
  ASMR (direct)   |   0.8122 [0.789, 0.836] |  0.9280
  1920            |   0.0016 [0.001, 0.002] |  0.5600
  1930            |   5.4565 [5.323, 5.593] |  1.1668
  1940            |   2.4037 [2.285, 2.528] |  1.2161
  1950            |   0.4406 [0.369, 0.525] |  0.5119
  1960            |   0.9642 [0.774, 1.201] |  1.1956
  1970            |   1.0605 [0.804, 1.399] |  1.0605
  1980            |   3.1946 [2.246, 4.544] |  3.1946
  1990            |   0.3274 [0.148, 0.726] |  0.3274
  2000            |   1.0288 [0.379, 2.794] |  1.0288

Dose combination: 2 vs 0 [2022_26]
--------------------------------------------------
            YoB | KCOR [95% CI] |             KCOR_ns
--------------------------------------------------
  All Ages        |   0.7611 [0.748, 0.774] |  1.0365
  ASMR (direct)   |   0.4093 [0.406, 0.412] |  1.0311
  1920            |   0.0033 [0.003, 0.004] |  1.0423
  1930            |   0.8141 [0.787, 0.842] |  1.0073
  1940            |   0.8772 [0.847, 0.909] |  1.0841
  1950            |   0.8934 [0.854, 0.934] |  0.9796
  1960            |   0.7971 [0.749, 0.848] |  0.9529
  1970            |   1.2867 [1.173, 1.411] |  1.2867
  1980            |   1.0552 [0.909, 1.225] |  1.0552
  1990            |   0.7525 [0.611, 0.927] |  0.7525
  2000            |   1.2225 [0.912, 1.639] |  1.2225

Dose combination: 3 vs 2 [2022_26]
--------------------------------------------------
            YoB | KCOR [95% CI] |             KCOR_ns
--------------------------------------------------
  All Ages        |   1.0875 [1.069, 1.106] |  1.0757
  ASMR (direct)   |   1.1589 [1.151, 1.167] |  1.0677
  1920            |   0.8791 [0.817, 0.946] |  0.8881
  1930            |   1.0160 [0.985, 1.048] |  1.0955
  1940            |   1.1637 [1.127, 1.202] |  1.1168
  1950            |   0.9960 [0.956, 1.038] |  1.0128
  1960            |   1.2042 [1.130, 1.284] |  1.1794
  1970            |   0.8530 [0.777, 0.937] |  0.8530
  1980            |   1.1651 [0.984, 1.380] |  1.1648
  1990            |   1.5029 [1.178, 1.917] |  1.5029
  2000            |   1.3696 [0.899, 2.087] |  1.3696

Dose combination: 3 vs 0 [2022_26]
--------------------------------------------------
            YoB | KCOR [95% CI] |             KCOR_ns
--------------------------------------------------
  All Ages        |   0.8277 [0.818, 0.837] |  1.1149
  ASMR (direct)   |   0.4744 [0.472, 0.477] |  1.1010
  1920            |   0.0029 [0.003, 0.003] |  0.9256
  1930            |   0.8271 [0.809, 0.846] |  1.1035
  1940            |   1.0208 [0.997, 1.046] |  1.2107
  1950            |   0.8898 [0.859, 0.921] |  0.9921
  1960            |   0.9599 [0.912, 1.010] |  1.1238
  1970            |   1.0975 [1.006, 1.197] |  1.0975
  1980            |   1.2294 [1.059, 1.427] |  1.2291
  1990            |   1.1309 [0.904, 1.415] |  1.1309
  2000            |   1.6744 [1.112, 2.522] |  1.6744

Sheet: 2022_47 — Reporting date: 2023-11-20
============================================================

ASMR Expected-Deaths Weights (for KCOR and KCOR_ns pooling):
  Age -2: weight = 0.463456
  Age 1920: weight = 0.032115
  Age 1930: weight = 0.147531
  Age 1940: weight = 0.178342
  Age 1950: weight = 0.094936
  Age 1960: weight = 0.043167
  Age 1970: weight = 0.022872
  Age 1980: weight = 0.009360
  Age 1990: weight = 0.006852
  Age 2000: weight = 0.001370
  Total weight: 1.000000


Dose combination: 1 vs 0 [2022_47]
--------------------------------------------------
            YoB | KCOR [95% CI] |             KCOR_ns
--------------------------------------------------
  All Ages        |   1.3118 [1.259, 1.367] |  0.9786
  ASMR (direct)   |   1.1435 [1.116, 1.172] |  1.0010
  1920            |   1.3418 [0.974, 1.848] |  2.9817
  1930            |   0.8049 [0.710, 0.913] |  0.9208
  1940            |   1.0387 [0.954, 1.131] |  0.7786
  1950            |   0.8678 [0.721, 1.044] |  0.9757
  1960            |   1.6372 [1.288, 2.081] |  1.9515
  1970            |   0.7257 [0.533, 0.988] |  0.7257
  1980            |   1.4276 [0.999, 2.040] |  1.4276
  1990            |   0.8876 [0.438, 1.799] |  0.8876
  2000            |   1.5185 [0.618, 3.731] |  1.5185

Dose combination: 2 vs 0 [2022_47]
--------------------------------------------------
            YoB | KCOR [95% CI] |             KCOR_ns
--------------------------------------------------
  All Ages        |   0.9009 [0.883, 0.919] |  1.0562
  ASMR (direct)   |   0.7975 [0.790, 0.805] |  1.0501
  1920            |   0.8520 [0.784, 0.926] |  1.7253
  1930            |   0.8323 [0.796, 0.870] |  0.9994
  1940            |   0.8860 [0.851, 0.922] |  1.0069
  1950            |   1.0286 [0.980, 1.079] |  1.0681
  1960            |   0.8962 [0.841, 0.955] |  0.9992
  1970            |   0.9832 [0.894, 1.081] |  0.9543
  1980            |   1.2930 [1.113, 1.501] |  1.2930
  1990            |   1.1370 [0.905, 1.429] |  1.1370
  2000            |   0.5389 [0.394, 0.737] |  0.5389

Dose combination: 3 vs 0 [2022_47]
--------------------------------------------------
            YoB | KCOR [95% CI] |             KCOR_ns
--------------------------------------------------
  All Ages        |   0.9806 [0.966, 0.995] |  1.0975
  ASMR (direct)   |   0.9303 [0.924, 0.936] |  1.1097
  1920            |   0.5475 [0.522, 0.574] |  1.0892
  1930            |   0.9475 [0.921, 0.975] |  1.0756
  1940            |   1.0704 [1.041, 1.101] |  1.1208
  1950            |   1.0885 [1.048, 1.131] |  1.1053
  1960            |   0.9483 [0.897, 1.002] |  1.1000
  1970            |   1.1041 [1.010, 1.206] |  1.1041
  1980            |   1.3606 [1.164, 1.591] |  1.3606
  1990            |   1.6672 [1.314, 2.116] |  1.6672
  2000            |   0.8259 [0.559, 1.220] |  0.8259

Dose combination: 3 vs 2 [2022_47]
--------------------------------------------------
            YoB | KCOR [95% CI] |             KCOR_ns
--------------------------------------------------
  All Ages        |   1.0885 [1.068, 1.110] |  1.0391
  ASMR (direct)   |   1.1666 [1.156, 1.177] |  1.0567
  1920            |   0.6426 [0.587, 0.703] |  0.6313
  1930            |   1.1385 [1.093, 1.186] |  1.0762
  1940            |   1.2082 [1.166, 1.252] |  1.1132
  1950            |   1.0582 [1.013, 1.105] |  1.0348
  1960            |   1.0581 [0.991, 1.130] |  1.1008
  1970            |   1.1230 [1.020, 1.236] |  1.1569
  1980            |   1.0523 [0.884, 1.252] |  1.0523
  1990            |   1.4663 [1.124, 1.913] |  1.4663
  2000            |   1.5326 [1.015, 2.314] |  1.5326

Dose combination: 4 vs 0 [2022_47]
--------------------------------------------------
            YoB | KCOR [95% CI] |             KCOR_ns
--------------------------------------------------
  All Ages        |   0.9722 [0.953, 0.992] |  1.2307
  ASMR (direct)   |   0.9150 [0.906, 0.925] |  1.3137
  1920            |   0.6577 [0.621, 0.697] |  1.3735
  1930            |   0.9482 [0.916, 0.982] |  1.1801
  1940            |   1.0083 [0.971, 1.048] |  1.2426
  1950            |   1.2271 [1.162, 1.296] |  1.3796
  1960            |   1.4700 [1.339, 1.614] |  1.5433
  1970            |   2.8088 [2.316, 3.406] |  2.8088
  1980            |   0.7242 [0.506, 1.036] |  0.7242
  1990            |   1.1835 [0.576, 2.431] |  1.1835
  2000            |   4.2857 [1.577, 11.651] |  4.2857

Dose combination: 4 vs 2 [2022_47]
--------------------------------------------------
            YoB | KCOR [95% CI] |             KCOR_ns
--------------------------------------------------
  All Ages        |   1.0791 [1.054, 1.105] |  1.1653
  ASMR (direct)   |   1.1468 [1.133, 1.161] |  1.2497
  1920            |   0.7720 [0.701, 0.850] |  0.7960
  1930            |   1.1393 [1.088, 1.192] |  1.1808
  1940            |   1.1381 [1.089, 1.189] |  1.2341
  1950            |   1.1930 [1.126, 1.264] |  1.2916
  1960            |   1.6402 [1.484, 1.813] |  1.5445
  1970            |   2.8569 [2.348, 3.476] |  2.9432
  1980            |   0.5601 [0.389, 0.807] |  0.5601
  1990            |   1.0409 [0.502, 2.159] |  1.0409
  2000            |   5.3897 [1.965, 14.781] |  5.3897

Dose combination: 4 vs 3 [2022_47]
--------------------------------------------------
            YoB | KCOR [95% CI] |             KCOR_ns
--------------------------------------------------
  All Ages        |   0.9914 [0.973, 1.010] |  1.1214
  ASMR (direct)   |   0.9834 [0.974, 0.993] |  1.1835
  1920            |   1.2013 [1.124, 1.284] |  1.2609
  1930            |   1.0007 [0.970, 1.032] |  1.0972
  1940            |   0.9420 [0.911, 0.974] |  1.1087
  1950            |   1.1273 [1.072, 1.185] |  1.2482
  1960            |   1.5501 [1.410, 1.704] |  1.4030
  1970            |   2.5441 [2.097, 3.087] |  2.5441
  1980            |   0.5323 [0.368, 0.770] |  0.5323
  1990            |   0.7099 [0.341, 1.477] |  0.7099
  2000            |   4.7056 [1.671, 13.254] |  4.7056

M/P by decades (Dose 4)
--------------------------------------------------
  1920: M/P KCOR = 0.1950
  1930: M/P KCOR = 2.3212
  1940: M/P KCOR = 0.2830
  1950: M/P KCOR = 5.0974
  1960: M/P KCOR = 1.6793
  1970: M/P KCOR = 1.6815
  1980: M/P KCOR = 1.5134
  1990: M/P KCOR = 1.2180
  2000: M/P KCOR = 0.0000
================================================================================
[MFG] Wrote M/P KCOR: 2021_24 Dose 2 by decades ( 2169 rows)
[MFG] Wrote M/P KCOR: 2022_06 Dose 3 by decades ( 2169 rows)
[MFG] Wrote M/P KCOR: 2022_47 Dose 4 by decades ( 2169 rows)
[Done] Wrote 38507 rows to ../data/Czech/KCOR.xlsx at 2026-03-18 23:44:31
[Summary] Creating summary file: ../data/Czech/KCOR_summary.xlsx
  - 2021_13: 3 dose combinations, 37 summary rows
  - 2021_20: 3 dose combinations, 37 summary rows
  - 2021_24: 3 dose combinations, 37 summary rows
  - 2021_30: 3 dose combinations, 37 summary rows
  - 2022_06: 4 dose combinations, 49 summary rows
  - 2022_26: 4 dose combinations, 49 summary rows
  - 2022_47: 7 dose combinations, 85 summary rows
  - gamma_frailty_fit: 250 diagnostic rows
[Summary] Created summary with 7 enrollment periods
