================================================================================
KCOR v6.0 - Kirsch Cumulative Outcomes Ratio Analysis
================================================================================
Analysis Date: 2026-01-04 22:56:26
Mode: Monte Carlo Analysis (Monte Carlo)
Input File: ../data/Czech/KCOR_CMR_MC.xlsx
Output File: ../data/Czech/KCOR_MC.xlsx
Log File: ../data/Czech/KCOR_MC_summary.log
--------------------------------------------------------------------------------
Configuration Parameters (effective):
  KCOR_NORMALIZATION_WEEKS = 4
  DYNAMIC_HVE_SKIP_WEEKS = 2
  AGE_RANGE             = 10
  YEAR_RANGE            = (1920, 2009)
  ENROLLMENT_DATES      = None
  MC_ENROLLMENT_DATE    = 2021_24
  DEBUG_VERBOSE         = True
  OVERRIDE_DOSE_PAIRS   = None
  OVERRIDE_YOBS         = None
  KCOR_REPORTING_DATE   = {'2021-13': '2022-12-31', '2021_13': '2022-12-31', '2021-20': '2022-12-31', '2021_20': '2022-12-31', '2021_24': '2022-12-31', '2022_06': '2022-12-31', '2022_47': '2023-12-31'}
  NEGATIVE_CONTROL_MODE = 0
  KCOR6_QUIET_WINDOW    = 2023-01..2023-52
  NORMALIZATION_METHOD  = KCOR6 (gamma-frailty inversion)
================================================================================

[INFO] Monte Carlo mode: Found 1 enrollment date sheet(s): ['2021_24']
[DEBUG] Limiting to age range: 1920-2009
[DEBUG] Limiting to enrollment dates: [2021_24] (processing 1 enrollment date sheet(s))
[Info] Processing sheet: 2021_24
[DEBUG] Input data for sheet 2021_24:
  Columns: ['ISOweekDied', 'YearOfBirth', 'Dose', 'DateDied', 'Dead', 'Alive', 'mc_id']
  Rows: 16704
  mc_id column: 16704/16704 non-NaN, unique values: [0, 1, 2, 3]
  mc_id range: 0 to 3
[INFO] Processing 4 Monte Carlo iteration(s): [0, 1, 2, 3]
  Alive column: 16704/16704 non-NaN, 16704/16704 > 0
  Alive range: 2302 to 1316284
  Dead column: 16704/16704 non-NaN, range: 0 to 1174
  ISOweekDied sample: ['2021-24', '2021-24', '2021-24']
[DEBUG] Monte Carlo mode: Filtered to YOB=-2 and 1930-1960: 16704 rows
[DEBUG] Monte Carlo mode: Using enrollment date 06/14/2021 (2021-24) for iteration 2021_24
[DEBUG] Filtered to start from enrollment date: 16704 rows
[DEBUG] Monte Carlo mode: Filtered to doses [0, 1, 2] (max dose 2): 16704 rows
[DEBUG] Sample ISOweekDied values: ['2021-24', '2021-24', '2021-24', '2021-24', '2021-25']
[DEBUG] Sample parsed ISO int values: [202124.0, 202124.0, 202124.0, 202124.0, 202125.0]
[DEBUG] Quiet window: 2023-01 (202301) to 2023-52 (202352)
[DEBUG] Valid ISO int values: 10440/10440
[DEBUG] ISO int range in data: 202124 to 202441
enroll | iter | YoB | dose | theta | k | relRMSE | bins
----------------------------------------------------------------------
2021_24 | 0 | 1930 | 0 | 1.3 | 1.191219e-03 | 1.334055e-02 | 52
2021_24 | 1 | 1930 | 0 | 1.2 | 1.182646e-03 | 1.196556e-02 | 52
2021_24 | 2 | 1930 | 0 | 1.3 | 1.213115e-03 | 1.500385e-02 | 52
2021_24 | 3 | 1930 | 0 | 1.3 | 1.196955e-03 | 1.329059e-02 | 52
2021_24 | 0 | 1930 | 1 | 0.5 | 6.713963e-04 | 1.375339e-02 | 52
2021_24 | 1 | 1930 | 1 | 0.7 | 7.103957e-04 | 1.535517e-02 | 52
2021_24 | 2 | 1930 | 1 | 0.5 | 6.766827e-04 | 2.003274e-02 | 52
2021_24 | 3 | 1930 | 1 | 0.4 | 6.559102e-04 | 2.161263e-02 | 52
2021_24 | 0 | 1930 | 2 | 3.597084e-12 | 4.989945e-04 | 1.387255e-02 | 52
2021_24 | 1 | 1930 | 2 | 7.454548e-14 | 4.964776e-04 | 1.046235e-02 | 52
2021_24 | 2 | 1930 | 2 | 8.893782e-17 | 4.984358e-04 | 1.332832e-02 | 52
2021_24 | 3 | 1930 | 2 | 5.822189e-17 | 4.980437e-04 | 1.275762e-02 | 52
2021_24 | 0 | 1940 | 0 | 4.0 | 4.790124e-04 | 1.318951e-02 | 52
2021_24 | 1 | 1940 | 0 | 3.7 | 4.564692e-04 | 1.417420e-02 | 52
2021_24 | 2 | 1940 | 0 | 4.2 | 4.940451e-04 | 1.293312e-02 | 52
2021_24 | 3 | 1940 | 0 | 4.2 | 4.927840e-04 | 1.376707e-02 | 52
2021_24 | 0 | 1940 | 1 | 2.978843e-17 | 1.959918e-04 | 1.811972e-02 | 52
2021_24 | 1 | 1940 | 1 | 5.501823e-17 | 1.956234e-04 | 2.039513e-02 | 52
2021_24 | 2 | 1940 | 1 | 1.226134e-17 | 1.977534e-04 | 1.583497e-02 | 52
2021_24 | 3 | 1940 | 1 | 3.073883e-16 | 1.904221e-04 | 1.800013e-02 | 52
2021_24 | 0 | 1940 | 2 | 3.276476e-18 | 1.561259e-04 | 1.707595e-02 | 52
2021_24 | 1 | 1940 | 2 | 8.286308e-18 | 1.567495e-04 | 2.046612e-02 | 52
2021_24 | 2 | 1940 | 2 | 3.826072e-18 | 1.573209e-04 | 1.727187e-02 | 52
2021_24 | 3 | 1940 | 2 | 6.346513e-18 | 1.549455e-04 | 1.958325e-02 | 52
2021_24 | 0 | 1950 | 0 | 8.7 | 1.841669e-04 | 9.779183e-03 | 52
2021_24 | 1 | 1950 | 0 | 9.7 | 1.896377e-04 | 1.049141e-02 | 52
2021_24 | 2 | 1950 | 0 | 9.2 | 1.902349e-04 | 5.851694e-03 | 52
2021_24 | 3 | 1950 | 0 | 8.7 | 1.851240e-04 | 1.218360e-02 | 52
2021_24 | 0 | 1950 | 1 | 9.637002e-14 | 5.938119e-05 | 2.420810e-02 | 52
2021_24 | 1 | 1950 | 1 | 5.715355e-19 | 5.896747e-05 | 2.752972e-02 | 52
2021_24 | 2 | 1950 | 1 | 1.912453e-13 | 6.041092e-05 | 2.547881e-02 | 52
2021_24 | 3 | 1950 | 1 | 9.670844e-14 | 5.959426e-05 | 2.541762e-02 | 52
2021_24 | 0 | 1950 | 2 | 6.655607e-15 | 5.922855e-05 | 1.315098e-02 | 52
2021_24 | 1 | 1950 | 2 | 8.287199e-15 | 6.015803e-05 | 1.330769e-02 | 52
2021_24 | 2 | 1950 | 2 | 6.372025e-15 | 5.828613e-05 | 1.383861e-02 | 52
2021_24 | 3 | 1950 | 2 | 4.513315e-15 | 6.017917e-05 | 1.231475e-02 | 52
2021_24 | 0 | 1960 | 0 | 14.2 | 7.131563e-05 | 7.235699e-03 | 52
2021_24 | 1 | 1960 | 0 | 16.3 | 7.433544e-05 | 1.132240e-02 | 52
2021_24 | 2 | 1960 | 0 | 10.9 | 7.026905e-05 | 5.110833e-03 | 52
2021_24 | 3 | 1960 | 0 | 13.3 | 7.116249e-05 | 1.273576e-02 | 52
2021_24 | 0 | 1960 | 1 | 1.588536e-06 | 2.294423e-05 | 4.319485e-02 | 52
2021_24 | 1 | 1960 | 1 | 2.955007e-07 | 2.221344e-05 | 3.512354e-02 | 52
2021_24 | 2 | 1960 | 1 | 9.317735e-16 | 2.300124e-05 | 5.840317e-02 | 52
2021_24 | 3 | 1960 | 1 | 1.420833e-06 | 2.277445e-05 | 4.231606e-02 | 52
2021_24 | 0 | 1960 | 2 | 2.233278e-09 | 2.962930e-05 | 1.929251e-02 | 52
2021_24 | 1 | 1960 | 2 | 7.151033e-17 | 2.893411e-05 | 1.721827e-02 | 52
2021_24 | 2 | 1960 | 2 | 2.306971e-08 | 2.897974e-05 | 2.623521e-02 | 52
2021_24 | 3 | 1960 | 2 | 5.741427e-08 | 2.954677e-05 | 2.407480e-02 | 52
2021_24 | 0 | -2 | 0 | 6.7 | 1.176361e-03 | 1.098124e-02 | 52
2021_24 | 1 | -2 | 0 | 6.7 | 1.175694e-03 | 1.103335e-02 | 52
2021_24 | 2 | -2 | 0 | 6.8 | 1.183566e-03 | 9.853869e-03 | 52
2021_24 | 3 | -2 | 0 | 6.7 | 1.180259e-03 | 1.167130e-02 | 52
2021_24 | 0 | -2 | 1 | 3.242236e-15 | 2.824362e-04 | 1.534570e-02 | 52
2021_24 | 1 | -2 | 1 | 7.417605e-15 | 2.817112e-04 | 1.512604e-02 | 52
2021_24 | 2 | -2 | 1 | 3.597825e-14 | 2.843670e-04 | 1.737579e-02 | 52
2021_24 | 3 | -2 | 1 | 6.403313e-15 | 2.800136e-04 | 1.523991e-02 | 52
2021_24 | 0 | -2 | 2 | 2.004459e-12 | 6.044817e-04 | 1.016839e-02 | 52
2021_24 | 1 | -2 | 2 | 1.763864e-13 | 6.067839e-04 | 9.037327e-03 | 52
2021_24 | 2 | -2 | 2 | 8.244627e-13 | 6.033891e-04 | 1.054908e-02 | 52
2021_24 | 3 | -2 | 2 | 1.975114e-12 | 6.048195e-04 | 1.030401e-02 | 52
[MC] Wrote iteration 2021_24 to sheet '2021_24' (12540 rows)
[MC] Wrote Monte Carlo output to ../data/Czech/KCOR_MC.xlsx
[MC Summary] Creating summary with 60 data points

================================================================================
MONTE CARLO SUMMARY - KCOR VALUES AT REPORTING DATE (2021_24)
================================================================================

Dose combination: 1 vs 0 - All Ages
------------------------------------------------------------
   Iteration         KCOR
-------------------------
           0       0.9483
           1       0.9354
           2       0.9080
           3       0.9658

Dose combination: 1 vs 0 - Year 1930
------------------------------------------------------------
   Iteration         KCOR
-------------------------
           0       0.8192
           1       0.7786
           2       0.8401
           3       0.8202

Dose combination: 1 vs 0 - Year 1940
------------------------------------------------------------
   Iteration         KCOR
-------------------------
           0       0.8716
           1       0.9585
           2       0.8444
           3       0.9226

Dose combination: 1 vs 0 - Year 1950
------------------------------------------------------------
   Iteration         KCOR
-------------------------
           0       1.1402
           1       1.0499
           2       1.0512
           3       1.1549

Dose combination: 1 vs 0 - Year 1960
------------------------------------------------------------
   Iteration         KCOR
-------------------------
           0       1.3071
           1       1.2800
           2       1.0617
           3       1.2134

Dose combination: 2 vs 0 - All Ages
------------------------------------------------------------
   Iteration         KCOR
-------------------------
           0       1.0825
           1       1.0774
           2       1.1250
           3       1.1133

Dose combination: 2 vs 0 - Year 1930
------------------------------------------------------------
   Iteration         KCOR
-------------------------
           0       0.9906
           1       1.0113
           2       1.1031
           3       1.0275

Dose combination: 2 vs 0 - Year 1940
------------------------------------------------------------
   Iteration         KCOR
-------------------------
           0       1.0974
           1       1.0924
           2       1.0983
           3       1.1116

Dose combination: 2 vs 0 - Year 1950
------------------------------------------------------------
   Iteration         KCOR
-------------------------
           0       1.3821
           1       1.4339
           2       1.3549
           3       1.3480

Dose combination: 2 vs 0 - Year 1960
------------------------------------------------------------
   Iteration         KCOR
-------------------------
           0       1.0007
           1       1.0087
           2       0.9452
           3       1.1559

Dose combination: 2 vs 1 - All Ages
------------------------------------------------------------
   Iteration         KCOR
-------------------------
           0       1.1414
           1       1.1518
           2       1.2390
           3       1.1527

Dose combination: 2 vs 1 - Year 1930
------------------------------------------------------------
   Iteration         KCOR
-------------------------
           0       1.2093
           1       1.2989
           2       1.3130
           3       1.2528

Dose combination: 2 vs 1 - Year 1940
------------------------------------------------------------
   Iteration         KCOR
-------------------------
           0       1.2590
           1       1.1397
           2       1.3007
           3       1.2048

Dose combination: 2 vs 1 - Year 1950
------------------------------------------------------------
   Iteration         KCOR
-------------------------
           0       1.2121
           1       1.3658
           2       1.2889
           3       1.1672

Dose combination: 2 vs 1 - Year 1960
------------------------------------------------------------
   Iteration         KCOR
-------------------------
           0       0.7656
           1       0.7881
           2       0.8903
           3       0.9526

================================================================================
SUMMARY STATISTICS
================================================================================

Dose combination: 1 vs 0 - All Ages
------------------------------------------------------------
  Iterations: 4
  Mean KCOR:   0.9394
  Median KCOR: 0.9419
  Std Dev:     0.0244
  Min:         0.9080
  Max:         0.9658
  2.5th %ile:  0.9101
  25th %ile:   0.9285
  75th %ile:   0.9527
  97.5th %ile: 0.9645
  95% Range:   [0.9101, 0.9645]

Dose combination: 1 vs 0 - Year 1930
------------------------------------------------------------
  Iterations: 4
  Mean KCOR:   0.8145
  Median KCOR: 0.8197
  Std Dev:     0.0258
  Min:         0.7786
  Max:         0.8401
  2.5th %ile:  0.7816
  25th %ile:   0.8090
  75th %ile:   0.8252
  97.5th %ile: 0.8386
  95% Range:   [0.7816, 0.8386]

Dose combination: 1 vs 0 - Year 1940
------------------------------------------------------------
  Iterations: 4
  Mean KCOR:   0.8993
  Median KCOR: 0.8971
  Std Dev:     0.0511
  Min:         0.8444
  Max:         0.9585
  2.5th %ile:  0.8465
  25th %ile:   0.8648
  75th %ile:   0.9315
  97.5th %ile: 0.9558
  95% Range:   [0.8465, 0.9558]

Dose combination: 1 vs 0 - Year 1950
------------------------------------------------------------
  Iterations: 4
  Mean KCOR:   1.0991
  Median KCOR: 1.0957
  Std Dev:     0.0563
  Min:         1.0499
  Max:         1.1549
  2.5th %ile:  1.0500
  25th %ile:   1.0509
  75th %ile:   1.1439
  97.5th %ile: 1.1538
  95% Range:   [1.0500, 1.1538]

Dose combination: 1 vs 0 - Year 1960
------------------------------------------------------------
  Iterations: 4
  Mean KCOR:   1.2155
  Median KCOR: 1.2467
  Std Dev:     0.1099
  Min:         1.0617
  Max:         1.3071
  2.5th %ile:  1.0731
  25th %ile:   1.1755
  75th %ile:   1.2867
  97.5th %ile: 1.3050
  95% Range:   [1.0731, 1.3050]

Dose combination: 2 vs 0 - All Ages
------------------------------------------------------------
  Iterations: 4
  Mean KCOR:   1.0995
  Median KCOR: 1.0979
  Std Dev:     0.0232
  Min:         1.0774
  Max:         1.1250
  2.5th %ile:  1.0778
  25th %ile:   1.0812
  75th %ile:   1.1163
  97.5th %ile: 1.1241
  95% Range:   [1.0778, 1.1241]

Dose combination: 2 vs 0 - Year 1930
------------------------------------------------------------
  Iterations: 4
  Mean KCOR:   1.0331
  Median KCOR: 1.0194
  Std Dev:     0.0490
  Min:         0.9906
  Max:         1.1031
  2.5th %ile:  0.9922
  25th %ile:   1.0061
  75th %ile:   1.0464
  97.5th %ile: 1.0974
  95% Range:   [0.9922, 1.0974]

Dose combination: 2 vs 0 - Year 1940
------------------------------------------------------------
  Iterations: 4
  Mean KCOR:   1.0999
  Median KCOR: 1.0979
  Std Dev:     0.0082
  Min:         1.0924
  Max:         1.1116
  2.5th %ile:  1.0928
  25th %ile:   1.0962
  75th %ile:   1.1016
  97.5th %ile: 1.1106
  95% Range:   [1.0928, 1.1106]

Dose combination: 2 vs 0 - Year 1950
------------------------------------------------------------
  Iterations: 4
  Mean KCOR:   1.3797
  Median KCOR: 1.3685
  Std Dev:     0.0390
  Min:         1.3480
  Max:         1.4339
  2.5th %ile:  1.3485
  25th %ile:   1.3532
  75th %ile:   1.3951
  97.5th %ile: 1.4300
  95% Range:   [1.3485, 1.4300]

Dose combination: 2 vs 0 - Year 1960
------------------------------------------------------------
  Iterations: 4
  Mean KCOR:   1.0276
  Median KCOR: 1.0047
  Std Dev:     0.0901
  Min:         0.9452
  Max:         1.1559
  2.5th %ile:  0.9493
  25th %ile:   0.9868
  75th %ile:   1.0455
  97.5th %ile: 1.1449
  95% Range:   [0.9493, 1.1449]

Dose combination: 2 vs 1 - All Ages
------------------------------------------------------------
  Iterations: 4
  Mean KCOR:   1.1712
  Median KCOR: 1.1523
  Std Dev:     0.0454
  Min:         1.1414
  Max:         1.2390
  2.5th %ile:  1.1422
  25th %ile:   1.1492
  75th %ile:   1.1743
  97.5th %ile: 1.2325
  95% Range:   [1.1422, 1.2325]

Dose combination: 2 vs 1 - Year 1930
------------------------------------------------------------
  Iterations: 4
  Mean KCOR:   1.2685
  Median KCOR: 1.2759
  Std Dev:     0.0471
  Min:         1.2093
  Max:         1.3130
  2.5th %ile:  1.2125
  25th %ile:   1.2419
  75th %ile:   1.3024
  97.5th %ile: 1.3119
  95% Range:   [1.2125, 1.3119]

Dose combination: 2 vs 1 - Year 1940
------------------------------------------------------------
  Iterations: 4
  Mean KCOR:   1.2261
  Median KCOR: 1.2319
  Std Dev:     0.0696
  Min:         1.1397
  Max:         1.3007
  2.5th %ile:  1.1446
  25th %ile:   1.1886
  75th %ile:   1.2694
  97.5th %ile: 1.2975
  95% Range:   [1.1446, 1.2975]

Dose combination: 2 vs 1 - Year 1950
------------------------------------------------------------
  Iterations: 4
  Mean KCOR:   1.2585
  Median KCOR: 1.2505
  Std Dev:     0.0874
  Min:         1.1672
  Max:         1.3658
  2.5th %ile:  1.1705
  25th %ile:   1.2009
  75th %ile:   1.3081
  97.5th %ile: 1.3600
  95% Range:   [1.1705, 1.3600]

Dose combination: 2 vs 1 - Year 1960
------------------------------------------------------------
  Iterations: 4
  Mean KCOR:   0.8491
  Median KCOR: 0.8392
  Std Dev:     0.0878
  Min:         0.7656
  Max:         0.9526
  2.5th %ile:  0.7673
  25th %ile:   0.7825
  75th %ile:   0.9058
  97.5th %ile: 0.9479
  95% Range:   [0.7673, 0.9479]

================================================================================
[Summary] Creating summary file: ../data/Czech/KCOR_summary.xlsx
  - 2021_24: 3 dose combinations, 67 summary rows
[Summary] Created summary with 1 enrollment periods
