================================================================================
KCOR v7.2 - Kirsch Cumulative Outcomes Ratio Analysis
================================================================================
Analysis Date: 2026-03-21 16:42:06
Mode: Primary Analysis
Input File: ../data/Czech/KCOR_CMR.xlsx
Output File: ../data/Czech/KCOR.xlsx
Log File: ../data/Czech/KCOR_summary.log
--------------------------------------------------------------------------------
Configuration Parameters (effective):
  KCOR_NORMALIZATION_WEEKS = 4
  DYNAMIC_HVE_SKIP_WEEKS = 2
  AGE_RANGE             = 10
  YEAR_RANGE            = (1920, 2009)
  ENROLLMENT_DATES      = None
  DEBUG_VERBOSE         = True
  OVERRIDE_DOSE_PAIRS   = None
  OVERRIDE_YOBS         = None
  Reporting date calculation: 1 year from enrollment date
  NEGATIVE_CONTROL_MODE = 0
  THETA_ESTIMATION_WINDOWS = 2023-19..2023-40 (2023 post COVID); 2022-22..2022-25 (post booster); 2021-26..2021-36 (post primary); 2024-11..2024-14 (post 2024)
  THETA_IDENTIFIABILITY = min_quiet_deaths=30, theta0_max=100.0, action=set_zero
  GOMPERTZ_THETA_FIT     = gamma=0.085/yr, k_anchor_weeks=4, gamma_per_week=0.00163462
  COVID_CORRECTION      = 2021-41..2022-12, factor=1.27
  NORMALIZATION_METHOD  = KCOR7 (gamma-frailty inversion)
================================================================================

[INFO] Auto-derived enrollment dates from Excel file: ['2021_13', '2021_20', '2021_24', '2021_30', '2022_06', '2022_26', '2022_47']
[DEBUG] Limiting to age range: 1920-2009
[DEBUG] Limiting to enrollment dates: ['2021_13', '2021_20', '2021_24', '2021_30', '2022_06', '2022_26', '2022_47']
[Info] Processing sheet: 2021_13
[DEBUG] Filtered to start from enrollment date 03/29/2021: 296555 rows
[DEBUG] Filtered to 279720 rows for ages 1920-2009
[DEBUG] Filtered to doses [0, 1, 2] (max dose 2): 119880 rows
[DEBUG] Aggregated across sexes: 4995 rows
enroll | YoB | dose | theta | k | relRMSE | bins
----------------------------------------------------------------------
2021_13 | 1920 | 0 | 0.7 | 7.270640e-03 | 1.773759e-01 | 45
2021_13 | 1920 | 1 | 0.2 | 5.086110e-03 | 3.758201e-01 | 45
2021_13 | 1920 | 2 | 7.037894e-11 | 3.366764e-03 | 2.279406e-01 | 45
2021_13 | 1930 | 0 | 2.1 | 4.064046e-03 | 2.277435e-01 | 45
2021_13 | 1930 | 1 | 0.7 | 1.944638e-03 | 2.158855e-01 | 45
2021_13 | 1930 | 2 | 1.944522e-09 | 1.186191e-03 | 2.321540e-01 | 45
2021_13 | 1940 | 0 | 7.6 | 1.297713e-03 | 2.822231e-01 | 45
2021_13 | 1940 | 1 | 7.564505e-13 | 3.790612e-04 | 1.910809e-01 | 45
2021_13 | 1940 | 2 | 2.766973e-10 | 8.328282e-04 | 1.593114e-01 | 45
2021_13 | 1950 | 0 | 15.8 | 4.074068e-04 | 2.319291e-01 | 45
2021_13 | 1950 | 1 | 6.883115e-08 | 2.119417e-04 | 3.538925e-01 | 45
2021_13 | 1950 | 2 | 8.4 | 3.966506e-04 | 3.106775e-01 | 45
2021_13 | 1960 | 0 | 32.1 | 1.478490e-04 | 1.940525e-01 | 45
2021_13 | 1960 | 1 | 38.5 | 6.890578e-05 | 9.186648e+06 | 45
2021_13 | 1960 | 2 | 2.6 | 6.984826e-05 | 7.880587e-01 | 45
2021_13 | 1970 | 0 | 48.8 | 4.486742e-05 | 1.666368e-01 | 45
2021_13 | 1970 | 1 | 7.172462e-04 | 1.008430e-05 | 6.133358e+06 | 45
2021_13 | 1970 | 2 | 3.520871e-04 | 2.335539e-05 | 1.248536e+07 | 45
[KCOR7_GOMPERTZ_UNIDENTIFIABLE] enroll=2021_13, yob=1980, dose=0
  gamma_per_week/k_hat = 87.75 > theta0_max/52 = 1.92308
  Gompertz model unidentifiable for this cohort — theta0 set to 0
2021_13 | 1980 | 0 | 0.000000e+00 | 1.862909e-05 | 2.410564e-01 | 45
[KCOR7_INSUFFICIENT_DEATHS] enroll=2021_13, yob=1980, dose=1, quiet_deaths=24.0 -> theta0_applied=0.0
2021_13 | 1980 | 1 | 0.000000e+00 | 1.870627e-05 | 1.387648e+07 | 45
2021_13 | 1980 | 2 | 67.6 | 2.674941e-05 | 1.477759e+07 | 45
2021_13 | 1990 | 0 | 0.1 | 7.011039e-06 | 4.285681e-01 | 45
[KCOR7_INSUFFICIENT_DEATHS] enroll=2021_13, yob=1990, dose=1, quiet_deaths=0.0 -> theta0_applied=0.0
2021_13 | 1990 | 1 | 0.000000e+00 | nan | nan | 0
[KCOR7_INSUFFICIENT_DEATHS] enroll=2021_13, yob=1990, dose=2, quiet_deaths=13.0 -> theta0_applied=0.0
2021_13 | 1990 | 2 | 0.000000e+00 | 1.060648e-05 | 1.071826e+07 | 45
2021_13 | 2000 | 0 | 1.861749e-04 | 1.722386e-06 | 5.572348e-01 | 45
[KCOR7_INSUFFICIENT_DEATHS] enroll=2021_13, yob=2000, dose=1, quiet_deaths=0.0 -> theta0_applied=0.0
2021_13 | 2000 | 1 | 0.000000e+00 | nan | nan | 0
[KCOR7_INSUFFICIENT_DEATHS] enroll=2021_13, yob=2000, dose=2, quiet_deaths=0.0 -> theta0_applied=0.0
2021_13 | 2000 | 2 | 0.000000e+00 | nan | nan | 0
2021_13 | -2 | 0 | 41.3 | 2.263468e-04 | 2.038098e-01 | 45
2021_13 | -2 | 1 | 0.4 | 3.962321e-04 | 7.588730e-02 | 45
2021_13 | -2 | 2 | 2.831718e-09 | 6.749213e-04 | 9.958400e-02 | 45
[Info] Processing sheet: 2021_20
[DEBUG] Filtered to start from enrollment date 05/17/2021: 285334 rows
[DEBUG] Filtered to 269136 rows for ages 1920-2009
[DEBUG] Filtered to doses [0, 1, 2] (max dose 2): 115344 rows
[DEBUG] Aggregated across sexes: 4806 rows
enroll | YoB | dose | theta | k | relRMSE | bins
----------------------------------------------------------------------
2021_20 | 1920 | 0 | 0.6 | 6.621601e-03 | 1.788683e-01 | 45
2021_20 | 1920 | 1 | 0.5 | 6.403765e-03 | 8.410777e-01 | 45
2021_20 | 1920 | 2 | 3.622667e-15 | 4.087828e-03 | 1.451971e-01 | 45
2021_20 | 1930 | 0 | 1.4 | 3.487113e-03 | 1.229599e-01 | 45
2021_20 | 1930 | 1 | 9.120106e-11 | 1.860086e-03 | 2.086456e-01 | 45
2021_20 | 1930 | 2 | 1.074466e-11 | 1.397223e-03 | 1.352257e-01 | 45
2021_20 | 1940 | 0 | 4.6 | 1.425193e-03 | 1.143420e-01 | 45
2021_20 | 1940 | 1 | 1.983249e-09 | 4.436062e-04 | 1.285926e-01 | 45
2021_20 | 1940 | 2 | 1.908691e-14 | 4.074636e-04 | 2.304145e-01 | 45
2021_20 | 1950 | 0 | 10.8 | 5.551825e-04 | 1.284202e-01 | 45
2021_20 | 1950 | 1 | 3.375550e-12 | 1.103947e-04 | 3.200445e-01 | 45
2021_20 | 1950 | 2 | 4.9 | 2.955707e-04 | 1.665972e-01 | 45
2021_20 | 1960 | 0 | 21.9 | 1.619770e-04 | 1.296868e-01 | 45
2021_20 | 1960 | 1 | 5.819324e-07 | 4.271602e-05 | 3.352696e-01 | 45
2021_20 | 1960 | 2 | 7.383945e-05 | 6.489135e-05 | 2.326020e-01 | 45
2021_20 | 1970 | 0 | 31.6 | 4.125203e-05 | 1.369286e-01 | 45
2021_20 | 1970 | 1 | 1.294180e-07 | 2.292181e-05 | 4.145689e-01 | 45
2021_20 | 1970 | 2 | 25.5 | 2.870055e-05 | 6.362152e+06 | 45
2021_20 | 1980 | 0 | 63.0 | 1.676402e-05 | 2.527005e-01 | 45
2021_20 | 1980 | 1 | 21.6 | 1.718437e-05 | 8.956682e+06 | 45
2021_20 | 1980 | 2 | 4.663503e-04 | 6.840788e-06 | 3.238832e+06 | 45
2021_20 | 1990 | 0 | 5.945615e-03 | 6.326375e-06 | 3.790478e-01 | 45
[KCOR7_INSUFFICIENT_DEATHS] enroll=2021_20, yob=1990, dose=1, quiet_deaths=0.0 -> theta0_applied=0.0
2021_20 | 1990 | 1 | 0.000000e+00 | nan | nan | 0
[KCOR7_INSUFFICIENT_DEATHS] enroll=2021_20, yob=1990, dose=2, quiet_deaths=27.0 -> theta0_applied=0.0
2021_20 | 1990 | 2 | 0.000000e+00 | 1.644611e-05 | 1.012186e+07 | 45
2021_20 | 2000 | 0 | 8.619766e-04 | 2.729663e-06 | 6.378364e-01 | 45
[KCOR7_INSUFFICIENT_DEATHS] enroll=2021_20, yob=2000, dose=1, quiet_deaths=0.0 -> theta0_applied=0.0
2021_20 | 2000 | 1 | 0.000000e+00 | nan | nan | 0
[KCOR7_INSUFFICIENT_DEATHS] enroll=2021_20, yob=2000, dose=2, quiet_deaths=0.0 -> theta0_applied=0.0
2021_20 | 2000 | 2 | 0.000000e+00 | nan | nan | 0
2021_20 | -2 | 0 | 42.8 | 1.678799e-04 | 8.228406e-02 | 45
2021_20 | -2 | 1 | 1.023548e-08 | 1.361985e-04 | 1.579522e-01 | 45
2021_20 | -2 | 2 | 1.030554e-08 | 4.978846e-04 | 7.285904e-02 | 45
[Info] Processing sheet: 2021_24
[DEBUG] Filtered to start from enrollment date 06/14/2021: 278922 rows
[DEBUG] Filtered to 263088 rows for ages 1920-2009
[DEBUG] Filtered to doses [0, 1, 2] (max dose 2): 112752 rows
[DEBUG] Aggregated across sexes: 4698 rows
enroll | YoB | dose | theta | k | relRMSE | bins
----------------------------------------------------------------------
2021_24 | 1920 | 0 | 0.4 | 6.043309e-03 | 1.907241e-01 | 41
2021_24 | 1920 | 1 | 0.4 | 6.056314e-03 | 1.282258e+09 | 41
2021_24 | 1920 | 2 | 1.331740e-18 | 4.032249e-03 | 1.499200e-01 | 41
2021_24 | 1930 | 0 | 1.3 | 3.375777e-03 | 1.119092e-01 | 41
2021_24 | 1930 | 1 | 0.4 | 2.120233e-03 | 2.301405e-01 | 41
2021_24 | 1930 | 2 | 2.512337e-11 | 1.432501e-03 | 1.345514e-01 | 41
2021_24 | 1940 | 0 | 4.1 | 1.413973e-03 | 8.867418e-02 | 41
2021_24 | 1940 | 1 | 0.3 | 6.485517e-04 | 1.402795e-01 | 41
2021_24 | 1940 | 2 | 3.372988e-13 | 4.187444e-04 | 1.982915e-01 | 41
2021_24 | 1950 | 0 | 9.9 | 5.891447e-04 | 9.795753e-02 | 41
2021_24 | 1950 | 1 | 2.811498e-09 | 1.589840e-04 | 2.185493e-01 | 41
2021_24 | 1950 | 2 | 1.270765e-10 | 1.377921e-04 | 2.718100e-01 | 41
2021_24 | 1960 | 0 | 21.2 | 1.867189e-04 | 1.087059e-01 | 41
2021_24 | 1960 | 1 | 3.911920e-06 | 5.011839e-05 | 2.445519e-01 | 41
2021_24 | 1960 | 2 | 2.655729e-06 | 7.987657e-05 | 1.881253e-01 | 41
2021_24 | 1970 | 0 | 55.2 | 6.429863e-05 | 1.805276e-01 | 41
2021_24 | 1970 | 1 | 3.480241e-08 | 1.573047e-05 | 3.515054e-01 | 41
2021_24 | 1970 | 2 | 2.067717e-04 | 3.274974e-05 | 3.127212e-01 | 41
[KCOR7_GOMPERTZ_UNIDENTIFIABLE] enroll=2021_24, yob=1980, dose=0
  gamma_per_week/k_hat = 67.63 > theta0_max/52 = 1.92308
  Gompertz model unidentifiable for this cohort — theta0 set to 0
2021_24 | 1980 | 0 | 0.000000e+00 | 2.417053e-05 | 2.372673e-01 | 41
2021_24 | 1980 | 1 | 0.0 | 1.008565e-05 | 1.595843e+06 | 41
2021_24 | 1980 | 2 | 6.714342e-04 | 1.743558e-05 | 3.854026e+06 | 41
[KCOR7_GOMPERTZ_UNIDENTIFIABLE] enroll=2021_24, yob=1990, dose=0
  gamma_per_week/k_hat = 189 > theta0_max/52 = 1.92308
  Gompertz model unidentifiable for this cohort — theta0 set to 0
2021_24 | 1990 | 0 | 0.000000e+00 | 8.650050e-06 | 4.823370e-01 | 41
2021_24 | 1990 | 1 | 6.348146e-05 | 1.806287e-06 | 1.212120e+06 | 41
[KCOR7_INSUFFICIENT_DEATHS] enroll=2021_24, yob=1990, dose=2, quiet_deaths=29.0 -> theta0_applied=0.0
2021_24 | 1990 | 2 | 0.000000e+00 | 7.263958e-06 | 6.109010e+06 | 41
2021_24 | 2000 | 0 | 1.606204e-03 | 3.085737e-06 | 7.360921e-01 | 41
[KCOR7_INSUFFICIENT_DEATHS] enroll=2021_24, yob=2000, dose=1, quiet_deaths=9.0 -> theta0_applied=0.0
2021_24 | 2000 | 1 | 0.000000e+00 | 6.496122e-06 | 6.129328e+06 | 41
[KCOR7_INSUFFICIENT_DEATHS] enroll=2021_24, yob=2000, dose=2, quiet_deaths=15.0 -> theta0_applied=0.0
2021_24 | 2000 | 2 | 0.000000e+00 | 2.451822e-05 | 1.932162e+07 | 41
2021_24 | -2 | 0 | 39.7 | 1.824099e-04 | 5.820583e-02 | 41
2021_24 | -2 | 1 | 2.436569e-07 | 8.039418e-05 | 9.324698e-02 | 41
2021_24 | -2 | 2 | 5.444065e-08 | 3.602205e-04 | 8.802345e-02 | 41
[Info] Processing sheet: 2021_30
[DEBUG] Filtered to start from enrollment date 07/26/2021: 269304 rows
[DEBUG] Filtered to 254016 rows for ages 1920-2009
[DEBUG] Filtered to doses [0, 1, 2] (max dose 2): 108864 rows
[DEBUG] Aggregated across sexes: 4536 rows
enroll | YoB | dose | theta | k | relRMSE | bins
----------------------------------------------------------------------
2021_30 | 1920 | 0 | 0.5 | 6.027452e-03 | 2.053043e-01 | 35
2021_30 | 1920 | 1 | 1.4 | 1.082420e-02 | 2.458042e+09 | 35
2021_30 | 1920 | 2 | 2.389853e-16 | 4.489119e-03 | 1.297930e-01 | 35
2021_30 | 1930 | 0 | 0.8 | 2.892121e-03 | 1.090630e-01 | 35
2021_30 | 1930 | 1 | 2.2 | 3.449971e-03 | 4.435336e-01 | 35
2021_30 | 1930 | 2 | 5.716506e-11 | 1.471644e-03 | 1.347525e-01 | 35
2021_30 | 1940 | 0 | 3.7 | 1.375616e-03 | 9.333358e-02 | 35
2021_30 | 1940 | 1 | 5.2 | 1.215530e-03 | 2.927926e-01 | 35
2021_30 | 1940 | 2 | 2.338624e-10 | 4.709061e-04 | 1.398812e-01 | 35
2021_30 | 1950 | 0 | 9.2 | 5.870927e-04 | 1.055554e-01 | 35
2021_30 | 1950 | 1 | 13.0 | 4.793422e-04 | 2.766303e-01 | 35
2021_30 | 1950 | 2 | 9.618239e-07 | 1.788889e-04 | 1.187418e-01 | 35
2021_30 | 1960 | 0 | 26.2 | 2.116091e-04 | 1.295094e-01 | 35
2021_30 | 1960 | 1 | 1.223419e-05 | 1.171729e-04 | 5.354094e-01 | 35
2021_30 | 1960 | 2 | 3.474107e-06 | 5.304585e-05 | 2.612628e-01 | 35
2021_30 | 1970 | 0 | 62.6 | 7.004403e-05 | 2.010048e-01 | 35
2021_30 | 1970 | 1 | 3.755738e-06 | 3.435098e-05 | 4.303222e-01 | 35
2021_30 | 1970 | 2 | 5.295351e-07 | 2.090400e-05 | 2.552812e-01 | 35
[KCOR7_GOMPERTZ_UNIDENTIFIABLE] enroll=2021_30, yob=1980, dose=0
  gamma_per_week/k_hat = 65.66 > theta0_max/52 = 1.92308
  Gompertz model unidentifiable for this cohort — theta0 set to 0
2021_30 | 1980 | 0 | 0.000000e+00 | 2.489343e-05 | 2.324379e-01 | 35
2021_30 | 1980 | 1 | 20.2 | 1.136738e-05 | 3.667498e+06 | 35
2021_30 | 1980 | 2 | 9.718162e-04 | 6.731546e-06 | 6.034011e-01 | 35
[KCOR7_GOMPERTZ_UNIDENTIFIABLE] enroll=2021_30, yob=1990, dose=0
  gamma_per_week/k_hat = 140.7 > theta0_max/52 = 1.92308
  Gompertz model unidentifiable for this cohort — theta0 set to 0
2021_30 | 1990 | 0 | 0.000000e+00 | 1.161899e-05 | 7.001870e-01 | 35
[KCOR7_GOMPERTZ_UNIDENTIFIABLE] enroll=2021_30, yob=1990, dose=1
  gamma_per_week/k_hat = 314.2 > theta0_max/52 = 1.92308
  Gompertz model unidentifiable for this cohort — theta0 set to 0
2021_30 | 1990 | 1 | 0.000000e+00 | 5.202881e-06 | 2.943359e+06 | 35
2021_30 | 1990 | 2 | 76.6 | 8.638786e-06 | 3.541519e+06 | 35
[KCOR7_GOMPERTZ_UNIDENTIFIABLE] enroll=2021_30, yob=2000, dose=0
  gamma_per_week/k_hat = 376.8 > theta0_max/52 = 1.92308
  Gompertz model unidentifiable for this cohort — theta0 set to 0
2021_30 | 2000 | 0 | 0.000000e+00 | 4.338062e-06 | 8.234938e+05 | 35
[KCOR7_INSUFFICIENT_DEATHS] enroll=2021_30, yob=2000, dose=1, quiet_deaths=29.0 -> theta0_applied=0.0
2021_30 | 2000 | 1 | 0.000000e+00 | 2.381792e-06 | 1.732220e+06 | 35
[KCOR7_INSUFFICIENT_DEATHS] enroll=2021_30, yob=2000, dose=2, quiet_deaths=21.0 -> theta0_applied=0.0
2021_30 | 2000 | 2 | 0.000000e+00 | 2.833618e-05 | 6.663094e+06 | 35
2021_30 | -2 | 0 | 33.6 | 1.986853e-04 | 6.005854e-02 | 35
2021_30 | -2 | 1 | 65.5 | 9.013871e-05 | 1.521580e-01 | 35
2021_30 | -2 | 2 | 4.633950e-06 | 2.135524e-04 | 5.254404e-02 | 35
[Info] Processing sheet: 2022_06
[DEBUG] Filtered to start from enrollment date 02/07/2022: 224420 rows
[DEBUG] Filtered to 211680 rows for ages 1920-2009
[DEBUG] Filtered to doses [0, 1, 2, 3] (max dose 3): 120960 rows
[DEBUG] Aggregated across sexes: 5040 rows
enroll | YoB | dose | theta | k | relRMSE | bins
----------------------------------------------------------------------
2022_06 | 1920 | 0 | 1.6 | 1.011287e-02 | 2.599364e-01 | 34
2022_06 | 1920 | 1 | 0.4 | 6.000288e-03 | 3.208034e+09 | 34
2022_06 | 1920 | 2 | 1.0 | 1.006016e-02 | 4.090398e-01 | 34
2022_06 | 1920 | 3 | 0.2 | 5.145433e-03 | 1.379647e-01 | 34
2022_06 | 1930 | 0 | 2.8 | 5.079434e-03 | 1.896608e-01 | 34
2022_06 | 1930 | 1 | 2.4 | 5.784892e-03 | 5.024556e+08 | 34
2022_06 | 1930 | 2 | 2.4 | 4.378428e-03 | 1.743208e-01 | 34
2022_06 | 1930 | 3 | 3.712560e-11 | 1.682788e-03 | 6.249930e-02 | 34
2022_06 | 1940 | 0 | 7.7 | 1.964071e-03 | 1.894814e-01 | 34
2022_06 | 1940 | 1 | 6.3 | 3.122601e-03 | 7.830208e-01 | 34
2022_06 | 1940 | 2 | 6.6 | 1.507423e-03 | 1.260024e-01 | 34
2022_06 | 1940 | 3 | 1.793694e-11 | 4.787436e-04 | 1.331494e-01 | 34
2022_06 | 1950 | 0 | 17.4 | 7.574214e-04 | 1.705868e-01 | 34
2022_06 | 1950 | 1 | 14.1 | 1.236676e-03 | 1.462250e+08 | 34
2022_06 | 1950 | 2 | 14.1 | 4.892643e-04 | 1.411963e-01 | 34
2022_06 | 1950 | 3 | 1.870316e-08 | 1.740785e-04 | 1.428400e-01 | 34
2022_06 | 1960 | 0 | 31.0 | 2.027847e-04 | 1.574669e-01 | 34
2022_06 | 1960 | 1 | 27.5 | 4.192622e-04 | 7.013950e+07 | 34
2022_06 | 1960 | 2 | 33.0 | 1.334379e-04 | 1.975552e-01 | 34
2022_06 | 1960 | 3 | 5.960268e-05 | 7.016577e-05 | 1.542418e-01 | 34
[KCOR7_GOMPERTZ_UNIDENTIFIABLE] enroll=2022_06, yob=1970, dose=0
  gamma_per_week/k_hat = 20.77 > theta0_max/52 = 1.92308
  Gompertz model unidentifiable for this cohort — theta0 set to 0
2022_06 | 1970 | 0 | 0.000000e+00 | 7.868274e-05 | 2.905663e-01 | 34
2022_06 | 1970 | 1 | 78.7 | 1.637495e-04 | 5.806057e+07 | 34
2022_06 | 1970 | 2 | 39.3 | 3.762849e-05 | 2.432711e-01 | 34
2022_06 | 1970 | 3 | 1.163981e-07 | 2.284079e-05 | 2.847995e-01 | 34
[KCOR7_GOMPERTZ_UNIDENTIFIABLE] enroll=2022_06, yob=1980, dose=0
  gamma_per_week/k_hat = 55.84 > theta0_max/52 = 1.92308
  Gompertz model unidentifiable for this cohort — theta0 set to 0
2022_06 | 1980 | 0 | 0.000000e+00 | 2.927096e-05 | 3.941815e-01 | 34
[KCOR7_INSUFFICIENT_DEATHS] enroll=2022_06, yob=1980, dose=1, quiet_deaths=26.0 -> theta0_applied=0.0
2022_06 | 1980 | 1 | 0.000000e+00 | 3.946849e-05 | 2.627957e+07 | 34
2022_06 | 1980 | 2 | 0.0 | 1.261389e-05 | 3.968700e-01 | 34
2022_06 | 1980 | 3 | 9.494796e-03 | 1.173396e-05 | 5.046967e-01 | 34
[KCOR7_GOMPERTZ_UNIDENTIFIABLE] enroll=2022_06, yob=1990, dose=0
  gamma_per_week/k_hat = 114.8 > theta0_max/52 = 1.92308
  Gompertz model unidentifiable for this cohort — theta0 set to 0
2022_06 | 1990 | 0 | 0.000000e+00 | 1.424048e-05 | 2.051368e+06 | 34
[KCOR7_INSUFFICIENT_DEATHS] enroll=2022_06, yob=1990, dose=1, quiet_deaths=0.0 -> theta0_applied=0.0
2022_06 | 1990 | 1 | 0.000000e+00 | nan | nan | 0
2022_06 | 1990 | 2 | 1.506913e-03 | 4.495827e-06 | 7.748182e+05 | 34
[KCOR7_GOMPERTZ_UNIDENTIFIABLE] enroll=2022_06, yob=1990, dose=3
  gamma_per_week/k_hat = 191.2 > theta0_max/52 = 1.92308
  Gompertz model unidentifiable for this cohort — theta0 set to 0
2022_06 | 1990 | 3 | 0.000000e+00 | 8.550078e-06 | 3.849810e+06 | 34
[KCOR7_GOMPERTZ_UNIDENTIFIABLE] enroll=2022_06, yob=2000, dose=0
  gamma_per_week/k_hat = 257.4 > theta0_max/52 = 1.92308
  Gompertz model unidentifiable for this cohort — theta0 set to 0
2022_06 | 2000 | 0 | 0.000000e+00 | 6.350108e-06 | 2.563578e+06 | 34
[KCOR7_INSUFFICIENT_DEATHS] enroll=2022_06, yob=2000, dose=1, quiet_deaths=6.0 -> theta0_applied=0.0
2022_06 | 2000 | 1 | 0.000000e+00 | 1.205023e-05 | 8.508444e+06 | 34
2022_06 | 2000 | 2 | 2.000285e-03 | 3.131164e-06 | 1.195495e+06 | 34
[KCOR7_INSUFFICIENT_DEATHS] enroll=2022_06, yob=2000, dose=3, quiet_deaths=20.0 -> theta0_applied=0.0
2022_06 | 2000 | 3 | 0.000000e+00 | 5.691520e-06 | 4.625984e+06 | 34
2022_06 | -2 | 0 | 56.3 | 2.887656e-04 | 1.437043e-01 | 34
2022_06 | -2 | 1 | 45.8 | 3.958408e-04 | 3.037369e-01 | 34
2022_06 | -2 | 2 | 58.4 | 1.742259e-04 | 8.888585e-02 | 34
2022_06 | -2 | 3 | 2.392466e-07 | 2.446468e-04 | 3.806045e-02 | 34
[Info] Processing sheet: 2022_26
[DEBUG] Filtered to start from enrollment date 06/27/2022: 192360 rows
[DEBUG] Filtered to 181440 rows for ages 1920-2009
[DEBUG] Filtered to doses [0, 1, 2, 3] (max dose 3): 103680 rows
[DEBUG] Aggregated across sexes: 4320 rows
enroll | YoB | dose | theta | k | relRMSE | bins
----------------------------------------------------------------------
2022_26 | 1920 | 0 | 0.9 | 6.398389e-03 | 2.684612e-01 | 30
[KCOR7_INSUFFICIENT_DEATHS] enroll=2022_26, yob=1920, dose=1, quiet_deaths=20.0 -> theta0_applied=0.0
2022_26 | 1920 | 1 | 0.000000e+00 | 7.246884e-03 | 3.541168e+09 | 30
2022_26 | 1920 | 2 | 0.1 | 6.252768e-03 | 4.138345e-01 | 30
2022_26 | 1920 | 3 | 0.5 | 5.804845e-03 | 1.360572e-01 | 30
2022_26 | 1930 | 0 | 1.7 | 3.355545e-03 | 1.379098e-01 | 30
2022_26 | 1930 | 1 | 0.6 | 3.561948e-03 | 9.076808e+08 | 30
2022_26 | 1930 | 2 | 1.4 | 3.115409e-03 | 1.601452e-01 | 30
2022_26 | 1930 | 3 | 0.3 | 1.863370e-03 | 7.321207e-02 | 30
2022_26 | 1940 | 0 | 5.7 | 1.391855e-03 | 1.317005e-01 | 30
2022_26 | 1940 | 1 | 4.3 | 1.623692e-03 | 3.343529e+08 | 30
2022_26 | 1940 | 2 | 4.1 | 1.158920e-03 | 1.373331e-01 | 30
2022_26 | 1940 | 3 | 1.1 | 6.063142e-04 | 8.441864e-02 | 30
2022_26 | 1950 | 0 | 6.7 | 4.591978e-04 | 1.254519e-01 | 30
2022_26 | 1950 | 1 | 26.4 | 1.514009e-03 | 1.374137e+08 | 30
2022_26 | 1950 | 2 | 6.6 | 3.930844e-04 | 1.168805e-01 | 30
2022_26 | 1950 | 3 | 3.7 | 2.250563e-04 | 7.963560e-02 | 30
2022_26 | 1960 | 0 | 23.7 | 1.720536e-04 | 1.502396e-01 | 30
2022_26 | 1960 | 1 | 6.4 | 2.503338e-04 | 9.157975e+07 | 30
2022_26 | 1960 | 2 | 23.3 | 1.222685e-04 | 1.957646e-01 | 30
2022_26 | 1960 | 3 | 6.787310e-05 | 7.569823e-05 | 1.274160e-01 | 30
2022_26 | 1970 | 0 | 79.0 | 6.526074e-05 | 1.498179e-01 | 30
[KCOR7_INSUFFICIENT_DEATHS] enroll=2022_26, yob=1970, dose=1, quiet_deaths=29.0 -> theta0_applied=0.0
2022_26 | 1970 | 1 | 0.000000e+00 | 1.221001e-04 | 5.753572e+07 | 30
2022_26 | 1970 | 2 | 1.167085e-04 | 3.368228e-05 | 2.414275e-01 | 30
2022_26 | 1970 | 3 | 2.125371e-05 | 3.104431e-05 | 2.081818e-01 | 30
[KCOR7_GOMPERTZ_UNIDENTIFIABLE] enroll=2022_26, yob=1980, dose=0
  gamma_per_week/k_hat = 55.48 > theta0_max/52 = 1.92308
  Gompertz model unidentifiable for this cohort — theta0 set to 0
2022_26 | 1980 | 0 | 0.000000e+00 | 2.946080e-05 | 3.900231e-01 | 30
[KCOR7_INSUFFICIENT_DEATHS] enroll=2022_26, yob=1980, dose=1, quiet_deaths=18.0 -> theta0_applied=0.0
2022_26 | 1980 | 1 | 0.000000e+00 | 1.780056e-05 | 1.310196e+07 | 30
2022_26 | 1980 | 2 | 90.5 | 1.584804e-05 | 3.597202e-01 | 30
2022_26 | 1980 | 3 | 61.7 | 1.357918e-05 | 5.996131e-01 | 30
2022_26 | 1990 | 0 | 4.790443e-03 | 9.365576e-06 | 1.849474e+06 | 30
[KCOR7_INSUFFICIENT_DEATHS] enroll=2022_26, yob=1990, dose=1, quiet_deaths=6.0 -> theta0_applied=0.0
2022_26 | 1990 | 1 | 0.000000e+00 | 3.475118e-05 | 1.376667e+07 | 30
[KCOR7_GOMPERTZ_UNIDENTIFIABLE] enroll=2022_26, yob=1990, dose=2
  gamma_per_week/k_hat = 184.9 > theta0_max/52 = 1.92308
  Gompertz model unidentifiable for this cohort — theta0 set to 0
2022_26 | 1990 | 2 | 0.000000e+00 | 8.838674e-06 | 9.439459e-01 | 30
[KCOR7_GOMPERTZ_UNIDENTIFIABLE] enroll=2022_26, yob=1990, dose=3
  gamma_per_week/k_hat = 245.6 > theta0_max/52 = 1.92308
  Gompertz model unidentifiable for this cohort — theta0 set to 0
2022_26 | 1990 | 3 | 0.000000e+00 | 6.654891e-06 | 2.781345e+06 | 30
[KCOR7_GOMPERTZ_UNIDENTIFIABLE] enroll=2022_26, yob=2000, dose=0
  gamma_per_week/k_hat = 233 > theta0_max/52 = 1.92308
  Gompertz model unidentifiable for this cohort — theta0 set to 0
2022_26 | 2000 | 0 | 0.000000e+00 | 7.014508e-06 | 2.613152e+06 | 30
[KCOR7_INSUFFICIENT_DEATHS] enroll=2022_26, yob=2000, dose=1, quiet_deaths=0.0 -> theta0_applied=0.0
2022_26 | 2000 | 1 | 0.000000e+00 | nan | nan | 0
[KCOR7_GOMPERTZ_UNIDENTIFIABLE] enroll=2022_26, yob=2000, dose=2
  gamma_per_week/k_hat = 399.2 > theta0_max/52 = 1.92308
  Gompertz model unidentifiable for this cohort — theta0 set to 0
2022_26 | 2000 | 2 | 0.000000e+00 | 4.095220e-06 | 2.044034e+06 | 30
[KCOR7_INSUFFICIENT_DEATHS] enroll=2022_26, yob=2000, dose=3, quiet_deaths=25.0 -> theta0_applied=0.0
2022_26 | 2000 | 3 | 0.000000e+00 | 3.274544e-06 | 2.161119e+06 | 30
2022_26 | -2 | 0 | 39.0 | 1.928545e-04 | 8.518043e-02 | 30
2022_26 | -2 | 1 | 42.6 | 2.903911e-04 | 4.912995e-01 | 30
2022_26 | -2 | 2 | 37.4 | 1.313262e-04 | 6.126993e-02 | 30
2022_26 | -2 | 3 | 6.6 | 2.663385e-04 | 5.146679e-02 | 30
[Info] Processing sheet: 2022_47
[DEBUG] Filtered to start from enrollment date 11/21/2022: 158697 rows
[DEBUG] Filtered to 149688 rows for ages 1920-2009
[DEBUG] Filtered to doses [0, 1, 2, 3, 4] (max dose 4): 106920 rows
[DEBUG] Aggregated across sexes: 4455 rows
enroll | YoB | dose | theta | k | relRMSE | bins
----------------------------------------------------------------------
2022_47 | 1920 | 0 | 2.9 | 9.854026e-03 | 3.187232e-01 | 30
[KCOR7_INSUFFICIENT_DEATHS] enroll=2022_47, yob=1920, dose=1, quiet_deaths=23.0 -> theta0_applied=0.0
2022_47 | 1920 | 1 | 0.000000e+00 | 3.067523e-03 | 2.038462e+09 | 30
2022_47 | 1920 | 2 | 0.3 | 6.579327e-03 | 8.397443e-01 | 30
2022_47 | 1920 | 3 | 2.3 | 9.051709e-03 | 2.738915e-01 | 30
2022_47 | 1920 | 4 | 1.3 | 7.020598e-03 | 2.679819e-01 | 30
2022_47 | 1930 | 0 | 4.6 | 4.519377e-03 | 1.721388e-01 | 30
2022_47 | 1930 | 1 | 3.6 | 6.754020e-03 | 1.048027e+00 | 30
2022_47 | 1930 | 2 | 4.1 | 4.173106e-03 | 2.024235e-01 | 30
2022_47 | 1930 | 3 | 4.6 | 2.988079e-03 | 1.615134e-01 | 30
2022_47 | 1930 | 4 | 3.6 | 2.359767e-03 | 1.516485e-01 | 30
2022_47 | 1940 | 0 | 10.1 | 1.557041e-03 | 1.795800e-01 | 30
2022_47 | 1940 | 1 | 14.8 | 2.910394e-03 | 2.744348e+08 | 30
2022_47 | 1940 | 2 | 10.4 | 1.441845e-03 | 1.622816e-01 | 30
2022_47 | 1940 | 3 | 11.4 | 8.748975e-04 | 1.134267e-01 | 30
2022_47 | 1940 | 4 | 4.6 | 6.510894e-04 | 1.666279e-01 | 30
2022_47 | 1950 | 0 | 23.9 | 6.265361e-04 | 1.602331e-01 | 30
2022_47 | 1950 | 1 | 27.1 | 9.957693e-04 | 1.860583e+08 | 30
2022_47 | 1950 | 2 | 24.1 | 5.181871e-04 | 1.586776e-01 | 30
2022_47 | 1950 | 3 | 34.3 | 3.163504e-04 | 1.392290e-01 | 30
2022_47 | 1950 | 4 | 2.9 | 2.409206e-04 | 1.792039e-01 | 30
2022_47 | 1960 | 0 | 54.2 | 2.037354e-04 | 1.749523e-01 | 30
2022_47 | 1960 | 1 | 5.118942e-13 | 1.671402e-04 | 5.629675e+07 | 30
2022_47 | 1960 | 2 | 67.2 | 1.467133e-04 | 2.494156e-01 | 30
2022_47 | 1960 | 3 | 42.2 | 1.008882e-04 | 1.390305e-01 | 30
2022_47 | 1960 | 4 | 7.263201e-06 | 9.570948e-05 | 4.811836e-01 | 30
[KCOR7_GOMPERTZ_UNIDENTIFIABLE] enroll=2022_47, yob=1970, dose=0
  gamma_per_week/k_hat = 24.07 > theta0_max/52 = 1.92308
  Gompertz model unidentifiable for this cohort — theta0 set to 0
2022_47 | 1970 | 0 | 0.000000e+00 | 6.791913e-05 | 2.105347e-01 | 30
[KCOR7_GOMPERTZ_UNIDENTIFIABLE] enroll=2022_47, yob=1970, dose=1
  gamma_per_week/k_hat = 9.537 > theta0_max/52 = 1.92308
  Gompertz model unidentifiable for this cohort — theta0 set to 0
2022_47 | 1970 | 1 | 0.000000e+00 | 1.713922e-04 | 5.415199e+07 | 30
[KCOR7_GOMPERTZ_UNIDENTIFIABLE] enroll=2022_47, yob=1970, dose=2
  gamma_per_week/k_hat = 34.08 > theta0_max/52 = 1.92308
  Gompertz model unidentifiable for this cohort — theta0 set to 0
2022_47 | 1970 | 2 | 0.000000e+00 | 4.796006e-05 | 3.023492e-01 | 30
2022_47 | 1970 | 3 | 21.4 | 3.414933e-05 | 2.345005e-01 | 30
2022_47 | 1970 | 4 | 2.494901e-10 | 2.145324e-05 | 7.158695e+06 | 30
[KCOR7_GOMPERTZ_UNIDENTIFIABLE] enroll=2022_47, yob=1980, dose=0
  gamma_per_week/k_hat = 45.23 > theta0_max/52 = 1.92308
  Gompertz model unidentifiable for this cohort — theta0 set to 0
2022_47 | 1980 | 0 | 0.000000e+00 | 3.613698e-05 | 4.262578e-01 | 30
[KCOR7_INSUFFICIENT_DEATHS] enroll=2022_47, yob=1980, dose=1, quiet_deaths=21.0 -> theta0_applied=0.0
2022_47 | 1980 | 1 | 0.000000e+00 | 5.365766e-05 | 3.276746e+07 | 30
[KCOR7_GOMPERTZ_UNIDENTIFIABLE] enroll=2022_47, yob=1980, dose=2
  gamma_per_week/k_hat = 95.69 > theta0_max/52 = 1.92308
  Gompertz model unidentifiable for this cohort — theta0 set to 0
2022_47 | 1980 | 2 | 0.000000e+00 | 1.708252e-05 | 4.411892e-01 | 30
[KCOR7_GOMPERTZ_UNIDENTIFIABLE] enroll=2022_47, yob=1980, dose=3
  gamma_per_week/k_hat = 114 > theta0_max/52 = 1.92308
  Gompertz model unidentifiable for this cohort — theta0 set to 0
2022_47 | 1980 | 3 | 0.000000e+00 | 1.434072e-05 | 2.477641e+06 | 30
[KCOR7_GOMPERTZ_UNIDENTIFIABLE] enroll=2022_47, yob=1980, dose=4
  gamma_per_week/k_hat = 22 > theta0_max/52 = 1.92308
  Gompertz model unidentifiable for this cohort — theta0 set to 0
2022_47 | 1980 | 4 | 0.000000e+00 | 7.430525e-05 | 2.378028e+07 | 30
[KCOR7_GOMPERTZ_UNIDENTIFIABLE] enroll=2022_47, yob=1990, dose=0
  gamma_per_week/k_hat = 96.6 > theta0_max/52 = 1.92308
  Gompertz model unidentifiable for this cohort — theta0 set to 0
2022_47 | 1990 | 0 | 0.000000e+00 | 1.692100e-05 | 2.370675e+06 | 30
[KCOR7_INSUFFICIENT_DEATHS] enroll=2022_47, yob=1990, dose=1, quiet_deaths=0.0 -> theta0_applied=0.0
2022_47 | 1990 | 1 | 0.000000e+00 | nan | nan | 0
[KCOR7_GOMPERTZ_UNIDENTIFIABLE] enroll=2022_47, yob=1990, dose=2
  gamma_per_week/k_hat = 176.9 > theta0_max/52 = 1.92308
  Gompertz model unidentifiable for this cohort — theta0 set to 0
2022_47 | 1990 | 2 | 0.000000e+00 | 9.241485e-06 | 1.634357e+06 | 30
[KCOR7_GOMPERTZ_UNIDENTIFIABLE] enroll=2022_47, yob=1990, dose=3
  gamma_per_week/k_hat = 221.6 > theta0_max/52 = 1.92308
  Gompertz model unidentifiable for this cohort — theta0 set to 0
2022_47 | 1990 | 3 | 0.000000e+00 | 7.376753e-06 | 2.525079e+06 | 30
[KCOR7_INSUFFICIENT_DEATHS] enroll=2022_47, yob=1990, dose=4, quiet_deaths=4.0 -> theta0_applied=0.0
2022_47 | 1990 | 4 | 0.000000e+00 | 2.395439e-05 | 1.173090e+07 | 30
2022_47 | 2000 | 0 | 1.032172e-03 | 4.105808e-06 | 2.113508e+06 | 30
[KCOR7_INSUFFICIENT_DEATHS] enroll=2022_47, yob=2000, dose=1, quiet_deaths=0.0 -> theta0_applied=0.0
2022_47 | 2000 | 1 | 0.000000e+00 | nan | nan | 0
[KCOR7_GOMPERTZ_UNIDENTIFIABLE] enroll=2022_47, yob=2000, dose=2
  gamma_per_week/k_hat = 269.8 > theta0_max/52 = 1.92308
  Gompertz model unidentifiable for this cohort — theta0 set to 0
2022_47 | 2000 | 2 | 0.000000e+00 | 6.058095e-06 | 2.498664e+06 | 30
[KCOR7_INSUFFICIENT_DEATHS] enroll=2022_47, yob=2000, dose=3, quiet_deaths=28.0 -> theta0_applied=0.0
2022_47 | 2000 | 3 | 0.000000e+00 | 4.527441e-06 | 2.785265e+06 | 30
[KCOR7_INSUFFICIENT_DEATHS] enroll=2022_47, yob=2000, dose=4, quiet_deaths=0.0 -> theta0_applied=0.0
2022_47 | 2000 | 4 | 0.000000e+00 | nan | nan | 0
2022_47 | -2 | 0 | 80.7 | 2.326813e-04 | 1.396167e-01 | 30
2022_47 | -2 | 1 | 67.5 | 3.513650e-04 | 3.940037e-01 | 30
2022_47 | -2 | 2 | 93.6 | 1.564217e-04 | 1.069669e-01 | 30
2022_47 | -2 | 3 | 41.1 | 3.095301e-04 | 1.153426e-01 | 30
2022_47 | -2 | 4 | 10.2 | 5.972004e-04 | 1.201463e-01 | 30

================================================================================
KCOR VALUES AT REPORTING DATES - ALL SHEETS
================================================================================

Sheet: 2021_13 — Reporting date: 2022-03-28
============================================================

ASMR Expected-Deaths Weights (for KCOR and KCOR_ns pooling):
  Age -2: weight = 0.627988
  Age 1920: weight = 0.032277
  Age 1930: weight = 0.121176
  Age 1940: weight = 0.114501
  Age 1950: weight = 0.064429
  Age 1960: weight = 0.020991
  Age 1970: weight = 0.009654
  Age 1980: weight = 0.005787
  Age 1990: weight = 0.002952
  Age 2000: weight = 0.000246
  Total weight: 1.000000


Dose combination: 1 vs 0 [2021_13]
--------------------------------------------------
            YoB | KCOR [95% CI] |             KCOR_ns
--------------------------------------------------
  All Ages        |   1.1878 [1.162, 1.214] |  1.3719
  ASMR (direct)   |   1.0361 [1.028, 1.044] |  1.4238
  1920            |   0.9864 [0.907, 1.073] |  1.0761
  1930            |   0.9905 [0.951, 1.032] |  1.1336
  1940            |   1.4088 [1.366, 1.453] |  1.6725
  1950            |   1.4756 [1.364, 1.597] |  1.6695
  1960            |   1.4135 [1.235, 1.618] |  1.4369
  1970            |   2.9324 [2.302, 3.735] |  3.0768
  1980            |   1.0730 [0.703, 1.637] |  1.0730
  1990            |   2.3234 [1.384, 3.900] |  2.3235
  2000            |  12.6258 [5.940, 26.839] | 12.6258

Dose combination: 2 vs 0 [2021_13]
--------------------------------------------------
            YoB | KCOR [95% CI] |             KCOR_ns
--------------------------------------------------
  All Ages        |   1.4184 [1.395, 1.442] |  1.6453
  ASMR (direct)   |   1.1224 [1.115, 1.130] |  1.5408
  1920            |   1.3126 [1.256, 1.372] |  1.4759
  1930            |   1.4330 [1.398, 1.469] |  1.6924
  1940            |   1.4690 [1.414, 1.526] |  1.7439
  1950            |   1.2310 [1.149, 1.319] |  1.2823
  1960            |   1.1886 [1.028, 1.374] |  1.2984
  1970            |   1.0845 [0.853, 1.378] |  1.1379
  1980            |   0.6366 [0.417, 0.971] |  0.6223
  1990            |   1.2343 [0.736, 2.070] |  1.2343
  2000            |   2.2733 [0.319, 16.215] |  2.2733

Dose combination: 2 vs 1 [2021_13]
--------------------------------------------------
            YoB | KCOR [95% CI] |             KCOR_ns
--------------------------------------------------
  All Ages        |   1.1941 [1.164, 1.225] |  1.1993
  ASMR (direct)   |   1.0828 [1.072, 1.093] |  1.0857
  1920            |   1.3307 [1.222, 1.449] |  1.3715
  1930            |   1.4467 [1.387, 1.509] |  1.4930
  1940            |   1.0427 [0.996, 1.091] |  1.0427
  1950            |   0.8342 [0.753, 0.924] |  0.7681
  1960            |   0.8409 [0.692, 1.022] |  0.9036
  1970            |   0.3698 [0.264, 0.518] |  0.3698
  1980            |   0.5933 [0.329, 1.070] |  0.5799
  1990            |   0.8037 [0.393, 1.643] |  0.8037
  2000            |   0.1800 [0.022, 1.463] |  0.1800

Sheet: 2021_20 — Reporting date: 2022-05-16
============================================================

ASMR Expected-Deaths Weights (for KCOR and KCOR_ns pooling):
  Age -2: weight = 0.522743
  Age 1920: weight = 0.045624
  Age 1930: weight = 0.147961
  Age 1940: weight = 0.142304
  Age 1950: weight = 0.087578
  Age 1960: weight = 0.024075
  Age 1970: weight = 0.012120
  Age 1980: weight = 0.005454
  Age 1990: weight = 0.003270
  Age 2000: weight = 0.008871
  Total weight: 1.000000


Dose combination: 1 vs 0 [2021_20]
--------------------------------------------------
            YoB | KCOR [95% CI] |             KCOR_ns
--------------------------------------------------
  All Ages        |   1.1483 [1.127, 1.170] |  1.3242
  ASMR (direct)   |   1.1016 [1.094, 1.110] |  1.2770
  1920            |   0.7704 [0.701, 0.847] |  0.7951
  1930            |   0.9992 [0.950, 1.051] |  1.1355
  1940            |   1.0617 [1.027, 1.098] |  1.2445
  1950            |   1.4558 [1.408, 1.506] |  1.6750
  1960            |   1.4039 [1.321, 1.492] |  1.5280
  1970            |   1.2286 [1.093, 1.382] |  1.2698
  1980            |   1.2008 [0.946, 1.524] |  1.2184
  1990            |   1.0726 [0.650, 1.771] |  1.0726
  2000            |   7.3257 [4.001, 13.412] |  7.3257

Dose combination: 2 vs 0 [2021_20]
--------------------------------------------------
            YoB | KCOR [95% CI] |             KCOR_ns
--------------------------------------------------
  All Ages        |   1.0913 [1.076, 1.107] |  1.2585
  ASMR (direct)   |   1.0446 [1.039, 1.050] |  1.3009
  1920            |   0.9872 [0.945, 1.031] |  1.0947
  1930            |   1.0308 [1.006, 1.057] |  1.1714
  1940            |   1.2420 [1.211, 1.274] |  1.4558
  1950            |   1.0729 [1.022, 1.126] |  1.1861
  1960            |   1.2171 [1.108, 1.337] |  1.3248
  1970            |   1.0368 [0.894, 1.203] |  1.0509
  1980            |   2.7460 [2.147, 3.512] |  2.8176
  1990            |   0.8901 [0.631, 1.256] |  0.8901
  2000            |   6.7840 [3.480, 13.227] |  6.7840

Dose combination: 2 vs 1 [2021_20]
--------------------------------------------------
            YoB | KCOR [95% CI] |             KCOR_ns
--------------------------------------------------
  All Ages        |   0.9504 [0.931, 0.970] |  0.9504
  ASMR (direct)   |   0.9493 [0.942, 0.957] |  1.0254
  1920            |   1.2814 [1.167, 1.408] |  1.3768
  1930            |   1.0316 [0.981, 1.085] |  1.0316
  1940            |   1.1698 [1.129, 1.212] |  1.1698
  1950            |   0.7370 [0.699, 0.777] |  0.7081
  1960            |   0.8670 [0.781, 0.963] |  0.8670
  1970            |   0.8439 [0.705, 1.011] |  0.8276
  1980            |   2.2868 [1.644, 3.181] |  2.3124
  1990            |   2.1574 [1.198, 3.884] |  2.1574
  2000            |   0.9260 [0.384, 2.231] |  0.9260

Sheet: 2021_24 — Reporting date: 2022-06-13
============================================================

ASMR Expected-Deaths Weights (for KCOR and KCOR_ns pooling):
  Age -2: weight = 0.462610
  Age 1920: weight = 0.049778
  Age 1930: weight = 0.169840
  Age 1940: weight = 0.163836
  Age 1950: weight = 0.089431
  Age 1960: weight = 0.034651
  Age 1970: weight = 0.014757
  Age 1980: weight = 0.005040
  Age 1990: weight = 0.003680
  Age 2000: weight = 0.006377
  Total weight: 1.000000


Dose combination: 1 vs 0 [2021_24]
--------------------------------------------------
            YoB | KCOR [95% CI] |             KCOR_ns
--------------------------------------------------
  All Ages        |   0.9496 [0.929, 0.971] |  1.1078
  ASMR (direct)   |   0.9675 [0.959, 0.976] |  1.0514
  1920            |   0.7457 [0.667, 0.834] |  0.7689
  1930            |   0.9184 [0.869, 0.970] |  1.0082
  1940            |   0.8823 [0.845, 0.921] |  1.0243
  1950            |   1.1020 [1.058, 1.148] |  1.2803
  1960            |   1.1153 [1.052, 1.183] |  1.2321
  1970            |   1.2288 [1.125, 1.343] |  1.3354
  1980            |   0.9988 [0.838, 1.191] |  0.9988
  1990            |   3.3550 [2.392, 4.707] |  3.3550
  2000            |   0.5924 [0.305, 1.152] |  0.5924

Dose combination: 2 vs 0 [2021_24]
--------------------------------------------------
            YoB | KCOR [95% CI] |             KCOR_ns
--------------------------------------------------
  All Ages        |   1.0364 [1.023, 1.050] |  1.2090
  ASMR (direct)   |   1.0436 [1.038, 1.049] |  1.2163
  1920            |   0.9345 [0.894, 0.977] |  1.0158
  1930            |   0.9806 [0.956, 1.006] |  1.1054
  1940            |   1.0784 [1.053, 1.105] |  1.2594
  1950            |   1.3062 [1.263, 1.351] |  1.5175
  1960            |   1.0634 [0.993, 1.139] |  1.1748
  1970            |   1.1051 [0.988, 1.237] |  1.2010
  1980            |   1.3504 [1.102, 1.655] |  1.3504
  1990            |   2.0973 [1.528, 2.879] |  2.0973
  2000            |   0.9701 [0.583, 1.614] |  0.9701

Dose combination: 2 vs 1 [2021_24]
--------------------------------------------------
            YoB | KCOR [95% CI] |             KCOR_ns
--------------------------------------------------
  All Ages        |   1.0914 [1.067, 1.116] |  1.0914
  ASMR (direct)   |   1.0786 [1.069, 1.089] |  1.1568
  1920            |   1.2532 [1.121, 1.400] |  1.3212
  1930            |   1.0678 [1.012, 1.127] |  1.0964
  1940            |   1.2223 [1.170, 1.277] |  1.2295
  1950            |   1.1852 [1.133, 1.240] |  1.1852
  1960            |   0.9535 [0.880, 1.033] |  0.9535
  1970            |   0.8993 [0.790, 1.024] |  0.8993
  1980            |   1.3520 [1.055, 1.733] |  1.3520
  1990            |   0.6251 [0.405, 0.964] |  0.6251
  2000            |   1.6375 [0.726, 3.694] |  1.6375

M/P by decades (Dose 2)
--------------------------------------------------
  1920: M/P KCOR = 1.0565
  1930: M/P KCOR = 1.3368
  1940: M/P KCOR = 1.2148
  1950: M/P KCOR = 2.0493
  1960: M/P KCOR = 1.3211
  1970: M/P KCOR = 1.3137
  1980: M/P KCOR = 1.4301
  1990: M/P KCOR = 2.2605
  2000: M/P KCOR = 1.0466

Sheet: 2021_30 — Reporting date: 2022-07-25
============================================================

ASMR Expected-Deaths Weights (for KCOR and KCOR_ns pooling):
  Age -2: weight = 0.366620
  Age 1920: weight = 0.057267
  Age 1930: weight = 0.190152
  Age 1940: weight = 0.199059
  Age 1950: weight = 0.117876
  Age 1960: weight = 0.039483
  Age 1970: weight = 0.018566
  Age 1980: weight = 0.005411
  Age 1990: weight = 0.002042
  Age 2000: weight = 0.003526
  Total weight: 1.000000


Dose combination: 1 vs 0 [2021_30]
--------------------------------------------------
            YoB | KCOR [95% CI] |             KCOR_ns
--------------------------------------------------
  All Ages        |   0.7078 [0.684, 0.732] |  0.7305
  ASMR (direct)   |   0.8209 [0.812, 0.830] |  0.6996
  1920            |   0.6097 [0.530, 0.701] |  0.5199
  1930            |   0.7049 [0.653, 0.760] |  0.6467
  1940            |   0.6668 [0.625, 0.711] |  0.6854
  1950            |   0.6987 [0.653, 0.748] |  0.7197
  1960            |   0.9502 [0.851, 1.061] |  1.0838
  1970            |   1.0597 [0.915, 1.227] |  1.1742
  1980            |   1.2229 [0.994, 1.504] |  1.2151
  1990            |   1.0614 [0.774, 1.455] |  1.0614
  2000            |   1.2225 [0.829, 1.802] |  1.2225

Dose combination: 2 vs 0 [2021_30]
--------------------------------------------------
            YoB | KCOR [95% CI] |             KCOR_ns
--------------------------------------------------
  All Ages        |   0.9181 [0.907, 0.930] |  1.0675
  ASMR (direct)   |   0.9632 [0.958, 0.968] |  1.0469
  1920            |   0.8447 [0.808, 0.883] |  0.9224
  1930            |   0.8730 [0.851, 0.896] |  0.9409
  1940            |   0.9370 [0.915, 0.959] |  1.0867
  1950            |   0.9527 [0.924, 0.982] |  1.1063
  1960            |   1.2644 [1.204, 1.328] |  1.4422
  1970            |   1.0999 [1.019, 1.187] |  1.2187
  1980            |   1.7184 [1.489, 1.983] |  1.7184
  1990            |   1.1969 [0.941, 1.522] |  1.1782
  2000            |   0.2717 [0.162, 0.456] |  0.2717

Dose combination: 2 vs 1 [2021_30]
--------------------------------------------------
            YoB | KCOR [95% CI] |             KCOR_ns
--------------------------------------------------
  All Ages        |   1.2970 [1.254, 1.341] |  1.4614
  ASMR (direct)   |   1.1733 [1.160, 1.186] |  1.4965
  1920            |   1.3856 [1.207, 1.591] |  1.7741
  1930            |   1.2385 [1.149, 1.334] |  1.4549
  1940            |   1.4053 [1.318, 1.498] |  1.5854
  1950            |   1.3634 [1.273, 1.460] |  1.5373
  1960            |   1.3307 [1.189, 1.489] |  1.3307
  1970            |   1.0379 [0.890, 1.210] |  1.0379
  1980            |   1.4051 [1.120, 1.762] |  1.4142
  1990            |   1.1277 [0.792, 1.607] |  1.1100
  2000            |   0.2222 [0.121, 0.408] |  0.2222

Sheet: 2022_06 — Reporting date: 2023-02-06
============================================================

ASMR Expected-Deaths Weights (for KCOR and KCOR_ns pooling):
  Age -2: weight = 0.382660
  Age 1920: weight = 0.035477
  Age 1930: weight = 0.154902
  Age 1940: weight = 0.240856
  Age 1950: weight = 0.113921
  Age 1960: weight = 0.041204
  Age 1970: weight = 0.022627
  Age 1980: weight = 0.004802
  Age 1990: weight = 0.002351
  Age 2000: weight = 0.001200
  Total weight: 1.000000


Dose combination: 1 vs 0 [2022_06]
--------------------------------------------------
            YoB | KCOR [95% CI] |             KCOR_ns
--------------------------------------------------
  All Ages        |   0.9781 [0.936, 1.022] |  0.9590
  ASMR (direct)   |   0.9922 [0.978, 1.007] |  0.9520
  1920            |   0.9055 [0.696, 1.178] |  1.1616
  1930            |   1.1269 [1.035, 1.227] |  1.1007
  1940            |   0.9032 [0.829, 0.984] |  0.8754
  1950            |   1.0031 [0.906, 1.110] |  0.9451
  1960            |   0.8474 [0.723, 0.993] |  0.7965
  1970            |   1.1411 [0.938, 1.389] |  0.9082
  1980            |   1.0792 [0.756, 1.540] |  1.0792
  1990            |   1.2431 [0.726, 2.128] |  1.2431
  2000            |   0.3143 [0.100, 0.989] |  0.3143

Dose combination: 2 vs 0 [2022_06]
--------------------------------------------------
            YoB | KCOR [95% CI] |             KCOR_ns
--------------------------------------------------
  All Ages        |   1.0093 [0.993, 1.026] |  1.1040
  ASMR (direct)   |   0.9788 [0.973, 0.984] |  1.1010
  1920            |   0.8621 [0.810, 0.918] |  0.9707
  1930            |   1.0046 [0.972, 1.039] |  1.0633
  1940            |   1.0341 [1.002, 1.067] |  1.1100
  1950            |   1.0854 [1.045, 1.128] |  1.1860
  1960            |   0.9203 [0.868, 0.976] |  0.9636
  1970            |   1.3175 [1.207, 1.438] |  1.2703
  1980            |   1.1205 [0.968, 1.297] |  1.1205
  1990            |   1.9621 [1.591, 2.420] |  1.9621
  2000            |   1.3618 [1.034, 1.793] |  1.3618

Dose combination: 3 vs 2 [2022_06]
--------------------------------------------------
            YoB | KCOR [95% CI] |             KCOR_ns
--------------------------------------------------
  All Ages        |   1.2058 [1.187, 1.225] |  1.4675
  ASMR (direct)   |   1.0864 [1.080, 1.093] |  1.4866
  1920            |   1.2376 [1.163, 1.317] |  1.4519
  1930            |   1.2162 [1.179, 1.254] |  1.4843
  1940            |   1.3140 [1.276, 1.353] |  1.5886
  1950            |   1.2830 [1.236, 1.332] |  1.4830
  1960            |   1.1773 [1.106, 1.253] |  1.2913
  1970            |   1.1531 [1.049, 1.267] |  1.1959
  1980            |   1.1443 [0.958, 1.367] |  1.1443
  1990            |   0.6445 [0.494, 0.842] |  0.6445
  2000            |   0.8366 [0.538, 1.301] |  0.8366

Dose combination: 3 vs 0 [2022_06]
--------------------------------------------------
            YoB | KCOR [95% CI] |             KCOR_ns
--------------------------------------------------
  All Ages        |   1.2170 [1.200, 1.234] |  1.6200
  ASMR (direct)   |   1.0633 [1.058, 1.069] |  1.6368
  1920            |   1.0669 [1.020, 1.116] |  1.4093
  1930            |   1.2218 [1.190, 1.255] |  1.5783
  1940            |   1.3588 [1.324, 1.395] |  1.7635
  1950            |   1.3925 [1.347, 1.440] |  1.7588
  1960            |   1.0834 [1.024, 1.146] |  1.2443
  1970            |   1.5192 [1.387, 1.663] |  1.5192
  1980            |   1.2822 [1.095, 1.502] |  1.2822
  1990            |   1.2647 [0.981, 1.631] |  1.2647
  2000            |   1.1393 [0.740, 1.754] |  1.1393

M/P by decades (Dose 3)
--------------------------------------------------
  1920: M/P KCOR = 1.0787
  1930: M/P KCOR = 1.1831
  1940: M/P KCOR = 1.2520
  1950: M/P KCOR = 1.1587
  1960: M/P KCOR = 1.0970
  1970: M/P KCOR = 1.2468
  1980: M/P KCOR = 1.0107
  1990: M/P KCOR = 0.7294
  2000: M/P KCOR = 1.5851

Sheet: 2022_26 — Reporting date: 2023-06-26
============================================================

ASMR Expected-Deaths Weights (for KCOR and KCOR_ns pooling):
  Age -2: weight = 0.397441
  Age 1920: weight = 0.038260
  Age 1930: weight = 0.156855
  Age 1940: weight = 0.190828
  Age 1950: weight = 0.136955
  Age 1960: weight = 0.038785
  Age 1970: weight = 0.025438
  Age 1980: weight = 0.006108
  Age 1990: weight = 0.007352
  Age 2000: weight = 0.001977
  Total weight: 1.000000


Dose combination: 1 vs 0 [2022_26]
--------------------------------------------------
            YoB | KCOR [95% CI] |             KCOR_ns
--------------------------------------------------
  All Ages        |   1.0208 [0.966, 1.079] |  0.9284
  ASMR (direct)   |   1.0393 [1.013, 1.066] |  0.9280
  1920            |   0.4811 [0.329, 0.703] |  0.5600
  1930            |   1.0759 [0.940, 1.232] |  1.1668
  1940            |   1.2356 [1.100, 1.388] |  1.2161
  1950            |   0.8150 [0.743, 0.893] |  0.5119
  1960            |   1.1337 [0.919, 1.398] |  1.1956
  1970            |   0.9452 [0.718, 1.245] |  1.0605
  1980            |   3.1946 [2.246, 4.544] |  3.1946
  1990            |   0.3274 [0.148, 0.726] |  0.3274
  2000            |   1.0288 [0.379, 2.794] |  1.0288

Dose combination: 2 vs 0 [2022_26]
--------------------------------------------------
            YoB | KCOR [95% CI] |             KCOR_ns
--------------------------------------------------
  All Ages        |   0.9786 [0.960, 0.998] |  1.0365
  ASMR (direct)   |   0.9620 [0.954, 0.970] |  1.0311
  1920            |   0.9166 [0.842, 0.998] |  1.0423
  1930            |   0.9723 [0.933, 1.013] |  1.0073
  1940            |   1.0200 [0.983, 1.059] |  1.0841
  1950            |   0.9654 [0.922, 1.011] |  0.9796
  1960            |   0.9208 [0.864, 0.981] |  0.9529
  1970            |   1.1469 [1.051, 1.252] |  1.2867
  1980            |   1.0879 [0.940, 1.259] |  1.0552
  1990            |   0.7525 [0.611, 0.927] |  0.7525
  2000            |   1.2225 [0.912, 1.639] |  1.2225

Dose combination: 3 vs 2 [2022_26]
--------------------------------------------------
            YoB | KCOR [95% CI] |             KCOR_ns
--------------------------------------------------
  All Ages        |   1.0000 [0.982, 1.018] |  1.0757
  ASMR (direct)   |   0.9843 [0.977, 0.992] |  1.0677
  1920            |   0.9328 [0.862, 1.010] |  0.8881
  1930            |   0.9974 [0.962, 1.034] |  1.0955
  1940            |   1.0165 [0.984, 1.051] |  1.1168
  1950            |   0.9678 [0.929, 1.008] |  1.0128
  1960            |   1.1041 [1.036, 1.177] |  1.1794
  1970            |   0.8530 [0.777, 0.937] |  0.8530
  1980            |   1.1538 [0.979, 1.360] |  1.1648
  1990            |   1.5029 [1.178, 1.917] |  1.5029
  2000            |   1.3696 [0.899, 2.087] |  1.3696

Dose combination: 3 vs 0 [2022_26]
--------------------------------------------------
            YoB | KCOR [95% CI] |             KCOR_ns
--------------------------------------------------
  All Ages        |   0.9786 [0.964, 0.993] |  1.1149
  ASMR (direct)   |   0.9469 [0.941, 0.953] |  1.1010
  1920            |   0.8551 [0.811, 0.902] |  0.9256
  1930            |   0.9698 [0.941, 0.999] |  1.1035
  1940            |   1.0368 [1.008, 1.067] |  1.2107
  1950            |   0.9343 [0.901, 0.969] |  0.9921
  1960            |   1.0167 [0.961, 1.075] |  1.1238
  1970            |   0.9783 [0.901, 1.062] |  1.0975
  1980            |   1.2552 [1.084, 1.454] |  1.2291
  1990            |   1.1309 [0.904, 1.415] |  1.1309
  2000            |   1.6744 [1.112, 2.522] |  1.6744

Sheet: 2022_47 — Reporting date: 2023-11-20
============================================================

ASMR Expected-Deaths Weights (for KCOR and KCOR_ns pooling):
  Age -2: weight = 0.463456
  Age 1920: weight = 0.032115
  Age 1930: weight = 0.147531
  Age 1940: weight = 0.178342
  Age 1950: weight = 0.094936
  Age 1960: weight = 0.043167
  Age 1970: weight = 0.022872
  Age 1980: weight = 0.009360
  Age 1990: weight = 0.006852
  Age 2000: weight = 0.001370
  Total weight: 1.000000


Dose combination: 1 vs 0 [2022_47]
--------------------------------------------------
            YoB | KCOR [95% CI] |             KCOR_ns
--------------------------------------------------
  All Ages        |   1.0607 [1.010, 1.114] |  0.9786
  ASMR (direct)   |   1.0902 [1.068, 1.113] |  1.0010
  1920            |   1.9467 [1.412, 2.684] |  2.9817
  1930            |   0.9445 [0.857, 1.041] |  0.9208
  1940            |   1.0856 [1.006, 1.171] |  0.7786
  1950            |   1.2115 [1.091, 1.346] |  0.9757
  1960            |   1.5703 [1.235, 1.996] |  1.9515
  1970            |   0.7257 [0.533, 0.988] |  0.7257
  1980            |   1.4276 [0.999, 2.040] |  1.4276
  1990            |   0.8876 [0.438, 1.799] |  0.8876
  2000            |   1.5185 [0.618, 3.731] |  1.5185

Dose combination: 2 vs 0 [2022_47]
--------------------------------------------------
            YoB | KCOR [95% CI] |             KCOR_ns
--------------------------------------------------
  All Ages        |   0.9966 [0.979, 1.015] |  1.0562
  ASMR (direct)   |   0.9647 [0.958, 0.972] |  1.0501
  1920            |   1.1859 [1.082, 1.300] |  1.7253
  1930            |   0.9383 [0.904, 0.974] |  0.9994
  1940            |   0.9942 [0.960, 1.029] |  1.0069
  1950            |   1.0377 [0.997, 1.080] |  1.0681
  1960            |   0.9752 [0.921, 1.033] |  0.9992
  1970            |   0.9543 [0.866, 1.051] |  0.9543
  1980            |   1.2930 [1.113, 1.501] |  1.2930
  1990            |   1.1370 [0.905, 1.429] |  1.1370
  2000            |   0.5389 [0.394, 0.737] |  0.5389

Dose combination: 3 vs 0 [2022_47]
--------------------------------------------------
            YoB | KCOR [95% CI] |             KCOR_ns
--------------------------------------------------
  All Ages        |   1.0094 [0.996, 1.023] |  1.0975
  ASMR (direct)   |   0.9827 [0.977, 0.988] |  1.1097
  1920            |   0.9960 [0.949, 1.046] |  1.0892
  1930            |   0.9710 [0.946, 0.997] |  1.0756
  1940            |   1.0314 [1.004, 1.059] |  1.1208
  1950            |   1.0482 [1.015, 1.083] |  1.1053
  1960            |   0.9693 [0.920, 1.021] |  1.1000
  1970            |   1.1223 [1.028, 1.225] |  1.1041
  1980            |   1.3606 [1.164, 1.591] |  1.3606
  1990            |   1.6672 [1.314, 2.116] |  1.6672
  2000            |   0.8259 [0.559, 1.220] |  0.8259

Dose combination: 3 vs 2 [2022_47]
--------------------------------------------------
            YoB | KCOR [95% CI] |             KCOR_ns
--------------------------------------------------
  All Ages        |   1.0129 [0.996, 1.030] |  1.0391
  ASMR (direct)   |   1.0186 [1.011, 1.026] |  1.0567
  1920            |   0.8398 [0.768, 0.918] |  0.6313
  1930            |   1.0348 [1.001, 1.070] |  1.0762
  1940            |   1.0375 [1.006, 1.069] |  1.1132
  1950            |   1.0100 [0.974, 1.048] |  1.0348
  1960            |   0.9939 [0.938, 1.053] |  1.1008
  1970            |   1.1760 [1.067, 1.296] |  1.1569
  1980            |   1.0523 [0.884, 1.252] |  1.0523
  1990            |   1.4663 [1.124, 1.913] |  1.4663
  2000            |   1.5326 [1.015, 2.314] |  1.5326

Dose combination: 4 vs 0 [2022_47]
--------------------------------------------------
            YoB | KCOR [95% CI] |             KCOR_ns
--------------------------------------------------
  All Ages        |   1.0121 [0.993, 1.031] |  1.2307
  ASMR (direct)   |   0.9508 [0.942, 0.960] |  1.3137
  1920            |   1.0716 [1.010, 1.137] |  1.3735
  1930            |   0.9793 [0.949, 1.011] |  1.1801
  1940            |   1.0004 [0.965, 1.037] |  1.2426
  1950            |   1.0753 [1.022, 1.131] |  1.3796
  1960            |   1.2418 [1.118, 1.379] |  1.5433
  1970            |   2.8088 [2.316, 3.406] |  2.8088
  1980            |   0.7242 [0.506, 1.036] |  0.7242
  1990            |   1.1835 [0.576, 2.431] |  1.1835
  2000            |   4.2857 [1.577, 11.651] |  4.2857

Dose combination: 4 vs 2 [2022_47]
--------------------------------------------------
            YoB | KCOR [95% CI] |             KCOR_ns
--------------------------------------------------
  All Ages        |   1.0156 [0.995, 1.037] |  1.1653
  ASMR (direct)   |   0.9848 [0.974, 0.995] |  1.2497
  1920            |   0.9036 [0.821, 0.994] |  0.7960
  1930            |   1.0437 [1.005, 1.084] |  1.1808
  1940            |   1.0063 [0.968, 1.046] |  1.2341
  1950            |   1.0362 [0.982, 1.093] |  1.2916
  1960            |   1.2733 [1.143, 1.419] |  1.5445
  1970            |   2.9432 [2.417, 3.585] |  2.9432
  1980            |   0.5601 [0.389, 0.807] |  0.5601
  1990            |   1.0409 [0.502, 2.159] |  1.0409
  2000            |   5.3897 [1.965, 14.781] |  5.3897

Dose combination: 4 vs 3 [2022_47]
--------------------------------------------------
            YoB | KCOR [95% CI] |             KCOR_ns
--------------------------------------------------
  All Ages        |   1.0027 [0.986, 1.020] |  1.1214
  ASMR (direct)   |   0.9674 [0.958, 0.976] |  1.1835
  1920            |   1.0759 [1.018, 1.137] |  1.2609
  1930            |   1.0086 [0.981, 1.037] |  1.0972
  1940            |   0.9699 [0.940, 1.001] |  1.1087
  1950            |   1.0259 [0.978, 1.076] |  1.2482
  1960            |   1.2812 [1.153, 1.424] |  1.4030
  1970            |   2.5027 [2.064, 3.035] |  2.5441
  1980            |   0.5323 [0.368, 0.770] |  0.5323
  1990            |   0.7099 [0.341, 1.477] |  0.7099
  2000            |   4.7056 [1.671, 13.254] |  4.7056

M/P by decades (Dose 4)
--------------------------------------------------
  1920: M/P KCOR = 0.1950
  1930: M/P KCOR = 2.3212
  1940: M/P KCOR = 0.2830
  1950: M/P KCOR = 5.0974
  1960: M/P KCOR = 1.6793
  1970: M/P KCOR = 1.6815
  1980: M/P KCOR = 1.5134
  1990: M/P KCOR = 1.2180
  2000: M/P KCOR = 0.0000
================================================================================
[MFG] Wrote M/P KCOR: 2021_24 Dose 2 by decades ( 2169 rows)
[MFG] Wrote M/P KCOR: 2022_06 Dose 3 by decades ( 2169 rows)
[MFG] Wrote M/P KCOR: 2022_47 Dose 4 by decades ( 2169 rows)
[Done] Wrote 38507 rows to ../data/Czech/KCOR.xlsx at 2026-03-21 16:52:15
[Summary] Creating summary file: ../data/Czech/KCOR_summary.xlsx
  - 2021_13: 3 dose combinations, 37 summary rows
  - 2021_20: 3 dose combinations, 37 summary rows
  - 2021_24: 3 dose combinations, 37 summary rows
  - 2021_30: 3 dose combinations, 37 summary rows
  - 2022_06: 4 dose combinations, 49 summary rows
  - 2022_26: 4 dose combinations, 49 summary rows
  - 2022_47: 7 dose combinations, 85 summary rows
  - gamma_frailty_fit: 250 diagnostic rows
[Summary] Created summary with 7 enrollment periods
