================================================================================
KCOR v4.6 - Kirsch Cumulative Outcomes Ratio Analysis
================================================================================
Analysis Date: 2025-11-01 11:01:23
Mode: Primary Analysis
Input File: ../data/Czech/KCOR_CMR.xlsx
Output File: ../data/Czech/KCOR.xlsx
Log File: ../data/Czech/KCOR_summary.log
--------------------------------------------------------------------------------
Configuration Parameters (effective):
  KCOR_NORMALIZATION_WEEK = 4
  DYNAMIC_HVE_SKIP_WEEKS = 2
  AGE_RANGE             = 10
  YEAR_RANGE            = (1920, 2009)
  ENROLLMENT_DATES      = None
  DEBUG_VERBOSE         = True
  OVERRIDE_DOSE_PAIRS   = None
  OVERRIDE_YOBS         = None
  KCOR_REPORTING_DATE   = {'2021-13': '2022-12-31', '2021_13': '2022-12-31', '2021-20': '2022-12-31', '2021_20': '2022-12-31', '2021_24': '2022-12-31', '2022_06': '2022-12-31', '2022_47': '2023-12-31'}
  NEGATIVE_CONTROL_MODE = 0
  SLOPE2_W1            = (2022-24, 2022-36)
  SLOPE2_W2            = (2023-24, 2023-36)
  SLOPE2_W3            = (2024-12, 2024-20)
  SLOPE2_W4            = (2022-42, 2022-48)  [fallback second window if W2 has no data]
  SLOPE2 selection     = W1/W2 unless enrollment_date > start(W1), then W2/W3
================================================================================

[INFO] Auto-derived enrollment dates from Excel file: ['2021_13', '2021_20', '2021_24', '2021_30', '2022_06', '2022_47']
[DEBUG] Limiting to age range: 1920-2009
[DEBUG] Limiting to enrollment dates: ['2021_13', '2021_20', '2021_24', '2021_30', '2022_06', '2022_47']
[Info] Processing sheet: 2021_13
[DEBUG] Filtered to start from enrollment date 03/29/2021: 141525 rows
[DEBUG] Filtered to 133200 rows for ages 1920-2009
[DEBUG] Filtered to doses [0, 1, 2] (max dose 2): 79920 rows
[DEBUG] Aggregated across sexes: 4995 rows
  YoB 1920, % vaxxed=58  alive_by_dose= 42% 15% 43% total=41300
  YoB 1930, % vaxxed=66  alive_by_dose= 34% 21% 45% total=317448
  YoB 1940, % vaxxed=43  alive_by_dose= 57% 36% 7% total=943682
  YoB 1950, % vaxxed=10  alive_by_dose= 90% 7% 3% total=1270626
  YoB 1960, % vaxxed=10  alive_by_dose= 90% 6% 4% total=1295578
  YoB 1970, % vaxxed=8  alive_by_dose= 92% 4% 4% total=1711440
  YoB 1980, % vaxxed=5  alive_by_dose= 95% 2% 3% total=1432231
  YoB 1990, % vaxxed=4  alive_by_dose= 96% 2% 2% total=1156512
  YoB 2000, % vaxxed=1  alive_by_dose= 99% 0% 0% total=1047930
SLOPE2_WINDOW_PAIR,EnrollmentDate=2021_13,pair=2022-24..2022-36 vs 2023-24..2023-36,fallback_W4=2022-42..2022-48
SLOPE2_FALLBACK,EnrollmentDate=2021_13,using=W4,2022-42..2022-48 (applies to all cohorts)
SLOPE2_DIAG,EnrollmentDate=2021_13,YoB=2000,Dose=1,W1_present=13,W2_present=13,Wm1=2.435816e-05,Wm2=0.000000e+00,reason=zero_means
SLOPE2_DIAG,EnrollmentDate=2021_13,YoB=2000,Dose=2,W1_present=13,W2_present=7,Wm1=0.000000e+00,Wm2=6.589352e-05,reason=zero_means
[Info] Processing sheet: 2021_20
[DEBUG] Filtered to start from enrollment date 05/17/2021: 136170 rows
[DEBUG] Filtered to 128160 rows for ages 1920-2009
[DEBUG] Filtered to doses [0, 1, 2] (max dose 2): 76896 rows
[DEBUG] Aggregated across sexes: 4806 rows
  YoB 1920, % vaxxed=68  alive_by_dose= 32% 16% 53% total=39876
  YoB 1930, % vaxxed=78  alive_by_dose= 22% 18% 60% total=312720
  YoB 1940, % vaxxed=77  alive_by_dose= 23% 37% 40% total=937903
  YoB 1950, % vaxxed=65  alive_by_dose= 35% 55% 10% total=1267233
  YoB 1960, % vaxxed=48  alive_by_dose= 52% 38% 10% total=1294318
  YoB 1970, % vaxxed=23  alive_by_dose= 77% 15% 8% total=1710913
  YoB 1980, % vaxxed=11  alive_by_dose= 89% 6% 5% total=1432064
  YoB 1990, % vaxxed=8  alive_by_dose= 92% 4% 4% total=1156443
  YoB 2000, % vaxxed=1  alive_by_dose= 99% 1% 1% total=1047916
SLOPE2_WINDOW_PAIR,EnrollmentDate=2021_20,pair=2022-24..2022-36 vs 2023-24..2023-36,fallback_W4=2022-42..2022-48
SLOPE2_FALLBACK,EnrollmentDate=2021_20,using=W4,2022-42..2022-48 (applies to all cohorts)
[Info] Processing sheet: 2021_24
[DEBUG] Filtered to start from enrollment date 06/14/2021: 133110 rows
[DEBUG] Filtered to 125280 rows for ages 1920-2009
[DEBUG] Filtered to doses [0, 1, 2] (max dose 2): 75168 rows
[DEBUG] Aggregated across sexes: 4698 rows
  YoB 1920, % vaxxed=71  alive_by_dose= 29% 9% 62% total=39151
  YoB 1930, % vaxxed=81  alive_by_dose= 19% 10% 71% total=310446
  YoB 1940, % vaxxed=82  alive_by_dose= 18% 19% 63% total=935566
  YoB 1950, % vaxxed=75  alive_by_dose= 25% 33% 42% total=1265827
  YoB 1960, % vaxxed=63  alive_by_dose= 37% 44% 19% total=1293837
  YoB 1970, % vaxxed=55  alive_by_dose= 45% 42% 13% total=1710657
  YoB 1980, % vaxxed=37  alive_by_dose= 63% 29% 9% total=1431983
  YoB 1990, % vaxxed=19  alive_by_dose= 81% 13% 6% total=1156410
  YoB 2000, % vaxxed=5  alive_by_dose= 95% 4% 1% total=1047909
SLOPE2_WINDOW_PAIR,EnrollmentDate=2021_24,pair=2022-24..2022-36 vs 2023-24..2023-36,fallback_W4=2022-42..2022-48
[Info] Processing sheet: 2021_30
[DEBUG] Filtered to start from enrollment date 07/26/2021: 128520 rows
[DEBUG] Filtered to 120960 rows for ages 1920-2009
[DEBUG] Filtered to doses [0, 1, 2] (max dose 2): 72576 rows
[DEBUG] Aggregated across sexes: 4536 rows
  YoB 1920, % vaxxed=73  alive_by_dose= 27% 4% 69% total=38042
  YoB 1930, % vaxxed=83  alive_by_dose= 17% 4% 79% total=307079
  YoB 1940, % vaxxed=85  alive_by_dose= 15% 5% 80% total=932163
  YoB 1950, % vaxxed=79  alive_by_dose= 21% 7% 72% total=1263878
  YoB 1960, % vaxxed=69  alive_by_dose= 31% 7% 62% total=1293018
  YoB 1970, % vaxxed=63  alive_by_dose= 37% 8% 55% total=1710250
  YoB 1980, % vaxxed=51  alive_by_dose= 49% 13% 37% total=1431820
  YoB 1990, % vaxxed=42  alive_by_dose= 58% 22% 21% total=1156352
  YoB 2000, % vaxxed=26  alive_by_dose= 74% 20% 6% total=1047887
SLOPE2_WINDOW_PAIR,EnrollmentDate=2021_30,pair=2022-24..2022-36 vs 2023-24..2023-36,fallback_W4=2022-42..2022-48
[Info] Processing sheet: 2022_06
[DEBUG] Filtered to start from enrollment date 02/07/2022: 107100 rows
[DEBUG] Filtered to 100800 rows for ages 1920-2009
[DEBUG] Filtered to doses [0, 1, 2, 3] (max dose 3): 80640 rows
[DEBUG] Aggregated across sexes: 5040 rows
  YoB 1920, % vaxxed=79  alive_by_dose= 21% 3% 12% 64% total=32013
  YoB 1930, % vaxxed=88  alive_by_dose= 12% 3% 11% 74% total=287519
  YoB 1940, % vaxxed=90  alive_by_dose= 10% 3% 10% 76% total=911048
  YoB 1950, % vaxxed=86  alive_by_dose= 14% 5% 13% 68% total=1251619
  YoB 1960, % vaxxed=79  alive_by_dose= 21% 6% 22% 52% total=1288420
  YoB 1970, % vaxxed=76  alive_by_dose= 24% 6% 29% 41% total=1708110
  YoB 1980, % vaxxed=68  alive_by_dose= 32% 7% 34% 27% total=1431021
  YoB 1990, % vaxxed=65  alive_by_dose= 35% 8% 38% 19% total=1156031
  YoB 2000, % vaxxed=59  alive_by_dose= 41% 4% 45% 9% total=1047724
SLOPE2_WINDOW_PAIR,EnrollmentDate=2022_06,pair=2022-24..2022-36 vs 2023-24..2023-36,fallback_W4=2022-42..2022-48
[Info] Processing sheet: 2022_47
[DEBUG] Filtered to start from enrollment date 11/21/2022: 75735 rows
[DEBUG] Filtered to 71280 rows for ages 1920-2009
[DEBUG] Filtered to doses [0, 1, 2, 3, 4] (max dose 4): 71280 rows
[DEBUG] Aggregated across sexes: 4455 rows
  YoB 1920, % vaxxed=81  alive_by_dose= 19% 4% 8% 44% 26% total=24843
  YoB 1930, % vaxxed=89  alive_by_dose= 11% 3% 8% 51% 27% total=261494
  YoB 1940, % vaxxed=90  alive_by_dose= 10% 3% 7% 55% 25% total=882820
  YoB 1950, % vaxxed=87  alive_by_dose= 13% 5% 9% 54% 18% total=1235734
  YoB 1960, % vaxxed=80  alive_by_dose= 20% 5% 18% 50% 6% total=1282414
  YoB 1970, % vaxxed=76  alive_by_dose= 24% 6% 24% 43% 3% total=1705268
  YoB 1980, % vaxxed=68  alive_by_dose= 32% 6% 28% 32% 2% total=1430046
  YoB 1990, % vaxxed=65  alive_by_dose= 35% 8% 31% 26% 1% total=1155642
  YoB 2000, % vaxxed=59  alive_by_dose= 41% 4% 39% 17% 0% total=1047511
SLOPE2_WINDOW_PAIR,EnrollmentDate=2022_47,pair=2023-24..2023-36 vs 2024-12..2024-20
SLOPE2_DIAG,EnrollmentDate=2022_47,YoB=2000,Dose=4,W1_present=13,W2_present=9,Wm1=4.073776e-05,Wm2=0.000000e+00,reason=zero_means

================================================================================
KCOR VALUES AT REPORTING DATES - ALL SHEETS
================================================================================

Sheet: 2021_13 — Reporting date: 2023-01-02
============================================================

Dose combination: 1 vs 0 [2021_13]
--------------------------------------------------
            YoB | KCOR [95% CI] | KCOR_ns
--------------------------------------------------
  ASMR (direct)   |   1.3992 [1.379, 1.419] | -
  1920            |   0.8956 [0.855, 0.939] | 1.1141  (beta_num=0.000860, beta_den=-0.003815)
  1930            |   1.1795 [1.153, 1.207] | 1.3101  (beta_num=0.000439, beta_den=-0.001882)
  1940            |   1.5686 [1.540, 1.598] | 1.7247  (beta_num=0.001273, beta_den=-0.000784)
  1950            |   1.6687 [1.599, 1.742] | 1.6053  (beta_num=-0.000425, beta_den=0.000432)
  1960            |   1.6985 [1.556, 1.854] | 1.3908  (beta_num=-0.003057, beta_den=0.001408)
  1970            |   2.7011 [2.355, 3.098] | 2.4221  (beta_num=-0.001882, beta_den=0.000412)
  1980            |   0.9224 [0.715, 1.190] | 0.7146  (beta_num=-0.003836, beta_den=0.001829)
  1990            |   1.3550 [0.934, 1.966] | 1.7816  (beta_num=0.004309, beta_den=-0.001113)
  2000            |   8.0163 [4.407, 14.580] | 8.1338  (beta_num=0.000000, beta_den=-0.000276)

Dose combination: 2 vs 0 [2021_13]
--------------------------------------------------
            YoB | KCOR [95% CI] | KCOR_ns
--------------------------------------------------
  ASMR (direct)   |   1.3358 [1.313, 1.359] | -
  1920            |   1.1200 [1.083, 1.159] | 1.3883  (beta_num=0.000775, beta_den=-0.003815)
  1930            |   1.4946 [1.467, 1.523] | 1.6654  (beta_num=0.000500, beta_den=-0.001882)
  1940            |   1.4721 [1.431, 1.514] | 1.5763  (beta_num=0.000755, beta_den=-0.000784)
  1950            |   1.0088 [0.953, 1.068] | 1.1043  (beta_num=0.002565, beta_den=0.000432)
  1960            |   1.6950 [1.534, 1.873] | 1.3283  (beta_num=-0.003883, beta_den=0.001408)
  1970            |   1.3068 [1.108, 1.542] | 1.1240  (beta_num=-0.002789, beta_den=0.000412)
  1980            |   0.6017 [0.458, 0.790] | 0.6932  (beta_num=0.004660, beta_den=0.001829)
  1990            |   1.1353 [0.806, 1.600] | 1.1991  (beta_num=0.000023, beta_den=-0.001113)
  2000            |   3.1873 [1.024, 9.916] | 3.2341  (beta_num=0.000000, beta_den=-0.000276)

Dose combination: 2 vs 1 [2021_13]
--------------------------------------------------
            YoB | KCOR [95% CI] | KCOR_ns
--------------------------------------------------
  ASMR (direct)   |   0.9559 [0.937, 0.976] | -
  1920            |   1.2506 [1.192, 1.312] | 1.2461  (beta_num=0.000775, beta_den=0.000860)
  1930            |   1.2671 [1.238, 1.297] | 1.2711  (beta_num=0.000500, beta_den=0.000439)
  1940            |   0.9385 [0.910, 0.968] | 0.9140  (beta_num=0.000755, beta_den=0.001273)
  1950            |   0.6045 [0.564, 0.648] | 0.6879  (beta_num=0.002565, beta_den=-0.000425)
  1960            |   0.9979 [0.876, 1.137] | 0.9550  (beta_num=-0.003883, beta_den=-0.003057)
  1970            |   0.4838 [0.392, 0.598] | 0.4641  (beta_num=-0.002789, beta_den=-0.001882)
  1980            |   0.6524 [0.452, 0.942] | 0.9701  (beta_num=0.004660, beta_den=-0.003836)
  1990            |   1.3512 [0.822, 2.220] | 1.0896  (beta_num=0.000023, beta_den=0.004309)
  2000            |   0.3976 [0.111, 1.424] | 0.3976  (beta_num=0.000000, beta_den=0.000000)

Sheet: 2021_20 — Reporting date: 2023-01-02
============================================================

Dose combination: 1 vs 0 [2021_20]
--------------------------------------------------
            YoB | KCOR [95% CI] | KCOR_ns
--------------------------------------------------
  ASMR (direct)   |   1.2568 [1.241, 1.272] | -
  1920            |   0.9209 [0.876, 0.968] | 1.0290  (beta_num=-0.001646, beta_den=-0.004265)
  1930            |   1.1883 [1.159, 1.219] | 1.3342  (beta_num=-0.000048, beta_den=-0.002888)
  1940            |   1.2705 [1.245, 1.297] | 1.4356  (beta_num=0.000673, beta_den=-0.002356)
  1950            |   1.5745 [1.538, 1.612] | 1.7199  (beta_num=0.001690, beta_den=-0.000392)
  1960            |   1.4207 [1.361, 1.483] | 1.5550  (beta_num=0.002794, beta_den=0.000679)
  1970            |   1.0247 [0.946, 1.110] | 1.3080  (beta_num=0.005648, beta_den=-0.000397)
  1980            |   1.2180 [1.034, 1.434] | 1.1751  (beta_num=0.000777, beta_den=0.001670)
  1990            |   1.1881 [0.881, 1.603] | 1.4019  (beta_num=0.002284, beta_den=-0.000878)
  2000            |   1.4399 [0.695, 2.983] | 7.0677  (beta_num=0.041318, beta_den=0.000290)

Dose combination: 2 vs 0 [2021_20]
--------------------------------------------------
            YoB | KCOR [95% CI] | KCOR_ns
--------------------------------------------------
  ASMR (direct)   |   1.1574 [1.143, 1.172] | -
  1920            |   0.8903 [0.859, 0.923] | 1.1117  (beta_num=0.000961, beta_den=-0.004265)
  1930            |   1.0551 [1.035, 1.076] | 1.2184  (beta_num=0.000603, beta_den=-0.002888)
  1940            |   1.2860 [1.260, 1.312] | 1.4975  (beta_num=0.001393, beta_den=-0.002356)
  1950            |   1.1820 [1.138, 1.228] | 1.1634  (beta_num=-0.000765, beta_den=-0.000392)
  1960            |   1.3132 [1.224, 1.409] | 1.1654  (beta_num=-0.002210, beta_den=0.000679)
  1970            |   1.3205 [1.183, 1.473] | 1.0536  (beta_num=-0.005498, beta_den=-0.000397)
  1980            |   2.3853 [1.979, 2.875] | 2.6280  (beta_num=0.004129, beta_den=0.001670)
  1990            |   0.8195 [0.634, 1.060] | 0.7391  (beta_num=-0.003490, beta_den=-0.000878)
  2000            |   1.9942 [1.015, 3.920] | 5.7812  (beta_num=0.041291, beta_den=0.000290)

Dose combination: 2 vs 1 [2021_20]
--------------------------------------------------
            YoB | KCOR [95% CI] | KCOR_ns
--------------------------------------------------
  ASMR (direct)   |   0.9229 [0.910, 0.936] | -
  1920            |   0.9668 [0.921, 1.014] | 1.0804  (beta_num=0.000961, beta_den=-0.001646)
  1930            |   0.8879 [0.867, 0.909] | 0.9132  (beta_num=0.000603, beta_den=-0.000048)
  1940            |   1.0122 [0.991, 1.034] | 1.0432  (beta_num=0.001393, beta_den=0.000673)
  1950            |   0.7507 [0.722, 0.781] | 0.6764  (beta_num=-0.000765, beta_den=0.001690)
  1960            |   0.9243 [0.857, 0.997] | 0.7495  (beta_num=-0.002210, beta_den=0.002794)
  1970            |   1.2887 [1.132, 1.467] | 0.8055  (beta_num=-0.005498, beta_den=0.005648)
  1980            |   1.9583 [1.542, 2.487] | 2.2364  (beta_num=0.004129, beta_den=0.000777)
  1990            |   1.9134 [1.308, 2.800] | 1.4480  (beta_num=-0.003490, beta_den=0.002284)
  2000            |   1.3850 [0.518, 3.703] | 0.8180  (beta_num=0.041291, beta_den=0.041318)

Sheet: 2021_24 — Reporting date: 2023-01-02
============================================================

Dose combination: 1 vs 0 [2021_24]
--------------------------------------------------
            YoB | KCOR [95% CI] | KCOR_ns
--------------------------------------------------
  ASMR (direct)   |   1.0278 [1.012, 1.044] | -
  1920            |   0.8045 [0.756, 0.857] | 0.8450  (beta_num=-0.003295, beta_den=-0.004508)
  1930            |   1.0021 [0.971, 1.034] | 1.1197  (beta_num=-0.000500, beta_den=-0.003403)
  1940            |   1.0139 [0.989, 1.040] | 1.1691  (beta_num=0.000706, beta_den=-0.003091)
  1950            |   1.2219 [1.188, 1.257] | 1.3911  (beta_num=0.002207, beta_den=-0.001137)
  1960            |   1.0589 [1.014, 1.106] | 1.2987  (beta_num=0.004619, beta_den=-0.000564)
  1970            |   1.2002 [1.125, 1.280] | 1.4072  (beta_num=0.003070, beta_den=-0.000921)
  1980            |   0.6789 [0.594, 0.776] | 0.9453  (beta_num=0.009154, beta_den=0.000249)
  1990            |   2.4111 [1.911, 3.042] | 3.8051  (beta_num=0.008231, beta_den=-0.002491)
  2000            |   0.9642 [0.634, 1.467] | 0.7834  (beta_num=-0.004282, beta_den=0.000005)

Dose combination: 2 vs 0 [2021_24]
--------------------------------------------------
            YoB | KCOR [95% CI] | KCOR_ns
--------------------------------------------------
  ASMR (direct)   |   1.1080 [1.095, 1.121] | -
  1920            |   0.8308 [0.801, 0.862] | 1.0295  (beta_num=0.000838, beta_den=-0.004508)
  1930            |   0.9982 [0.978, 1.019] | 1.1663  (beta_num=0.000612, beta_den=-0.003403)
  1940            |   1.1650 [1.143, 1.188] | 1.3696  (beta_num=0.001179, beta_den=-0.003091)
  1950            |   1.4678 [1.429, 1.508] | 1.5707  (beta_num=0.000648, beta_den=-0.001137)
  1960            |   1.1229 [1.066, 1.183] | 1.1166  (beta_num=-0.000681, beta_den=-0.000564)
  1970            |   1.1571 [1.065, 1.257] | 1.1656  (beta_num=-0.000706, beta_den=-0.000921)
  1980            |   1.3649 [1.177, 1.583] | 1.3801  (beta_num=0.000535, beta_den=0.000249)
  1990            |   1.7958 [1.430, 2.255] | 1.9917  (beta_num=0.000017, beta_den=-0.002491)
  2000            |   0.4602 [0.289, 0.733] | 0.8468  (beta_num=0.021151, beta_den=0.000005)

Dose combination: 2 vs 1 [2021_24]
--------------------------------------------------
            YoB | KCOR [95% CI] | KCOR_ns
--------------------------------------------------
  ASMR (direct)   |   1.0781 [1.061, 1.095] | -
  1920            |   1.0327 [0.973, 1.096] | 1.2184  (beta_num=0.000838, beta_den=-0.003295)
  1930            |   0.9961 [0.968, 1.025] | 1.0416  (beta_num=0.000612, beta_den=-0.000500)
  1940            |   1.1490 [1.123, 1.176] | 1.1715  (beta_num=0.001179, beta_den=0.000706)
  1950            |   1.2013 [1.166, 1.238] | 1.1290  (beta_num=0.000648, beta_den=0.002207)
  1960            |   1.0604 [1.001, 1.124] | 0.8598  (beta_num=-0.000681, beta_den=0.004619)
  1970            |   0.9641 [0.878, 1.059] | 0.8283  (beta_num=-0.000706, beta_den=0.003070)
  1980            |   2.0106 [1.671, 2.420] | 1.4600  (beta_num=0.000535, beta_den=0.009154)
  1990            |   0.7448 [0.549, 1.011] | 0.5234  (beta_num=0.000017, beta_den=0.008231)
  2000            |   0.4773 [0.260, 0.878] | 1.0810  (beta_num=0.021151, beta_den=-0.004282)

M/P by decades (Dose 2)
--------------------------------------------------
  1920: M/P KCOR = 1.0802
  1930: M/P KCOR = 1.3342
  1940: M/P KCOR = 1.2231
  1950: M/P KCOR = 1.8840
  1960: M/P KCOR = 1.3196
  1970: M/P KCOR = 1.3501
  1980: M/P KCOR = 1.1850
  1990: M/P KCOR = 1.7780
  2000: M/P KCOR = 0.6701

Sheet: 2021_30 — Reporting date: 2024-10-07
============================================================

Dose combination: 1 vs 0 [2021_30]
--------------------------------------------------
            YoB | KCOR [95% CI] | KCOR_ns
--------------------------------------------------
  ASMR (direct)   |   0.7114 [0.700, 0.724] | -
  1920            |   0.7682 [0.706, 0.836] | 0.6306  (beta_num=-0.006701, beta_den=-0.004725)
  1930            |   0.6359 [0.614, 0.659] | 0.7045  (beta_num=-0.002304, beta_den=-0.003698)
  1940            |   0.6712 [0.653, 0.690] | 0.8672  (beta_num=0.000172, beta_den=-0.003308)
  1950            |   0.7124 [0.691, 0.734] | 0.9473  (beta_num=0.001882, beta_den=-0.001994)
  1960            |   1.2737 [1.216, 1.335] | 1.4975  (beta_num=0.001196, beta_den=-0.000908)
  1970            |   0.6875 [0.642, 0.737] | 1.1609  (beta_num=0.005385, beta_den=-0.001549)
  1980            |   2.5140 [2.270, 2.784] | 1.4437  (beta_num=-0.005516, beta_den=0.001068)
  1990            |   1.4717 [1.279, 1.693] | 1.2495  (beta_num=-0.003667, beta_den=-0.001861)
  2000            |   0.8710 [0.714, 1.062] | 1.7142  (beta_num=0.007802, beta_den=-0.001074)

Dose combination: 2 vs 0 [2021_30]
--------------------------------------------------
            YoB | KCOR [95% CI] | KCOR_ns
--------------------------------------------------
  ASMR (direct)   |   0.9615 [0.954, 0.969] | -
  1920            |   0.7596 [0.736, 0.784] | 1.1432  (beta_num=0.000641, beta_den=-0.004725)
  1930            |   0.8196 [0.807, 0.833] | 1.1391  (beta_num=0.000606, beta_den=-0.003698)
  1940            |   1.0490 [1.034, 1.064] | 1.4522  (beta_num=0.001026, beta_den=-0.003308)
  1950            |   1.1092 [1.090, 1.129] | 1.4464  (beta_num=0.001524, beta_den=-0.001994)
  1960            |   1.2417 [1.209, 1.276] | 1.6720  (beta_num=0.002927, beta_den=-0.000908)
  1970            |   1.1605 [1.115, 1.207] | 1.4514  (beta_num=0.001327, beta_den=-0.001549)
  1980            |   1.0238 [0.952, 1.101] | 1.5092  (beta_num=0.006073, beta_den=0.001068)
  1990            |   0.8041 [0.714, 0.906] | 1.1994  (beta_num=0.003224, beta_den=-0.001861)
  2000            |   0.2685 [0.210, 0.343] | 0.2926  (beta_num=0.000009, beta_den=-0.001074)

Dose combination: 2 vs 1 [2021_30]
--------------------------------------------------
            YoB | KCOR [95% CI] | KCOR_ns
--------------------------------------------------
  ASMR (direct)   |   1.3516 [1.330, 1.373] | -
  1920            |   0.9888 [0.912, 1.072] | 1.8128  (beta_num=0.000641, beta_den=-0.006701)
  1930            |   1.2889 [1.247, 1.332] | 1.6168  (beta_num=0.000606, beta_den=-0.002304)
  1940            |   1.5630 [1.524, 1.603] | 1.6746  (beta_num=0.001026, beta_den=0.000172)
  1950            |   1.5570 [1.512, 1.603] | 1.5269  (beta_num=0.001524, beta_den=0.001882)
  1960            |   0.9749 [0.930, 1.022] | 1.1165  (beta_num=0.002927, beta_den=0.001196)
  1970            |   1.6879 [1.572, 1.812] | 1.2503  (beta_num=0.001327, beta_den=0.005385)
  1980            |   0.4072 [0.364, 0.456] | 1.0453  (beta_num=0.006073, beta_den=-0.005516)
  1990            |   0.5464 [0.464, 0.643] | 0.9599  (beta_num=0.003224, beta_den=-0.003667)
  2000            |   0.3082 [0.230, 0.413] | 0.1707  (beta_num=0.000009, beta_den=0.007802)

Sheet: 2022_06 — Reporting date: 2023-01-02
============================================================

Dose combination: 1 vs 0 [2022_06]
--------------------------------------------------
            YoB | KCOR [95% CI] | KCOR_ns
--------------------------------------------------
  ASMR (direct)   |   1.1180 [1.073, 1.164] | -
  1920            |   1.2913 [1.093, 1.526] | 1.3104  (beta_num=-0.005832, beta_den=-0.006107)
  1930            |   1.2948 [1.192, 1.407] | 1.2260  (beta_num=-0.006420, beta_den=-0.003951)
  1940            |   0.9987 [0.924, 1.080] | 1.0410  (beta_num=-0.002292, beta_den=-0.004327)
  1950            |   1.0556 [0.969, 1.150] | 1.0469  (beta_num=-0.003059, beta_den=-0.002742)
  1960            |   1.0462 [0.930, 1.176] | 1.0042  (beta_num=-0.002925, beta_den=-0.001032)
  1970            |   0.9982 [0.855, 1.166] | 1.0781  (beta_num=0.000054, beta_den=-0.003639)
  1980            |   1.2995 [1.030, 1.639] | 1.2023  (beta_num=-0.003968, beta_den=-0.000225)
  1990            |   3.4020 [2.437, 4.749] | 2.3793  (beta_num=-0.017056, beta_den=-0.000598)
  2000            |   0.9600 [0.540, 1.706] | 0.6822  (beta_num=-0.017615, beta_den=-0.000586)

Dose combination: 2 vs 0 [2022_06]
--------------------------------------------------
            YoB | KCOR [95% CI] | KCOR_ns
--------------------------------------------------
  ASMR (direct)   |   1.0369 [1.015, 1.059] | -
  1920            |   0.8829 [0.816, 0.956] | 1.0284  (beta_num=0.000936, beta_den=-0.006107)
  1930            |   1.0132 [0.971, 1.058] | 1.0549  (beta_num=-0.002050, beta_den=-0.003951)
  1940            |   1.0492 [1.007, 1.093] | 1.1015  (beta_num=-0.001963, beta_den=-0.004327)
  1950            |   1.1025 [1.050, 1.157] | 1.1440  (beta_num=-0.000971, beta_den=-0.002742)
  1960            |   0.9603 [0.895, 1.030] | 0.9871  (beta_num=0.000289, beta_den=-0.001032)
  1970            |   1.2224 [1.112, 1.343] | 1.2937  (beta_num=-0.000886, beta_den=-0.003639)
  1980            |   1.1349 [0.974, 1.322] | 1.1959  (beta_num=0.002186, beta_den=-0.000225)
  1990            |   2.0497 [1.646, 2.553] | 1.9578  (beta_num=-0.002349, beta_den=-0.000598)
  2000            |   1.3809 [1.039, 1.836] | 1.4211  (beta_num=0.000759, beta_den=-0.000586)

Dose combination: 2 vs 1 [2022_06]
--------------------------------------------------
            YoB | KCOR [95% CI] | KCOR_ns
--------------------------------------------------
  ASMR (direct)   |   0.9275 [0.890, 0.966] | -
  1920            |   0.6837 [0.576, 0.812] | 0.7848  (beta_num=0.000936, beta_den=-0.005832)
  1930            |   0.7825 [0.720, 0.850] | 0.8604  (beta_num=-0.002050, beta_den=-0.006420)
  1940            |   1.0505 [0.972, 1.135] | 1.0581  (beta_num=-0.001963, beta_den=-0.002292)
  1950            |   1.0444 [0.958, 1.139] | 1.0928  (beta_num=-0.000971, beta_den=-0.003059)
  1960            |   0.9179 [0.814, 1.035] | 0.9830  (beta_num=0.000289, beta_den=-0.002925)
  1970            |   1.2245 [1.045, 1.435] | 1.2000  (beta_num=-0.000886, beta_den=0.000054)
  1980            |   0.8733 [0.683, 1.117] | 0.9947  (beta_num=0.002186, beta_den=-0.003968)
  1990            |   0.6025 [0.427, 0.850] | 0.8229  (beta_num=-0.002349, beta_den=-0.017056)
  2000            |   1.4384 [0.804, 2.573] | 2.0832  (beta_num=0.000759, beta_den=-0.017615)

Dose combination: 3 vs 2 [2022_06]
--------------------------------------------------
            YoB | KCOR [95% CI] | KCOR_ns
--------------------------------------------------
  ASMR (direct)   |   1.3719 [1.348, 1.396] | -
  1920            |   1.3719 [1.279, 1.472] | 1.3660  (beta_num=0.000672, beta_den=0.000936)
  1930            |   1.3753 [1.328, 1.424] | 1.4730  (beta_num=0.001125, beta_den=-0.002050)
  1940            |   1.4676 [1.421, 1.516] | 1.5889  (beta_num=0.001714, beta_den=-0.001963)
  1950            |   1.3448 [1.290, 1.402] | 1.4517  (beta_num=0.002524, beta_den=-0.000971)
  1960            |   1.1475 [1.072, 1.228] | 1.2358  (beta_num=0.003655, beta_den=0.000289)
  1970            |   1.0967 [0.994, 1.210] | 1.2546  (beta_num=0.005231, beta_den=-0.000886)
  1980            |   0.9562 [0.796, 1.149] | 1.0853  (beta_num=0.007925, beta_den=0.002186)
  1990            |   0.5264 [0.398, 0.697] | 0.6655  (beta_num=0.008439, beta_den=-0.002349)
  2000            |   0.4915 [0.307, 0.786] | 0.5800  (beta_num=0.008698, beta_den=0.000759)

Dose combination: 3 vs 1 [2022_06]
--------------------------------------------------
            YoB | KCOR [95% CI] | KCOR_ns
--------------------------------------------------
  ASMR (direct)   |   1.2724 [1.224, 1.323] | -
  1920            |   0.9380 [0.797, 1.104] | 1.0721  (beta_num=0.000672, beta_den=-0.005832)
  1930            |   1.0762 [0.995, 1.165] | 1.2673  (beta_num=0.001125, beta_den=-0.006420)
  1940            |   1.5417 [1.432, 1.660] | 1.6812  (beta_num=0.001714, beta_den=-0.002292)
  1950            |   1.4046 [1.294, 1.525] | 1.5863  (beta_num=0.002524, beta_den=-0.003059)
  1960            |   1.0533 [0.938, 1.183] | 1.2148  (beta_num=0.003655, beta_den=-0.002925)
  1970            |   1.3429 [1.147, 1.573] | 1.5055  (beta_num=0.005231, beta_den=0.000054)
  1980            |   0.8350 [0.648, 1.076] | 1.0795  (beta_num=0.007925, beta_den=-0.003968)
  1990            |   0.3172 [0.218, 0.462] | 0.5476  (beta_num=0.008439, beta_den=-0.017056)
  2000            |   0.7070 [0.356, 1.403] | 1.2083  (beta_num=0.008698, beta_den=-0.017615)

Dose combination: 3 vs 0 [2022_06]
--------------------------------------------------
            YoB | KCOR [95% CI] | KCOR_ns
--------------------------------------------------
  ASMR (direct)   |   1.4225 [1.398, 1.447] | -
  1920            |   1.2112 [1.143, 1.283] | 1.4049  (beta_num=0.000672, beta_den=-0.006107)
  1930            |   1.3935 [1.347, 1.441] | 1.5538  (beta_num=0.001125, beta_den=-0.003951)
  1940            |   1.5397 [1.490, 1.591] | 1.7502  (beta_num=0.001714, beta_den=-0.004327)
  1950            |   1.4826 [1.424, 1.544] | 1.6607  (beta_num=0.002524, beta_den=-0.002742)
  1960            |   1.1019 [1.035, 1.173] | 1.2199  (beta_num=0.003655, beta_den=-0.001032)
  1970            |   1.3406 [1.222, 1.471] | 1.6231  (beta_num=0.005231, beta_den=-0.003639)
  1980            |   1.0852 [0.920, 1.279] | 1.2979  (beta_num=0.007925, beta_den=-0.000225)
  1990            |   1.0790 [0.825, 1.411] | 1.3029  (beta_num=0.008439, beta_den=-0.000598)
  2000            |   0.6787 [0.428, 1.076] | 0.8243  (beta_num=0.008698, beta_den=-0.000586)

M/P by decades (Dose 3)
--------------------------------------------------
  1920: M/P KCOR = 1.0303
  1930: M/P KCOR = 1.1277
  1940: M/P KCOR = 1.2096
  1950: M/P KCOR = 1.1477
  1960: M/P KCOR = 1.1041
  1970: M/P KCOR = 1.0034
  1980: M/P KCOR = 0.9259
  1990: M/P KCOR = 0.8294
  2000: M/P KCOR = 1.0335

Sheet: 2022_47 — Reporting date: 2024-01-01
============================================================

Dose combination: 1 vs 0 [2022_47]
--------------------------------------------------
            YoB | KCOR [95% CI] | KCOR_ns
--------------------------------------------------
  ASMR (direct)   |   0.9327 [0.893, 0.974] | -
  1920            |   1.9755 [1.624, 2.403] | 1.7350  (beta_num=-0.002285, beta_den=0.002728)
  1930            |   1.0349 [0.940, 1.139] | 0.9283  (beta_num=-0.003760, beta_den=0.000533)
  1940            |   0.7428 [0.684, 0.807] | 0.7867  (beta_num=0.001504, beta_den=-0.000816)
  1950            |   0.8701 [0.795, 0.952] | 0.8712  (beta_num=-0.001943, beta_den=-0.001894)
  1960            |   1.1234 [1.008, 1.252] | 1.1417  (beta_num=-0.002763, beta_den=-0.003476)
  1970            |   0.7517 [0.649, 0.870] | 0.8691  (beta_num=0.002326, beta_den=-0.003382)
  1980            |   1.4943 [1.204, 1.855] | 2.2599  (beta_num=0.009697, beta_den=-0.006665)
  1990            |   1.0137 [0.655, 1.569] | 1.8668  (beta_num=0.021581, beta_den=0.000059)
  2000            |   0.3515 [0.185, 0.668] | 0.7166  (beta_num=0.027923, beta_den=-0.004036)

Dose combination: 2 vs 0 [2022_47]
--------------------------------------------------
            YoB | KCOR [95% CI] | KCOR_ns
--------------------------------------------------
  ASMR (direct)   |   1.0020 [0.980, 1.024] | -
  1920            |   1.7383 [1.578, 1.915] | 1.6062  (beta_num=-0.000535, beta_den=0.002728)
  1930            |   0.8849 [0.845, 0.927] | 0.9362  (beta_num=0.002786, beta_den=0.000533)
  1940            |   0.9394 [0.901, 0.980] | 0.9899  (beta_num=0.001218, beta_den=-0.000816)
  1950            |   1.1669 [1.112, 1.225] | 1.0882  (beta_num=-0.004558, beta_den=-0.001894)
  1960            |   0.9358 [0.876, 1.000] | 1.0306  (beta_num=0.000234, beta_den=-0.003476)
  1970            |   0.8795 [0.804, 0.962] | 0.9638  (beta_num=0.000155, beta_den=-0.003382)
  1980            |   1.1379 [0.992, 1.305] | 1.3308  (beta_num=-0.000837, beta_den=-0.006665)
  1990            |   1.1875 [0.961, 1.468] | 1.1351  (beta_num=-0.001652, beta_den=0.000059)
  2000            |   0.5714 [0.430, 0.760] | 0.5512  (beta_num=-0.005333, beta_den=-0.004036)

Dose combination: 2 vs 1 [2022_47]
--------------------------------------------------
            YoB | KCOR [95% CI] | KCOR_ns
--------------------------------------------------
  ASMR (direct)   |   1.0742 [1.028, 1.122] | -
  1920            |   0.8799 [0.719, 1.076] | 0.9258  (beta_num=-0.000535, beta_den=-0.002285)
  1930            |   0.8551 [0.775, 0.943] | 1.0086  (beta_num=0.002786, beta_den=-0.003760)
  1940            |   1.2646 [1.164, 1.374] | 1.2583  (beta_num=0.001218, beta_den=0.001504)
  1950            |   1.3411 [1.225, 1.468] | 1.2491  (beta_num=-0.004558, beta_den=-0.001943)
  1960            |   0.8330 [0.745, 0.932] | 0.9027  (beta_num=0.000234, beta_den=-0.002763)
  1970            |   1.1700 [1.006, 1.361] | 1.1090  (beta_num=0.000155, beta_den=0.002326)
  1980            |   0.7615 [0.607, 0.955] | 0.5889  (beta_num=-0.000837, beta_den=0.009697)
  1990            |   1.1715 [0.747, 1.838] | 0.6081  (beta_num=-0.001652, beta_den=0.021581)
  2000            |   1.6257 [0.847, 3.119] | 0.7692  (beta_num=-0.005333, beta_den=0.027923)

Dose combination: 3 vs 2 [2022_47]
--------------------------------------------------
            YoB | KCOR [95% CI] | KCOR_ns
--------------------------------------------------
  ASMR (direct)   |   1.0551 [1.036, 1.075] | -
  1920            |   0.6823 [0.627, 0.743] | 0.6877  (beta_num=-0.000243, beta_den=-0.000535)
  1930            |   1.1654 [1.121, 1.212] | 1.1323  (beta_num=0.001625, beta_den=0.002786)
  1940            |   1.1152 [1.078, 1.154] | 1.1039  (beta_num=0.000814, beta_den=0.001218)
  1950            |   0.9010 [0.864, 0.939] | 1.0356  (beta_num=0.000775, beta_den=-0.004558)
  1960            |   1.0332 [0.971, 1.099] | 1.0359  (beta_num=0.000331, beta_den=0.000234)
  1970            |   1.3176 [1.207, 1.439] | 1.2272  (beta_num=-0.002423, beta_den=0.000155)
  1980            |   1.0526 [0.903, 1.226] | 0.9792  (beta_num=-0.003547, beta_den=-0.000837)
  1990            |   1.4667 [1.150, 1.871] | 1.2314  (beta_num=-0.008556, beta_den=-0.001652)
  2000            |   1.1694 [0.796, 1.717] | 1.1250  (beta_num=-0.006609, beta_den=-0.005333)

Dose combination: 3 vs 1 [2022_47]
--------------------------------------------------
            YoB | KCOR [95% CI] | KCOR_ns
--------------------------------------------------
  ASMR (direct)   |   1.1335 [1.087, 1.182] | -
  1920            |   0.6004 [0.496, 0.726] | 0.6367  (beta_num=-0.000243, beta_den=-0.002285)
  1930            |   0.9965 [0.908, 1.093] | 1.1420  (beta_num=0.001625, beta_den=-0.003760)
  1940            |   1.4103 [1.303, 1.526] | 1.3891  (beta_num=0.000814, beta_den=0.001504)
  1950            |   1.2083 [1.109, 1.317] | 1.2935  (beta_num=0.000775, beta_den=-0.001943)
  1960            |   0.8607 [0.774, 0.957] | 0.9351  (beta_num=0.000331, beta_den=-0.002763)
  1970            |   1.5417 [1.333, 1.783] | 1.3610  (beta_num=-0.002423, beta_den=0.002326)
  1980            |   0.8016 [0.639, 1.005] | 0.5766  (beta_num=-0.003547, beta_den=0.009697)
  1990            |   1.7183 [1.093, 2.702] | 0.7487  (beta_num=-0.008556, beta_den=0.021581)
  2000            |   1.9011 [0.952, 3.796] | 0.8653  (beta_num=-0.006609, beta_den=0.027923)

Dose combination: 3 vs 0 [2022_47]
--------------------------------------------------
            YoB | KCOR [95% CI] | KCOR_ns
--------------------------------------------------
  ASMR (direct)   |   1.0572 [1.039, 1.076] | -
  1920            |   1.1860 [1.104, 1.274] | 1.1046  (beta_num=-0.000243, beta_den=0.002728)
  1930            |   1.0313 [0.996, 1.068] | 1.0601  (beta_num=0.001625, beta_den=0.000533)
  1940            |   1.0476 [1.014, 1.082] | 1.0928  (beta_num=0.000814, beta_den=-0.000816)
  1950            |   1.0513 [1.011, 1.093] | 1.1269  (beta_num=0.000775, beta_den=-0.001894)
  1960            |   0.9668 [0.914, 1.023] | 1.0676  (beta_num=0.000331, beta_den=-0.003476)
  1970            |   1.1588 [1.070, 1.255] | 1.1828  (beta_num=-0.002423, beta_den=-0.003382)
  1980            |   1.1978 [1.045, 1.372] | 1.3030  (beta_num=-0.003547, beta_den=-0.006665)
  1990            |   1.7418 [1.401, 2.165] | 1.3977  (beta_num=-0.008556, beta_den=0.000059)
  2000            |   0.6682 [0.463, 0.965] | 0.6201  (beta_num=-0.006609, beta_den=-0.004036)

Dose combination: 4 vs 3 [2022_47]
--------------------------------------------------
            YoB | KCOR [95% CI] | KCOR_ns
--------------------------------------------------
  ASMR (direct)   |   1.1978 [1.176, 1.220] | -
  1920            |   1.3188 [1.238, 1.405] | 1.2976  (beta_num=-0.000857, beta_den=-0.000243)
  1930            |   1.1327 [1.100, 1.167] | 1.1382  (beta_num=0.001747, beta_den=0.001625)
  1940            |   1.1028 [1.072, 1.135] | 1.1504  (beta_num=0.002327, beta_den=0.000814)
  1950            |   1.2864 [1.234, 1.342] | 1.2654  (beta_num=0.000138, beta_den=0.000775)
  1960            |   1.3421 [1.225, 1.471] | 1.4796  (beta_num=0.003946, beta_den=0.000331)
  1970            |   2.1931 [1.859, 2.587] | 1.7108  (beta_num=-0.011009, beta_den=-0.002423)
  1980            |   1.0445 [0.768, 1.421] | 0.6471  (beta_num=-0.020896, beta_den=-0.003547)
  1990            |   1.2911 [0.786, 2.121] | 1.4393  (beta_num=-0.003741, beta_den=-0.008556)
  2000            |   4.1365 [1.629, 10.504] | 5.0856  (beta_num=0.000000, beta_den=-0.006609)

Dose combination: 4 vs 2 [2022_47]
--------------------------------------------------
            YoB | KCOR [95% CI] | KCOR_ns
--------------------------------------------------
  ASMR (direct)   |   1.2635 [1.235, 1.293] | -
  1920            |   0.8998 [0.822, 0.986] | 0.8924  (beta_num=-0.000857, beta_den=-0.000535)
  1930            |   1.3200 [1.265, 1.378] | 1.2889  (beta_num=0.001747, beta_den=0.002786)
  1940            |   1.2299 [1.183, 1.279] | 1.2700  (beta_num=0.002327, beta_den=0.001218)
  1950            |   1.1590 [1.101, 1.220] | 1.3104  (beta_num=0.000138, beta_den=-0.004558)
  1960            |   1.3866 [1.257, 1.530] | 1.5326  (beta_num=0.003946, beta_den=0.000234)
  1970            |   2.8898 [2.438, 3.425] | 2.0996  (beta_num=-0.011009, beta_den=0.000155)
  1980            |   1.0994 [0.808, 1.496] | 0.6336  (beta_num=-0.020896, beta_den=-0.000837)
  1990            |   1.8937 [1.156, 3.103] | 1.7723  (beta_num=-0.003741, beta_den=-0.001652)
  2000            |   4.5568 [1.848, 11.239] | 5.3855  (beta_num=0.000000, beta_den=-0.005333)

Dose combination: 4 vs 1 [2022_47]
--------------------------------------------------
            YoB | KCOR [95% CI] | KCOR_ns
--------------------------------------------------
  ASMR (direct)   |   1.3558 [1.298, 1.416] | -
  1920            |   0.7917 [0.653, 0.960] | 0.8261  (beta_num=-0.000857, beta_den=-0.002285)
  1930            |   1.1287 [1.027, 1.240] | 1.2999  (beta_num=0.001747, beta_den=-0.003760)
  1940            |   1.5553 [1.434, 1.687] | 1.5980  (beta_num=0.002327, beta_den=0.001504)
  1950            |   1.5544 [1.419, 1.702] | 1.6368  (beta_num=0.000138, beta_den=-0.001943)
  1960            |   1.1551 [1.014, 1.316] | 1.3835  (beta_num=0.003946, beta_den=-0.002763)
  1970            |   3.3811 [2.753, 4.153] | 2.3284  (beta_num=-0.011009, beta_den=0.002326)
  1980            |   0.8372 [0.590, 1.189] | 0.3731  (beta_num=-0.020896, beta_den=0.009697)
  1990            |   2.2184 [1.188, 4.141] | 1.0776  (beta_num=-0.003741, beta_den=0.021581)
  2000            |   8.0491 [2.760, 23.474] | 3.8277  (beta_num=0.000000, beta_den=0.027923)

Dose combination: 4 vs 0 [2022_47]
--------------------------------------------------
            YoB | KCOR [95% CI] | KCOR_ns
--------------------------------------------------
  ASMR (direct)   |   1.2678 [1.241, 1.296] | -
  1920            |   1.5641 [1.446, 1.691] | 1.4333  (beta_num=-0.000857, beta_den=0.002728)
  1930            |   1.1681 [1.123, 1.215] | 1.2067  (beta_num=0.001747, beta_den=0.000533)
  1940            |   1.1553 [1.113, 1.199] | 1.2571  (beta_num=0.002327, beta_den=-0.000816)
  1950            |   1.3524 [1.288, 1.421] | 1.4260  (beta_num=0.000138, beta_den=-0.001894)
  1960            |   1.2976 [1.181, 1.426] | 1.5796  (beta_num=0.003946, beta_den=-0.003476)
  1970            |   2.5414 [2.153, 3.000] | 2.0235  (beta_num=-0.011009, beta_den=-0.003382)
  1980            |   1.2511 [0.927, 1.689] | 0.8432  (beta_num=-0.020896, beta_den=-0.006665)
  1990            |   2.2488 [1.389, 3.640] | 2.0118  (beta_num=-0.003741, beta_den=0.000059)
  2000            |   3.9243 [1.602, 9.611] | 4.4435  (beta_num=0.000000, beta_den=-0.004036)

M/P by decades (Dose 4)
--------------------------------------------------
  1920: M/P KCOR = 0.2594
  1930: M/P KCOR = 1.6342
  1940: M/P KCOR = 0.3553
  1950: M/P KCOR = 4.1847
  1960: M/P KCOR = 1.5430
  1970: M/P KCOR = 1.6349
  1980: M/P KCOR = 1.9939
  1990: M/P KCOR = 0.6872
  2000: M/P KCOR = 0.0000
================================================================================
[MFG] Wrote M/P KCOR: 2021_24 Dose 2 by decades ( 2169 rows)
[MFG] Wrote M/P KCOR: 2022_06 Dose 3 by decades ( 2169 rows)
[MFG] Wrote M/P KCOR: 2022_47 Dose 4 by decades ( 2169 rows)
[Done] Wrote 39394 rows to ../data/Czech/KCOR.xlsx at 2025-11-01 11:06:31
[Summary] Creating summary file: ../data/Czech/KCOR_summary.xlsx
  - 2021_13: 3 dose combinations, 37 summary rows
  - 2021_20: 3 dose combinations, 37 summary rows
  - 2021_24: 3 dose combinations, 37 summary rows
  - 2021_30: 3 dose combinations, 37 summary rows
  - 2022_06: 6 dose combinations, 73 summary rows
  - 2022_47: 10 dose combinations, 121 summary rows
[Summary] Created summary with 6 enrollment periods
