================================================================================
KCOR v4.6 - Kirsch Cumulative Outcomes Ratio Analysis
================================================================================
Analysis Date: 2025-10-19 14:04:51
Mode: Primary Analysis
Input File: ../data/furst1/KCOR_CMR.xlsx
Output File: ../data/furst1/KCOR.xlsx
Log File: ../data/furst1/KCOR_summary.log
--------------------------------------------------------------------------------
Configuration Parameters (effective):
  KCOR_NORMALIZATION_WEEK = 4
  DYNAMIC_HVE_SKIP_WEEKS = 0
  AGE_RANGE             = 10
  YEAR_RANGE            = (1920, 2009)
  ENROLLMENT_DATES      = ['2021_13', '2021_24', '2022_06', '2022_47']
  DEBUG_VERBOSE         = True
  OVERRIDE_DOSE_PAIRS   = None
  OVERRIDE_YOBS         = None
  KCOR_REPORTING_DATE   = {'2021-13': '2022-12-31', '2021_13': '2022-12-31', '2021_24': '2022-12-31', '2022_06': '2022-12-31', '2022_47': '2023-12-31'}
  NEGATIVE_CONTROL_MODE = 0
  SLOPE2_W1            = (2022-24, 2022-36)
  SLOPE2_W2            = (2023-24, 2023-36)
  SLOPE2_W3            = (2024-12, 2024-20)
  SLOPE2_W4            = (2022-42, 2022-48)  [fallback second window if W2 has no data]
  SLOPE2 selection     = W1/W2 unless enrollment_date > start(W1), then W2/W3
================================================================================

[DEBUG] Limiting to age range: 1920-2009
[DEBUG] Limiting to enrollment dates: ['2021_13', '2021_24', '2022_06', '2022_47']
[Info] Processing sheet: 2021_13
[DEBUG] Filtered to start from enrollment date 03/29/2021: 440 rows
[DEBUG] Filtered to 440 rows for ages 1920-2009
[DEBUG] Filtered to doses [0, 1, 2] (max dose 2): 264 rows
[DEBUG] Aggregated across sexes: 264 rows
  YoB 1950, % vaxxed=0  alive_by_dose= 100% 0% total=997511
SLOPE2_WINDOW_PAIR,EnrollmentDate=2021_13,pair=2022-24..2022-36 vs 2023-24..2023-36,fallback_W4=2022-42..2022-48
SLOPE2_FALLBACK,EnrollmentDate=2021_13,using=W4,2022-42..2022-48 (applies to all cohorts)
[Info] Processing sheet: 2021_24
[DEBUG] Filtered to start from enrollment date 06/14/2021: 385 rows
[DEBUG] Filtered to 385 rows for ages 1920-2009
[DEBUG] Filtered to doses [0, 1, 2] (max dose 2): 231 rows
[DEBUG] Aggregated across sexes: 231 rows
  YoB 1950, % vaxxed=35  alive_by_dose= 65% 35% total=995345
SLOPE2_WINDOW_PAIR,EnrollmentDate=2021_24,pair=2022-24..2022-36 vs 2023-24..2023-36,fallback_W4=2022-42..2022-48
SLOPE2_FALLBACK,EnrollmentDate=2021_24,using=W4,2022-42..2022-48 (applies to all cohorts)
[Info] Processing sheet: 2022_06
[DEBUG] Filtered to start from enrollment date 02/07/2022: 215 rows
[DEBUG] Filtered to 215 rows for ages 1920-2009
[DEBUG] Filtered to doses [0, 1, 2, 3] (max dose 3): 172 rows
[DEBUG] Aggregated across sexes: 172 rows
  YoB 1950, % vaxxed=80  alive_by_dose= 20% 80% total=988621
SLOPE2_WINDOW_PAIR,EnrollmentDate=2022_06,pair=2022-24..2022-36 vs 2023-24..2023-36,fallback_W4=2022-42..2022-48
SLOPE2_FALLBACK,EnrollmentDate=2022_06,using=W4,2022-42..2022-48 (applies to all cohorts)
[Info] Processing sheet: 2022_47
[DEBUG] Filtered to start from enrollment date 11/21/2022: 10 rows
[DEBUG] Filtered to 10 rows for ages 1920-2009
[DEBUG] Filtered to doses [0, 1, 2, 3, 4] (max dose 4): 10 rows
[DEBUG] Aggregated across sexes: 10 rows
  YoB 1950, % vaxxed=80  alive_by_dose= 20% 80% total=980186
SLOPE2_WINDOW_PAIR,EnrollmentDate=2022_47,pair=2023-24..2023-36 vs 2024-12..2024-20
SLOPE2_ABORT,EnrollmentDate=2022_47,reason=no_data_in_W1 — dataset lacks coverage in W1 2023-24..2023-36
SLOPE2_DIAG,EnrollmentDate=2022_47,YoB=1950,Dose=0,W1_present=0,W2_present=0,Wm1=0.000000e+00,Wm2=0.000000e+00,reason=zero_means
SLOPE2_DIAG,EnrollmentDate=2022_47,YoB=1950,Dose=1,W1_present=0,W2_present=0,Wm1=0.000000e+00,Wm2=0.000000e+00,reason=zero_means
SLOPE2_DIAG,EnrollmentDate=2022_47,YoB=1950,Dose=2,W1_present=0,W2_present=0,Wm1=0.000000e+00,Wm2=0.000000e+00,reason=zero_means
SLOPE2_DIAG,EnrollmentDate=2022_47,YoB=1950,Dose=3,W1_present=0,W2_present=0,Wm1=0.000000e+00,Wm2=0.000000e+00,reason=zero_means
SLOPE2_DIAG,EnrollmentDate=2022_47,YoB=1950,Dose=4,W1_present=0,W2_present=0,Wm1=0.000000e+00,Wm2=0.000000e+00,reason=zero_means
SLOPE2_ALL_ZERO,EnrollmentDate=2022_47,W1=2023-24..2023-36,W2=2024-12..2024-20 — no valid slope2 signal (check data coverage in those windows)

================================================================================
KCOR VALUES AT REPORTING DATES - ALL SHEETS
================================================================================

Sheet: 2021_13 — Reporting date: 2022-11-28
============================================================

Dose combination: 1 vs 0 [2021_13]
--------------------------------------------------
            YoB | KCOR [95% CI] | KCOR_o
--------------------------------------------------
  ASMR (direct)   |   0.1572 [0.084, 0.293] | -
  1950            |   0.1572 [0.064, 0.386] | 0.5927  (beta_num=0.041549, beta_den=-0.001503)

Dose combination: 2 vs 0 [2021_13]
--------------------------------------------------
            YoB | KCOR [95% CI] | KCOR_o
--------------------------------------------------
  1950            |      nan [nan, nan] | 0.0000  (beta_num=nan, beta_den=-0.001503)

Dose combination: 2 vs 1 [2021_13]
--------------------------------------------------
            YoB | KCOR [95% CI] | KCOR_o
--------------------------------------------------
  1950            |      nan [nan, nan] | 0.0000  (beta_num=nan, beta_den=0.041549)

Sheet: 2021_24 — Reporting date: 2022-11-28
============================================================

Dose combination: 1 vs 0 [2021_24]
--------------------------------------------------
            YoB | KCOR [95% CI] | KCOR_o
--------------------------------------------------
  ASMR (direct)   |   1.0706 [1.034, 1.108] | -
  1950            |   1.0706 [1.034, 1.109] | 0.9017  (beta_num=-0.004516, beta_den=0.000124)

Dose combination: 2 vs 0 [2021_24]
--------------------------------------------------
            YoB | KCOR [95% CI] | KCOR_o
--------------------------------------------------
  1950            |      nan [nan, nan] | 0.0000  (beta_num=nan, beta_den=0.000124)

Dose combination: 2 vs 1 [2021_24]
--------------------------------------------------
            YoB | KCOR [95% CI] | KCOR_o
--------------------------------------------------
  1950            |      nan [nan, nan] | 0.0000  (beta_num=nan, beta_den=-0.004516)

Sheet: 2022_06 — Reporting date: 2022-11-28
============================================================

Dose combination: 1 vs 0 [2022_06]
--------------------------------------------------
            YoB | KCOR [95% CI] | KCOR_o
--------------------------------------------------
  ASMR (direct)   |   0.9183 [0.869, 0.971] | -
  1950            |   0.9183 [0.866, 0.973] | 0.8955  (beta_num=-0.001701, beta_den=-0.000383)

Dose combination: 2 vs 0 [2022_06]
--------------------------------------------------
            YoB | KCOR [95% CI] | KCOR_o
--------------------------------------------------
  1950            |      nan [nan, nan] | 0.0000  (beta_num=nan, beta_den=-0.000383)

Dose combination: 2 vs 1 [2022_06]
--------------------------------------------------
            YoB | KCOR [95% CI] | KCOR_o
--------------------------------------------------
  1950            |      nan [nan, nan] | 0.0000  (beta_num=nan, beta_den=-0.001701)

Dose combination: 3 vs 2 [2022_06]
--------------------------------------------------
            YoB | KCOR [95% CI] | KCOR_o
--------------------------------------------------
  1950            |      nan [nan, nan] | -  (beta_num=nan, beta_den=nan)

Dose combination: 3 vs 1 [2022_06]
--------------------------------------------------
            YoB | KCOR [95% CI] | KCOR_o
--------------------------------------------------
  1950            |      nan [nan, nan] | 0.0000  (beta_num=nan, beta_den=-0.001701)

Dose combination: 3 vs 0 [2022_06]
--------------------------------------------------
            YoB | KCOR [95% CI] | KCOR_o
--------------------------------------------------
  1950            |      nan [nan, nan] | 0.0000  (beta_num=nan, beta_den=-0.000383)

Sheet: 2022_47 — Reporting date: 2022-11-28
============================================================

Dose combination: 1 vs 0 [2022_47]
--------------------------------------------------
            YoB | KCOR [95% CI] | KCOR_o
--------------------------------------------------
  ASMR (direct)   |   0.8999 [nan, nan] | -
  1950            |   0.8999 [0.605, 1.338] | 0.8999  (beta_num=0.000000, beta_den=0.000000)

Dose combination: 2 vs 0 [2022_47]
--------------------------------------------------
            YoB | KCOR [95% CI] | KCOR_o
--------------------------------------------------
  1950            |      nan [nan, nan] | 0.0000  (beta_num=0.000000, beta_den=0.000000)

Dose combination: 2 vs 1 [2022_47]
--------------------------------------------------
            YoB | KCOR [95% CI] | KCOR_o
--------------------------------------------------
  1950            |      nan [nan, nan] | 0.0000  (beta_num=0.000000, beta_den=0.000000)

Dose combination: 3 vs 2 [2022_47]
--------------------------------------------------
            YoB | KCOR [95% CI] | KCOR_o
--------------------------------------------------
  1950            |      nan [nan, nan] | -  (beta_num=0.000000, beta_den=0.000000)

Dose combination: 3 vs 1 [2022_47]
--------------------------------------------------
            YoB | KCOR [95% CI] | KCOR_o
--------------------------------------------------
  1950            |      nan [nan, nan] | 0.0000  (beta_num=0.000000, beta_den=0.000000)

Dose combination: 3 vs 0 [2022_47]
--------------------------------------------------
            YoB | KCOR [95% CI] | KCOR_o
--------------------------------------------------
  1950            |      nan [nan, nan] | 0.0000  (beta_num=0.000000, beta_den=0.000000)

Dose combination: 4 vs 3 [2022_47]
--------------------------------------------------
            YoB | KCOR [95% CI] | KCOR_o
--------------------------------------------------
  1950            |      nan [nan, nan] | -  (beta_num=0.000000, beta_den=0.000000)

Dose combination: 4 vs 2 [2022_47]
--------------------------------------------------
            YoB | KCOR [95% CI] | KCOR_o
--------------------------------------------------
  1950            |      nan [nan, nan] | -  (beta_num=0.000000, beta_den=0.000000)

Dose combination: 4 vs 1 [2022_47]
--------------------------------------------------
            YoB | KCOR [95% CI] | KCOR_o
--------------------------------------------------
  1950            |      nan [nan, nan] | 0.0000  (beta_num=0.000000, beta_den=0.000000)

Dose combination: 4 vs 0 [2022_47]
--------------------------------------------------
            YoB | KCOR [95% CI] | KCOR_o
--------------------------------------------------
  1950            |      nan [nan, nan] | 0.0000  (beta_num=0.000000, beta_den=0.000000)
================================================================================
[Done] Wrote 982 rows to ../data/furst1/KCOR.xlsx at 2025-10-19 14:04:57
[Summary] Creating summary file: ../data/furst1/KCOR_summary.xlsx
  - 2021_13: 3 dose combinations, 11 summary rows
  - 2021_24: 3 dose combinations, 11 summary rows
  - 2022_06: 6 dose combinations, 20 summary rows
  - 2022_47: 10 dose combinations, 32 summary rows
[Summary] Created summary with 4 enrollment periods
