================================================================================
KCOR v7.6 - Kirsch Cumulative Outcomes Ratio Analysis
================================================================================
Analysis Date: 2026-04-07 20:54:45
Mode: Primary Analysis
Input File: ../data/japan2/KCOR_CMR.xlsx
Output File: ../data/japan2/KCOR.xlsx
Log File: ../data/japan2/KCOR_summary.log
--------------------------------------------------------------------------------
Configuration Parameters (effective):
  KCOR_NORMALIZATION_WEEKS = 4
  DYNAMIC_HVE_SKIP_WEEKS = 2
  AGE_RANGE             = 10
  YEAR_RANGE            = (1920, 2009)
  ENROLLMENT_DATES      = None
  DEBUG_VERBOSE         = True
  OVERRIDE_DOSE_PAIRS   = None
  OVERRIDE_YOBS         = None
  Reporting date calculation: 1 year from enrollment date
  NEGATIVE_CONTROL_MODE = 0
  THETA_ESTIMATION_WINDOWS = 2023-18..2023-24 (mid-2023 mortality trough); 2022-17..2022-24 (mid-2022 mortality trough); 2021-22..2021-28 (mid-2021 mortality trough)
  THETA_IDENTIFIABILITY = min_quiet_deaths=30, theta0_max=100.0, action=set_zero
  GOMPERTZ_THETA_FIT     = gamma=0.085/yr, k_anchor_weeks=4, convergence_tol=1e-08, max_iterations=25, gamma_per_week=0.00163462
  NPH_CORRECTION        = disabled
  NORMALIZATION_METHOD  = KCOR7 (gamma-frailty inversion)
================================================================================

[INFO] Auto-derived enrollment dates from Excel file: ['2021_44', '2022_17', '2022_44', '2023_05', '2023_31']
[DEBUG] Limiting to age range: 1920-2009
[DEBUG] Limiting to enrollment dates: ['2021_44', '2022_17', '2022_44', '2023_05', '2023_31']
[Info] Processing sheet: 2021_44
[DEBUG] Filtered to start from enrollment date 11/01/2021: 13783 rows
[DEBUG] Filtered to 11277 rows for ages 1920-2009
[DEBUG] Filtered to doses [0, 1, 2] (max dose 2): 4833 rows
[DEBUG] Aggregated across sexes: 4833 rows
enroll | YoB | dose | theta | k | relRMSE | bins
----------------------------------------------------------------------
2021_44 | 1920 | 0 | 1.7 | 3.958020e-03 | 2.891495e-01 | 19
[KCOR7_INSUFFICIENT_DEATHS] enroll=2021_44, yob=1920, dose=1, quiet_deaths=28.0 -> theta0_applied=0.0
2021_44 | 1920 | 1 | 0.000000e+00 | 3.606116e-03 | nan | 19
2021_44 | 1920 | 2 | 1.000000e-10 | 2.068017e-03 | 1.238364e-01 | 19
[KCOR7_DELTA_NEGATIVE_CLAMPED] enroll=2021_44, yob=1930, dose=0
2021_44 | 1930 | 0 | 4.6 | 1.999417e-03 | 3.159459e-01 | 19
[KCOR7_INSUFFICIENT_DEATHS] enroll=2021_44, yob=1930, dose=1, quiet_deaths=24.0 -> theta0_applied=0.0
2021_44 | 1930 | 1 | 0.000000e+00 | 3.357399e-03 | nan | 19
2021_44 | 1930 | 2 | 1.3 | 7.437655e-04 | 1.279693e-01 | 19
2021_44 | 1940 | 0 | 8.6 | 8.228669e-04 | 2.948499e-01 | 19
[KCOR7_INSUFFICIENT_DEATHS] enroll=2021_44, yob=1940, dose=1, quiet_deaths=13.0 -> theta0_applied=0.0
2021_44 | 1940 | 1 | 0.000000e+00 | 1.977690e-03 | nan | 19
2021_44 | 1940 | 2 | 0.6 | 2.489191e-04 | 1.085384e-01 | 19
2021_44 | 1950 | 0 | 37.9 | 3.498056e-04 | 6.673556e-01 | 19
[KCOR7_INSUFFICIENT_DEATHS] enroll=2021_44, yob=1950, dose=1, quiet_deaths=12.0 -> theta0_applied=0.0
2021_44 | 1950 | 1 | 0.000000e+00 | 1.928649e-04 | nan | 19
2021_44 | 1950 | 2 | 8.615721e-06 | 7.962619e-05 | 2.684595e-01 | 19
[KCOR7_INSUFFICIENT_SIGNAL] enroll=2021_44, yob=1960, dose=0
2021_44 | 1960 | 0 | 0.000000e+00 | 1.664241e-04 | nan | 19
[KCOR7_INSUFFICIENT_DEATHS] enroll=2021_44, yob=1960, dose=1, quiet_deaths=18.0 -> theta0_applied=0.0
2021_44 | 1960 | 1 | 0.000000e+00 | 5.289326e-05 | nan | 19
[KCOR7_INSUFFICIENT_SIGNAL] enroll=2021_44, yob=1960, dose=2
2021_44 | 1960 | 2 | 0.000000e+00 | 3.685569e-05 | 9.315665e-01 | 19
[KCOR7_INSUFFICIENT_SIGNAL] enroll=2021_44, yob=1970, dose=0
2021_44 | 1970 | 0 | 0.000000e+00 | 5.785601e-05 | nan | 19
2021_44 | 1970 | 1 | 0.000000e+00 | nan | nan | 19
[KCOR7_INSUFFICIENT_SIGNAL] enroll=2021_44, yob=1970, dose=2
2021_44 | 1970 | 2 | 0.000000e+00 | 1.655738e-05 | nan | 19
[KCOR7_INSUFFICIENT_DEATHS] enroll=2021_44, yob=1980, dose=0, quiet_deaths=10.0 -> theta0_applied=0.0
2021_44 | 1980 | 0 | 0.000000e+00 | 2.139042e-05 | nan | 19
2021_44 | 1980 | 1 | 0.000000e+00 | nan | nan | 19
[KCOR7_INSUFFICIENT_DEATHS] enroll=2021_44, yob=1980, dose=2, quiet_deaths=22.0 -> theta0_applied=0.0
2021_44 | 1980 | 2 | 0.000000e+00 | 1.865880e-05 | nan | 19
[KCOR7_INSUFFICIENT_DEATHS] enroll=2021_44, yob=1990, dose=0, quiet_deaths=6.0 -> theta0_applied=0.0
2021_44 | 1990 | 0 | 0.000000e+00 | 2.616059e-06 | nan | 19
2021_44 | 1990 | 1 | 0.000000e+00 | nan | nan | 19
[KCOR7_INSUFFICIENT_DEATHS] enroll=2021_44, yob=1990, dose=2, quiet_deaths=9.0 -> theta0_applied=0.0
2021_44 | 1990 | 2 | 0.000000e+00 | 6.208082e-06 | nan | 19
2021_44 | 2000 | 0 | 0.000000e+00 | nan | nan | 19
[KCOR7_INSUFFICIENT_DEATHS] enroll=2021_44, yob=2000, dose=1, quiet_deaths=0.0 -> theta0_applied=0.0
2021_44 | 2000 | 1 | 0.000000e+00 | 2.262946e-05 | nan | 19
[KCOR7_INSUFFICIENT_DEATHS] enroll=2021_44, yob=2000, dose=2, quiet_deaths=8.0 -> theta0_applied=0.0
2021_44 | 2000 | 2 | 0.000000e+00 | 8.030931e-06 | nan | 19
2021_44 | -2 | 0 | 66.7 | 1.848607e-04 | 1.746252e-01 | 19
2021_44 | -2 | 1 | 83.9 | 1.777942e-04 | 5.593289e-01 | 19
2021_44 | -2 | 2 | 6.1 | 2.275120e-04 | 9.417204e-02 | 19
[Info] Processing sheet: 2022_17
[DEBUG] Filtered to start from enrollment date 04/25/2022: 11858 rows
[DEBUG] Filtered to 9702 rows for ages 1920-2009
[DEBUG] Filtered to doses [0, 1, 2, 3] (max dose 3): 5544 rows
[DEBUG] Aggregated across sexes: 5544 rows
enroll | YoB | dose | theta | k | relRMSE | bins
----------------------------------------------------------------------
2022_17 | 1920 | 0 | 0.6 | 3.106188e-03 | 2.973006e-01 | 13
[KCOR7_INSUFFICIENT_DEATHS] enroll=2022_17, yob=1920, dose=1, quiet_deaths=12.0 -> theta0_applied=0.0
2022_17 | 1920 | 1 | 0.000000e+00 | 1.051913e-03 | nan | 13
[KCOR7_INSUFFICIENT_SIGNAL] enroll=2022_17, yob=1920, dose=2
2022_17 | 1920 | 2 | 0.000000e+00 | 5.318951e-03 | nan | 13
2022_17 | 1920 | 3 | 2.540433e-09 | 1.695526e-03 | 1.859747e-01 | 13
2022_17 | 1930 | 0 | 1.000000e-10 | 9.299106e-04 | 2.759657e-01 | 13
[KCOR7_INSUFFICIENT_DEATHS] enroll=2022_17, yob=1930, dose=1, quiet_deaths=18.0 -> theta0_applied=0.0
2022_17 | 1930 | 1 | 0.000000e+00 | 3.975184e-03 | nan | 13
2022_17 | 1930 | 2 | 6.6 | 3.092002e-03 | 1.809562e-01 | 13
2022_17 | 1930 | 3 | 1.081693e-07 | 5.563452e-04 | 1.804128e-01 | 13
2022_17 | 1940 | 0 | 6.0 | 6.345961e-04 | 3.725264e-01 | 13
[KCOR7_INSUFFICIENT_DEATHS] enroll=2022_17, yob=1940, dose=1, quiet_deaths=5.0 -> theta0_applied=0.0
2022_17 | 1940 | 1 | 0.000000e+00 | 1.101951e-03 | nan | 13
[KCOR7_INSUFFICIENT_SIGNAL] enroll=2022_17, yob=1940, dose=2
2022_17 | 1940 | 2 | 0.000000e+00 | 1.094293e-03 | nan | 13
2022_17 | 1940 | 3 | 1.493332e-10 | 2.014853e-04 | 1.392789e-01 | 13
2022_17 | 1950 | 0 | 49.9 | 3.043368e-04 | 9.448243e-01 | 13
[KCOR7_INSUFFICIENT_DEATHS] enroll=2022_17, yob=1950, dose=1, quiet_deaths=5.0 -> theta0_applied=0.0
2022_17 | 1950 | 1 | 0.000000e+00 | 5.117709e-04 | nan | 13
2022_17 | 1950 | 2 | 22.0 | 1.839327e-04 | 4.684257e-01 | 13
2022_17 | 1950 | 3 | 1.214592e-08 | 5.655025e-05 | 2.992174e-01 | 13
2022_17 | 1960 | 0 | 18.7 | 7.295261e-05 | 4.729729e-01 | 13
[KCOR7_INSUFFICIENT_DEATHS] enroll=2022_17, yob=1960, dose=1, quiet_deaths=2.0 -> theta0_applied=0.0
2022_17 | 1960 | 1 | 0.000000e+00 | 2.641060e-04 | nan | 13
2022_17 | 1960 | 2 | 4.668501e-04 | 4.402418e-05 | 4.000033e-01 | 13
2022_17 | 1960 | 3 | 34.0 | 2.499241e-05 | 1.265154e+00 | 13
[KCOR7_INSUFFICIENT_DEATHS] enroll=2022_17, yob=1970, dose=0, quiet_deaths=29.0 -> theta0_applied=0.0
2022_17 | 1970 | 0 | 0.000000e+00 | 4.513071e-05 | nan | 13
[KCOR7_INSUFFICIENT_DEATHS] enroll=2022_17, yob=1970, dose=1, quiet_deaths=1.0 -> theta0_applied=0.0
2022_17 | 1970 | 1 | 0.000000e+00 | 2.148874e-04 | nan | 13
[KCOR7_INSUFFICIENT_SIGNAL] enroll=2022_17, yob=1970, dose=2
2022_17 | 1970 | 2 | 0.000000e+00 | 3.010032e-05 | nan | 13
[KCOR7_INSUFFICIENT_DEATHS] enroll=2022_17, yob=1970, dose=3, quiet_deaths=23.0 -> theta0_applied=0.0
2022_17 | 1970 | 3 | 0.000000e+00 | 1.312896e-05 | nan | 13
[KCOR7_INSUFFICIENT_DEATHS] enroll=2022_17, yob=1980, dose=0, quiet_deaths=8.0 -> theta0_applied=0.0
2022_17 | 1980 | 0 | 0.000000e+00 | 6.613508e-06 | nan | 13
2022_17 | 1980 | 1 | 0.000000e+00 | nan | nan | 13
[KCOR7_INSUFFICIENT_DEATHS] enroll=2022_17, yob=1980, dose=2, quiet_deaths=10.0 -> theta0_applied=0.0
2022_17 | 1980 | 2 | 0.000000e+00 | 5.803024e-06 | nan | 13
[KCOR7_INSUFFICIENT_DEATHS] enroll=2022_17, yob=1980, dose=3, quiet_deaths=8.0 -> theta0_applied=0.0
2022_17 | 1980 | 3 | 0.000000e+00 | 9.631701e-06 | nan | 13
[KCOR7_INSUFFICIENT_DEATHS] enroll=2022_17, yob=1990, dose=0, quiet_deaths=5.0 -> theta0_applied=0.0
2022_17 | 1990 | 0 | 0.000000e+00 | 8.390842e-06 | nan | 13
2022_17 | 1990 | 1 | 0.000000e+00 | nan | nan | 13
[KCOR7_INSUFFICIENT_DEATHS] enroll=2022_17, yob=1990, dose=2, quiet_deaths=6.0 -> theta0_applied=0.0
2022_17 | 1990 | 2 | 0.000000e+00 | 3.043042e-06 | nan | 13
[KCOR7_INSUFFICIENT_DEATHS] enroll=2022_17, yob=1990, dose=3, quiet_deaths=4.0 -> theta0_applied=0.0
2022_17 | 1990 | 3 | 0.000000e+00 | 4.530742e-06 | nan | 13
[KCOR7_INSUFFICIENT_DEATHS] enroll=2022_17, yob=2000, dose=0, quiet_deaths=3.0 -> theta0_applied=0.0
2022_17 | 2000 | 0 | 0.000000e+00 | 2.361766e-06 | nan | 13
2022_17 | 2000 | 1 | 0.000000e+00 | nan | nan | 13
[KCOR7_INSUFFICIENT_DEATHS] enroll=2022_17, yob=2000, dose=2, quiet_deaths=7.0 -> theta0_applied=0.0
2022_17 | 2000 | 2 | 0.000000e+00 | 1.172094e-05 | nan | 13
2022_17 | 2000 | 3 | 0.000000e+00 | nan | nan | 13
2022_17 | -2 | 0 | 21.3 | 1.224252e-04 | 1.475231e-01 | 13
[KCOR7_INSUFFICIENT_SIGNAL] enroll=2022_17, yob=-2, dose=1
2022_17 | -2 | 1 | 0.000000e+00 | 2.850116e-04 | nan | 13
[KCOR7_INSUFFICIENT_SIGNAL] enroll=2022_17, yob=-2, dose=2
2022_17 | -2 | 2 | 0.000000e+00 | 1.532195e-04 | nan | 13
2022_17 | -2 | 3 | 5.502188e-06 | 2.203780e-04 | 1.396263e-01 | 13
[Info] Processing sheet: 2022_44
[DEBUG] Filtered to start from enrollment date 10/31/2022: 9779 rows
[DEBUG] Filtered to 8001 rows for ages 1920-2009
[DEBUG] Filtered to doses [0, 1, 2, 3, 4] (max dose 4): 5715 rows
[DEBUG] Aggregated across sexes: 5715 rows
enroll | YoB | dose | theta | k | relRMSE | bins
----------------------------------------------------------------------
2022_44 | 1920 | 0 | 1.8 | 3.409038e-03 | 2.530615e-01 | 11
[KCOR7_INSUFFICIENT_DEATHS] enroll=2022_44, yob=1920, dose=1, quiet_deaths=5.0 -> theta0_applied=0.0
2022_44 | 1920 | 1 | 0.000000e+00 | 4.842593e-03 | nan | 11
[KCOR7_INSUFFICIENT_DEATHS] enroll=2022_44, yob=1920, dose=2, quiet_deaths=27.0 -> theta0_applied=0.0
2022_44 | 1920 | 2 | 0.000000e+00 | 5.472173e-03 | nan | 11
2022_44 | 1920 | 3 | 4.3 | 5.378568e-03 | 1.937667e-01 | 11
2022_44 | 1920 | 4 | 1.3 | 2.359035e-03 | 7.831811e-02 | 11
2022_44 | 1930 | 0 | 4.4 | 1.643682e-03 | 3.153594e-01 | 11
[KCOR7_INSUFFICIENT_DEATHS] enroll=2022_44, yob=1930, dose=1, quiet_deaths=4.0 -> theta0_applied=0.0
2022_44 | 1930 | 1 | 0.000000e+00 | 1.182900e-03 | nan | 11
2022_44 | 1930 | 2 | 6.1 | 1.962928e-03 | 2.425093e-01 | 11
2022_44 | 1930 | 3 | 13.0 | 2.488375e-03 | 1.885894e-01 | 11
2022_44 | 1930 | 4 | 4.186868e-05 | 6.893478e-04 | 1.438813e-01 | 11
2022_44 | 1940 | 0 | 17.0 | 6.941026e-04 | 3.975585e-01 | 11
[KCOR7_INSUFFICIENT_DEATHS] enroll=2022_44, yob=1940, dose=1, quiet_deaths=1.0 -> theta0_applied=0.0
2022_44 | 1940 | 1 | 0.000000e+00 | 6.424500e-04 | nan | 11
2022_44 | 1940 | 2 | 11.4 | 8.943982e-04 | 4.911709e-01 | 11
2022_44 | 1940 | 3 | 27.2 | 7.410285e-04 | 3.019729e-01 | 11
2022_44 | 1940 | 4 | 1.376410e-05 | 2.257815e-04 | 1.372759e-01 | 11
2022_44 | 1950 | 0 | 68.1 | 2.328259e-04 | 6.626739e-01 | 11
2022_44 | 1950 | 1 | 0.000000e+00 | nan | nan | 11
[KCOR7_INSUFFICIENT_DEATHS] enroll=2022_44, yob=1950, dose=2, quiet_deaths=26.0 -> theta0_applied=0.0
2022_44 | 1950 | 2 | 0.000000e+00 | 1.534663e-04 | nan | 11
[KCOR7_INSUFFICIENT_SIGNAL] enroll=2022_44, yob=1950, dose=3
2022_44 | 1950 | 3 | 0.000000e+00 | 1.623066e-04 | 9.297598e-01 | 11
2022_44 | 1950 | 4 | 1.435756e-06 | 7.215048e-05 | 2.004651e-01 | 11
[KCOR7_INSUFFICIENT_DEATHS] enroll=2022_44, yob=1960, dose=0, quiet_deaths=24.0 -> theta0_applied=0.0
2022_44 | 1960 | 0 | 0.000000e+00 | 1.005591e-04 | nan | 11
2022_44 | 1960 | 1 | 0.000000e+00 | nan | nan | 11
[KCOR7_INSUFFICIENT_DEATHS] enroll=2022_44, yob=1960, dose=2, quiet_deaths=18.0 -> theta0_applied=0.0
2022_44 | 1960 | 2 | 0.000000e+00 | 7.222954e-05 | nan | 11
[KCOR7_INSUFFICIENT_SIGNAL] enroll=2022_44, yob=1960, dose=3
2022_44 | 1960 | 3 | 0.000000e+00 | 3.789199e-05 | 4.917521e-01 | 11
[KCOR7_INSUFFICIENT_DEATHS] enroll=2022_44, yob=1960, dose=4, quiet_deaths=13.0 -> theta0_applied=0.0
2022_44 | 1960 | 4 | 0.000000e+00 | 5.129504e-05 | nan | 11
[KCOR7_INSUFFICIENT_DEATHS] enroll=2022_44, yob=1970, dose=0, quiet_deaths=12.0 -> theta0_applied=0.0
2022_44 | 1970 | 0 | 0.000000e+00 | 4.570895e-05 | nan | 11
2022_44 | 1970 | 1 | 0.000000e+00 | nan | nan | 11
[KCOR7_INSUFFICIENT_DEATHS] enroll=2022_44, yob=1970, dose=2, quiet_deaths=10.0 -> theta0_applied=0.0
2022_44 | 1970 | 2 | 0.000000e+00 | 2.056077e-05 | nan | 11
[KCOR7_INSUFFICIENT_DEATHS] enroll=2022_44, yob=1970, dose=3, quiet_deaths=14.0 -> theta0_applied=0.0
2022_44 | 1970 | 3 | 0.000000e+00 | 1.202702e-05 | nan | 11
[KCOR7_INSUFFICIENT_DEATHS] enroll=2022_44, yob=1970, dose=4, quiet_deaths=3.0 -> theta0_applied=0.0
2022_44 | 1970 | 4 | 0.000000e+00 | 2.109143e-05 | nan | 11
[KCOR7_INSUFFICIENT_DEATHS] enroll=2022_44, yob=1980, dose=0, quiet_deaths=4.0 -> theta0_applied=0.0
2022_44 | 1980 | 0 | 0.000000e+00 | 3.352379e-06 | nan | 11
2022_44 | 1980 | 1 | 0.000000e+00 | nan | nan | 11
[KCOR7_INSUFFICIENT_DEATHS] enroll=2022_44, yob=1980, dose=2, quiet_deaths=3.0 -> theta0_applied=0.0
2022_44 | 1980 | 2 | 0.000000e+00 | 9.803653e-06 | nan | 11
[KCOR7_INSUFFICIENT_DEATHS] enroll=2022_44, yob=1980, dose=3, quiet_deaths=6.0 -> theta0_applied=0.0
2022_44 | 1980 | 3 | 0.000000e+00 | 7.810077e-06 | nan | 11
[KCOR7_INSUFFICIENT_DEATHS] enroll=2022_44, yob=1980, dose=4, quiet_deaths=2.0 -> theta0_applied=0.0
2022_44 | 1980 | 4 | 0.000000e+00 | 4.186730e-05 | nan | 11
[KCOR7_INSUFFICIENT_DEATHS] enroll=2022_44, yob=1990, dose=0, quiet_deaths=2.0 -> theta0_applied=0.0
2022_44 | 1990 | 0 | 0.000000e+00 | 5.645148e-06 | nan | 11
2022_44 | 1990 | 1 | 0.000000e+00 | nan | nan | 11
[KCOR7_INSUFFICIENT_DEATHS] enroll=2022_44, yob=1990, dose=2, quiet_deaths=3.0 -> theta0_applied=0.0
2022_44 | 1990 | 2 | 0.000000e+00 | 1.034087e-05 | nan | 11
2022_44 | 1990 | 3 | 0.000000e+00 | nan | nan | 11
[KCOR7_INSUFFICIENT_DEATHS] enroll=2022_44, yob=1990, dose=4, quiet_deaths=1.0 -> theta0_applied=0.0
2022_44 | 1990 | 4 | 0.000000e+00 | 2.422484e-05 | nan | 11
2022_44 | 2000 | 0 | 0.000000e+00 | nan | nan | 11
2022_44 | 2000 | 1 | 0.000000e+00 | nan | nan | 11
[KCOR7_INSUFFICIENT_DEATHS] enroll=2022_44, yob=2000, dose=2, quiet_deaths=2.0 -> theta0_applied=0.0
2022_44 | 2000 | 2 | 0.000000e+00 | 4.484610e-06 | nan | 11
[KCOR7_INSUFFICIENT_DEATHS] enroll=2022_44, yob=2000, dose=3, quiet_deaths=1.0 -> theta0_applied=0.0
2022_44 | 2000 | 3 | 0.000000e+00 | 5.226230e-06 | nan | 11
2022_44 | 2000 | 4 | 0.000000e+00 | nan | nan | 11
2022_44 | -2 | 0 | 77.3 | 1.433033e-04 | 1.313588e-01 | 11
[KCOR7_INSUFFICIENT_DEATHS] enroll=2022_44, yob=-2, dose=1, quiet_deaths=13.0 -> theta0_applied=0.0
2022_44 | -2 | 1 | 0.000000e+00 | 2.629022e-04 | nan | 11
[KCOR7_INSUFFICIENT_SIGNAL] enroll=2022_44, yob=-2, dose=2
2022_44 | -2 | 2 | 0.000000e+00 | 1.189156e-04 | 1.742219e-01 | 11
[KCOR7_INSUFFICIENT_SIGNAL] enroll=2022_44, yob=-2, dose=3
2022_44 | -2 | 3 | 0.000000e+00 | 1.842317e-04 | 1.602019e-01 | 11
2022_44 | -2 | 4 | 4.9 | 3.929405e-04 | 6.243348e-02 | 11
[Info] Processing sheet: 2023_05
[DEBUG] Filtered to start from enrollment date 01/30/2023: 8778 rows
[DEBUG] Filtered to 7182 rows for ages 1920-2009
[DEBUG] Filtered to doses [0, 1, 2, 3, 4, 5] (max dose 5): 6156 rows
[DEBUG] Aggregated across sexes: 6156 rows
enroll | YoB | dose | theta | k | relRMSE | bins
----------------------------------------------------------------------
2023_05 | 1920 | 0 | 2.6 | 3.312402e-03 | 2.595534e-01 | 11
[KCOR7_INSUFFICIENT_DEATHS] enroll=2023_05, yob=1920, dose=1, quiet_deaths=5.0 -> theta0_applied=0.0
2023_05 | 1920 | 1 | 0.000000e+00 | 6.794533e-03 | nan | 11
[KCOR7_INSUFFICIENT_DEATHS] enroll=2023_05, yob=1920, dose=2, quiet_deaths=25.0 -> theta0_applied=0.0
2023_05 | 1920 | 2 | 0.000000e+00 | 5.313467e-03 | nan | 11
2023_05 | 1920 | 3 | 7.4 | 5.184812e-03 | 3.579091e-01 | 11
2023_05 | 1920 | 4 | 7.9 | 5.328485e-03 | 2.029233e-01 | 11
2023_05 | 1920 | 5 | 3.1 | 2.023819e-03 | 1.022509e-01 | 11
2023_05 | 1930 | 0 | 1.000000e-10 | 1.298405e-03 | 2.570935e-01 | 11
[KCOR7_INSUFFICIENT_DEATHS] enroll=2023_05, yob=1930, dose=1, quiet_deaths=4.0 -> theta0_applied=0.0
2023_05 | 1930 | 1 | 0.000000e+00 | 1.836490e-03 | nan | 11
2023_05 | 1930 | 2 | 18.2 | 2.430557e-03 | 2.607703e-01 | 11
2023_05 | 1930 | 3 | 20.6 | 2.199902e-03 | 1.847441e-01 | 11
2023_05 | 1930 | 4 | 13.4 | 1.896678e-03 | 1.492188e-01 | 11
2023_05 | 1930 | 5 | 3.871007e-07 | 5.246198e-04 | 1.323956e-01 | 11
2023_05 | 1940 | 0 | 42.6 | 7.838145e-04 | 3.631820e-01 | 11
[KCOR7_INSUFFICIENT_DEATHS] enroll=2023_05, yob=1940, dose=1, quiet_deaths=1.0 -> theta0_applied=0.0
2023_05 | 1940 | 1 | 0.000000e+00 | 2.000496e-03 | nan | 11
2023_05 | 1940 | 2 | 6.574630e-09 | 6.182479e-04 | 5.621355e-01 | 11
2023_05 | 1940 | 3 | 37.0 | 8.881774e-04 | 3.120677e-01 | 11
2023_05 | 1940 | 4 | 49.0 | 5.651378e-04 | 2.163570e-01 | 11
2023_05 | 1940 | 5 | 27.6 | 2.057108e-04 | 1.609220e-01 | 11
2023_05 | 1950 | 0 | 49.9 | 1.854317e-04 | 6.308027e-01 | 11
2023_05 | 1950 | 1 | 0.000000e+00 | nan | nan | 11
[KCOR7_INSUFFICIENT_DEATHS] enroll=2023_05, yob=1950, dose=2, quiet_deaths=25.0 -> theta0_applied=0.0
2023_05 | 1950 | 2 | 0.000000e+00 | 2.346361e-04 | nan | 11
[KCOR7_INSUFFICIENT_DEATHS] enroll=2023_05, yob=1950, dose=3, quiet_deaths=29.0 -> theta0_applied=0.0
2023_05 | 1950 | 3 | 0.000000e+00 | 1.103772e-04 | nan | 11
2023_05 | 1950 | 4 | 21.2 | 1.210368e-04 | 1.865074e-01 | 11
[KCOR7_INSUFFICIENT_SIGNAL] enroll=2023_05, yob=1950, dose=5
2023_05 | 1950 | 5 | 0.000000e+00 | 1.133365e-04 | 1.191912e+00 | 11
[KCOR7_INSUFFICIENT_DEATHS] enroll=2023_05, yob=1960, dose=0, quiet_deaths=23.0 -> theta0_applied=0.0
2023_05 | 1960 | 0 | 0.000000e+00 | 6.901493e-05 | nan | 11
2023_05 | 1960 | 1 | 0.000000e+00 | nan | nan | 11
[KCOR7_INSUFFICIENT_DEATHS] enroll=2023_05, yob=1960, dose=2, quiet_deaths=15.0 -> theta0_applied=0.0
2023_05 | 1960 | 2 | 0.000000e+00 | 4.864720e-05 | nan | 11
2023_05 | 1960 | 3 | 1.766659e-03 | 3.522826e-05 | 9.217362e-01 | 11
[KCOR7_INSUFFICIENT_DEATHS] enroll=2023_05, yob=1960, dose=4, quiet_deaths=13.0 -> theta0_applied=0.0
2023_05 | 1960 | 4 | 0.000000e+00 | 2.768550e-05 | nan | 11
[KCOR7_INSUFFICIENT_DEATHS] enroll=2023_05, yob=1960, dose=5, quiet_deaths=7.0 -> theta0_applied=0.0
2023_05 | 1960 | 5 | 0.000000e+00 | 1.918944e-05 | nan | 11
[KCOR7_INSUFFICIENT_DEATHS] enroll=2023_05, yob=1970, dose=0, quiet_deaths=12.0 -> theta0_applied=0.0
2023_05 | 1970 | 0 | 0.000000e+00 | 3.208532e-05 | nan | 11
[KCOR7_INSUFFICIENT_DEATHS] enroll=2023_05, yob=1970, dose=1, quiet_deaths=0.0 -> theta0_applied=0.0
2023_05 | 1970 | 1 | 0.000000e+00 | 2.425149e-04 | nan | 11
[KCOR7_INSUFFICIENT_DEATHS] enroll=2023_05, yob=1970, dose=2, quiet_deaths=7.0 -> theta0_applied=0.0
2023_05 | 1970 | 2 | 0.000000e+00 | 1.340919e-05 | nan | 11
[KCOR7_INSUFFICIENT_DEATHS] enroll=2023_05, yob=1970, dose=3, quiet_deaths=12.0 -> theta0_applied=0.0
2023_05 | 1970 | 3 | 0.000000e+00 | 2.671499e-05 | nan | 11
[KCOR7_INSUFFICIENT_DEATHS] enroll=2023_05, yob=1970, dose=4, quiet_deaths=6.0 -> theta0_applied=0.0
2023_05 | 1970 | 4 | 0.000000e+00 | 1.075204e-05 | nan | 11
[KCOR7_INSUFFICIENT_DEATHS] enroll=2023_05, yob=1970, dose=5, quiet_deaths=2.0 -> theta0_applied=0.0
2023_05 | 1970 | 5 | 0.000000e+00 | 3.780451e-05 | nan | 11
[KCOR7_INSUFFICIENT_DEATHS] enroll=2023_05, yob=1980, dose=0, quiet_deaths=4.0 -> theta0_applied=0.0
2023_05 | 1980 | 0 | 0.000000e+00 | 6.737036e-06 | nan | 11
2023_05 | 1980 | 1 | 0.000000e+00 | nan | nan | 11
[KCOR7_INSUFFICIENT_DEATHS] enroll=2023_05, yob=1980, dose=2, quiet_deaths=2.0 -> theta0_applied=0.0
2023_05 | 1980 | 2 | 0.000000e+00 | 1.064537e-05 | nan | 11
[KCOR7_INSUFFICIENT_DEATHS] enroll=2023_05, yob=1980, dose=3, quiet_deaths=4.0 -> theta0_applied=0.0
2023_05 | 1980 | 3 | 0.000000e+00 | 9.906443e-06 | nan | 11
[KCOR7_INSUFFICIENT_DEATHS] enroll=2023_05, yob=1980, dose=4, quiet_deaths=5.0 -> theta0_applied=0.0
2023_05 | 1980 | 4 | 0.000000e+00 | 6.919760e-06 | nan | 11
2023_05 | 1980 | 5 | 0.000000e+00 | nan | nan | 11
[KCOR7_INSUFFICIENT_DEATHS] enroll=2023_05, yob=1990, dose=0, quiet_deaths=2.0 -> theta0_applied=0.0
2023_05 | 1990 | 0 | 0.000000e+00 | 5.658775e-06 | nan | 11
2023_05 | 1990 | 1 | 0.000000e+00 | nan | nan | 11
[KCOR7_INSUFFICIENT_DEATHS] enroll=2023_05, yob=1990, dose=2, quiet_deaths=3.0 -> theta0_applied=0.0
2023_05 | 1990 | 2 | 0.000000e+00 | 1.732014e-05 | nan | 11
2023_05 | 1990 | 3 | 0.000000e+00 | nan | nan | 11
2023_05 | 1990 | 4 | 0.000000e+00 | nan | nan | 11
2023_05 | 1990 | 5 | 0.000000e+00 | nan | nan | 11
[KCOR7_INSUFFICIENT_DEATHS] enroll=2023_05, yob=2000, dose=0, quiet_deaths=2.0 -> theta0_applied=0.0
2023_05 | 2000 | 0 | 0.000000e+00 | 2.679169e-06 | nan | 11
2023_05 | 2000 | 1 | 0.000000e+00 | nan | nan | 11
2023_05 | 2000 | 2 | 0.000000e+00 | nan | nan | 11
2023_05 | 2000 | 3 | 0.000000e+00 | nan | nan | 11
2023_05 | 2000 | 4 | 0.000000e+00 | nan | nan | 11
2023_05 | 2000 | 5 | 0.000000e+00 | nan | nan | 11
2023_05 | -2 | 0 | 76.9 | 1.269752e-04 | 1.370966e-01 | 11
[KCOR7_INSUFFICIENT_DEATHS] enroll=2023_05, yob=-2, dose=1, quiet_deaths=14.0 -> theta0_applied=0.0
2023_05 | -2 | 1 | 0.000000e+00 | 4.582779e-04 | nan | 11
[KCOR7_INSUFFICIENT_SIGNAL] enroll=2023_05, yob=-2, dose=2
2023_05 | -2 | 2 | 0.000000e+00 | 1.173578e-04 | 2.010187e-01 | 11
[KCOR7_INSUFFICIENT_SIGNAL] enroll=2023_05, yob=-2, dose=3
2023_05 | -2 | 3 | 0.000000e+00 | 1.686119e-04 | 2.354419e-01 | 11
2023_05 | -2 | 4 | 80.0 | 3.960088e-04 | 8.075955e-02 | 11
2023_05 | -2 | 5 | 11.4 | 3.670228e-04 | 7.433196e-02 | 11
[Info] Processing sheet: 2023_31
[DEBUG] Filtered to start from enrollment date 07/31/2023: 6776 rows
[DEBUG] Filtered to 5544 rows for ages 1920-2009
[DEBUG] Filtered to doses [0, 1, 2, 3, 4, 5, 6] (max dose 6): 5544 rows
[DEBUG] Aggregated across sexes: 5544 rows
enroll | YoB | dose | theta | k | relRMSE | bins
----------------------------------------------------------------------
2023_31 | 1920 | 0 | 0.000000e+00 | 3.016623e-03 | nan | 0
2023_31 | 1920 | 1 | 0.000000e+00 | 4.492347e-03 | nan | 0
2023_31 | 1920 | 2 | 0.000000e+00 | 3.850998e-03 | nan | 0
2023_31 | 1920 | 3 | 0.000000e+00 | 3.584176e-03 | nan | 0
2023_31 | 1920 | 4 | 0.000000e+00 | 3.496153e-03 | nan | 0
2023_31 | 1920 | 5 | 0.000000e+00 | 3.749059e-03 | nan | 0
2023_31 | 1920 | 6 | 0.000000e+00 | 1.672175e-03 | nan | 0
2023_31 | 1930 | 0 | 0.000000e+00 | 1.783286e-03 | nan | 0
2023_31 | 1930 | 1 | 0.000000e+00 | 1.325449e-03 | nan | 0
2023_31 | 1930 | 2 | 0.000000e+00 | 2.131311e-03 | nan | 0
2023_31 | 1930 | 3 | 0.000000e+00 | 1.769666e-03 | nan | 0
2023_31 | 1930 | 4 | 0.000000e+00 | 1.450981e-03 | nan | 0
2023_31 | 1930 | 5 | 0.000000e+00 | 1.473188e-03 | nan | 0
2023_31 | 1930 | 6 | 0.000000e+00 | 4.668129e-04 | nan | 0
2023_31 | 1940 | 0 | 0.000000e+00 | 7.716013e-04 | nan | 0
2023_31 | 1940 | 1 | 0.000000e+00 | nan | nan | 4
2023_31 | 1940 | 2 | 0.000000e+00 | 8.185591e-04 | nan | 0
2023_31 | 1940 | 3 | 0.000000e+00 | 6.781414e-04 | nan | 0
2023_31 | 1940 | 4 | 0.000000e+00 | 4.785182e-04 | nan | 0
2023_31 | 1940 | 5 | 0.000000e+00 | 3.634754e-04 | nan | 0
2023_31 | 1940 | 6 | 0.000000e+00 | 1.481347e-04 | nan | 0
2023_31 | 1950 | 0 | 0.000000e+00 | 2.064428e-04 | nan | 0
2023_31 | 1950 | 1 | 0.000000e+00 | nan | nan | 4
2023_31 | 1950 | 2 | 0.000000e+00 | 2.416877e-04 | nan | 0
2023_31 | 1950 | 3 | 0.000000e+00 | 9.952806e-05 | nan | 0
2023_31 | 1950 | 4 | 0.000000e+00 | 8.911174e-05 | nan | 0
2023_31 | 1950 | 5 | 0.000000e+00 | 1.335875e-04 | nan | 0
2023_31 | 1950 | 6 | 0.000000e+00 | 1.045239e-04 | nan | 0
2023_31 | 1960 | 0 | 0.000000e+00 | 9.594569e-05 | nan | 0
2023_31 | 1960 | 1 | 0.000000e+00 | nan | nan | 4
2023_31 | 1960 | 2 | 0.000000e+00 | 6.212122e-05 | nan | 0
2023_31 | 1960 | 3 | 0.000000e+00 | 3.197501e-05 | nan | 0
2023_31 | 1960 | 4 | 0.000000e+00 | 3.445387e-05 | nan | 0
2023_31 | 1960 | 5 | 0.000000e+00 | 8.226743e-05 | nan | 0
2023_31 | 1960 | 6 | 0.000000e+00 | 4.213225e-05 | nan | 0
2023_31 | 1970 | 0 | 0.000000e+00 | 6.432979e-05 | nan | 0
2023_31 | 1970 | 1 | 0.000000e+00 | nan | nan | 4
2023_31 | 1970 | 2 | 0.000000e+00 | 2.741647e-05 | nan | 0
2023_31 | 1970 | 3 | 0.000000e+00 | 1.750638e-05 | nan | 0
2023_31 | 1970 | 4 | 0.000000e+00 | 1.420447e-05 | nan | 0
2023_31 | 1970 | 5 | 0.000000e+00 | nan | nan | 4
2023_31 | 1970 | 6 | 0.000000e+00 | 8.815406e-05 | nan | 0
2023_31 | 1980 | 0 | 0.000000e+00 | 1.687323e-05 | nan | 0
2023_31 | 1980 | 1 | 0.000000e+00 | 2.578649e-04 | nan | 0
2023_31 | 1980 | 2 | 0.000000e+00 | 5.468219e-06 | nan | 0
2023_31 | 1980 | 3 | 0.000000e+00 | 1.015806e-05 | nan | 0
2023_31 | 1980 | 4 | 0.000000e+00 | 6.741804e-06 | nan | 0
2023_31 | 1980 | 5 | 0.000000e+00 | 4.107542e-05 | nan | 0
2023_31 | 1980 | 6 | 0.000000e+00 | nan | nan | 4
2023_31 | 1990 | 0 | 0.000000e+00 | 8.495738e-06 | nan | 0
2023_31 | 1990 | 1 | 0.000000e+00 | nan | nan | 4
2023_31 | 1990 | 2 | 0.000000e+00 | 6.047158e-06 | nan | 0
2023_31 | 1990 | 3 | 0.000000e+00 | nan | nan | 4
2023_31 | 1990 | 4 | 0.000000e+00 | 9.054817e-06 | nan | 0
2023_31 | 1990 | 5 | 0.000000e+00 | 7.308521e-05 | nan | 0
2023_31 | 1990 | 6 | 0.000000e+00 | nan | nan | 4
2023_31 | 2000 | 0 | 0.000000e+00 | 5.349358e-06 | nan | 0
2023_31 | 2000 | 1 | 0.000000e+00 | nan | nan | 4
2023_31 | 2000 | 2 | 0.000000e+00 | nan | nan | 4
2023_31 | 2000 | 3 | 0.000000e+00 | 1.201203e-05 | nan | 0
2023_31 | 2000 | 4 | 0.000000e+00 | 1.214093e-05 | nan | 0
2023_31 | 2000 | 5 | 0.000000e+00 | nan | nan | 4
2023_31 | 2000 | 6 | 0.000000e+00 | nan | nan | 0
2023_31 | -2 | 0 | 0.000000e+00 | 1.444276e-04 | nan | 0
2023_31 | -2 | 1 | 0.000000e+00 | 2.399116e-04 | nan | 0
2023_31 | -2 | 2 | 0.000000e+00 | 1.086932e-04 | nan | 0
2023_31 | -2 | 3 | 0.000000e+00 | 1.202338e-04 | nan | 0
2023_31 | -2 | 4 | 0.000000e+00 | 1.934380e-04 | nan | 0
2023_31 | -2 | 5 | 0.000000e+00 | 6.160504e-04 | nan | 0
2023_31 | -2 | 6 | 0.000000e+00 | 3.432299e-04 | nan | 0

================================================================================
KCOR VALUES AT REPORTING DATES - ALL SHEETS
================================================================================

Sheet: 2021_44 — Reporting date: 2022-10-31
============================================================

ASMR Expected-Deaths Weights (for KCOR and KCOR_ns pooling):
  Age -2: weight = 0.278306
  Age 1920: weight = 0.162795
  Age 1930: weight = 0.261942
  Age 1940: weight = 0.216057
  Age 1950: weight = 0.037034
  Age 1960: weight = 0.024568
  Age 1970: weight = 0.006767
  Age 1980: weight = 0.003865
  Age 1990: weight = 0.003645
  Age 2000: weight = 0.005021
  Total weight: 1.000000


Dose combination: 1 vs 0 [2021_44]
--------------------------------------------------
            YoB | KCOR [95% CI] |             KCOR_ns
--------------------------------------------------
  All Ages        |   1.0481 [0.968, 1.135] |  0.9956
  ASMR (direct)   |   0.5340 [0.508, 0.561] |  0.9212
  1920            |   1.3024 [1.044, 1.624] |  1.4944
  1930            |   0.7364 [0.608, 0.892] |  0.8819
  1940            |   0.4641 [0.361, 0.596] |  0.5503
  1950            |   1.1595 [0.840, 1.600] |  1.5019
  1960            |   2.1015 [1.375, 3.211] |  2.1015
  1970            |   0.6345 [0.363, 1.108] |  0.6345
  1980            |   0.7277 [0.256, 2.072] |  0.7277
  1990            |   1.0870 [0.275, 4.297] |  1.0870
  2000            |   4.9438 [0.776, 31.501] |  4.9438

Dose combination: 2 vs 1 [2021_44]
--------------------------------------------------
            YoB | KCOR [95% CI] |             KCOR_ns
--------------------------------------------------
  All Ages        |   1.0256 [0.950, 1.107] |  1.3237
  ASMR (direct)   |   1.5238 [1.451, 1.601] |  1.3644
  1920            |   0.8750 [0.707, 1.083] |  0.8750
  1930            |   1.5097 [1.254, 1.817] |  1.4743
  1940            |   1.9984 [1.564, 2.554] |  1.9902
  1950            |   0.9777 [0.711, 1.345] |  0.9777
  1960            |   0.7752 [0.514, 1.170] |  0.7752
  1970            |   0.5908 [0.342, 1.020] |  0.5908
  1980            |   1.2115 [0.435, 3.371] |  1.2115
  1990            |   1.1714 [0.302, 4.537] |  1.1714
  2000            |   2.6667 [0.446, 15.928] |  2.6667

Dose combination: 2 vs 0 [2021_44]
--------------------------------------------------
            YoB | KCOR [95% CI] |             KCOR_ns
--------------------------------------------------
  All Ages        |   1.0750 [1.042, 1.109] |  1.3178
  ASMR (direct)   |   0.8119 [0.803, 0.821] |  1.2580
  1920            |   1.1396 [1.064, 1.221] |  1.3076
  1930            |   1.1118 [1.049, 1.179] |  1.3002
  1940            |   0.9274 [0.865, 0.995] |  1.0951
  1950            |   1.1337 [1.024, 1.255] |  1.4684
  1960            |   1.6291 [1.372, 1.934] |  1.6291
  1970            |   1.3102 [1.021, 1.681] |  1.3102
  1980            |   1.0116 [0.631, 1.621] |  1.0116
  1990            |   0.5362 [0.308, 0.935] |  0.5362
  2000            |   4.6825 [1.850, 11.852] |  4.6825

Sheet: 2022_17 — Reporting date: 2023-04-24
============================================================

ASMR Expected-Deaths Weights (for KCOR and KCOR_ns pooling):
  Age -2: weight = 0.282721
  Age 1920: weight = 0.181272
  Age 1930: weight = 0.285616
  Age 1940: weight = 0.154532
  Age 1950: weight = 0.048145
  Age 1960: weight = 0.008964
  Age 1970: weight = 0.017135
  Age 1980: weight = 0.002303
  Age 1990: weight = 0.001995
  Age 2000: weight = 0.017317
  Total weight: 1.000000


Dose combination: 2 vs 0 [2022_17]
--------------------------------------------------
            YoB | KCOR [95% CI] |             KCOR_ns
--------------------------------------------------
  All Ages        |   0.6666 [0.633, 0.702] |  0.7165
  ASMR (direct)   |   0.6321 [0.617, 0.647] |  0.6495
  1920            |   0.7309 [0.653, 0.818] |  0.7671
  1930            |   0.7373 [0.681, 0.799] |  0.4918
  1940            |   0.6278 [0.562, 0.701] |  0.6987
  1950            |   1.0933 [0.962, 1.243] |  1.3353
  1960            |   0.8941 [0.736, 1.087] |  0.9306
  1970            |   0.8738 [0.657, 1.162] |  0.8738
  1980            |   1.2728 [0.784, 2.067] |  1.2728
  1990            |   2.8065 [1.625, 4.848] |  2.8065
  2000            |   0.3750 [0.124, 1.135] |  0.3750

Dose combination: 2 vs 1 [2022_17]
--------------------------------------------------
            YoB | KCOR [95% CI] |             KCOR_ns
--------------------------------------------------
  All Ages        |   0.8616 [0.725, 1.024] |  0.8616
  ASMR (direct)   |   0.9643 [0.885, 1.051] |  0.7055
  1920            |   0.2101 [0.153, 0.288] |  0.2101
  1930            |   1.9618 [1.451, 2.652] |  1.3084
  1940            |   0.6210 [0.423, 0.911] |  0.6210
  1950            |   1.7384 [0.829, 3.644] |  1.5588
  1960            |   0.9565 [0.547, 1.673] |  0.9565
  1970            |   2.4020 [0.642, 8.991] |  2.4020
  1980            |      nan [nan, nan] |       -
  1990            |   0.2051 [0.049, 0.862] |  0.2051
  2000            |   0.8615 [0.105, 7.087] |  0.8615

Dose combination: 3 vs 2 [2022_17]
--------------------------------------------------
            YoB | KCOR [95% CI] |             KCOR_ns
--------------------------------------------------
  All Ages        |   1.6894 [1.620, 1.761] |  1.6894
  ASMR (direct)   |   1.5662 [1.539, 1.594] |  1.7263
  1920            |   1.7183 [1.571, 1.880] |  1.7183
  1930            |   1.1757 [1.121, 1.233] |  1.7629
  1940            |   1.6153 [1.472, 1.773] |  1.6153
  1950            |   1.3286 [1.178, 1.498] |  1.4817
  1960            |   1.1951 [0.999, 1.430] |  1.1632
  1970            |   1.6787 [1.272, 2.215] |  1.6787
  1980            |   0.5555 [0.340, 0.909] |  0.5555
  1990            |   0.7241 [0.403, 1.302] |  0.7241
  2000            |   5.7557 [1.260, 26.284] |  5.7557

Dose combination: 3 vs 0 [2022_17]
--------------------------------------------------
            YoB | KCOR [95% CI] |             KCOR_ns
--------------------------------------------------
  All Ages        |   1.1262 [1.084, 1.170] |  1.2104
  ASMR (direct)   |   0.9995 [0.982, 1.018] |  1.1654
  1920            |   1.2560 [1.162, 1.358] |  1.3181
  1930            |   0.8669 [0.806, 0.933] |  0.8669
  1940            |   1.0141 [0.938, 1.097] |  1.1287
  1950            |   1.4526 [1.307, 1.615] |  1.9785
  1960            |   1.0685 [0.897, 1.273] |  1.0824
  1970            |   1.4668 [1.100, 1.956] |  1.4668
  1980            |   0.7071 [0.420, 1.190] |  0.7071
  1990            |   2.0323 [1.117, 3.698] |  2.0323
  2000            |  10.7118 [2.325, 49.352] | 10.7118

Sheet: 2022_44 — Reporting date: 2023-10-30
============================================================

ASMR Expected-Deaths Weights (for KCOR and KCOR_ns pooling):
  Age -2: weight = 0.335178
  Age 1920: weight = 0.161798
  Age 1930: weight = 0.238226
  Age 1940: weight = 0.176110
  Age 1950: weight = 0.033905
  Age 1960: weight = 0.032703
  Age 1970: weight = 0.008323
  Age 1980: weight = 0.005693
  Age 1990: weight = 0.006522
  Age 2000: weight = 0.001543
  Total weight: 1.000000


Dose combination: 2 vs 0 [2022_44]
--------------------------------------------------
            YoB | KCOR [95% CI] |             KCOR_ns
--------------------------------------------------
  All Ages        |   0.7276 [0.685, 0.773] |  0.9475
  ASMR (direct)   |   0.6502 [0.634, 0.667] |  0.9426
  1920            |   0.6595 [0.574, 0.758] |  0.7704
  1930            |   1.3108 [1.201, 1.430] |  1.1223
  1940            |   0.8123 [0.729, 0.905] |  0.8786
  1950            |   0.9858 [0.828, 1.174] |  1.4576
  1960            |   0.8270 [0.651, 1.051] |  0.8270
  1970            |   1.3514 [0.974, 1.876] |  1.3514
  1980            |   0.2917 [0.159, 0.534] |  0.2917
  1990            |   0.5294 [0.278, 1.006] |  0.5294
  2000            |   1.2393 [0.473, 3.250] |  1.2393

Dose combination: 3 vs 2 [2022_44]
--------------------------------------------------
            YoB | KCOR [95% CI] |             KCOR_ns
--------------------------------------------------
  All Ages        |   0.7922 [0.744, 0.844] |  0.7922
  ASMR (direct)   |   1.1454 [1.117, 1.174] |  0.7955
  1920            |   1.3701 [1.206, 1.556] |  0.9068
  1930            |   0.9019 [0.841, 0.967] |  0.6849
  1940            |   1.0129 [0.914, 1.122] |  0.8620
  1950            |   0.4655 [0.384, 0.564] |  0.4655
  1960            |   1.1580 [0.920, 1.457] |  1.1580
  1970            |   1.1055 [0.802, 1.524] |  1.1055
  1980            |   1.4604 [0.821, 2.598] |  1.4604
  1990            |   0.7078 [0.350, 1.430] |  0.7078
  2000            |   1.3751 [0.513, 3.684] |  1.3751

Dose combination: 3 vs 0 [2022_44]
--------------------------------------------------
            YoB | KCOR [95% CI] |             KCOR_ns
--------------------------------------------------
  All Ages        |   0.5764 [0.552, 0.602] |  0.7507
  ASMR (direct)   |   0.7454 [0.734, 0.757] |  0.7546
  1920            |   0.9035 [0.835, 0.978] |  0.6986
  1930            |   1.1822 [1.108, 1.261] |  0.7686
  1940            |   0.8228 [0.764, 0.887] |  0.7573
  1950            |   0.4589 [0.400, 0.526] |  0.6785
  1960            |   0.9577 [0.792, 1.158] |  0.9577
  1970            |   1.4939 [1.120, 1.992] |  1.4939
  1980            |   0.4259 [0.264, 0.688] |  0.4259
  1990            |   0.6870 [0.385, 1.227] |  0.6870
  2000            |   1.9826 [0.809, 4.859] |  1.9826

Dose combination: 4 vs 3 [2022_44]
--------------------------------------------------
            YoB | KCOR [95% CI] |             KCOR_ns
--------------------------------------------------
  All Ages        |   1.5782 [1.521, 1.637] |  1.5008
  ASMR (direct)   |   1.0009 [0.988, 1.014] |  1.4657
  1920            |   1.0905 [1.040, 1.144] |  1.5155
  1930            |   0.8365 [0.805, 0.869] |  1.5201
  1940            |   0.9812 [0.922, 1.044] |  1.4403
  1950            |   2.0234 [1.765, 2.320] |  2.0234
  1960            |   1.0586 [0.860, 1.303] |  1.0586
  1970            |   0.9707 [0.666, 1.416] |  0.9707
  1980            |   0.2826 [0.131, 0.612] |  0.2826
  1990            |   1.8417 [0.510, 6.652] |  1.8417
  2000            |   0.0000 [0.000, 0.000] |  0.0000

Dose combination: 4 vs 0 [2022_44]
--------------------------------------------------
            YoB | KCOR [95% CI] |             KCOR_ns
--------------------------------------------------
  All Ages        |   0.9097 [0.880, 0.941] |  1.1266
  ASMR (direct)   |   0.7436 [0.732, 0.755] |  1.0878
  1920            |   0.9853 [0.915, 1.061] |  1.0587
  1930            |   0.9890 [0.927, 1.055] |  1.1683
  1940            |   0.8073 [0.752, 0.866] |  1.0907
  1950            |   0.9285 [0.830, 1.039] |  1.3728
  1960            |   1.0138 [0.814, 1.262] |  1.0138
  1970            |   1.4502 [0.989, 2.127] |  1.4502
  1980            |   0.1204 [0.054, 0.266] |  0.1204
  1990            |   0.2941 [0.084, 1.029] |  0.2941
  2000            |   0.0000 [0.000, 0.000] |  0.0000

Sheet: 2023_05 — Reporting date: 2024-01-29
============================================================

ASMR Expected-Deaths Weights (for KCOR and KCOR_ns pooling):
  Age -2: weight = 0.375244
  Age 1920: weight = 0.149195
  Age 1930: weight = 0.240178
  Age 1940: weight = 0.183312
  Age 1950: weight = 0.026534
  Age 1960: weight = 0.011283
  Age 1970: weight = 0.006053
  Age 1980: weight = 0.003575
  Age 1990: weight = 0.002586
  Age 2000: weight = 0.002040
  Total weight: 1.000000


Dose combination: 2 vs 0 [2023_05]
--------------------------------------------------
            YoB | KCOR [95% CI] |             KCOR_ns
--------------------------------------------------
  All Ages        |   0.6491 [0.607, 0.694] |  0.8334
  ASMR (direct)   |   0.6641 [0.643, 0.686] |  0.8498
  1920            |   0.6170 [0.531, 0.717] |  0.7664
  1930            |   1.6852 [1.551, 1.831] |  0.6800
  1940            |   0.5785 [0.504, 0.664] |  1.2576
  1950            |   0.5109 [0.423, 0.617] |  0.6971
  1960            |   0.9268 [0.730, 1.177] |  0.9268
  1970            |   1.5721 [1.106, 2.235] |  1.5721
  1980            |   0.6765 [0.376, 1.216] |  0.6765
  1990            |   0.3111 [0.143, 0.676] |  0.3111
  2000            |   1.4198 [0.516, 3.904] |  1.4198

Dose combination: 3 vs 0 [2023_05]
--------------------------------------------------
            YoB | KCOR [95% CI] |             KCOR_ns
--------------------------------------------------
  All Ages        |   0.5378 [0.511, 0.566] |  0.6905
  ASMR (direct)   |   0.7808 [0.766, 0.796] |  0.6826
  1920            |   1.0462 [0.968, 1.131] |  0.6622
  1930            |   1.5720 [1.454, 1.700] |  0.6507
  1940            |   0.5539 [0.522, 0.588] |  0.7203
  1950            |   0.5721 [0.488, 0.671] |  0.7807
  1960            |   0.8458 [0.690, 1.037] |  0.8458
  1970            |   0.5877 [0.422, 0.819] |  0.5877
  1980            |   0.6470 [0.383, 1.094] |  0.6470
  1990            |   0.5817 [0.292, 1.159] |  0.5817
  2000            |   1.5338 [0.537, 4.381] |  1.5338

Dose combination: 3 vs 2 [2023_05]
--------------------------------------------------
            YoB | KCOR [95% CI] |             KCOR_ns
--------------------------------------------------
  All Ages        |   0.8285 [0.771, 0.891] |  0.8285
  ASMR (direct)   |   1.1739 [1.138, 1.211] |  0.7995
  1920            |   1.6957 [1.475, 1.950] |  0.8641
  1930            |   0.9328 [0.893, 0.975] |  0.9570
  1940            |   0.9575 [0.831, 1.103] |  0.5727
  1950            |   1.1199 [0.902, 1.391] |  1.1199
  1960            |   0.9126 [0.717, 1.162] |  0.9126
  1970            |   0.3738 [0.260, 0.537] |  0.3738
  1980            |   0.9565 [0.529, 1.728] |  0.9565
  1990            |   0.6114 [0.255, 1.464] |  0.6114
  2000            |   1.0803 [0.365, 3.195] |  1.0803

Dose combination: 4 vs 3 [2023_05]
--------------------------------------------------
            YoB | KCOR [95% CI] |             KCOR_ns
--------------------------------------------------
  All Ages        |   1.9546 [1.872, 2.041] |  1.0602
  ASMR (direct)   |   1.4858 [1.466, 1.506] |  1.1331
  1920            |   1.2267 [1.176, 1.280] |  1.0719
  1930            |   0.7302 [0.706, 0.756] |  1.0655
  1940            |   1.3813 [1.303, 1.464] |  1.2924
  1950            |   0.8632 [0.728, 1.023] |  0.8202
  1960            |   0.9973 [0.804, 1.237] |  0.9973
  1970            |   2.5020 [1.727, 3.626] |  2.5020
  1980            |   1.5455 [0.805, 2.968] |  1.5455
  1990            |   1.9584 [0.847, 4.528] |  1.9584
  2000            |   2.4821 [0.839, 7.341] |  2.4821

Dose combination: 4 vs 0 [2023_05]
--------------------------------------------------
            YoB | KCOR [95% CI] |             KCOR_ns
--------------------------------------------------
  All Ages        |   1.0512 [1.017, 1.087] |  0.7320
  ASMR (direct)   |   1.1602 [1.142, 1.179] |  0.7734
  1920            |   1.2834 [1.196, 1.377] |  0.7099
  1930            |   1.1478 [1.062, 1.241] |  0.6934
  1940            |   0.7651 [0.730, 0.802] |  0.9309
  1950            |   0.4939 [0.433, 0.563] |  0.6404
  1960            |   0.8435 [0.682, 1.043] |  0.8435
  1970            |   1.4704 [1.026, 2.108] |  1.4704
  1980            |   1.0000 [0.523, 1.912] |  1.0000
  1990            |   1.1392 [0.546, 2.377] |  1.1392
  2000            |   3.8070 [1.385, 10.468] |  3.8070

Dose combination: 5 vs 4 [2023_05]
--------------------------------------------------
            YoB | KCOR [95% CI] |             KCOR_ns
--------------------------------------------------
  All Ages        |   0.9038 [0.884, 0.925] |  1.4856
  ASMR (direct)   |   0.6856 [0.678, 0.693] |  1.4466
  1920            |   0.8319 [0.804, 0.861] |  1.5678
  1930            |   0.9522 [0.914, 0.992] |  1.5762
  1940            |   0.8079 [0.767, 0.851] |  1.2531
  1950            |   0.9276 [0.802, 1.072] |  0.9762
  1960            |   2.7425 [2.071, 3.632] |  2.7425
  1970            |   0.5951 [0.354, 1.001] |  0.5951
  1980            |   1.6177 [0.580, 4.515] |  1.6177
  1990            |   3.0249 [0.949, 9.644] |  3.0249
  2000            |   0.0000 [0.000, 0.000] |  0.0000

Dose combination: 5 vs 0 [2023_05]
--------------------------------------------------
            YoB | KCOR [95% CI] |             KCOR_ns
--------------------------------------------------
  All Ages        |   0.9501 [0.917, 0.985] |  1.0875
  ASMR (direct)   |   0.7960 [0.782, 0.810] |  1.1131
  1920            |   1.0676 [0.991, 1.150] |  1.1129
  1930            |   1.0929 [1.008, 1.185] |  1.0929
  1940            |   0.6182 [0.586, 0.652] |  1.1665
  1950            |   0.4581 [0.401, 0.523] |  0.6251
  1960            |   2.3134 [1.762, 3.037] |  2.3134
  1970            |   0.8750 [0.535, 1.432] |  0.8750
  1980            |   1.6657 [0.644, 4.309] |  1.6657
  1990            |   3.4459 [1.198, 9.915] |  3.4459
  2000            |   0.0000 [0.000, 0.000] |  0.0000

Sheet: 2023_31 — Reporting date: 2024-07-29
============================================================

ASMR Expected-Deaths Weights (for KCOR and KCOR_ns pooling):
  Age -2: weight = 0.411133
  Age 1920: weight = 0.138437
  Age 1930: weight = 0.207904
  Age 1940: weight = 0.153071
  Age 1950: weight = 0.025525
  Age 1960: weight = 0.017043
  Age 1970: weight = 0.009043
  Age 1980: weight = 0.027406
  Age 1990: weight = 0.003595
  Age 2000: weight = 0.006844
  Total weight: 1.000000


Dose combination: 2 vs 0 [2023_31]
--------------------------------------------------
            YoB | KCOR [95% CI] |             KCOR_ns
--------------------------------------------------
  All Ages        |   0.8973 [0.833, 0.967] |  0.8973
  ASMR (direct)   |   0.8657 [0.825, 0.908] |  0.9167
  1920            |   0.9014 [0.762, 1.066] |  0.9014
  1930            |   0.8239 [0.717, 0.947] |  0.8239
  1940            |   0.8155 [0.689, 0.965] |  0.8155
  1950            |   0.6116 [0.495, 0.756] |  0.6116
  1960            |   1.0809 [0.860, 1.359] |  1.0809
  1970            |   1.5821 [1.082, 2.312] |  1.5821
  1980            |   3.5900 [2.114, 6.097] |  3.5900
  1990            |   2.2502 [1.134, 4.466] |  2.2502
  2000            |   1.7364 [0.656, 4.598] |  1.7364

Dose combination: 3 vs 0 [2023_31]
--------------------------------------------------
            YoB | KCOR [95% CI] |             KCOR_ns
--------------------------------------------------
  All Ages        |   0.8889 [0.837, 0.944] |  0.8889
  ASMR (direct)   |   0.8242 [0.793, 0.857] |  0.8469
  1920            |   0.7993 [0.701, 0.911] |  0.7993
  1930            |   0.9210 [0.830, 1.022] |  0.9210
  1940            |   0.7268 [0.636, 0.830] |  0.7268
  1950            |   0.8438 [0.706, 1.008] |  0.8438
  1960            |   1.1401 [0.924, 1.406] |  1.1401
  1970            |   1.8385 [1.300, 2.601] |  1.8385
  1980            |   1.0256 [0.563, 1.868] |  1.0256
  1990            |   0.7892 [0.379, 1.643] |  0.7892
  2000            |   0.5455 [0.134, 2.214] |  0.5455

Dose combination: 3 vs 2 [2023_31]
--------------------------------------------------
            YoB | KCOR [95% CI] |             KCOR_ns
--------------------------------------------------
  All Ages        |   0.9906 [0.917, 1.070] |  0.9906
  ASMR (direct)   |   0.9580 [0.911, 1.008] |  0.9344
  1920            |   0.8867 [0.746, 1.054] |  0.8867
  1930            |   1.1179 [0.971, 1.287] |  1.1179
  1940            |   0.8912 [0.745, 1.066] |  0.8912
  1950            |   1.3796 [1.100, 1.730] |  1.3796
  1960            |   1.0548 [0.833, 1.335] |  1.0548
  1970            |   1.1621 [0.799, 1.690] |  1.1621
  1980            |   0.2857 [0.155, 0.527] |  0.2857
  1990            |   0.4919 [0.239, 1.012] |  0.4919
  2000            |   0.7042 [0.180, 2.762] |  0.7042

Dose combination: 4 vs 3 [2023_31]
--------------------------------------------------
            YoB | KCOR [95% CI] |             KCOR_ns
--------------------------------------------------
  All Ages        |   1.0794 [1.019, 1.144] |  1.0794
  ASMR (direct)   |   1.1258 [1.082, 1.171] |  1.1391
  1920            |   1.0374 [0.920, 1.169] |  1.0374
  1930            |   1.0765 [0.978, 1.185] |  1.0765
  1940            |   1.2929 [1.133, 1.476] |  1.2929
  1950            |   0.8879 [0.738, 1.068] |  0.8879
  1960            |   0.8557 [0.690, 1.061] |  0.8557
  1970            |   1.1594 [0.794, 1.693] |  1.1594
  1980            |   1.8751 [0.899, 3.910] |  1.8751
  1990            |   1.1817 [0.426, 3.278] |  1.1817
  2000            |   1.6667 [0.285, 9.752] |  1.6667

Dose combination: 4 vs 0 [2023_31]
--------------------------------------------------
            YoB | KCOR [95% CI] |             KCOR_ns
--------------------------------------------------
  All Ages        |   0.9595 [0.909, 1.013] |  0.9595
  ASMR (direct)   |   0.9265 [0.894, 0.961] |  0.9643
  1920            |   0.8292 [0.741, 0.928] |  0.8292
  1930            |   0.9915 [0.903, 1.089] |  0.9915
  1940            |   0.9397 [0.836, 1.056] |  0.9397
  1950            |   0.7492 [0.634, 0.885] |  0.7492
  1960            |   0.9755 [0.792, 1.201] |  0.9755
  1970            |   2.1315 [1.453, 3.127] |  2.1315
  1980            |   1.9230 [0.986, 3.751] |  1.9230
  1990            |   0.8750 [0.323, 2.368] |  0.8750
  2000            |   0.9091 [0.206, 4.009] |  0.9091

Dose combination: 5 vs 4 [2023_31]
--------------------------------------------------
            YoB | KCOR [95% CI] |             KCOR_ns
--------------------------------------------------
  All Ages        |   0.9952 [0.951, 1.042] |  0.9952
  ASMR (direct)   |   0.9784 [0.944, 1.014] |  0.9831
  1920            |   0.9812 [0.901, 1.069] |  0.9812
  1930            |   0.9669 [0.898, 1.041] |  0.9669
  1940            |   1.1508 [1.038, 1.276] |  1.1508
  1950            |   0.8365 [0.708, 0.989] |  0.8365
  1960            |   0.8549 [0.635, 1.151] |  0.8549
  1970            |   1.5250 [0.808, 2.877] |  1.5250
  1980            |   0.5335 [0.202, 1.407] |  0.5335
  1990            |   0.7146 [0.177, 2.884] |  0.7146
  2000            |   0.0000 [0.000, 0.000] |  0.0000

Dose combination: 5 vs 0 [2023_31]
--------------------------------------------------
            YoB | KCOR [95% CI] |             KCOR_ns
--------------------------------------------------
  All Ages        |   0.9549 [0.909, 1.003] |  0.9549
  ASMR (direct)   |   0.8989 [0.867, 0.932] |  0.9267
  1920            |   0.8136 [0.736, 0.899] |  0.8136
  1930            |   0.9587 [0.882, 1.042] |  0.9587
  1940            |   1.0814 [0.974, 1.201] |  1.0814
  1950            |   0.6266 [0.534, 0.735] |  0.6266
  1960            |   0.8340 [0.622, 1.119] |  0.8340
  1970            |   0.7186 [0.388, 1.331] |  0.7186
  1980            |   1.0260 [0.429, 2.453] |  1.0260
  1990            |   0.6253 [0.188, 2.079] |  0.6253
  2000            |   0.0000 [0.000, 0.000] |  0.0000

Dose combination: 6 vs 5 [2023_31]
--------------------------------------------------
            YoB | KCOR [95% CI] |             KCOR_ns
--------------------------------------------------
  All Ages        |   1.5663 [1.511, 1.624] |  1.5663
  ASMR (direct)   |   1.6371 [1.601, 1.675] |  1.5022
  1920            |   1.5812 [1.486, 1.683] |  1.5812
  1930            |   1.6081 [1.520, 1.701] |  1.6081
  1940            |   1.3675 [1.258, 1.487] |  1.3675
  1950            |   1.3779 [1.158, 1.639] |  1.3779
  1960            |   2.0815 [1.392, 3.112] |  2.0815
  1970            |   2.6099 [1.197, 5.693] |  2.6099
  1980            |   0.8838 [0.222, 3.516] |  0.8838
  1990            |   1.2368 [0.212, 7.232] |  1.2368
  2000            |      nan [nan, nan] |       -

Dose combination: 6 vs 0 [2023_31]
--------------------------------------------------
            YoB | KCOR [95% CI] |             KCOR_ns
--------------------------------------------------
  All Ages        |   1.4956 [1.428, 1.567] |  1.4956
  ASMR (direct)   |   1.4808 [1.438, 1.525] |  1.4640
  1920            |   1.2865 [1.169, 1.416] |  1.2865
  1930            |   1.5417 [1.422, 1.671] |  1.5417
  1940            |   1.4788 [1.338, 1.634] |  1.4788
  1950            |   0.8635 [0.727, 1.026] |  0.8635
  1960            |   1.7360 [1.234, 2.441] |  1.7360
  1970            |   1.3687 [0.756, 2.477] |  1.3687
  1980            |   2.2132 [0.674, 7.265] |  2.2132
  1990            |   6.6531 [1.529, 28.956] |  6.6531
  2000            |   0.0000 [0.000, 0.000] |       -
================================================================================
[THETA0_DIAG] mean k_hat_vs_dose0_ratio by dose | dose=1:mean_ratio=2.5703; dose=2:mean_ratio=1.1692; dose=3:mean_ratio=0.9454; dose=4:mean_ratio=1.4905; dose=5:mean_ratio=1.7055; dose=6:mean_ratio=0.8143
[MFG] No M/P manufacturer comparisons generated (missing or empty MFG sheets)
[Done] Wrote 33808 rows to ../data/japan2/KCOR.xlsx at 2026-04-07 20:59:59
[Summary] Creating summary file: ../data/japan2/KCOR_summary.xlsx
  - 2021_44: 3 dose combinations, 37 summary rows
  - 2022_17: 4 dose combinations, 49 summary rows
  - 2022_44: 5 dose combinations, 61 summary rows
  - 2023_05: 7 dose combinations, 85 summary rows
  - 2023_31: 9 dose combinations, 109 summary rows
  - theta0_status_summary: 5 enrollment rows (file=../data/japan2/KCOR_summary.xlsx, sheet=theta0_status_summary)
    2021_44: any_non_ok_status=True, quality_flag=True, quality_flag_detail=(1960,0,INSUFFICIENT_SIGNAL)
    2022_17: any_non_ok_status=True, quality_flag=False, quality_flag_detail=
    2022_44: any_non_ok_status=True, quality_flag=False, quality_flag_detail=
    2023_05: any_non_ok_status=True, quality_flag=False, quality_flag_detail=
    2023_31: any_non_ok_status=True, quality_flag=False, quality_flag_detail=
  - gamma_frailty_fit: 220 diagnostic rows (file=../data/japan2/KCOR_summary.xlsx, sheet=gamma_frailty_fit)
[Summary] Created summary with 5 enrollment periods
