This is XeTeX, Version 3.141592653-2.6-0.999994 (TeX Live 2022/Debian) (preloaded format=xelatex 2025.12.23)  9 JAN 2026 14:52
entering extended mode
 restricted \write18 enabled.
 file:line:error style messages enabled.
 %&-line parsing enabled.
**paper_debug.tex
(./paper_debug.tex
LaTeX2e <2022-11-01> patch level 1
L3 programming layer <2023-01-16>
(/usr/share/texlive/texmf-dist/tex/latex/base/article.cls
Document Class: article 2022/07/02 v1.4n Standard LaTeX document class
(/usr/share/texlive/texmf-dist/tex/latex/base/size10.clo
File: size10.clo 2022/07/02 v1.4n Standard LaTeX file (size option)
)
\c@part=\count181
\c@section=\count182
\c@subsection=\count183
\c@subsubsection=\count184
\c@paragraph=\count185
\c@subparagraph=\count186
\c@figure=\count187
\c@table=\count188
\abovecaptionskip=\skip48
\belowcaptionskip=\skip49
\bibindent=\dimen140
)
(/usr/share/texlive/texmf-dist/tex/latex/xcolor/xcolor.sty
Package: xcolor 2022/06/12 v2.14 LaTeX color extensions (UK)

(/usr/share/texlive/texmf-dist/tex/latex/graphics-cfg/color.cfg
File: color.cfg 2016/01/02 v1.6 sample color configuration
)
Package xcolor Info: Driver file: xetex.def on input line 227.

(/usr/share/texlive/texmf-dist/tex/latex/graphics-def/xetex.def
File: xetex.def 2022/09/22 v5.0n Graphics/color driver for xetex
)
(/usr/share/texlive/texmf-dist/tex/latex/graphics/mathcolor.ltx)
Package xcolor Info: Model `cmy' substituted by `cmy0' on input line 1353.
Package xcolor Info: Model `RGB' extended on input line 1369.
Package xcolor Info: Model `HTML' substituted by `rgb' on input line 1371.
Package xcolor Info: Model `Hsb' substituted by `hsb' on input line 1372.
Package xcolor Info: Model `tHsb' substituted by `hsb' on input line 1373.
Package xcolor Info: Model `HSB' substituted by `hsb' on input line 1374.
Package xcolor Info: Model `Gray' substituted by `gray' on input line 1375.
Package xcolor Info: Model `wave' substituted by `hsb' on input line 1376.
)
(/usr/share/texlive/texmf-dist/tex/latex/amsmath/amsmath.sty
Package: amsmath 2022/04/08 v2.17n AMS math features
\@mathmargin=\skip50

For additional information on amsmath, use the `?' option.
(/usr/share/texlive/texmf-dist/tex/latex/amsmath/amstext.sty
Package: amstext 2021/08/26 v2.01 AMS text

(/usr/share/texlive/texmf-dist/tex/latex/amsmath/amsgen.sty
File: amsgen.sty 1999/11/30 v2.0 generic functions
\@emptytoks=\toks16
\ex@=\dimen141
))
(/usr/share/texlive/texmf-dist/tex/latex/amsmath/amsbsy.sty
Package: amsbsy 1999/11/29 v1.2d Bold Symbols
\pmbraise@=\dimen142
)
(/usr/share/texlive/texmf-dist/tex/latex/amsmath/amsopn.sty
Package: amsopn 2022/04/08 v2.04 operator names
)
\inf@bad=\count189
LaTeX Info: Redefining \frac on input line 234.
\uproot@=\count190
\leftroot@=\count191
LaTeX Info: Redefining \overline on input line 399.
LaTeX Info: Redefining \colon on input line 410.
\classnum@=\count192
\DOTSCASE@=\count193
LaTeX Info: Redefining \ldots on input line 496.
LaTeX Info: Redefining \dots on input line 499.
LaTeX Info: Redefining \cdots on input line 620.
\Mathstrutbox@=\box51
\strutbox@=\box52
LaTeX Info: Redefining \big on input line 722.
LaTeX Info: Redefining \Big on input line 723.
LaTeX Info: Redefining \bigg on input line 724.
LaTeX Info: Redefining \Bigg on input line 725.
\big@size=\dimen143
LaTeX Font Info:    Redeclaring font encoding OML on input line 743.
LaTeX Font Info:    Redeclaring font encoding OMS on input line 744.
\macc@depth=\count194
LaTeX Info: Redefining \bmod on input line 905.
LaTeX Info: Redefining \pmod on input line 910.
LaTeX Info: Redefining \smash on input line 940.
LaTeX Info: Redefining \relbar on input line 970.
LaTeX Info: Redefining \Relbar on input line 971.
\c@MaxMatrixCols=\count195
\dotsspace@=\muskip16
\c@parentequation=\count196
\dspbrk@lvl=\count197
\tag@help=\toks17
\row@=\count198
\column@=\count199
\maxfields@=\count266
\andhelp@=\toks18
\eqnshift@=\dimen144
\alignsep@=\dimen145
\tagshift@=\dimen146
\tagwidth@=\dimen147
\totwidth@=\dimen148
\lineht@=\dimen149
\@envbody=\toks19
\multlinegap=\skip51
\multlinetaggap=\skip52
\mathdisplay@stack=\toks20
LaTeX Info: Redefining \[ on input line 2953.
LaTeX Info: Redefining \] on input line 2954.
)
(/usr/share/texlive/texmf-dist/tex/latex/amsfonts/amssymb.sty
Package: amssymb 2013/01/14 v3.01 AMS font symbols

(/usr/share/texlive/texmf-dist/tex/latex/amsfonts/amsfonts.sty
Package: amsfonts 2013/01/14 v3.01 Basic AMSFonts support
\symAMSa=\mathgroup4
\symAMSb=\mathgroup5
LaTeX Font Info:    Redeclaring math symbol \hbar on input line 98.
LaTeX Font Info:    Overwriting math alphabet `\mathfrak' in version `bold'
(Font)                  U/euf/m/n --> U/euf/b/n on input line 106.
))
(/usr/share/texlive/texmf-dist/tex/generic/iftex/iftex.sty
Package: iftex 2022/02/03 v1.0f TeX engine tests
)
(/usr/share/texlive/texmf-dist/tex/latex/unicode-math/unicode-math.sty
(/usr/share/texlive/texmf-dist/tex/latex/l3kernel/expl3.sty
Package: expl3 2023-01-16 L3 programming layer (loader) 

(/usr/share/texlive/texmf-dist/tex/latex/l3backend/l3backend-xetex.def
File: l3backend-xetex.def 2023-01-16 L3 backend support: XeTeX
\g__graphics_track_int=\count267
\l__pdf_internal_box=\box53
\g__pdf_backend_object_int=\count268
\g__pdf_backend_annotation_int=\count269
\g__pdf_backend_link_int=\count270
))
Package: unicode-math 2020/01/31 v0.8q Unicode maths in XeLaTeX and LuaLaTeX

(/usr/share/texlive/texmf-dist/tex/latex/unicode-math/unicode-math-xetex.sty
Package: unicode-math-xetex 2020/01/31 v0.8q Unicode maths in XeLaTeX and LuaLa
TeX

(/usr/share/texlive/texmf-dist/tex/latex/l3packages/xparse/xparse.sty
Package: xparse 2023-01-16 L3 Experimental document command parser
)
(/usr/share/texlive/texmf-dist/tex/latex/l3packages/l3keys2e/l3keys2e.sty
Package: l3keys2e 2023-01-16 LaTeX2e option processing using LaTeX3 keys
)
(/usr/share/texlive/texmf-dist/tex/latex/fontspec/fontspec.sty
Package: fontspec 2022/01/15 v2.8a Font selection for XeLaTeX and LuaLaTeX

(/usr/share/texlive/texmf-dist/tex/latex/fontspec/fontspec-xetex.sty
Package: fontspec-xetex 2022/01/15 v2.8a Font selection for XeLaTeX and LuaLaTe
X
\l__fontspec_script_int=\count271
\l__fontspec_language_int=\count272
\l__fontspec_strnum_int=\count273
\l__fontspec_tmp_int=\count274
\l__fontspec_tmpa_int=\count275
\l__fontspec_tmpb_int=\count276
\l__fontspec_tmpc_int=\count277
\l__fontspec_em_int=\count278
\l__fontspec_emdef_int=\count279
\l__fontspec_strong_int=\count280
\l__fontspec_strongdef_int=\count281
\l__fontspec_tmpa_dim=\dimen150
\l__fontspec_tmpb_dim=\dimen151
\l__fontspec_tmpc_dim=\dimen152

(/usr/share/texlive/texmf-dist/tex/latex/base/fontenc.sty
Package: fontenc 2021/04/29 v2.0v Standard LaTeX package
)
(/usr/share/texlive/texmf-dist/tex/latex/fontspec/fontspec.cfg)))
(/usr/share/texlive/texmf-dist/tex/latex/base/fix-cm.sty
Package: fix-cm 2020/11/24 v1.1t fixes to LaTeX

(/usr/share/texlive/texmf-dist/tex/latex/base/ts1enc.def
File: ts1enc.def 2001/06/05 v3.0e (jk/car/fm) Standard LaTeX file
LaTeX Font Info:    Redeclaring font encoding TS1 on input line 47.
))
\g__um_fam_int=\count282
\g__um_fonts_used_int=\count283
\l__um_primecount_int=\count284
\g__um_primekern_muskip=\muskip17

(/usr/share/texlive/texmf-dist/tex/latex/unicode-math/unicode-math-table.tex)))
(/usr/share/texmf/tex/latex/lm/lmodern.sty
Package: lmodern 2015/05/01 v1.6.1 Latin Modern Fonts
LaTeX Font Info:    Overwriting symbol font `operators' in version `normal'
(Font)                  OT1/cmr/m/n --> OT1/lmr/m/n on input line 22.
LaTeX Font Info:    Overwriting symbol font `letters' in version `normal'
(Font)                  OML/cmm/m/it --> OML/lmm/m/it on input line 23.
LaTeX Font Info:    Overwriting symbol font `symbols' in version `normal'
(Font)                  OMS/cmsy/m/n --> OMS/lmsy/m/n on input line 24.
LaTeX Font Info:    Overwriting symbol font `largesymbols' in version `normal'
(Font)                  OMX/cmex/m/n --> OMX/lmex/m/n on input line 25.
LaTeX Font Info:    Overwriting symbol font `operators' in version `bold'
(Font)                  OT1/cmr/bx/n --> OT1/lmr/bx/n on input line 26.
LaTeX Font Info:    Overwriting symbol font `letters' in version `bold'
(Font)                  OML/cmm/b/it --> OML/lmm/b/it on input line 27.
LaTeX Font Info:    Overwriting symbol font `symbols' in version `bold'
(Font)                  OMS/cmsy/b/n --> OMS/lmsy/b/n on input line 28.
LaTeX Font Info:    Overwriting symbol font `largesymbols' in version `bold'
(Font)                  OMX/cmex/m/n --> OMX/lmex/m/n on input line 29.
LaTeX Font Info:    Overwriting math alphabet `\mathbf' in version `normal'
(Font)                  OT1/cmr/bx/n --> OT1/lmr/bx/n on input line 31.
LaTeX Font Info:    Overwriting math alphabet `\mathsf' in version `normal'
(Font)                  OT1/cmss/m/n --> OT1/lmss/m/n on input line 32.
LaTeX Font Info:    Overwriting math alphabet `\mathit' in version `normal'
(Font)                  OT1/cmr/m/it --> OT1/lmr/m/it on input line 33.
LaTeX Font Info:    Overwriting math alphabet `\mathtt' in version `normal'
(Font)                  OT1/cmtt/m/n --> OT1/lmtt/m/n on input line 34.
LaTeX Font Info:    Overwriting math alphabet `\mathbf' in version `bold'
(Font)                  OT1/cmr/bx/n --> OT1/lmr/bx/n on input line 35.
LaTeX Font Info:    Overwriting math alphabet `\mathsf' in version `bold'
(Font)                  OT1/cmss/bx/n --> OT1/lmss/bx/n on input line 36.
LaTeX Font Info:    Overwriting math alphabet `\mathit' in version `bold'
(Font)                  OT1/cmr/bx/it --> OT1/lmr/bx/it on input line 37.
LaTeX Font Info:    Overwriting math alphabet `\mathtt' in version `bold'
(Font)                  OT1/cmtt/m/n --> OT1/lmtt/m/n on input line 38.
)
(/usr/share/texlive/texmf-dist/tex/latex/upquote/upquote.sty
Package: upquote 2012/04/19 v1.3 upright-quote and grave-accent glyphs in verba
tim

(/usr/share/texlive/texmf-dist/tex/latex/base/textcomp.sty
Package: textcomp 2020/02/02 v2.0n Standard LaTeX package
))
(/usr/share/texlive/texmf-dist/tex/latex/microtype/microtype.sty
Package: microtype 2022/06/23 v3.0f Micro-typographical refinements (RS)

(/usr/share/texlive/texmf-dist/tex/latex/graphics/keyval.sty
Package: keyval 2022/05/29 v1.15 key=value parser (DPC)
\KV@toks@=\toks21
)
(/usr/share/texlive/texmf-dist/tex/latex/etoolbox/etoolbox.sty
Package: etoolbox 2020/10/05 v2.5k e-TeX tools for LaTeX (JAW)
\etb@tempcnta=\count285
)
\MT@toks=\toks22
\MT@tempbox=\box54
\MT@count=\count286
LaTeX Info: Redefining \noprotrusionifhmode on input line 1045.
LaTeX Info: Redefining \leftprotrusion on input line 1046.
LaTeX Info: Redefining \rightprotrusion on input line 1056.
LaTeX Info: Redefining \textls on input line 1234.
\MT@outer@kern=\dimen153
LaTeX Info: Redefining \textmicrotypecontext on input line 1858.
\MT@listname@count=\count287

(/usr/share/texlive/texmf-dist/tex/latex/microtype/microtype-xetex.def
File: microtype-xetex.def 2022/06/23 v3.0f Definitions specific to xetex (RS)
LaTeX Info: Redefining \lsstyle on input line 236.
)
Package microtype Info: Loading configuration file microtype.cfg.

(/usr/share/texlive/texmf-dist/tex/latex/microtype/microtype.cfg
File: microtype.cfg 2022/06/23 v3.0f microtype main configuration file (RS)
))
(/usr/share/texlive/texmf-dist/tex/latex/parskip/parskip.sty
Package: parskip 2021-03-14 v2.0h non-zero parskip adjustments

(/usr/share/texlive/texmf-dist/tex/latex/kvoptions/kvoptions.sty
Package: kvoptions 2022-06-15 v3.15 Key value format for package options (HO)

(/usr/share/texlive/texmf-dist/tex/generic/ltxcmds/ltxcmds.sty
Package: ltxcmds 2020-05-10 v1.25 LaTeX kernel commands for general use (HO)
)
(/usr/share/texlive/texmf-dist/tex/latex/kvsetkeys/kvsetkeys.sty
Package: kvsetkeys 2022-10-05 v1.19 Key value parser (HO)
)))
(/usr/share/texlive/texmf-dist/tex/latex/tools/longtable.sty
Package: longtable 2021-09-01 v4.17 Multi-page Table package (DPC)
\LTleft=\skip53
\LTright=\skip54
\LTpre=\skip55
\LTpost=\skip56
\LTchunksize=\count288
\LTcapwidth=\dimen154
\LT@head=\box55
\LT@firsthead=\box56
\LT@foot=\box57
\LT@lastfoot=\box58
\LT@gbox=\box59
\LT@cols=\count289
\LT@rows=\count290
\c@LT@tables=\count291
\c@LT@chunks=\count292
\LT@p@ftn=\toks23
)
(/usr/share/texlive/texmf-dist/tex/latex/booktabs/booktabs.sty
Package: booktabs 2020/01/12 v1.61803398 Publication quality tables
\heavyrulewidth=\dimen155
\lightrulewidth=\dimen156
\cmidrulewidth=\dimen157
\belowrulesep=\dimen158
\belowbottomsep=\dimen159
\aboverulesep=\dimen160
\abovetopsep=\dimen161
\cmidrulesep=\dimen162
\cmidrulekern=\dimen163
\defaultaddspace=\dimen164
\@cmidla=\count293
\@cmidlb=\count294
\@aboverulesep=\dimen165
\@belowrulesep=\dimen166
\@thisruleclass=\count295
\@lastruleclass=\count296
\@thisrulewidth=\dimen167
)
(/usr/share/texlive/texmf-dist/tex/latex/tools/array.sty
Package: array 2022/09/04 v2.5g Tabular extension package (FMi)
\col@sep=\dimen168
\ar@mcellbox=\box60
\extrarowheight=\dimen169
\NC@list=\toks24
\extratabsurround=\skip57
\backup@length=\skip58
\ar@cellbox=\box61
)
\c@none=\count297

(/usr/share/texlive/texmf-dist/tex/latex/tools/calc.sty
Package: calc 2017/05/25 v4.3 Infix arithmetic (KKT,FJ)
\calc@Acount=\count298
\calc@Bcount=\count299
\calc@Adimen=\dimen170
\calc@Bdimen=\dimen171
\calc@Askip=\skip59
\calc@Bskip=\skip60
LaTeX Info: Redefining \setlength on input line 80.
LaTeX Info: Redefining \addtolength on input line 81.
\calc@Ccount=\count300
\calc@Cskip=\skip61
)
(/usr/share/texlive/texmf-dist/tex/latex/footnotehyper/footnotehyper.sty
Package: footnotehyper 2021/08/13 v1.1e hyperref aware footnote.sty (JFB)
\FNH@notes=\box62
\FNH@width=\dimen172
\FNH@toks=\toks25
)
(/usr/share/texlive/texmf-dist/tex/latex/graphics/graphicx.sty
Package: graphicx 2021/09/16 v1.2d Enhanced LaTeX Graphics (DPC,SPQR)

(/usr/share/texlive/texmf-dist/tex/latex/graphics/graphics.sty
Package: graphics 2022/03/10 v1.4e Standard LaTeX Graphics (DPC,SPQR)

(/usr/share/texlive/texmf-dist/tex/latex/graphics/trig.sty
Package: trig 2021/08/11 v1.11 sin cos tan (DPC)
)
(/usr/share/texlive/texmf-dist/tex/latex/graphics-cfg/graphics.cfg
File: graphics.cfg 2016/06/04 v1.11 sample graphics configuration
)
Package graphics Info: Driver file: xetex.def on input line 107.
)
\Gin@req@height=\dimen173
\Gin@req@width=\dimen174
)
\pandoc@box=\box63
\cslhangindent=\skip62
\csllabelwidth=\skip63

(/usr/share/texlive/texmf-dist/tex/latex/titlesec/titlesec.sty
Package: titlesec 2021/07/05 v2.14 Sectioning titles
\ttl@box=\box64
\beforetitleunit=\skip64
\aftertitleunit=\skip65
\ttl@plus=\dimen175
\ttl@minus=\dimen176
\ttl@toksa=\toks26
\titlewidth=\dimen177
\titlewidthlast=\dimen178
\titlewidthfirst=\dimen179
)
(/usr/share/texlive/texmf-dist/tex/latex/tools/tabularx.sty
Package: tabularx 2020/01/15 v2.11c `tabularx' package (DPC)
\TX@col@width=\dimen180
\TX@old@table=\dimen181
\TX@old@col=\dimen182
\TX@target=\dimen183
\TX@delta=\dimen184
\TX@cols=\count301
\TX@ftn=\toks27
)
(/usr/share/texlive/texmf-dist/tex/latex/ragged2e/ragged2e.sty
Package: ragged2e 2022/11/13 v3.2 ragged2e Package
\CenteringLeftskip=\skip66
\RaggedLeftLeftskip=\skip67
\RaggedRightLeftskip=\skip68
\CenteringRightskip=\skip69
\RaggedLeftRightskip=\skip70
\RaggedRightRightskip=\skip71
\CenteringParfillskip=\skip72
\RaggedLeftParfillskip=\skip73
\RaggedRightParfillskip=\skip74
\JustifyingParfillskip=\skip75
\CenteringParindent=\skip76
\RaggedLeftParindent=\skip77
\RaggedRightParindent=\skip78
\JustifyingParindent=\skip79
)
(/usr/share/texlive/texmf-dist/tex/latex/bookmark/bookmark.sty
Package: bookmark 2020-11-06 v1.29 PDF bookmarks (HO)

(/usr/share/texlive/texmf-dist/tex/latex/hyperref/hyperref.sty
Package: hyperref 2022-11-13 v7.00u Hypertext links for LaTeX

(/usr/share/texlive/texmf-dist/tex/generic/pdftexcmds/pdftexcmds.sty
Package: pdftexcmds 2020-06-27 v0.33 Utility functions of pdfTeX for LuaTeX (HO
)

(/usr/share/texlive/texmf-dist/tex/generic/infwarerr/infwarerr.sty
Package: infwarerr 2019/12/03 v1.5 Providing info/warning/error messages (HO)
)
Package pdftexcmds Info: \pdf@primitive is available.
Package pdftexcmds Info: \pdf@ifprimitive is available.
Package pdftexcmds Info: \pdfdraftmode not found.
)
(/usr/share/texlive/texmf-dist/tex/generic/kvdefinekeys/kvdefinekeys.sty
Package: kvdefinekeys 2019-12-19 v1.6 Define keys (HO)
)
(/usr/share/texlive/texmf-dist/tex/generic/pdfescape/pdfescape.sty
Package: pdfescape 2019/12/09 v1.15 Implements pdfTeX's escape features (HO)
)
(/usr/share/texlive/texmf-dist/tex/latex/hycolor/hycolor.sty
Package: hycolor 2020-01-27 v1.10 Color options for hyperref/bookmark (HO)
)
(/usr/share/texlive/texmf-dist/tex/latex/letltxmacro/letltxmacro.sty
Package: letltxmacro 2019/12/03 v1.6 Let assignment for LaTeX macros (HO)
)
(/usr/share/texlive/texmf-dist/tex/latex/auxhook/auxhook.sty
Package: auxhook 2019-12-17 v1.6 Hooks for auxiliary files (HO)
)
(/usr/share/texlive/texmf-dist/tex/latex/hyperref/nameref.sty
Package: nameref 2022-05-17 v2.50 Cross-referencing by name of section

(/usr/share/texlive/texmf-dist/tex/latex/refcount/refcount.sty
Package: refcount 2019/12/15 v3.6 Data extraction from label references (HO)
)
(/usr/share/texlive/texmf-dist/tex/generic/gettitlestring/gettitlestring.sty
Package: gettitlestring 2019/12/15 v1.6 Cleanup title references (HO)
)
\c@section@level=\count302
)
\@linkdim=\dimen185
\Hy@linkcounter=\count303
\Hy@pagecounter=\count304

(/usr/share/texlive/texmf-dist/tex/latex/hyperref/pd1enc.def
File: pd1enc.def 2022-11-13 v7.00u Hyperref: PDFDocEncoding definition (HO)
)
(/usr/share/texlive/texmf-dist/tex/generic/intcalc/intcalc.sty
Package: intcalc 2019/12/15 v1.3 Expandable calculations with integers (HO)
)
(/usr/share/texlive/texmf-dist/tex/generic/etexcmds/etexcmds.sty
Package: etexcmds 2019/12/15 v1.7 Avoid name clashes with e-TeX commands (HO)
)
\Hy@SavedSpaceFactor=\count305

(/usr/share/texlive/texmf-dist/tex/latex/hyperref/puenc.def
File: puenc.def 2022-11-13 v7.00u Hyperref: PDF Unicode definition (HO)
)
Package hyperref Info: Option `unicode' set `true' on input line 4045.
Package hyperref Info: Hyper figures OFF on input line 4162.
Package hyperref Info: Link nesting OFF on input line 4167.
Package hyperref Info: Hyper index ON on input line 4170.
Package hyperref Info: Plain pages OFF on input line 4177.
Package hyperref Info: Backreferencing OFF on input line 4182.
Package hyperref Info: Implicit mode ON; LaTeX internals redefined.
Package hyperref Info: Bookmarks ON on input line 4410.
\c@Hy@tempcnt=\count306

(/usr/share/texlive/texmf-dist/tex/latex/url/url.sty
\Urlmuskip=\muskip18
Package: url 2013/09/16  ver 3.4  Verb mode for urls, etc.
)
LaTeX Info: Redefining \url on input line 4748.
\XeTeXLinkMargin=\dimen186

(/usr/share/texlive/texmf-dist/tex/generic/bitset/bitset.sty
Package: bitset 2019/12/09 v1.3 Handle bit-vector datatype (HO)

(/usr/share/texlive/texmf-dist/tex/generic/bigintcalc/bigintcalc.sty
Package: bigintcalc 2019/12/15 v1.5 Expandable calculations on big integers (HO
)
))
\Fld@menulength=\count307
\Field@Width=\dimen187
\Fld@charsize=\dimen188
Package hyperref Info: Hyper figures OFF on input line 6027.
Package hyperref Info: Link nesting OFF on input line 6032.
Package hyperref Info: Hyper index ON on input line 6035.
Package hyperref Info: backreferencing OFF on input line 6042.
Package hyperref Info: Link coloring OFF on input line 6047.
Package hyperref Info: Link coloring with OCG OFF on input line 6052.
Package hyperref Info: PDF/A mode OFF on input line 6057.

(/usr/share/texlive/texmf-dist/tex/latex/base/atbegshi-ltx.sty
Package: atbegshi-ltx 2021/01/10 v1.0c Emulation of the original atbegshi
package with kernel methods
)
\Hy@abspage=\count308
\c@Item=\count309
\c@Hfootnote=\count310
)
Package hyperref Info: Driver (autodetected): hxetex.

(/usr/share/texlive/texmf-dist/tex/latex/hyperref/hxetex.def
File: hxetex.def 2022-11-13 v7.00u Hyperref driver for XeTeX

(/usr/share/texlive/texmf-dist/tex/generic/stringenc/stringenc.sty
Package: stringenc 2019/11/29 v1.12 Convert strings between diff. encodings (HO
)
)
\pdfm@box=\box65
\c@Hy@AnnotLevel=\count311
\HyField@AnnotCount=\count312
\Fld@listcount=\count313
\c@bookmark@seq@number=\count314

(/usr/share/texlive/texmf-dist/tex/latex/rerunfilecheck/rerunfilecheck.sty
Package: rerunfilecheck 2022-07-10 v1.10 Rerun checks for auxiliary files (HO)

(/usr/share/texlive/texmf-dist/tex/latex/base/atveryend-ltx.sty
Package: atveryend-ltx 2020/08/19 v1.0a Emulation of the original atveryend pac
kage
with kernel methods
)
(/usr/share/texlive/texmf-dist/tex/generic/uniquecounter/uniquecounter.sty
Package: uniquecounter 2019/12/15 v1.4 Provide unlimited unique counter (HO)
)
Package uniquecounter Info: New unique counter `rerunfilecheck' on input line 2
85.
)
\Hy@SectionHShift=\skip80
)
(/usr/share/texlive/texmf-dist/tex/latex/bookmark/bkm-dvipdfm.def
File: bkm-dvipdfm.def 2020-11-06 v1.29 bookmark driver for dvipdfm (HO)
\BKM@id=\count315
))
(/usr/share/texlive/texmf-dist/tex/latex/xurl/xurl.sty
Package: xurl 2022/01/09 v 0.10 modify URL breaks
)
No file paper_debug.aux.
\openout1 = `paper_debug.aux'.

LaTeX Font Info:    Checking defaults for OML/cmm/m/it on input line 142.
LaTeX Font Info:    ... okay on input line 142.
LaTeX Font Info:    Checking defaults for OMS/cmsy/m/n on input line 142.
LaTeX Font Info:    ... okay on input line 142.
LaTeX Font Info:    Checking defaults for OT1/cmr/m/n on input line 142.
LaTeX Font Info:    ... okay on input line 142.
LaTeX Font Info:    Checking defaults for T1/cmr/m/n on input line 142.
LaTeX Font Info:    ... okay on input line 142.
LaTeX Font Info:    Checking defaults for TS1/cmr/m/n on input line 142.
LaTeX Font Info:    ... okay on input line 142.
LaTeX Font Info:    Checking defaults for TU/lmr/m/n on input line 142.
LaTeX Font Info:    ... okay on input line 142.
LaTeX Font Info:    Checking defaults for OMX/cmex/m/n on input line 142.
LaTeX Font Info:    ... okay on input line 142.
LaTeX Font Info:    Checking defaults for U/cmr/m/n on input line 142.
LaTeX Font Info:    ... okay on input line 142.
LaTeX Font Info:    Checking defaults for PD1/pdf/m/n on input line 142.
LaTeX Font Info:    ... okay on input line 142.
LaTeX Font Info:    Checking defaults for PU/pdf/m/n on input line 142.
LaTeX Font Info:    ... okay on input line 142.
LaTeX Font Info:    Overwriting math alphabet `\mathrm' in version `normal'
(Font)                  OT1/lmr/m/n --> TU/lmr/m/n on input line 142.
LaTeX Font Info:    Overwriting math alphabet `\mathit' in version `normal'
(Font)                  OT1/lmr/m/it --> TU/lmr/m/it on input line 142.
LaTeX Font Info:    Overwriting math alphabet `\mathbf' in version `normal'
(Font)                  OT1/lmr/bx/n --> TU/lmr/bx/n on input line 142.
LaTeX Font Info:    Overwriting math alphabet `\mathsf' in version `normal'
(Font)                  OT1/lmss/m/n --> TU/lmss/m/n on input line 142.
LaTeX Font Info:    Overwriting math alphabet `\mathsf' in version `bold'
(Font)                  OT1/lmss/bx/n --> TU/lmss/bx/n on input line 142.
LaTeX Font Info:    Overwriting math alphabet `\mathtt' in version `normal'
(Font)                  OT1/lmtt/m/n --> TU/lmtt/m/n on input line 142.
LaTeX Font Info:    Overwriting math alphabet `\mathtt' in version `bold'
(Font)                  OT1/lmtt/m/n --> TU/lmtt/bx/n on input line 142.

Package fontspec Info: latinmodern-math scale = 0.9999964596882403.


Package fontspec Info: latinmodern-math scale = 0.9999964596882403.


Package fontspec Info: latinmodern-math scale = 0.9999964596882403.


Package fontspec Info: Font family 'latinmodern-math.otf(0)' created for font
(fontspec)             'latinmodern-math.otf' with options
(fontspec)             [Scale=MatchLowercase,BoldItalicFont={},ItalicFont={},Sm
allCapsFont={},Script=Math,BoldFont={latinmodern-math.otf}].
(fontspec)              
(fontspec)              This font family consists of the following NFSS
(fontspec)             series/shapes:
(fontspec)              
(fontspec)             - 'normal' (m/n) with NFSS spec.:
(fontspec)             <->s*[0.9999964596882403]"[latinmodern-math.otf]/OT:scri
pt=math;language=dflt;"
(fontspec)             - 'small caps'  (m/sc) with NFSS spec.: 
(fontspec)             - 'bold' (b/n) with NFSS spec.:
(fontspec)             <->s*[0.9999964596882403]"[latinmodern-math.otf]/OT:scri
pt=math;language=dflt;"
(fontspec)             - 'bold small caps'  (b/sc) with NFSS spec.: 

LaTeX Font Info:    Font shape `TU/latinmodern-math.otf(0)/m/n' will be
(Font)              scaled to size 10.0pt on input line 142.

Package fontspec Info: latinmodern-math scale = 0.9999964596882403.


Package fontspec Info: latinmodern-math scale = 0.9999964596882403.


Package fontspec Info: latinmodern-math scale = 0.9999964596882403.


Package fontspec Info: latinmodern-math scale = 0.9999964596882403.


Package fontspec Info: latinmodern-math scale = 0.9999964596882403.


Package fontspec Info: Font family 'latinmodern-math.otf(1)' created for font
(fontspec)             'latinmodern-math.otf' with options
(fontspec)             [Scale=MatchLowercase,BoldItalicFont={},ItalicFont={},Sm
allCapsFont={},Script=Math,SizeFeatures={{Size=8.5-},{Size=6-8.5,Font=latinmode
rn-math.otf,Style=MathScript},{Size=-6,Font=latinmodern-math.otf,Style=MathScri
ptScript}},BoldFont={latinmodern-math.otf}].
(fontspec)              
(fontspec)              This font family consists of the following NFSS
(fontspec)             series/shapes:
(fontspec)              
(fontspec)             - 'normal' (m/n) with NFSS spec.:
(fontspec)             <8.5->s*[0.9999964596882403]"[latinmodern-math.otf]/OT:s
cript=math;language=dflt;"<6-8.5>s*[0.9999964596882403]"[latinmodern-math.otf]/
OT:script=math;language=dflt;+ssty=0;"<-6>s*[0.9999964596882403]"[latinmodern-m
ath.otf]/OT:script=math;language=dflt;+ssty=1;"
(fontspec)             - 'small caps'  (m/sc) with NFSS spec.: 
(fontspec)             - 'bold' (b/n) with NFSS spec.:
(fontspec)             <->s*[0.9999964596882403]"[latinmodern-math.otf]/OT:scri
pt=math;language=dflt;"
(fontspec)             - 'bold small caps'  (b/sc) with NFSS spec.: 

LaTeX Font Info:    Font shape `TU/latinmodern-math.otf(1)/m/n' will be
(Font)              scaled to size 10.0pt on input line 142.
LaTeX Font Info:    Encoding `OT1' has changed to `TU' for symbol font
(Font)              `operators' in the math version `normal' on input line 142.

LaTeX Font Info:    Overwriting symbol font `operators' in version `normal'
(Font)                  OT1/lmr/m/n --> TU/latinmodern-math.otf(1)/m/n on input
 line 142.
LaTeX Font Info:    Encoding `OT1' has changed to `TU' for symbol font
(Font)              `operators' in the math version `bold' on input line 142.
LaTeX Font Info:    Overwriting symbol font `operators' in version `bold'
(Font)                  OT1/lmr/bx/n --> TU/latinmodern-math.otf(1)/b/n on inpu
t line 142.

Package fontspec Info: latinmodern-math scale = 0.9999964596882403.


Package fontspec Info: latinmodern-math scale = 1.000096459334209.


Package fontspec Info: latinmodern-math scale = 0.9999964596882403.


Package fontspec Info: latinmodern-math scale = 1.000096459334209.


Package fontspec Info: latinmodern-math scale = 0.9999964596882403.


Package fontspec Info: latinmodern-math scale = 1.000096459334209.


Package fontspec Info: latinmodern-math scale = 0.9999964596882403.


Package fontspec Info: latinmodern-math scale = 1.000096459334209.


Package fontspec Info: latinmodern-math scale = 0.9999964596882403.


Package fontspec Info: latinmodern-math scale = 1.000096459334209.


Package fontspec Info: Font family 'latinmodern-math.otf(2)' created for font
(fontspec)             'latinmodern-math.otf' with options
(fontspec)             [Scale=MatchLowercase,BoldItalicFont={},ItalicFont={},Sm
allCapsFont={},Script=Math,SizeFeatures={{Size=8.5-},{Size=6-8.5,Font=latinmode
rn-math.otf,Style=MathScript},{Size=-6,Font=latinmodern-math.otf,Style=MathScri
ptScript}},BoldFont={latinmodern-math.otf},ScaleAgain=1.0001,FontAdjustment={\f
ontdimen
(fontspec)             8\font =6.77pt\relax \fontdimen 9\font =3.94pt\relax
(fontspec)             \fontdimen 10\font =4.44pt\relax \fontdimen 11\font
(fontspec)             =6.86pt\relax \fontdimen 12\font =3.45pt\relax
(fontspec)             \fontdimen 13\font =3.63pt\relax \fontdimen 14\font
(fontspec)             =3.63pt\relax \fontdimen 15\font =2.89pt\relax
(fontspec)             \fontdimen 16\font =2.47pt\relax \fontdimen 17\font
(fontspec)             =2.47pt\relax \fontdimen 18\font =2.5pt\relax
(fontspec)             \fontdimen 19\font =2.0pt\relax \fontdimen 22\font
(fontspec)             =2.5pt\relax \fontdimen 20\font =0pt\relax \fontdimen
(fontspec)             21\font =0pt\relax }].
(fontspec)              
(fontspec)              This font family consists of the following NFSS
(fontspec)             series/shapes:
(fontspec)              
(fontspec)             - 'normal' (m/n) with NFSS spec.:
(fontspec)             <8.5->s*[1.000096459334209]"[latinmodern-math.otf]/OT:sc
ript=math;language=dflt;"<6-8.5>s*[1.000096459334209]"[latinmodern-math.otf]/OT
:script=math;language=dflt;+ssty=0;"<-6>s*[1.000096459334209]"[latinmodern-math
.otf]/OT:script=math;language=dflt;+ssty=1;"
(fontspec)             - 'small caps'  (m/sc) with NFSS spec.: 
(fontspec)             and font adjustment code:
(fontspec)             \fontdimen 8\font =6.77pt\relax \fontdimen 9\font
(fontspec)             =3.94pt\relax \fontdimen 10\font =4.44pt\relax
(fontspec)             \fontdimen 11\font =6.86pt\relax \fontdimen 12\font
(fontspec)             =3.45pt\relax \fontdimen 13\font =3.63pt\relax
(fontspec)             \fontdimen 14\font =3.63pt\relax \fontdimen 15\font
(fontspec)             =2.89pt\relax \fontdimen 16\font =2.47pt\relax
(fontspec)             \fontdimen 17\font =2.47pt\relax \fontdimen 18\font
(fontspec)             =2.5pt\relax \fontdimen 19\font =2.0pt\relax \fontdimen
(fontspec)             22\font =2.5pt\relax \fontdimen 20\font =0pt\relax
(fontspec)             \fontdimen 21\font =0pt\relax 
(fontspec)             - 'bold' (b/n) with NFSS spec.:
(fontspec)             <->s*[1.000096459334209]"[latinmodern-math.otf]/OT:scrip
t=math;language=dflt;"
(fontspec)             - 'bold small caps'  (b/sc) with NFSS spec.: 
(fontspec)             and font adjustment code:
(fontspec)             \fontdimen 8\font =6.77pt\relax \fontdimen 9\font
(fontspec)             =3.94pt\relax \fontdimen 10\font =4.44pt\relax
(fontspec)             \fontdimen 11\font =6.86pt\relax \fontdimen 12\font
(fontspec)             =3.45pt\relax \fontdimen 13\font =3.63pt\relax
(fontspec)             \fontdimen 14\font =3.63pt\relax \fontdimen 15\font
(fontspec)             =2.89pt\relax \fontdimen 16\font =2.47pt\relax
(fontspec)             \fontdimen 17\font =2.47pt\relax \fontdimen 18\font
(fontspec)             =2.5pt\relax \fontdimen 19\font =2.0pt\relax \fontdimen
(fontspec)             22\font =2.5pt\relax \fontdimen 20\font =0pt\relax
(fontspec)             \fontdimen 21\font =0pt\relax 

LaTeX Font Info:    Encoding `OMS' has changed to `TU' for symbol font
(Font)              `symbols' in the math version `normal' on input line 142.
LaTeX Font Info:    Overwriting symbol font `symbols' in version `normal'
(Font)                  OMS/lmsy/m/n --> TU/latinmodern-math.otf(2)/m/n on inpu
t line 142.
LaTeX Font Info:    Encoding `OMS' has changed to `TU' for symbol font
(Font)              `symbols' in the math version `bold' on input line 142.
LaTeX Font Info:    Overwriting symbol font `symbols' in version `bold'
(Font)                  OMS/lmsy/b/n --> TU/latinmodern-math.otf(2)/b/n on inpu
t line 142.

Package fontspec Info: latinmodern-math scale = 0.9999964596882403.


Package fontspec Info: latinmodern-math scale = 0.9998964600422715.


Package fontspec Info: latinmodern-math scale = 0.9999964596882403.


Package fontspec Info: latinmodern-math scale = 0.9998964600422715.


Package fontspec Info: latinmodern-math scale = 0.9999964596882403.


Package fontspec Info: latinmodern-math scale = 0.9998964600422715.


Package fontspec Info: latinmodern-math scale = 0.9999964596882403.


Package fontspec Info: latinmodern-math scale = 0.9998964600422715.


Package fontspec Info: latinmodern-math scale = 0.9999964596882403.


Package fontspec Info: latinmodern-math scale = 0.9998964600422715.


Package fontspec Info: Font family 'latinmodern-math.otf(3)' created for font
(fontspec)             'latinmodern-math.otf' with options
(fontspec)             [Scale=MatchLowercase,BoldItalicFont={},ItalicFont={},Sm
allCapsFont={},Script=Math,SizeFeatures={{Size=8.5-},{Size=6-8.5,Font=latinmode
rn-math.otf,Style=MathScript},{Size=-6,Font=latinmodern-math.otf,Style=MathScri
ptScript}},BoldFont={latinmodern-math.otf},ScaleAgain=0.9999,FontAdjustment={\f
ontdimen
(fontspec)             8\font =0.4pt\relax \fontdimen 9\font =2.0pt\relax
(fontspec)             \fontdimen 10\font =1.67pt\relax \fontdimen 11\font
(fontspec)             =1.11pt\relax \fontdimen 12\font =6.0pt\relax
(fontspec)             \fontdimen 13\font =0pt\relax }].
(fontspec)              
(fontspec)              This font family consists of the following NFSS
(fontspec)             series/shapes:
(fontspec)              
(fontspec)             - 'normal' (m/n) with NFSS spec.:
(fontspec)             <8.5->s*[0.9998964600422715]"[latinmodern-math.otf]/OT:s
cript=math;language=dflt;"<6-8.5>s*[0.9998964600422715]"[latinmodern-math.otf]/
OT:script=math;language=dflt;+ssty=0;"<-6>s*[0.9998964600422715]"[latinmodern-m
ath.otf]/OT:script=math;language=dflt;+ssty=1;"
(fontspec)             - 'small caps'  (m/sc) with NFSS spec.: 
(fontspec)             and font adjustment code:
(fontspec)             \fontdimen 8\font =0.4pt\relax \fontdimen 9\font
(fontspec)             =2.0pt\relax \fontdimen 10\font =1.67pt\relax
(fontspec)             \fontdimen 11\font =1.11pt\relax \fontdimen 12\font
(fontspec)             =6.0pt\relax \fontdimen 13\font =0pt\relax 
(fontspec)             - 'bold' (b/n) with NFSS spec.:
(fontspec)             <->s*[0.9998964600422715]"[latinmodern-math.otf]/OT:scri
pt=math;language=dflt;"
(fontspec)             - 'bold small caps'  (b/sc) with NFSS spec.: 
(fontspec)             and font adjustment code:
(fontspec)             \fontdimen 8\font =0.4pt\relax \fontdimen 9\font
(fontspec)             =2.0pt\relax \fontdimen 10\font =1.67pt\relax
(fontspec)             \fontdimen 11\font =1.11pt\relax \fontdimen 12\font
(fontspec)             =6.0pt\relax \fontdimen 13\font =0pt\relax 

LaTeX Font Info:    Encoding `OMX' has changed to `TU' for symbol font
(Font)              `largesymbols' in the math version `normal' on input line 1
42.
LaTeX Font Info:    Overwriting symbol font `largesymbols' in version `normal'
(Font)                  OMX/lmex/m/n --> TU/latinmodern-math.otf(3)/m/n on inpu
t line 142.
LaTeX Font Info:    Encoding `OMX' has changed to `TU' for symbol font
(Font)              `largesymbols' in the math version `bold' on input line 142
.
LaTeX Font Info:    Overwriting symbol font `largesymbols' in version `bold'
(Font)                  OMX/lmex/m/n --> TU/latinmodern-math.otf(3)/b/n on inpu
t line 142.
LaTeX Info: Redefining \microtypecontext on input line 142.
Package microtype Info: Applying patch `item' on input line 142.
Package microtype Info: Applying patch `toc' on input line 142.
Package microtype Info: Applying patch `eqnum' on input line 142.
Package microtype Info: Applying patch `footnote' on input line 142.
Package microtype Info: Character protrusion enabled (level 2).
Package microtype Info: Using protrusion set `basicmath'.
Package microtype Info: No adjustment of tracking.
Package microtype Info: No adjustment of spacing.
Package microtype Info: No adjustment of kerning.
(/usr/share/texlive/texmf-dist/tex/latex/microtype/mt-LatinModernRoman.cfg
File: mt-LatinModernRoman.cfg 2021/02/21 v1.1 microtype config. file: Latin Mod
ern Roman (RS)
)
Package hyperref Info: Link coloring OFF on input line 142.


Package hyperref Warning: Rerun to get /PageLabels entry.


Underfull \hbox (badness 10000) in paragraph at lines 145--145
|\TU/lmr/bx/n/14.4 KCOR: Depletion-Neutralized Cohort
 []


Underfull \hbox (badness 1048) in paragraph at lines 165--170
\TU/lmr/m/n/10 frailty inversion; frailty heterogeneity; depletion of susceptib
les; 
 []


Underfull \hbox (badness 1057) in paragraph at lines 182--189
\TU/lmr/m/n/10 into a common, depletion-neutralized scale prior to comparison. 
The 
 []

[1

]
Underfull \hbox (badness 2134) in paragraph at lines 212--215
[]\TU/lmr/m/n/10 Introduces a principled depletion-neutralization mapping for 
 []


Underfull \hbox (badness 2538) in paragraph at lines 234--239
[]\TU/lmr/m/n/10 • KCOR separates normalization from comparison: once hazards 
 []


Underfull \hbox (badness 1552) in paragraph at lines 234--239
\TU/lmr/m/n/10 are depletion-neutralized, cohorts may be compared using standar
d 
 []

LaTeX Font Info:    Font shape `TU/latinmodern-math.otf(1)/m/n' will be
(Font)              scaled to size 7.0pt on input line 263.
LaTeX Font Info:    Font shape `TU/latinmodern-math.otf(1)/m/n' will be
(Font)              scaled to size 5.0pt on input line 263.
LaTeX Font Info:    Trying to load font information for OML+lmm on input line 2
63.
(/usr/share/texmf/tex/latex/lm/omllmm.fd
File: omllmm.fd 2015/05/01 v1.6.1 Font defs for Latin Modern
)
LaTeX Font Info:    Font shape `TU/latinmodern-math.otf(2)/m/n' will be
(Font)              scaled to size 10.00092pt on input line 263.
LaTeX Font Info:    Font shape `TU/latinmodern-math.otf(2)/m/n' will be
(Font)              scaled to size 7.00064pt on input line 263.
LaTeX Font Info:    Font shape `TU/latinmodern-math.otf(2)/m/n' will be
(Font)              scaled to size 5.00046pt on input line 263.
LaTeX Font Info:    Font shape `TU/latinmodern-math.otf(3)/m/n' will be
(Font)              scaled to size 9.99893pt on input line 263.
LaTeX Font Info:    Font shape `TU/latinmodern-math.otf(3)/m/n' will be
(Font)              scaled to size 6.99925pt on input line 263.
LaTeX Font Info:    Font shape `TU/latinmodern-math.otf(3)/m/n' will be
(Font)              scaled to size 4.99947pt on input line 263.
LaTeX Font Info:    Trying to load font information for U+msa on input line 263
.

(/usr/share/texlive/texmf-dist/tex/latex/amsfonts/umsa.fd
File: umsa.fd 2013/01/14 v3.01 AMS symbols A
)
(/usr/share/texlive/texmf-dist/tex/latex/microtype/mt-msa.cfg
File: mt-msa.cfg 2006/02/04 v1.1 microtype config. file: AMS symbols (a) (RS)
)
LaTeX Font Info:    Trying to load font information for U+msb on input line 263
.

(/usr/share/texlive/texmf-dist/tex/latex/amsfonts/umsb.fd
File: umsb.fd 2013/01/14 v3.01 AMS symbols B
)
(/usr/share/texlive/texmf-dist/tex/latex/microtype/mt-msb.cfg
File: mt-msb.cfg 2005/06/01 v1.0 microtype config. file: AMS symbols (b) (RS)
) [2]

LaTeX Warning: Reference `eq:nls-objective' on page 3 undefined on input line 2
73.


Underfull \hbox (badness 1189) in paragraph at lines 270--277
\TU/lmr/m/n/10 using constrained nonlinear least squares in cumulative-hazard 
 []


LaTeX Warning: Reference `eq:normalized-cumhazard' on page 3 undefined on input
 line 278.


Underfull \hbox (badness 5119) in paragraph at lines 286--287
[]\TU/lmr/m/it/10 After normalization, cohort comparisons are performed on the 

 []


Underfull \hbox (badness 1412) in paragraph at lines 290--297
[]\TU/lmr/bx/n/10 Compute KCOR trajectory\TU/lmr/m/n/10 : Form the ratio $[][][
][] [] 
 []


Underfull \hbox (badness 4634) in paragraph at lines 304--309
[]\TU/lmr/bx/n/10 Diagnostics\TU/lmr/m/n/10 : Assess quiet-window fit quality (
RMSE in 
 []

[3]
Underfull \hbox (badness 10000) in paragraph at lines 352--352
|\TU/lmr/bx/n/10 1.2 Curvature (shape) is the hard part: non-proportional hazar
ds
 []

[4]
Underfull \hbox (badness 1152) in paragraph at lines 413--421
\TU/lmr/m/n/10 administrative timing, or short-term behavioral/health-seeking 
 []


Underfull \hbox (badness 10000) in paragraph at lines 425--425
|\TU/lmr/bx/n/10 1.3 Related work: frailty, depletion of susceptibles, and
 []

[5]
Underfull \hbox (badness 10000) in paragraph at lines 465--465
|\TU/lmr/bx/n/10 1.3.1 Related work beyond proportional hazards: time-varying
 []

[6]
Underfull \hbox (badness 1077) in paragraph at lines 510--511
\TU/lmr/m/it/10 non-proportional hazards exhaustively; instead, it positions KC
OR as 
 []


Underfull \hbox (badness 1540) in paragraph at lines 526--541
\TU/lmr/m/n/10 Flexible hazard models—including spline-based parametric surviva
l 
 []

[7]
Underfull \hbox (badness 1681) in paragraph at lines 584--592
[]\TU/lmr/m/n/10 However, RMST does not by itself address selection-induced fra
ilty 
 []


Underfull \hbox (badness 1831) in paragraph at lines 593--600
\TU/lmr/m/n/10 comparison. RMST could in principle be computed after depletion 

 []


Underfull \hbox (badness 1448) in paragraph at lines 593--600
\TU/lmr/m/n/10 normalization as a secondary descriptive summary, but it is not 
the 
 []

[8]
Underfull \hbox (badness 10000) in paragraph at lines 603--603
|\TU/lmr/bx/n/10 1.4 Evidence from the literature: residual confounding despite

 []


Underfull \hbox (badness 2753) in paragraph at lines 619--629
[]\TU/lmr/m/n/10 Meaning: The negative control methods indicate that 
 []


LaTeX Warning: Reference `tbl:HVE_motivation' on page 9 undefined on input line
 649.

[9]
Underfull \hbox (badness 4024) in paragraph at lines 663--669
[]\TU/lmr/m/n/10 Second, we introduce KCOR as a diagnostic and normalization 
 []


Underfull \hbox (badness 1454) in paragraph at lines 663--669
\TU/lmr/m/n/10 framework that estimates cohort-specific depletion geometry duri
ng 
 []


Underfull \hbox (badness 1072) in paragraph at lines 670--675
\TU/lmr/m/n/10 that commonly used estimands—including Cox proportional hazards 

 []


Underfull \hbox (badness 1769) in paragraph at lines 693--701
\TU/lmr/m/n/10 KCOR is proposed as a diagnostic and normalization estimator for
 
 []


LaTeX Warning: Reference `fig:kcor_workflow' on page 10 undefined on input line
 714.

[10]
Underfull \hbox (badness 2158) in paragraph at lines 716--724
[]\TU/lmr/bx/n/10 Scope and role of the method. \TU/lmr/m/n/10 This work does n
ot claim that 
 []


Underfull \hbox (badness 1622) in paragraph at lines 728--734
\TU/lmr/m/n/10 problems and typically require either exogenous instruments, sha
rp 
 []


Underfull \hbox (badness 3657) in paragraph at lines 751--761
[]\TU/lmr/bx/n/10 Clarifications. \TU/lmr/m/n/10 KCOR is a depletion-neutraliza
tion framework 
 []


Underfull \hbox (badness 5490) in paragraph at lines 751--761
\TU/lmr/m/n/10 for \TU/lmr/bx/n/10 cumulative \TU/lmr/m/n/10 outcome contrasts 
over follow-up time, not a 
 []

[11]
Underfull \hbox (badness 1226) in paragraph at lines 784--788
[]\TU/lmr/m/n/10 KCOR (Kirsch Cumulative Outcomes Ratio) is a cumulative-hazard
 
 []

[12]
Underfull \hbox (badness 7722) in paragraph at lines 853--855
[]\TU/lmr/bx/n/10 KCOR ratio\TU/lmr/m/n/10 : Cohorts are compared via the ratio
 of 
 []


Underfull \hbox (badness 1102) in paragraph at lines 876--881
\TU/lmr/m/n/10 KCOR applies to any irreversible event process. The methodologic
al 
 []


LaTeX Warning: Reference `tbl:notation' on page 13 undefined on input line 882.



Underfull \hbox (badness 1210) in paragraph at lines 898--902
[]\TU/lmr/bx/n/10 Level differences\TU/lmr/m/n/10 : cohort hazards differ by an
 approximately 
 []


Underfull \hbox (badness 2547) in paragraph at lines 907--917
\TU/lmr/m/n/10 high-risk individuals die earlier, so the surviving risk set bec
omes 
 []


Underfull \hbox (badness 1137) in paragraph at lines 907--917
\TU/lmr/m/n/10 even when individual-level hazards are simple and even under a t
rue 
 []

[13]
Underfull \hbox (badness 5008) in paragraph at lines 930--933
\TU/lmr/m/n/10 post-adjustment estimand; in this work, we use ratios of 
 []


LaTeX Warning: Reference `tbl:notation' on page 14 undefined on input line 946.



Underfull \hbox (badness 1990) in paragraph at lines 957--968
[]\TU/lmr/bx/n/10 Interpretation (unanchored KCOR). \TU/lmr/m/n/10 KCOR(t) is t
he ratio of 
 []

[14]
Underfull \hbox (badness 10000) in paragraph at lines 969--972
[]\TU/lmr/m/n/10 In some applications 
 []


Underfull \hbox (badness 1509) in paragraph at lines 1019--1021
[]\TU/lmr/m/n/10 Operationally, interpretability of a KCOR trajectory is assess
ed via 
 []

[15]
Underfull \hbox (badness 5036) in paragraph at lines 1070--1073
[]\TU/lmr/m/n/10 These assumptions are evaluated empirically using 
 []

[16]
Underfull \hbox (badness 10000) in paragraph at lines 1124--1124
|\TU/lmr/bx/n/12 2.3 Hazard estimation and cumulative hazards in discrete
 []

[17]
Underfull \hbox (badness 10000) in paragraph at lines 1183--1183
|\TU/lmr/bx/n/12 2.4 Selection model: gamma frailty and depletion
 []

[18] [19]
Underfull \hbox (badness 10000) in paragraph at lines 1311--1311
|\TU/lmr/bx/n/10 2.5 Estimation during quiet periods (cumulative-hazard least
 []

[20]
Underfull \hbox (badness 1043) in paragraph at lines 1335--1349
[]$\TU/lmr/m/n/10 . When depletion is weak (or the quiet window is too short to
 show 
 []

[21]
Underfull \hbox (badness 2564) in paragraph at lines 1398--1407
[]\TU/lmr/m/n/10 This normalization maps each cohort into a depletion-neutraliz
ed 
 []


Overfull \hbox (77.44351pt too wide) detected at line 1430
[][][] [][] [] [] [] [] [][]  []
 []


Overfull \hbox (3.07066pt too wide) detected at line 1435
[][][][] [] [] []
 []

[22]
Underfull \hbox (badness 1796) in paragraph at lines 1484--1498
\TU/lmr/m/n/10 comparison—and therefore the inferential signal—arises only when
 
 []

[23]
Underfull \hbox (badness 2050) in paragraph at lines 1499--1506
\TU/lmr/m/n/10 selection-induced curvature in cumulative-hazard space; treatmen
t 
 []


Underfull \hbox (badness 3029) in paragraph at lines 1510--1519
\TU/lmr/m/n/10 KCOR operates on aggregated event counts in discrete time and 
 []


Underfull \hbox (badness 1515) in paragraph at lines 1529--1539
[]\TU/lmr/bx/n/10 Post-normalization linearity in quiet periods. \TU/lmr/m/n/10
 During a 
 []


Underfull \hbox (badness 1158) in paragraph at lines 1529--1539
\TU/lmr/m/n/10 in observed cumulative hazard is primarily driven by depletion 
 []


Underfull \hbox (badness 1292) in paragraph at lines 1529--1539
\TU/lmr/m/n/10 under heterogeneity. After inversion, the depletion-neutralized 

 []

[24] [25]
Underfull \hbox (badness 3525) in paragraph at lines 1632--1635
[]\TU/lmr/m/n/10 This is a cumulative comparison in hazard space after removing
 
 []


Underfull \hbox (badness 1946) in paragraph at lines 1678--1683
[]\TU/lmr/bx/n/10 Recompute normalized cumulative hazards. \TU/lmr/m/n/10 Using
 the 
 []

[26]

LaTeX Warning: Reference `tbl:KCOR_algorithm' on page 27 undefined on input lin
e 1701.

File: figures/fig_kcor_workflow.png Graphic file (type bmp)
<figures/fig_kcor_workflow.png>

Underfull \hbox (badness 10000) in paragraph at lines 1716--1716
[]\TU/lmr/m/n/10 Figure 1: []\TU/lmr/bx/n/10 KCOR as a two-stage framework. (A)
 \TU/lmr/m/n/10 Fixed-cohort cumulative
 []


Underfull \hbox (badness 10000) in paragraph at lines 1716--1716
\TU/lmr/m/n/10 hazards exhibit curvature due to selection-induced depletion; la
te-time
 []


Underfull \hbox (badness 10000) in paragraph at lines 1716--1716
\TU/lmr/m/n/10 curvature is used to estimate frailty parameters for normalizati
on. \TU/lmr/bx/n/10 (B)
 []


Underfull \hbox (badness 10000) in paragraph at lines 1716--1716
\TU/lmr/m/n/10 Gamma-frailty normalization yields approximately linearized cumu
lative
 []


Underfull \hbox (badness 10000) in paragraph at lines 1716--1716
\TU/lmr/m/n/10 hazards that are directly comparable across cohorts; $[][][][]$,
 defined as the
 []


Underfull \hbox (badness 10000) in paragraph at lines 1716--1716
\TU/lmr/m/n/10 ratio of depletion-neutralized baseline cumulative hazards, is n
ear-flat under
 []


Underfull \hbox (badness 10000) in paragraph at lines 1716--1716
\TU/lmr/m/n/10 the null and deviates only under net hazard differences. \TU/lmr
/m/it/10 In the schematic,
 []


Underfull \hbox (badness 1460) in paragraph at lines 1722--1733
\TU/lmr/m/n/10 factor. Under selective uptake with latent frailty heterogeneity
, this 
 []


Underfull \hbox (badness 3713) in paragraph at lines 1734--1740
[]\TU/lmr/m/n/10 Cox regression estimates a weighted average hazard ratio under
 
 []


Underfull \hbox (badness 1221) in paragraph at lines 1734--1740
\TU/lmr/m/n/10 heterogeneity, they continue to estimate instantaneous hazard ra
tios 
 []


Underfull \hbox (badness 10000) in paragraph at lines 1750--1750
|\TU/lmr/bx/n/10 2.11.1 Demonstration: Cox bias under frailty heterogeneity wit
h no
 []

[27] [28]
Underfull \hbox (badness 4001) in paragraph at lines 1772--1774
[]\TU/lmr/m/n/10 Simulations were repeated over a grid of frailty variances $[]
 [] 
 []


Underfull \hbox (badness 1005) in paragraph at lines 1786--1799
\TU/lmr/m/n/10 datasets, cohort-specific observed cumulative hazards were estim
ated 
 []


Underfull \hbox (badness 2409) in paragraph at lines 1786--1799
\TU/lmr/m/n/10 from simulated event-time data using Nelson–Aalen to mirror the 

 []

[29]

LaTeX Warning: Reference `tbl:cox_bias_demo' on page 30 undefined on input line
 1833.


LaTeX Warning: Reference `fig:cox_bias_hr' on page 30 undefined on input line 1
837.

File: figures/fig_cox_bias_hr_vs_theta.png Graphic file (type bmp)
<figures/fig_cox_bias_hr_vs_theta.png>

Underfull \hbox (badness 10000) in paragraph at lines 1849--1849
[]\TU/lmr/m/n/10 Figure 2: []Cox regression produces spurious non-null hazard r
atios under a
 []


Underfull \hbox (badness 10000) in paragraph at lines 1849--1849
\TU/lmr/m/it/10 synthetic null \TU/lmr/m/n/10 as frailty heterogeneity increase
s. Hazard ratios (with 95%
 []


Underfull \hbox (badness 10000) in paragraph at lines 1849--1849
\TU/lmr/m/n/10 confidence intervals) from Cox proportional hazards regression c
omparing
 []


Underfull \hbox (badness 10000) in paragraph at lines 1849--1849
\TU/lmr/m/n/10 cohort B to cohort A in simulations where the true treatment eff
ect is
 []


Underfull \hbox (badness 10000) in paragraph at lines 1849--1849
\TU/lmr/m/n/10 identically zero and cohorts differ only in frailty variance ($[
]$). Deviations from
 []


Underfull \hbox (badness 10000) in paragraph at lines 1849--1849
\TU/lmr/m/n/10 HR=1 arise solely from frailty-driven depletion and associated
 []

File: figures/fig_cox_bias_kcor_vs_theta.png Graphic file (type bmp)
<figures/fig_cox_bias_kcor_vs_theta.png>

Underfull \hbox (badness 10000) in paragraph at lines 1860--1860
[]\TU/lmr/m/n/10 Figure 3: []$[][][][]$ remains null under a synthetic null acr
oss increasing
 []


Underfull \hbox (badness 10000) in paragraph at lines 1860--1860
\TU/lmr/m/n/10 frailty heterogeneity. $[][][][]$ asymptotes remain near 1 acros
s $[]$ in the same
 []


Underfull \hbox (badness 10000) in paragraph at lines 1860--1860
\TU/lmr/m/n/10 simulations, consistent with correct null behavior after depleti
on
 []


Underfull \hbox (badness 10000) in paragraph at lines 1860--1860
\TU/lmr/m/n/10 normalization. Uncertainty bands (95% bootstrap intervals) are s
hown but
 []

[30] [31] [32]
Underfull \hbox (badness 1199) in paragraph at lines 1913--1918
\TU/lmr/m/n/10 We include a brief worked example to illustrate the KCOR workflo
w 
 []


Underfull \hbox (badness 4940) in paragraph at lines 1919--1924
[]\TU/lmr/m/n/10 The example proceeds from aggregated cohort counts through 
 []

[33]
Underfull \hbox (badness 2158) in paragraph at lines 1947--1950
[]\TU/lmr/bx/n/10 Compute requirements. \TU/lmr/m/n/10 The full simulation grid
 reproduces in 
 []


Underfull \hbox (badness 1789) in paragraph at lines 1970--1973
[]\TU/lmr/bx/n/10 Positive controls (detect injected effects): \TU/lmr/m/n/10 w
hen known 
 []

[34]

LaTeX Warning: Reference `fig:neg_control_synthetic' on page 35 undefined on in
put line 2037.

File: figures/fig_neg_control_synthetic.png Graphic file (type bmp)
<figures/fig_neg_control_synthetic.png>

Underfull \hbox (badness 10000) in paragraph at lines 2048--2048
[]\TU/lmr/m/n/10 Figure 4: []Synthetic negative control under strong selection 
(different
 []


Underfull \hbox (badness 10000) in paragraph at lines 2048--2048
\TU/lmr/m/n/10 curvature) but no effect: $[][][][]$ remains flat at 1. Top pane
l shows cohort
 []


Underfull \hbox (badness 10000) in paragraph at lines 2048--2048
\TU/lmr/m/n/10 hazards with different frailty-mixture weights inducing differen
t curvature.
 []


Underfull \hbox (badness 10000) in paragraph at lines 2048--2048
\TU/lmr/m/n/10 Bottom panel shows $[][][][]$ remaining near 1.0 after normaliza
tion,
 []


Underfull \hbox (badness 10000) in paragraph at lines 2048--2048
\TU/lmr/m/n/10 demonstrating successful depletion-neutralization under the null
. Uncertainty
 []


Underfull \hbox (badness 10000) in paragraph at lines 2053--2053
|\TU/lmr/bx/n/10 3.1.2 Empirical negative control using national registry data 
(Czech
 []

[35]

LaTeX Warning: Reference `fig:neg_control_10yr' on page 36 undefined on input l
ine 2074.


LaTeX Warning: Reference `fig:neg_control_20yr' on page 36 undefined on input l
ine 2074.


Underfull \hbox (badness 2486) in paragraph at lines 2073--2078
\TU/lmr/m/n/10 administrative mortality and vaccination dataset and exported in
 
 []

File: figures/fig2_neg_control_10yr_age_diff.png Graphic file (type bmp)
<figures/fig2_neg_control_10yr_age_diff.png>

Underfull \hbox (badness 10000) in paragraph at lines 2101--2101
[]\TU/lmr/m/n/10 Figure 5: []Empirical negative control with approximately 10-y
ear age
 []


Underfull \hbox (badness 10000) in paragraph at lines 2101--2101
\TU/lmr/m/n/10 difference between cohorts. Despite large baseline mortality dif
ferences,
 []


Underfull \hbox (badness 10000) in paragraph at lines 2101--2101
[][][][]$ \TU/lmr/m/n/10 remains near-flat at 1 over follow-up, consistent with
 a true null
 []


Underfull \hbox (badness 10000) in paragraph at lines 2101--2101
\TU/lmr/m/n/10 effect. Curves are shown as anchored $[][][][] [][][]$, i.e., $[
][][][][][][][][][]$,
 []


Underfull \hbox (badness 10000) in paragraph at lines 2101--2101
\TU/lmr/m/n/10 which removes pre-existing cumulative differences and displays
 []


Underfull \hbox (badness 10000) in paragraph at lines 2101--2101
\TU/lmr/m/n/10 plotted as $[][][][] [][][]$). Uncertainty bands (95% bootstrap 
intervals) are
 []


Underfull \hbox (badness 10000) in paragraph at lines 2101--2101
\TU/lmr/m/n/10 shown. Data source: Czech Republic mortality and vaccination dat
aset
 []


Underfull \hbox (badness 10000) in paragraph at lines 2101--2101
\TU/lmr/m/n/10 processed into KCOR_CMR aggregated format (negative-control
 []


LaTeX Warning: Reference `fig:neg_control_20yr' on page 36 undefined on input l
ine 2105.

File: figures/fig3_neg_control_20yr_age_diff.png Graphic file (type bmp)
<figures/fig3_neg_control_20yr_age_diff.png>

Underfull \hbox (badness 10000) in paragraph at lines 2118--2118
[]\TU/lmr/m/n/10 Figure 6: []Empirical negative control with approximately 20-y
ear age
 []


Underfull \hbox (badness 10000) in paragraph at lines 2118--2118
\TU/lmr/m/n/10 difference between cohorts. Even under extreme composition diffe
rences,
 []


Underfull \hbox (badness 10000) in paragraph at lines 2118--2118
[][][][]$ \TU/lmr/m/n/10 exhibits no systematic drift, demonstrating robustness
 to
 []


Underfull \hbox (badness 10000) in paragraph at lines 2118--2118
\TU/lmr/m/n/10 selection-induced curvature. KCOR curves are anchored at
 []


Underfull \hbox (badness 10000) in paragraph at lines 2118--2118
\TU/lmr/m/n/10 intervals) are shown. Data source: Czech Republic mortality and 
vaccination
 []


Underfull \hbox (badness 10000) in paragraph at lines 2118--2118
\TU/lmr/m/n/10 dataset processed into KCOR_CMR aggregated format (negative-cont
rol
 []


LaTeX Warning: Reference `tbl:neg_control_summary' on page 36 undefined on inpu
t line 2121.

[36] [37] [38]

LaTeX Warning: Reference `fig:pos_control_injected' on page 39 undefined on inp
ut line 2144.


LaTeX Warning: Reference `tbl:pos_control_summary' on page 39 undefined on inpu
t line 2144.

File: figures/fig_pos_control_injected.png Graphic file (type bmp)
<figures/fig_pos_control_injected.png>

Underfull \hbox (badness 10000) in paragraph at lines 2156--2156
[]\TU/lmr/m/n/10 Figure 7: []Positive control validation: KCOR correctly detect
s injected effects.
 []


Underfull \hbox (badness 10000) in paragraph at lines 2156--2156
\TU/lmr/m/n/10 Left panels show harm scenario (r=1.2), right panels show benefi
t scenario
 []


Underfull \hbox (badness 10000) in paragraph at lines 2156--2156
\TU/lmr/m/n/10 (r=0.8). Top row displays cohort hazard curves with effect windo
w shaded.
 []


Underfull \hbox (badness 10000) in paragraph at lines 2156--2156
\TU/lmr/m/n/10 Bottom row shows $[][][][]$ deviating from 1.0 in the expected d
irection
 []


Underfull \hbox (badness 10000) in paragraph at lines 2156--2156
\TU/lmr/m/n/10 during the effect window. Uncertainty bands (95% bootstrap inter
vals) are
 []

[39]

LaTeX Warning: Reference `fig:sensitivity_overview' on page 40 undefined on inp
ut line 2185.

File: figures/fig_sensitivity_overview.png Graphic file (type bmp)
<figures/fig_sensitivity_overview.png>

Underfull \hbox (badness 10000) in paragraph at lines 2199--2199
[]\TU/lmr/m/n/10 Figure 8: []Sensitivity analysis summary showing $[][][][]$ va
lues across
 []


Underfull \hbox (badness 10000) in paragraph at lines 2199--2199
\TU/lmr/m/n/10 parameter grid. Heatmaps display $[][][][]$ estimates for differ
ent
 []


Underfull \hbox (badness 10000) in paragraph at lines 2199--2199
\TU/lmr/m/n/10 combinations of baseline weeks (rows) and quiet-window start off
sets
 []


Underfull \hbox (badness 10000) in paragraph at lines 2199--2199
\TU/lmr/m/n/10 (columns). Across all comparisons, $[][][][]$ varies smoothly an
d modestly
 []


Underfull \hbox (badness 10000) in paragraph at lines 2199--2199
\TU/lmr/m/n/10 across a wide range of quiet-start offsets and baseline window l
engths, with no
 []


Underfull \hbox (badness 10000) in paragraph at lines 2199--2199
\TU/lmr/m/n/10 qualitative changes in sign or magnitude, indicating robustness 
to reasonable
 []


Underfull \hbox (badness 10000) in paragraph at lines 2199--2199
\TU/lmr/m/n/10 parameter choices. All panels use a unified color scale centered
 at 1.0 to
 []


Underfull \hbox (badness 1092) in paragraph at lines 2228--2233
\TU/lmr/m/n/10 hazard ratio), variance (trajectory stability), coverage (propor
tion of 
 []

[40]
Underfull \hbox (badness 1509) in paragraph at lines 2234--2246
\TU/lmr/m/n/10 substantially different depletion geometry, KCOR diagnostics (po
or 
 []


Underfull \hbox (badness 10000) in paragraph at lines 2249--2249
|\TU/lmr/bx/n/10 3.4 Simulation grid: operating characteristics and failure-mod
e
 []


LaTeX Warning: Reference `fig:sim_grid_overview' on page 41 undefined on input 
line 2280.


LaTeX Warning: Reference `fig:sim_grid_diagnostics' on page 41 undefined on inp
ut line 2281.

File: figures/fig_sim_grid_overview.png Graphic file (type bmp)
<figures/fig_sim_grid_overview.png>

Underfull \hbox (badness 10000) in paragraph at lines 2294--2294
[]\TU/lmr/m/n/10 Figure 9: []Simulation grid overview: $[][][][]$ trajectories 
across prespecified
 []


Underfull \hbox (badness 10000) in paragraph at lines 2294--2294
\TU/lmr/m/n/10 scenarios, including gamma-frailty null with strong selection, i
njected hazard
 []


Underfull \hbox (badness 10000) in paragraph at lines 2294--2294
\TU/lmr/m/n/10 increase and decrease, non-gamma frailty, quiet-window contamina
tion, and
 []


Underfull \hbox (badness 10000) in paragraph at lines 2294--2294
\TU/lmr/m/n/10 sparse-event regimes. Under true null, $[][][][]$ remains near-f
lat at 1;
 []


Underfull \hbox (badness 10000) in paragraph at lines 2294--2294
\TU/lmr/m/n/10 injected effects are detected in the expected direction; adverse
 regimes are
 []


Underfull \hbox (badness 10000) in paragraph at lines 2294--2294
\TU/lmr/m/n/10 accompanied by degraded diagnostics and reduced interpretability
.
 []

File: figures/fig_sim_grid_diagnostics.png Graphic file (type bmp)
<figures/fig_sim_grid_diagnostics.png>

Underfull \hbox (badness 10000) in paragraph at lines 2305--2305
[]\TU/lmr/m/n/10 Figure 10: []Simulation diagnostics across scenarios: (i) cumu
lative-hazard fit
 []


Underfull \hbox (badness 10000) in paragraph at lines 2305--2305
\TU/lmr/m/n/10 RMSE over the quiet window, (ii) fitted frailty variance estimat
es, and (iii) a
 []


Underfull \hbox (badness 10000) in paragraph at lines 2305--2305
\TU/lmr/m/n/10 post-normalization linearity metric for depletion-neutralized ba
seline
 []


Underfull \hbox (badness 10000) in paragraph at lines 2305--2305
\TU/lmr/m/n/10 cumulative hazards. Diagnostics identify regimes in which frailt
y
 []

[41] [42]

LaTeX Warning: Reference `fig:s7_overview' on page 43 undefined on input line 2
309.

File: figures/fig_s7_overview.png Graphic file (type bmp)
<figures/fig_s7_overview.png>

Underfull \hbox (badness 10000) in paragraph at lines 2328--2328
[]\TU/lmr/m/n/10 Figure 11: []S7 simulation results: $[][][][]$ trajectories de
monstrating
 []


Underfull \hbox (badness 10000) in paragraph at lines 2328--2328
\TU/lmr/m/n/10 temporal separability. Left panel shows harm scenario (r=1.2) wi
th effect
 []


Underfull \hbox (badness 10000) in paragraph at lines 2328--2328
\TU/lmr/m/n/10 window (weeks 10-25) and quiet window (weeks 80-140) non-overlap
ping.
 []


Underfull \hbox (badness 10000) in paragraph at lines 2328--2328
\TU/lmr/m/n/10 Middle panel shows benefit scenario (r=0.8). Right panel shows o
verlap
 []


Underfull \hbox (badness 10000) in paragraph at lines 2328--2328
\TU/lmr/m/n/10 variant where effect window intersects quiet window, demonstrati
ng diagnostic
 []


Underfull \hbox (badness 10000) in paragraph at lines 2328--2328
\TU/lmr/m/n/10 degradation. $[][][][]$ remains approximately flat during the qu
iet window
 []


Underfull \hbox (badness 10000) in paragraph at lines 2328--2328
\TU/lmr/m/n/10 and deviates only during the effect window when temporal separab
ility holds.
 []


Underfull \hbox (badness 10000) in paragraph at lines 2328--2328
\TU/lmr/m/n/10 Uncertainty bands (95% bootstrap intervals) are shown. The overl
ap variant
 []


Underfull \hbox (badness 10000) in paragraph at lines 2328--2328
\TU/lmr/m/n/10 is included to demonstrate failure-mode behavior and should not 
be
 []


LaTeX Warning: Reference `fig:s7_diagnostics' on page 43 undefined on input lin
e 2345.

File: figures/fig_s7_diagnostics.png Graphic file (type bmp)
<figures/fig_s7_diagnostics.png>

Underfull \hbox (badness 10000) in paragraph at lines 2358--2358
[]\TU/lmr/m/n/10 Figure 12: []S7 simulation diagnostics: Fitted frailty varianc
e parameters ($[]$,
 []


Underfull \hbox (badness 10000) in paragraph at lines 2358--2358
[]$\TU/lmr/m/n/10 ), fit quality (RMSE), and convergence status across S7 scena
rios. The
 []


Underfull \hbox (badness 10000) in paragraph at lines 2358--2358
\TU/lmr/m/n/10 overlap variant shows degraded fit quality, correctly signaling 
violation of
 []

[43]

LaTeX Warning: Reference `tbl:joint_frailty_comparison' on page 44 undefined on
 input line 2369.


Underfull \hbox (badness 1117) in paragraph at lines 2390--2398
\TU/lmr/m/n/10 consistent with r=1.2) while remaining flat during the quiet win
dow, 
 []

[44] [45]
Underfull \hbox (badness 1087) in paragraph at lines 2399--2407
\TU/lmr/m/n/10 they still fail: shared frailty Cox models improve upon standard
 Cox 
 []


LaTeX Warning: Reference `tbl:comparison_estimands' on page 46 undefined on inp
ut line 2420.


LaTeX Warning: Reference `tbl:comparison_estimands' on page 46 undefined on inp
ut line 2425.

[46]

LaTeX Warning: Reference `tbl:comparison_estimands' on page 47 undefined on inp
ut line 2457.


LaTeX Warning: Reference `tbl:comparison_estimands' on page 47 undefined on inp
ut line 2464.


LaTeX Warning: Reference `tbl:comparison_estimands' on page 47 undefined on inp
ut line 2468.


Underfull \hbox (badness 1137) in paragraph at lines 2459--2469
\TU/lmr/m/n/10 rather than causal signal (Table []). Across selection-only scen
arios, 
 []


LaTeX Warning: Reference `tbl:bootstrap_coverage' on page 47 undefined on input
 line 2471.


Underfull \hbox (badness 1067) in paragraph at lines 2483--2494
\TU/lmr/m/n/10 curvature is dominated by dynamic HVE, then early-time deviation
s 
 []

[47]

LaTeX Warning: Reference `fig:skip_weeks_sensitivity' on page 48 undefined on i
nput line 2504.

File: figures/fig_skip_weeks_sensitivity.png Graphic file (type bmp)
<figures/fig_skip_weeks_sensitivity.png>

Underfull \hbox (badness 10000) in paragraph at lines 2520--2520
[]\TU/lmr/m/n/10 Figure 13: []Skip-window sensitivity illustrates dynamic selec
tion effects in
 []


Underfull \hbox (badness 10000) in paragraph at lines 2520--2520
\TU/lmr/m/n/10 early follow-up. $[][][][]$ computed on the same fixed-cohort co
mparison
 []


Underfull \hbox (badness 10000) in paragraph at lines 2520--2520
\TU/lmr/m/n/10 using skip windows of 0, 4, and 8 weeks. Early-time departures t
hat attenuate
 []


Underfull \hbox (badness 10000) in paragraph at lines 2520--2520
\TU/lmr/m/n/10 with larger skip windows are consistent with dynamic selection i
mmediately
 []

[48]
Underfull \hbox (badness 1052) in paragraph at lines 2560--2565
\TU/lmr/m/n/10 spanning a wide range of frailty heterogeneity and selection str
ength. 
 []


Underfull \hbox (badness 2119) in paragraph at lines 2560--2565
\TU/lmr/m/n/10 Diagnostics are intended to identify departures from the modelin
g 
 []


Underfull \hbox (badness 1509) in paragraph at lines 2568--2580
\TU/lmr/m/n/10 cumulative contrast whose interpretability is conditional on exp
licit 
 []

[49]
Underfull \hbox (badness 1014) in paragraph at lines 2600--2611
\TU/lmr/m/n/10 KCOR’s estimand is whether a cumulative outcome contrast persist
s 
 []


LaTeX Warning: Reference `tbl:positioning' on page 50 undefined on input line 2
616.

[50]
Underfull \hbox (badness 1584) in paragraph at lines 2693--2696
[]\TU/lmr/m/n/10 the fitted selection parameters can be used to invert observed
 
 []


Underfull \hbox (badness 1348) in paragraph at lines 2698--2702
\TU/lmr/bx/n/10 on the stated selection model and quiet-window validity\TU/lmr/
m/n/10 , as 
 []

[51]
Underfull \hbox (badness 1199) in paragraph at lines 2727--2741
\TU/lmr/m/n/10 by a particular intervention. Such claims require (i) clearly sp
ecified 
 []


Underfull \hbox (badness 1147) in paragraph at lines 2727--2741
\TU/lmr/m/n/10 and (iv) preferably replication across settings and outcomes. Ha
ving 
 []


Underfull \hbox (badness 1107) in paragraph at lines 2727--2741
\TU/lmr/m/n/10 estimators under controlled conditions, we apply KCOR to complet
e 
 []


Underfull \hbox (badness 1043) in paragraph at lines 2742--2749
\TU/lmr/m/n/10 correspondence, KCOR operates in cumulative-hazard space because
 
 []

[52] [53]
Underfull \hbox (badness 1092) in paragraph at lines 2854--2859
[]\TU/lmr/bx/n/10 Causal interpretation\TU/lmr/m/n/10 : KCOR supports interpret
able cohort 
 []


Underfull \hbox (badness 2293) in paragraph at lines 2870--2887
\TU/lmr/m/n/10 dynamics are driven by more complex mechanisms—such as 
 []

[54]
Underfull \hbox (badness 1189) in paragraph at lines 2906--2916
[]\TU/lmr/bx/n/10 External time-varying hazards masquerading as frailty 
 []


Underfull \hbox (badness 1939) in paragraph at lines 2906--2916
\TU/lmr/m/n/10 changes can introduce curvature that is not well captured by 
 []


Underfull \hbox (badness 1281) in paragraph at lines 2906--2916
\TU/lmr/m/n/10 gamma-frailty depletion alone. For example, COVID-19 waves 
 []


Underfull \hbox (badness 1348) in paragraph at lines 2916--2921
[]\TU/lmr/bx/n/10 Extremely sparse cohorts\TU/lmr/m/n/10 : When events are rare
, observed 
 []


Underfull \hbox (badness 2617) in paragraph at lines 2921--2924
[]\TU/lmr/bx/n/10 Non-frailty-driven curvature\TU/lmr/m/n/10 : Administrative c
ensoring, 
 []

[55]
Underfull \hbox (badness 2073) in paragraph at lines 2941--2944
\TU/lmr/m/n/10 near-flat at 1 under control constructions designed to induce 
 []

[56]
Underfull \hbox (badness 1215) in paragraph at lines 2998--3006
\TU/lmr/m/n/10 limited ability to distinguish such effects from residual baseli
ne level 
 []


Underfull \hbox (badness 1748) in paragraph at lines 3007--3015
[]\TU/lmr/m/n/10 Simulation results in §3.4 illustrate that when key assumption
s are 
 []


Underfull \hbox (badness 1043) in paragraph at lines 3007--3015
\TU/lmr/m/n/10 may become weakly identified. In such regimes, KCOR’s diagnostic
s, 
 []


Underfull \hbox (badness 1127) in paragraph at lines 3016--3025
\TU/lmr/m/n/10 random effects, cohort-specific frailty, or information-criterio
n–based 
 []


Underfull \hbox (badness 1019) in paragraph at lines 3037--3049
\TU/lmr/m/n/10 mortality and typically do not provide record-level timing neede
d for 
 []

[57]
Underfull \hbox (badness 1210) in paragraph at lines 3052--3069
\TU/lmr/m/n/10 hazards and selection-induced depletion, KCOR provides a practic
al 
 []


LaTeX Warning: Reference `fig:neg_control_10yr' on page 58 undefined on input l
ine 3085.


LaTeX Warning: Reference `fig:neg_control_20yr' on page 58 undefined on input l
ine 3085.

[58]
Underfull \hbox (badness 10000) in paragraph at lines 3105--3108
[]\TU/lmr/m/n/10 Sensitivity analysis outputs are available under 
 []


Underfull \hbox (badness 2913) in paragraph at lines 3108--3111
[]\TU/lmr/m/n/10 The reference implementation includes example datasets in 
 []


Underfull \hbox (badness 10000) in paragraph at lines 3129--3136
\TU/lmr/m/n/10 via functions 
 []

[59] [60] [61]
Underfull \hbox (badness 10000) in paragraph at lines 3198--3198
[]\TU/lmr/m/n/10 Table 1: Summary of two large matched observational studies
 []


Underfull \hbox (badness 10000) in paragraph at lines 3198--3198
\TU/lmr/m/n/10 showing residual confounding / HVE despite meticulous
 []


Overfull \hbox (35.40091pt too wide) in paragraph at lines 3205--3206
[]\TU/lmr/m/n/10 Matching/adjustment  
 []


Overfull \hbox (35.40091pt too wide) in paragraph at lines 3219--3220
[]\TU/lmr/m/n/10 Matching/adjustment  
 []


Overfull \hbox (6.9239pt too wide) in paragraph at lines 3229--3229
\TU/lmr/m/n/10 al. (Denmark)$[]$|  
 []


Overfull \hbox (8.93091pt too wide) in paragraph at lines 3240--3242
\TU/lmr/m/n/10 selection/frailty 
 []


Underfull \hbox (badness 10000) in paragraph at lines 3251--3251
[]\TU/lmr/m/n/10 Table 2: Comparison of Cox proportional hazards, Cox with
 []

[62]
Underfull \hbox (badness 10000) in paragraph at lines 3300--3300
[]\TU/lmr/m/n/10 Table 3: Positioning KCOR relative to non-proportional hazards

 []


Overfull \hbox (2.30446pt too wide) in paragraph at lines 3307--3308
\TU/lmr/m/n/10 modeled  
 []


Overfull \hbox (18.72722pt too wide) in paragraph at lines 3309--3310
\TU/lmr/m/n/10 selection-induced 
 []


Overfull \hbox (2.30446pt too wide) in paragraph at lines 3323--3324
\TU/lmr/m/n/10 modeled  
 []


Overfull \hbox (18.72722pt too wide) in paragraph at lines 3325--3326
\TU/lmr/m/n/10 selection-induced 
 []


Overfull \hbox (12.6467pt too wide) in paragraph at lines 3335--3335
[]|\TU/lmr/m/n/10 Instantaneous 
 []


Overfull \hbox (5.42445pt too wide) in paragraph at lines 3335--3335
\TU/lmr/m/n/10 predictor|  
 []


Overfull \hbox (12.6467pt too wide) in paragraph at lines 3337--3337
[]|\TU/lmr/m/n/10 Instantaneous 
 []


Overfull \hbox (24.27446pt too wide) in paragraph at lines 3337--3337
[]|\TU/lmr/m/n/10 Time-varying 
 []


Overfull \hbox (1.93446pt too wide) in paragraph at lines 3340--3340
[]|\TU/lmr/m/n/10 Baseline 
 []


Overfull \hbox (3.14445pt too wide) in paragraph at lines 3342--3342
[]|\TU/lmr/m/n/10 Additive 
 []


Overfull \hbox (1.51447pt too wide) in paragraph at lines 3344--3344
[]|\TU/lmr/m/n/10 Survival 
 []


Overfull \hbox (13.9367pt too wide) in paragraph at lines 3346--3346
[]|\TU/lmr/m/n/10 Heterogeneity- 
 []


Overfull \hbox (2.72446pt too wide) in paragraph at lines 3346--3346
[]|\TU/lmr/m/n/10 Random 
 []


Overfull \hbox (9.7867pt too wide) in paragraph at lines 3348--3348
[]|\TU/lmr/bx/n/10 Cumulative 
 []


Overfull \hbox (14.65446pt too wide) in paragraph at lines 3349--3349
[]|\TU/lmr/bx/n/10 Depletion 
 []


Overfull \hbox (12.81447pt too wide) in paragraph at lines 3349--3349
\TU/lmr/bx/n/10 geometry|  
 []


Overfull \hbox (4.36554pt too wide) in paragraph at lines 3350--3350
[]|$[][][][]$|  
 []

[63]
Underfull \hbox (badness 10000) in paragraph at lines 3410--3410
[]\TU/lmr/m/n/10 Table 5: Step-by-step KCOR algorithm (high-level), with
 []


Overfull \hbox (27.6309pt too wide) in paragraph at lines 3444--3444
\TU/lmr/m/n/10 (binning/transform)|  
 []


Overfull \hbox (1.37091pt too wide) in paragraph at lines 3444--3445
\TU/lmr/m/n/10 zeros/sparsity|  
 []


Overfull \hbox (20.9109pt too wide) in paragraph at lines 3450--3451
\TU/lmr/m/n/10 cumulative-hazard 
 []


Overfull \hbox (1.65091pt too wide) in paragraph at lines 3452--3453
\TU/lmr/m/n/10 gamma-frailty 
 []


Overfull \hbox (32.31091pt too wide) in paragraph at lines 3452--3453
\TU/lmr/m/n/10 depletion-neutralized 
 []


Overfull \hbox (34.39091pt too wide) in paragraph at lines 3453--3453
[]|\TU/lmr/m/n/10 Depletion-neutralized 
 []

[64]
Underfull \hbox (badness 10000) in paragraph at lines 3478--3478
[]\TU/lmr/m/n/10 Table 6: Cox vs KCOR under a synthetic null with increasing
 []


Underfull \hbox (badness 10000) in paragraph at lines 3478--3478
\TU/lmr/m/n/10 frailty heterogeneity. Two cohorts are simulated with identical
 []


Underfull \hbox (badness 10000) in paragraph at lines 3478--3478
\TU/lmr/m/n/10 baseline hazards and no treatment effect \TU/lmr/m/it/10 (null b
y construction)\TU/lmr/m/n/10 ;
 []


Underfull \hbox (badness 10000) in paragraph at lines 3478--3478
\TU/lmr/m/n/10 cohorts differ only in gamma frailty variance ($[]$). Despite th
e
 []


Underfull \hbox (badness 10000) in paragraph at lines 3478--3478
\TU/lmr/m/n/10 true hazard ratio being 1 by construction, Cox regression
 []


Underfull \hbox (badness 10000) in paragraph at lines 3478--3478
\TU/lmr/m/n/10 produces increasingly non-null hazard ratios as $[]$ increases,
 []


Underfull \hbox (badness 10000) in paragraph at lines 3478--3478
\TU/lmr/m/n/10 reflecting depletion-induced non-proportional hazards. $[][][][]
$
 []


Underfull \hbox (badness 10000) in paragraph at lines 3478--3478
\TU/lmr/m/n/10 remains centered near unity with negligible post-normalization
 []


Underfull \hbox (badness 10000) in paragraph at lines 3478--3478
\TU/lmr/m/n/10 slope across $[]$ values. (Exact values depend on simulation see
d
 []


Overfull \hbox (1.04446pt too wide) in paragraph at lines 3513--3513
 []|\TU/lmr/m/n/10 [0.969,
 []


Overfull \hbox (1.04446pt too wide) in paragraph at lines 3515--3515
 []|\TU/lmr/m/n/10 [0.946,
 []


Overfull \hbox (1.04446pt too wide) in paragraph at lines 3517--3517
 []|\TU/lmr/m/n/10 [0.926,
 []


Overfull \hbox (1.04446pt too wide) in paragraph at lines 3519--3519
 []|\TU/lmr/m/n/10 [0.884,
 []


Overfull \hbox (1.04446pt too wide) in paragraph at lines 3521--3521
 []|\TU/lmr/m/n/10 [0.787,
 []


Overfull \hbox (1.04446pt too wide) in paragraph at lines 3523--3523
 []|\TU/lmr/m/n/10 [0.686,
 []


Overfull \hbox (1.04446pt too wide) in paragraph at lines 3525--3525
 []|\TU/lmr/m/n/10 [0.539,
 []

[65]
Underfull \hbox (badness 10000) in paragraph at lines 3533--3533
[]\TU/lmr/m/n/10 Table 7: Example end-of-window $[][][][]$ values from the
 []


Underfull \hbox (badness 10000) in paragraph at lines 3533--3533
\TU/lmr/m/n/10 empirical negative control (pooled/ASMR summaries), showing
 []


Underfull \hbox (badness 10000) in paragraph at lines 3533--3533
\TU/lmr/m/n/10 near-null behavior under large composition differences. (Source:

 []


Package longtable Warning: Column widths have changed
(longtable)                in table 7 on input line 3550.


Underfull \hbox (badness 10000) in paragraph at lines 3561--3561
[]\TU/lmr/m/n/10 Table 8: Positive control results comparing injected hazard
 []


Underfull \hbox (badness 10000) in paragraph at lines 3561--3561
\TU/lmr/m/n/10 multipliers to detected KCOR deviations. Both scenarios show
 []


Underfull \hbox (badness 10000) in paragraph at lines 3561--3561
\TU/lmr/m/n/10 KCOR deviating from 1.0 in the expected direction, validating
 []

[66]
Underfull \hbox (badness 10000) in paragraph at lines 3614--3614
[]\TU/lmr/m/n/10 Table 9: Comparison of Cox regression, shared frailty Cox
 []


Underfull \hbox (badness 10000) in paragraph at lines 3614--3614
\TU/lmr/m/n/10 models, and KCOR under selection-only and joint frailty +
 []


Underfull \hbox (badness 10000) in paragraph at lines 3614--3614
\TU/lmr/m/n/10 treatment effect scenarios. Results are from S7 simulation (join
t
 []


Underfull \hbox (badness 10000) in paragraph at lines 3614--3614
\TU/lmr/m/n/10 frailty + treatment) and gamma-frailty null scenario
 []


Underfull \hbox (badness 10000) in paragraph at lines 3614--3614
\TU/lmr/m/n/10 (selection-only). Standard Cox regression produces non-null
 []


Underfull \hbox (badness 10000) in paragraph at lines 3614--3614
\TU/lmr/m/n/10 hazard ratios under selection-only conditions due to depletion
 []


Underfull \hbox (badness 10000) in paragraph at lines 3614--3614
\TU/lmr/m/n/10 dynamics. Shared frailty Cox models partially mitigate this bias

 []


Underfull \hbox (badness 10000) in paragraph at lines 3614--3614
\TU/lmr/m/n/10 but still exhibit residual non-null behavior. KCOR remains
 []


Underfull \hbox (badness 10000) in paragraph at lines 3614--3614
\TU/lmr/m/n/10 near-null under selection-only conditions and correctly detects
 []


Overfull \hbox (18.45596pt too wide) in paragraph at lines 3617--3618
[]\TU/lmr/m/n/10 Scenario  
 []


Overfull \hbox (2.37195pt too wide) in paragraph at lines 3621--3622
[]\TU/lmr/m/n/10 Cox 
 []


Overfull \hbox (11.33803pt too wide) in paragraph at lines 3625--3626
\TU/lmr/m/n/10 drift/year  
 []


Overfull \hbox (18.45596pt too wide) in paragraph at lines 3637--3638
[]\TU/lmr/m/n/10 Scenario  
 []


Overfull \hbox (2.37195pt too wide) in paragraph at lines 3641--3642
[]\TU/lmr/m/n/10 Cox 
 []


Overfull \hbox (11.33803pt too wide) in paragraph at lines 3645--3646
\TU/lmr/m/n/10 drift/year  
 []


Overfull \hbox (45.65598pt too wide) in paragraph at lines 3657--3657
[]|\TU/lmr/m/n/10 Gamma-frailty 
 []


Overfull \hbox (3.19194pt too wide) in paragraph at lines 3657--3657
[]|\TU/lmr/m/n/10 0.87|  
 []


Overfull \hbox (4.56596pt too wide) in paragraph at lines 3659--3659
\TU/lmr/m/n/10 harm 
 []


Overfull \hbox (12.84596pt too wide) in paragraph at lines 3659--3659
\TU/lmr/m/n/10 (r=1.2)|  
 []


Overfull \hbox (3.19194pt too wide) in paragraph at lines 3659--3659
[]|\TU/lmr/m/n/10 1.18|  
 []


Overfull \hbox (11.21596pt too wide) in paragraph at lines 3661--3661
\TU/lmr/m/n/10 benefit 
 []


Overfull \hbox (12.84596pt too wide) in paragraph at lines 3661--3661
\TU/lmr/m/n/10 (r=0.8)|  
 []


Overfull \hbox (3.19194pt too wide) in paragraph at lines 3661--3661
[]|\TU/lmr/m/n/10 0.83|  
 []


Underfull \hbox (badness 10000) in paragraph at lines 3679--3679
[]\TU/lmr/m/n/10 Table 10: Simulation comparison of KCOR and alternative
 []


Underfull \hbox (badness 10000) in paragraph at lines 3679--3679
\TU/lmr/m/n/10 estimands under selection-induced non-proportional hazards.
 []


Underfull \hbox (badness 10000) in paragraph at lines 3679--3679
\TU/lmr/m/n/10 Results are summarized across simulation scenarios (null
 []


Underfull \hbox (badness 10000) in paragraph at lines 3679--3679
\TU/lmr/m/n/10 scenarios: gamma-frailty null, non-gamma frailty, contamination,

 []


Underfull \hbox (badness 10000) in paragraph at lines 3679--3679
\TU/lmr/m/n/10 sparse events; effect scenarios: injected hazard increase/decrea
se).
 []


Underfull \hbox (badness 10000) in paragraph at lines 3679--3679
\TU/lmr/m/n/10 KCOR remains stable under selection-only regimes, while RMST
 []


Underfull \hbox (badness 10000) in paragraph at lines 3679--3679
\TU/lmr/m/n/10 inherits depletion bias and time-varying Cox captures
 []


Underfull \hbox (badness 10000) in paragraph at lines 3679--3679
\TU/lmr/m/n/10 non-proportional hazards without normalizing selection geometry.

 []


Overfull \hbox (10.37965pt too wide) in paragraph at lines 3682--3683
[]\TU/lmr/m/n/10 Method  
 []


Overfull \hbox (24.2734pt too wide) in paragraph at lines 3688--3689
[]\TU/lmr/m/n/10 Variance/instability  
 []


Overfull \hbox (10.37965pt too wide) in paragraph at lines 3696--3697
[]\TU/lmr/m/n/10 Method  
 []


Overfull \hbox (24.2734pt too wide) in paragraph at lines 3702--3703
[]\TU/lmr/m/n/10 Variance/instability  
 []


Overfull \hbox (10.74965pt too wide) in paragraph at lines 3710--3710
[]|\TU/lmr/bx/n/10 KCOR|  
 []


Overfull \hbox (3.23476pt too wide) in paragraph at lines 3710--3710
[]|\TU/lmr/m/n/10 Cumulative 
 []


Overfull \hbox (50.71477pt too wide) in paragraph at lines 3710--3710
\TU/lmr/m/n/10 (depletion-normalized)|  
 []


Overfull \hbox (3.9344pt too wide) in paragraph at lines 3711--3713
\TU/lmr/m/n/10 selection-induced 
 []


Overfull \hbox (10.41965pt too wide) in paragraph at lines 3713--3713
[]|\TU/lmr/bx/n/10 RMST|  
 []


Overfull \hbox (11.31476pt too wide) in paragraph at lines 3717--3717
[]|\TU/lmr/m/n/10 Time-varying 
 []


Overfull \hbox (3.1344pt too wide) in paragraph at lines 3718--3721
\TU/lmr/m/n/10 non-proportional 
 []

[67]
Underfull \hbox (badness 10000) in paragraph at lines 3732--3732
[]\TU/lmr/m/n/10 Table 11: Bootstrap coverage for KCOR uncertainty intervals.
 []


Underfull \hbox (badness 10000) in paragraph at lines 3732--3732
\TU/lmr/m/n/10 Coverage is evaluated across simulation scenarios using stratifi
ed
 []


Underfull \hbox (badness 10000) in paragraph at lines 3732--3732
\TU/lmr/m/n/10 bootstrap resampling. Nominal 95% confidence intervals are
 []


Underfull \hbox (badness 10000) in paragraph at lines 3732--3732
\TU/lmr/m/n/10 compared to empirical coverage (proportion of simulations where
 []


Overfull \hbox (5.59003pt too wide) in paragraph at lines 3759--3759
[]|\TU/lmr/m/n/10 Gamma-frailty 
 []


Overfull \hbox (0.57254pt too wide) in paragraph at lines 3759--3761
\TU/lmr/m/n/10 evaluated 
 []


Overfull \hbox (18.03255pt too wide) in paragraph at lines 3759--3761
\TU/lmr/m/n/10 selection-only 
 []


Overfull \hbox (3.69254pt too wide) in paragraph at lines 3759--3761
\TU/lmr/m/n/10 conditions|  
 []


Overfull \hbox (0.57254pt too wide) in paragraph at lines 3761--3763
\TU/lmr/m/n/10 evaluated 
 []


Overfull \hbox (1.99254pt too wide) in paragraph at lines 3761--3763
\TU/lmr/m/n/10 treatment 
 []


Overfull \hbox (0.57254pt too wide) in paragraph at lines 3763--3765
\TU/lmr/m/n/10 evaluated 
 []


Overfull \hbox (1.99254pt too wide) in paragraph at lines 3763--3765
\TU/lmr/m/n/10 treatment 
 []


Overfull \hbox (27.90254pt too wide) in paragraph at lines 3765--3767
\TU/lmr/m/n/10 misspecification|  
 []

[68]
Underfull \hbox (badness 10000) in paragraph at lines 3776--3776
[]\TU/lmr/m/n/10 Table 12: Table C.1. Estimated gamma-frailty variance (fitted
 []


Underfull \hbox (badness 10000) in paragraph at lines 3776--3776
\TU/lmr/m/n/10 frailty variance) by age band and vaccination status for Czech
 []

[69]
Underfull \hbox (badness 10000) in paragraph at lines 3839--3839
[]\TU/lmr/m/n/10 Table 13: Table C.2. Diagnostic gate for Czech application:
 []


Underfull \hbox (badness 1546) in paragraph at lines 3808--3877
\TU/lmr/m/n/10 effectively linear cumulative hazards over the quiet window and 
are 
 []


Underfull \hbox (badness 10000) in paragraph at lines 3886--3886
[]\TU/lmr/m/n/10 Table 14: Table C.3. Ratio of observed cumulative mortality
 []


Underfull \hbox (badness 10000) in paragraph at lines 3886--3886
\TU/lmr/m/n/10 hazards for unvaccinated (Dose 0) versus fully vaccinated (Dose
 []


Overfull \hbox (1.31801pt too wide) in paragraph at lines 3895--3896
 []\TU/lmr/m/n/10 Ratio
 []


Overfull \hbox (1.31801pt too wide) in paragraph at lines 3907--3908
 []\TU/lmr/m/n/10 Ratio
 []


Overfull \hbox (5.06801pt too wide) in paragraph at lines 3913--3914
 []|\TU/lmr/m/n/10 1.2776|
 []


Overfull \hbox (5.06801pt too wide) in paragraph at lines 3914--3915
 []|\TU/lmr/m/n/10 1.5622|
 []


Overfull \hbox (5.06801pt too wide) in paragraph at lines 3915--3916
 []|\TU/lmr/m/n/10 1.9655|
 []


Overfull \hbox (5.06801pt too wide) in paragraph at lines 3916--3917
 []|\TU/lmr/m/n/10 2.1343|
 []


Overfull \hbox (5.06801pt too wide) in paragraph at lines 3917--3918
 []|\TU/lmr/m/n/10 1.8355|
 []


Overfull \hbox (5.06801pt too wide) in paragraph at lines 3918--3919
 []|\TU/lmr/m/n/10 1.5008|
 []


Overfull \hbox (5.06801pt too wide) in paragraph at lines 3919--3920
 []|\TU/lmr/m/n/10 0.3159|
 []

[70]
Overfull \hbox (1.78091pt too wide) in paragraph at lines 3951--3952
[]\TU/lmr/m/n/10 Interpretation  
 []


Overfull \hbox (2.9409pt too wide) in paragraph at lines 3960--3961
\TU/lmr/m/n/10 discontinuities 
 []


Overfull \hbox (4.0709pt too wide) in paragraph at lines 3961--3961
\TU/lmr/m/n/10 reclassification|  
 []


Overfull \hbox (29.0209pt too wide) in paragraph at lines 3965--3966
\TU/lmr/m/n/10 policy/measurement 
 []


Overfull \hbox (4.7209pt too wide) in paragraph at lines 3968--3968
\TU/lmr/m/n/10 Time-invariant 
 []


Overfull \hbox (1.7509pt too wide) in paragraph at lines 3968--3969
\TU/lmr/m/n/10 time-invariant 
 []


Overfull \hbox (0.64091pt too wide) in paragraph at lines 3969--3969
\TU/lmr/m/n/10 normalization|  
 []


Overfull \hbox (9.3209pt too wide) in paragraph at lines 3974--3974
\TU/lmr/m/n/10 misspecification|  
 []


Overfull \hbox (22.36092pt too wide) in paragraph at lines 3974--3976
\TU/lmr/m/n/10 over-interpretation|  
 []


Overfull \hbox (1.0809pt too wide) in paragraph at lines 3976--3976
\TU/lmr/m/n/10 Quiet-window 
 []


Overfull \hbox (15.97092pt too wide) in paragraph at lines 3976--3977
\TU/lmr/m/n/10 frailty-estimation 
 []


Overfull \hbox (2.5509pt too wide) in paragraph at lines 3978--3978
[]|\TU/lmr/m/n/10 Contaminated 
 []

[71] [72]

./paper_debug.tex:4041: LaTeX Error: Something's wrong--perhaps a missing \item
.

See the LaTeX manual or LaTeX Companion for explanation.
Type  H <return>  for immediate help.
 ...                                              
                                                  
l.4041 derivation}
                  \label{a.2-gamma-frailty-identity-derivation} 
Here is how much of TeX's memory you used:
 19014 strings out of 478775
 352131 string characters out of 5850944
 1869991 words of memory out of 5000000
 38760 multiletter control sequences out of 15000+600000
 515832 words of font info for 65 fonts, out of 8000000 for 9000
 14 hyphenation exceptions out of 8191
 86i,11n,121p,1200b,548s stack positions out of 10000i,1000n,20000p,200000b,200000s

Output written on paper_debug.pdf (72 pages).
