This is XeTeX, Version 3.141592653-2.6-0.999994 (TeX Live 2022/Debian) (preloaded format=xelatex 2025.12.23)  10 FEB 2026 21:47
entering extended mode
 \write18 enabled.
 %&-line parsing enabled.
**paper.tex
(./paper.tex
LaTeX2e <2022-11-01> patch level 1
L3 programming layer <2023-01-16>
(/usr/share/texlive/texmf-dist/tex/latex/base/article.cls
Document Class: article 2022/07/02 v1.4n Standard LaTeX document class
(/usr/share/texlive/texmf-dist/tex/latex/base/size10.clo
File: size10.clo 2022/07/02 v1.4n Standard LaTeX file (size option)
)
\c@part=\count181
\c@section=\count182
\c@subsection=\count183
\c@subsubsection=\count184
\c@paragraph=\count185
\c@subparagraph=\count186
\c@figure=\count187
\c@table=\count188
\abovecaptionskip=\skip48
\belowcaptionskip=\skip49
\bibindent=\dimen140
)
(/usr/share/texlive/texmf-dist/tex/latex/xcolor/xcolor.sty
Package: xcolor 2022/06/12 v2.14 LaTeX color extensions (UK)

(/usr/share/texlive/texmf-dist/tex/latex/graphics-cfg/color.cfg
File: color.cfg 2016/01/02 v1.6 sample color configuration
)
Package xcolor Info: Driver file: xetex.def on input line 227.

(/usr/share/texlive/texmf-dist/tex/latex/graphics-def/xetex.def
File: xetex.def 2022/09/22 v5.0n Graphics/color driver for xetex
)
(/usr/share/texlive/texmf-dist/tex/latex/graphics/mathcolor.ltx)
Package xcolor Info: Model `cmy' substituted by `cmy0' on input line 1353.
Package xcolor Info: Model `RGB' extended on input line 1369.
Package xcolor Info: Model `HTML' substituted by `rgb' on input line 1371.
Package xcolor Info: Model `Hsb' substituted by `hsb' on input line 1372.
Package xcolor Info: Model `tHsb' substituted by `hsb' on input line 1373.
Package xcolor Info: Model `HSB' substituted by `hsb' on input line 1374.
Package xcolor Info: Model `Gray' substituted by `gray' on input line 1375.
Package xcolor Info: Model `wave' substituted by `hsb' on input line 1376.
)
(/usr/share/texlive/texmf-dist/tex/latex/geometry/geometry.sty
Package: geometry 2020/01/02 v5.9 Page Geometry

(/usr/share/texlive/texmf-dist/tex/latex/graphics/keyval.sty
Package: keyval 2022/05/29 v1.15 key=value parser (DPC)
\KV@toks@=\toks16
)
(/usr/share/texlive/texmf-dist/tex/generic/iftex/ifvtex.sty
Package: ifvtex 2019/10/25 v1.7 ifvtex legacy package. Use iftex instead.

(/usr/share/texlive/texmf-dist/tex/generic/iftex/iftex.sty
Package: iftex 2022/02/03 v1.0f TeX engine tests
))
\Gm@cnth=\count189
\Gm@cntv=\count190
\c@Gm@tempcnt=\count191
\Gm@bindingoffset=\dimen141
\Gm@wd@mp=\dimen142
\Gm@odd@mp=\dimen143
\Gm@even@mp=\dimen144
\Gm@layoutwidth=\dimen145
\Gm@layoutheight=\dimen146
\Gm@layouthoffset=\dimen147
\Gm@layoutvoffset=\dimen148
\Gm@dimlist=\toks17
)
(/usr/share/texlive/texmf-dist/tex/latex/amsmath/amsmath.sty
Package: amsmath 2022/04/08 v2.17n AMS math features
\@mathmargin=\skip50

For additional information on amsmath, use the `?' option.
(/usr/share/texlive/texmf-dist/tex/latex/amsmath/amstext.sty
Package: amstext 2021/08/26 v2.01 AMS text

(/usr/share/texlive/texmf-dist/tex/latex/amsmath/amsgen.sty
File: amsgen.sty 1999/11/30 v2.0 generic functions
\@emptytoks=\toks18
\ex@=\dimen149
))
(/usr/share/texlive/texmf-dist/tex/latex/amsmath/amsbsy.sty
Package: amsbsy 1999/11/29 v1.2d Bold Symbols
\pmbraise@=\dimen150
)
(/usr/share/texlive/texmf-dist/tex/latex/amsmath/amsopn.sty
Package: amsopn 2022/04/08 v2.04 operator names
)
\inf@bad=\count192
LaTeX Info: Redefining \frac on input line 234.
\uproot@=\count193
\leftroot@=\count194
LaTeX Info: Redefining \overline on input line 399.
LaTeX Info: Redefining \colon on input line 410.
\classnum@=\count195
\DOTSCASE@=\count196
LaTeX Info: Redefining \ldots on input line 496.
LaTeX Info: Redefining \dots on input line 499.
LaTeX Info: Redefining \cdots on input line 620.
\Mathstrutbox@=\box51
\strutbox@=\box52
LaTeX Info: Redefining \big on input line 722.
LaTeX Info: Redefining \Big on input line 723.
LaTeX Info: Redefining \bigg on input line 724.
LaTeX Info: Redefining \Bigg on input line 725.
\big@size=\dimen151
LaTeX Font Info:    Redeclaring font encoding OML on input line 743.
LaTeX Font Info:    Redeclaring font encoding OMS on input line 744.
\macc@depth=\count197
LaTeX Info: Redefining \bmod on input line 905.
LaTeX Info: Redefining \pmod on input line 910.
LaTeX Info: Redefining \smash on input line 940.
LaTeX Info: Redefining \relbar on input line 970.
LaTeX Info: Redefining \Relbar on input line 971.
\c@MaxMatrixCols=\count198
\dotsspace@=\muskip16
\c@parentequation=\count199
\dspbrk@lvl=\count266
\tag@help=\toks19
\row@=\count267
\column@=\count268
\maxfields@=\count269
\andhelp@=\toks20
\eqnshift@=\dimen152
\alignsep@=\dimen153
\tagshift@=\dimen154
\tagwidth@=\dimen155
\totwidth@=\dimen156
\lineht@=\dimen157
\@envbody=\toks21
\multlinegap=\skip51
\multlinetaggap=\skip52
\mathdisplay@stack=\toks22
LaTeX Info: Redefining \[ on input line 2953.
LaTeX Info: Redefining \] on input line 2954.
)
(/usr/share/texlive/texmf-dist/tex/latex/amsfonts/amssymb.sty
Package: amssymb 2013/01/14 v3.01 AMS font symbols

(/usr/share/texlive/texmf-dist/tex/latex/amsfonts/amsfonts.sty
Package: amsfonts 2013/01/14 v3.01 Basic AMSFonts support
\symAMSa=\mathgroup4
\symAMSb=\mathgroup5
LaTeX Font Info:    Redeclaring math symbol \hbar on input line 98.
LaTeX Font Info:    Overwriting math alphabet `\mathfrak' in version `bold'
(Font)                  U/euf/m/n --> U/euf/b/n on input line 106.
))
(/usr/share/texlive/texmf-dist/tex/latex/unicode-math/unicode-math.sty
(/usr/share/texlive/texmf-dist/tex/latex/l3kernel/expl3.sty
Package: expl3 2023-01-16 L3 programming layer (loader) 

(/usr/share/texlive/texmf-dist/tex/latex/l3backend/l3backend-xetex.def
File: l3backend-xetex.def 2023-01-16 L3 backend support: XeTeX
\g__graphics_track_int=\count270
\l__pdf_internal_box=\box53
\g__pdf_backend_object_int=\count271
\g__pdf_backend_annotation_int=\count272
\g__pdf_backend_link_int=\count273
))
Package: unicode-math 2020/01/31 v0.8q Unicode maths in XeLaTeX and LuaLaTeX

(/usr/share/texlive/texmf-dist/tex/latex/unicode-math/unicode-math-xetex.sty
Package: unicode-math-xetex 2020/01/31 v0.8q Unicode maths in XeLaTeX and LuaLa
TeX

(/usr/share/texlive/texmf-dist/tex/latex/l3packages/xparse/xparse.sty
Package: xparse 2023-01-16 L3 Experimental document command parser
)
(/usr/share/texlive/texmf-dist/tex/latex/l3packages/l3keys2e/l3keys2e.sty
Package: l3keys2e 2023-01-16 LaTeX2e option processing using LaTeX3 keys
)
(/usr/share/texlive/texmf-dist/tex/latex/fontspec/fontspec.sty
Package: fontspec 2022/01/15 v2.8a Font selection for XeLaTeX and LuaLaTeX

(/usr/share/texlive/texmf-dist/tex/latex/fontspec/fontspec-xetex.sty
Package: fontspec-xetex 2022/01/15 v2.8a Font selection for XeLaTeX and LuaLaTe
X
\l__fontspec_script_int=\count274
\l__fontspec_language_int=\count275
\l__fontspec_strnum_int=\count276
\l__fontspec_tmp_int=\count277
\l__fontspec_tmpa_int=\count278
\l__fontspec_tmpb_int=\count279
\l__fontspec_tmpc_int=\count280
\l__fontspec_em_int=\count281
\l__fontspec_emdef_int=\count282
\l__fontspec_strong_int=\count283
\l__fontspec_strongdef_int=\count284
\l__fontspec_tmpa_dim=\dimen158
\l__fontspec_tmpb_dim=\dimen159
\l__fontspec_tmpc_dim=\dimen160

(/usr/share/texlive/texmf-dist/tex/latex/base/fontenc.sty
Package: fontenc 2021/04/29 v2.0v Standard LaTeX package
)
(/usr/share/texlive/texmf-dist/tex/latex/fontspec/fontspec.cfg)))
(/usr/share/texlive/texmf-dist/tex/latex/base/fix-cm.sty
Package: fix-cm 2020/11/24 v1.1t fixes to LaTeX

(/usr/share/texlive/texmf-dist/tex/latex/base/ts1enc.def
File: ts1enc.def 2001/06/05 v3.0e (jk/car/fm) Standard LaTeX file
LaTeX Font Info:    Redeclaring font encoding TS1 on input line 47.
))
\g__um_fam_int=\count285
\g__um_fonts_used_int=\count286
\l__um_primecount_int=\count287
\g__um_primekern_muskip=\muskip17

(/usr/share/texlive/texmf-dist/tex/latex/unicode-math/unicode-math-table.tex)))
(/usr/share/texmf/tex/latex/lm/lmodern.sty
Package: lmodern 2015/05/01 v1.6.1 Latin Modern Fonts
LaTeX Font Info:    Overwriting symbol font `operators' in version `normal'
(Font)                  OT1/cmr/m/n --> OT1/lmr/m/n on input line 22.
LaTeX Font Info:    Overwriting symbol font `letters' in version `normal'
(Font)                  OML/cmm/m/it --> OML/lmm/m/it on input line 23.
LaTeX Font Info:    Overwriting symbol font `symbols' in version `normal'
(Font)                  OMS/cmsy/m/n --> OMS/lmsy/m/n on input line 24.
LaTeX Font Info:    Overwriting symbol font `largesymbols' in version `normal'
(Font)                  OMX/cmex/m/n --> OMX/lmex/m/n on input line 25.
LaTeX Font Info:    Overwriting symbol font `operators' in version `bold'
(Font)                  OT1/cmr/bx/n --> OT1/lmr/bx/n on input line 26.
LaTeX Font Info:    Overwriting symbol font `letters' in version `bold'
(Font)                  OML/cmm/b/it --> OML/lmm/b/it on input line 27.
LaTeX Font Info:    Overwriting symbol font `symbols' in version `bold'
(Font)                  OMS/cmsy/b/n --> OMS/lmsy/b/n on input line 28.
LaTeX Font Info:    Overwriting symbol font `largesymbols' in version `bold'
(Font)                  OMX/cmex/m/n --> OMX/lmex/m/n on input line 29.
LaTeX Font Info:    Overwriting math alphabet `\mathbf' in version `normal'
(Font)                  OT1/cmr/bx/n --> OT1/lmr/bx/n on input line 31.
LaTeX Font Info:    Overwriting math alphabet `\mathsf' in version `normal'
(Font)                  OT1/cmss/m/n --> OT1/lmss/m/n on input line 32.
LaTeX Font Info:    Overwriting math alphabet `\mathit' in version `normal'
(Font)                  OT1/cmr/m/it --> OT1/lmr/m/it on input line 33.
LaTeX Font Info:    Overwriting math alphabet `\mathtt' in version `normal'
(Font)                  OT1/cmtt/m/n --> OT1/lmtt/m/n on input line 34.
LaTeX Font Info:    Overwriting math alphabet `\mathbf' in version `bold'
(Font)                  OT1/cmr/bx/n --> OT1/lmr/bx/n on input line 35.
LaTeX Font Info:    Overwriting math alphabet `\mathsf' in version `bold'
(Font)                  OT1/cmss/bx/n --> OT1/lmss/bx/n on input line 36.
LaTeX Font Info:    Overwriting math alphabet `\mathit' in version `bold'
(Font)                  OT1/cmr/bx/it --> OT1/lmr/bx/it on input line 37.
LaTeX Font Info:    Overwriting math alphabet `\mathtt' in version `bold'
(Font)                  OT1/cmtt/m/n --> OT1/lmtt/m/n on input line 38.
)

Package fontspec Info: TeX Gyre Termes scale = 0.9577739875827788.


Package fontspec Info: TeX Gyre Termes scale = 0.9577739875827788.


Package fontspec Info: TeX Gyre Termes scale = 0.9577739875827788.


Package fontspec Info: TeX Gyre Termes/B scale = 0.9349203301977347.


Package fontspec Info: TeX Gyre Termes/B scale = 0.9349203301977347.


Package fontspec Info: TeX Gyre Termes/I scale = 0.9976829285522542.


Package fontspec Info: TeX Gyre Termes/I scale = 0.9976829285522542.


Package fontspec Info: TeX Gyre Termes/BI scale = 0.9599059328888255.


Package fontspec Info: TeX Gyre Termes/BI scale = 0.9599059328888255.


Package fontspec Info: Font family 'TeXGyreTermes(0)' created for font 'TeX
(fontspec)             Gyre Termes' with options
(fontspec)             [Scale=MatchLowercase,Ligatures=TeX,Scale=1].
(fontspec)              
(fontspec)              This font family consists of the following NFSS
(fontspec)             series/shapes:
(fontspec)              
(fontspec)             - 'normal' (m/n) with NFSS spec.: <->s*[1]"TeX Gyre
(fontspec)             Termes/OT:script=latn;language=dflt;mapping=tex-text;"
(fontspec)             - 'small caps'  (m/sc) with NFSS spec.: <->s*[1]"TeX
(fontspec)             Gyre
(fontspec)             Termes/OT:script=latn;language=dflt;+smcp;mapping=tex-te
xt;"
(fontspec)             - 'bold' (b/n) with NFSS spec.: <->s*[1]"TeX Gyre
(fontspec)             Termes/B/OT:script=latn;language=dflt;mapping=tex-text;"

(fontspec)             - 'bold small caps'  (b/sc) with NFSS spec.:
(fontspec)             <->s*[1]"TeX Gyre
(fontspec)             Termes/B/OT:script=latn;language=dflt;+smcp;mapping=tex-
text;"
(fontspec)             - 'italic' (m/it) with NFSS spec.: <->s*[1]"TeX Gyre
(fontspec)             Termes/I/OT:script=latn;language=dflt;mapping=tex-text;"

(fontspec)             - 'italic small caps'  (m/scit) with NFSS spec.:
(fontspec)             <->s*[1]"TeX Gyre
(fontspec)             Termes/I/OT:script=latn;language=dflt;+smcp;mapping=tex-
text;"
(fontspec)             - 'bold italic' (b/it) with NFSS spec.: <->s*[1]"TeX
(fontspec)             Gyre
(fontspec)             Termes/BI/OT:script=latn;language=dflt;mapping=tex-text;
"
(fontspec)             - 'bold italic small caps'  (b/scit) with NFSS spec.:
(fontspec)             <->s*[1]"TeX Gyre
(fontspec)             Termes/BI/OT:script=latn;language=dflt;+smcp;mapping=tex
-text;"

LaTeX Font Info:    Font shape `TU/TeXGyreTermes(0)/m/n' will be
(Font)              scaled to size 10.0pt on input line 24.

Package fontspec Info: TeX Gyre Termes scale = 0.999996609169484.


Package fontspec Info: TeX Gyre Termes scale = 0.999996609169484.


Package fontspec Info: TeX Gyre Termes scale = 0.999996609169484.


Package fontspec Info: TeX Gyre Termes/B scale = 0.9761354684531414.


Package fontspec Info: TeX Gyre Termes/B scale = 0.9761354684531414.


Package fontspec Info: TeX Gyre Termes/I scale = 1.041664900606112.


Package fontspec Info: TeX Gyre Termes/I scale = 1.041664900606112.


Package fontspec Info: TeX Gyre Termes/BI scale = 1.002222539404196.


Package fontspec Info: TeX Gyre Termes/BI scale = 1.002222539404196.


Package fontspec Info: Font family 'TeXGyreTermes(1)' created for font 'TeX
(fontspec)             Gyre Termes' with options [Scale=MatchLowercase].
(fontspec)              
(fontspec)              This font family consists of the following NFSS
(fontspec)             series/shapes:
(fontspec)              
(fontspec)             - 'normal' (m/n) with NFSS spec.:
(fontspec)             <->s*[0.999996609169484]"TeX Gyre
(fontspec)             Termes/OT:script=latn;language=dflt;"
(fontspec)             - 'small caps'  (m/sc) with NFSS spec.:
(fontspec)             <->s*[0.999996609169484]"TeX Gyre
(fontspec)             Termes/OT:script=latn;language=dflt;+smcp;"
(fontspec)             - 'bold' (b/n) with NFSS spec.:
(fontspec)             <->s*[0.9761354684531414]"TeX Gyre
(fontspec)             Termes/B/OT:script=latn;language=dflt;"
(fontspec)             - 'bold small caps'  (b/sc) with NFSS spec.:
(fontspec)             <->s*[0.9761354684531414]"TeX Gyre
(fontspec)             Termes/B/OT:script=latn;language=dflt;+smcp;"
(fontspec)             - 'italic' (m/it) with NFSS spec.:
(fontspec)             <->s*[1.041664900606112]"TeX Gyre
(fontspec)             Termes/I/OT:script=latn;language=dflt;"
(fontspec)             - 'italic small caps'  (m/scit) with NFSS spec.:
(fontspec)             <->s*[1.041664900606112]"TeX Gyre
(fontspec)             Termes/I/OT:script=latn;language=dflt;+smcp;"
(fontspec)             - 'bold italic' (b/it) with NFSS spec.:
(fontspec)             <->s*[1.002222539404196]"TeX Gyre
(fontspec)             Termes/BI/OT:script=latn;language=dflt;"
(fontspec)             - 'bold italic small caps'  (b/scit) with NFSS spec.:
(fontspec)             <->s*[1.002222539404196]"TeX Gyre
(fontspec)             Termes/BI/OT:script=latn;language=dflt;+smcp;"

LaTeX Font Info:    Overwriting math alphabet `\mathrm' in version `normal'
(Font)                  OT1/lmr/m/n --> TU/TeXGyreTermes(1)/m/n on input line 2
4.
LaTeX Font Info:    Overwriting math alphabet `\mathit' in version `normal'
(Font)                  OT1/lmr/m/it --> TU/TeXGyreTermes(1)/m/it on input line
 24.
LaTeX Font Info:    Overwriting math alphabet `\mathbf' in version `normal'
(Font)                  OT1/lmr/bx/n --> TU/TeXGyreTermes(1)/b/n on input line 
24.

Package fontspec Info: TeX Gyre Termes Math scale = 0.999996609169484.


Package fontspec Info: Could not resolve font "TeX Gyre Termes Math/B" (it
(fontspec)             probably doesn't exist).


Package fontspec Info: TeX Gyre Termes Math scale = 0.999996609169484.


Package fontspec Info: Font family 'TeXGyreTermesMath(0)' created for font
(fontspec)             'TeX Gyre Termes Math' with options
(fontspec)             [Scale=MatchLowercase,BoldItalicFont={},ItalicFont={},Sm
allCapsFont={},Script=Math].
(fontspec)              
(fontspec)              This font family consists of the following NFSS
(fontspec)             series/shapes:
(fontspec)              
(fontspec)             - 'normal' (m/n) with NFSS spec.:
(fontspec)             <->s*[0.999996609169484]"TeX Gyre Termes
(fontspec)             Math/OT:script=math;language=dflt;"
(fontspec)             - 'small caps'  (m/sc) with NFSS spec.: 

LaTeX Font Info:    Font shape `TU/TeXGyreTermesMath(0)/m/n' will be
(Font)              scaled to size 10.0pt on input line 25.

Package fontspec Info: TeX Gyre Termes Math scale = 0.999996609169484.


Package fontspec Info: Could not resolve font "TeX Gyre Termes Math/B" (it
(fontspec)             probably doesn't exist).


Package fontspec Info: TeX Gyre Termes Math scale = 0.999996609169484.


Package fontspec Info: TeX Gyre Termes Math scale = 0.999996609169484.


Package fontspec Info: TeX Gyre Termes Math scale = 0.999996609169484.


Package fontspec Info: Font family 'TeXGyreTermesMath(1)' created for font
(fontspec)             'TeX Gyre Termes Math' with options
(fontspec)             [Scale=MatchLowercase,BoldItalicFont={},ItalicFont={},Sm
allCapsFont={},Script=Math,SizeFeatures={{Size=8.7-},{Size=6.45-8.7,Font=TeX
(fontspec)             Gyre Termes Math,Style=MathScript},{Size=-6.45,Font=TeX
(fontspec)             Gyre Termes Math,Style=MathScriptScript}}].
(fontspec)              
(fontspec)              This font family consists of the following NFSS
(fontspec)             series/shapes:
(fontspec)              
(fontspec)             - 'normal' (m/n) with NFSS spec.:
(fontspec)             <8.7->s*[0.999996609169484]"TeX Gyre Termes
(fontspec)             Math/OT:script=math;language=dflt;"<6.45-8.7>s*[0.999996
609169484]"TeX
(fontspec)             Gyre Termes
(fontspec)             Math/OT:script=math;language=dflt;+ssty=0;"<-6.45>s*[0.9
99996609169484]"TeX
(fontspec)             Gyre Termes Math/OT:script=math;language=dflt;+ssty=1;"
(fontspec)             - 'small caps'  (m/sc) with NFSS spec.: 

LaTeX Font Info:    Font shape `TU/TeXGyreTermesMath(1)/m/n' will be
(Font)              scaled to size 10.0pt on input line 25.
LaTeX Font Info:    Encoding `OT1' has changed to `TU' for symbol font
(Font)              `operators' in the math version `normal' on input line 25.
LaTeX Font Info:    Overwriting symbol font `operators' in version `normal'
(Font)                  OT1/lmr/m/n --> TU/TeXGyreTermesMath(1)/m/n on input li
ne 25.
LaTeX Font Info:    Encoding `OT1' has changed to `TU' for symbol font
(Font)              `operators' in the math version `bold' on input line 25.
LaTeX Font Info:    Overwriting symbol font `operators' in version `bold'
(Font)                  OT1/lmr/bx/n --> TU/TeXGyreTermesMath(1)/b/n on input l
ine 25.

Package fontspec Info: TeX Gyre Termes Math scale = 0.999996609169484.


Package fontspec Info: TeX Gyre Termes Math scale = 1.000096608830401.


Package fontspec Info: Could not resolve font "TeX Gyre Termes Math/B" (it
(fontspec)             probably doesn't exist).


Package fontspec Info: TeX Gyre Termes Math scale = 0.999996609169484.


Package fontspec Info: TeX Gyre Termes Math scale = 1.000096608830401.


Package fontspec Info: TeX Gyre Termes Math scale = 0.999996609169484.


Package fontspec Info: TeX Gyre Termes Math scale = 1.000096608830401.


Package fontspec Info: TeX Gyre Termes Math scale = 0.999996609169484.


Package fontspec Info: TeX Gyre Termes Math scale = 1.000096608830401.


Package fontspec Info: Font family 'TeXGyreTermesMath(2)' created for font
(fontspec)             'TeX Gyre Termes Math' with options
(fontspec)             [Scale=MatchLowercase,BoldItalicFont={},ItalicFont={},Sm
allCapsFont={},Script=Math,SizeFeatures={{Size=8.7-},{Size=6.45-8.7,Font=TeX
(fontspec)             Gyre Termes Math,Style=MathScript},{Size=-6.45,Font=TeX
(fontspec)             Gyre Termes
(fontspec)             Math,Style=MathScriptScript}},ScaleAgain=1.0001,FontAdju
stment={\fontdimen
(fontspec)             8\font =6.34pt\relax \fontdimen 9\font =4.3pt\relax
(fontspec)             \fontdimen 10\font =4.3pt\relax \fontdimen 11\font
(fontspec)             =5.98pt\relax \fontdimen 12\font =2.66pt\relax
(fontspec)             \fontdimen 13\font =3.39pt\relax \fontdimen 14\font
(fontspec)             =3.39pt\relax \fontdimen 15\font =2.84pt\relax
(fontspec)             \fontdimen 16\font =2.22pt\relax \fontdimen 17\font
(fontspec)             =2.22pt\relax \fontdimen 18\font =2.22pt\relax
(fontspec)             \fontdimen 19\font =1.11pt\relax \fontdimen 22\font
(fontspec)             =2.5pt\relax \fontdimen 20\font =0pt\relax \fontdimen
(fontspec)             21\font =0pt\relax }].
(fontspec)              
(fontspec)              This font family consists of the following NFSS
(fontspec)             series/shapes:
(fontspec)              
(fontspec)             - 'normal' (m/n) with NFSS spec.:
(fontspec)             <8.7->s*[1.000096608830401]"TeX Gyre Termes
(fontspec)             Math/OT:script=math;language=dflt;"<6.45-8.7>s*[1.000096
608830401]"TeX
(fontspec)             Gyre Termes
(fontspec)             Math/OT:script=math;language=dflt;+ssty=0;"<-6.45>s*[1.0
00096608830401]"TeX
(fontspec)             Gyre Termes Math/OT:script=math;language=dflt;+ssty=1;"
(fontspec)             - 'small caps'  (m/sc) with NFSS spec.: 
(fontspec)             and font adjustment code:
(fontspec)             \fontdimen 8\font =6.34pt\relax \fontdimen 9\font
(fontspec)             =4.3pt\relax \fontdimen 10\font =4.3pt\relax \fontdimen
(fontspec)             11\font =5.98pt\relax \fontdimen 12\font =2.66pt\relax
(fontspec)             \fontdimen 13\font =3.39pt\relax \fontdimen 14\font
(fontspec)             =3.39pt\relax \fontdimen 15\font =2.84pt\relax
(fontspec)             \fontdimen 16\font =2.22pt\relax \fontdimen 17\font
(fontspec)             =2.22pt\relax \fontdimen 18\font =2.22pt\relax
(fontspec)             \fontdimen 19\font =1.11pt\relax \fontdimen 22\font
(fontspec)             =2.5pt\relax \fontdimen 20\font =0pt\relax \fontdimen
(fontspec)             21\font =0pt\relax 

LaTeX Font Info:    Encoding `OMS' has changed to `TU' for symbol font
(Font)              `symbols' in the math version `normal' on input line 25.
LaTeX Font Info:    Overwriting symbol font `symbols' in version `normal'
(Font)                  OMS/lmsy/m/n --> TU/TeXGyreTermesMath(2)/m/n on input l
ine 25.
LaTeX Font Info:    Encoding `OMS' has changed to `TU' for symbol font
(Font)              `symbols' in the math version `bold' on input line 25.
LaTeX Font Info:    Overwriting symbol font `symbols' in version `bold'
(Font)                  OMS/lmsy/b/n --> TU/TeXGyreTermesMath(2)/b/n on input l
ine 25.

Package fontspec Info: TeX Gyre Termes Math scale = 0.999996609169484.


Package fontspec Info: TeX Gyre Termes Math scale = 0.9998966095085671.


Package fontspec Info: Could not resolve font "TeX Gyre Termes Math/B" (it
(fontspec)             probably doesn't exist).


Package fontspec Info: TeX Gyre Termes Math scale = 0.999996609169484.


Package fontspec Info: TeX Gyre Termes Math scale = 0.9998966095085671.


Package fontspec Info: TeX Gyre Termes Math scale = 0.999996609169484.


Package fontspec Info: TeX Gyre Termes Math scale = 0.9998966095085671.


Package fontspec Info: TeX Gyre Termes Math scale = 0.999996609169484.


Package fontspec Info: TeX Gyre Termes Math scale = 0.9998966095085671.


Package fontspec Info: Font family 'TeXGyreTermesMath(3)' created for font
(fontspec)             'TeX Gyre Termes Math' with options
(fontspec)             [Scale=MatchLowercase,BoldItalicFont={},ItalicFont={},Sm
allCapsFont={},Script=Math,SizeFeatures={{Size=8.7-},{Size=6.45-8.7,Font=TeX
(fontspec)             Gyre Termes Math,Style=MathScript},{Size=-6.45,Font=TeX
(fontspec)             Gyre Termes
(fontspec)             Math,Style=MathScriptScript}},ScaleAgain=0.9999,FontAdju
stment={\fontdimen
(fontspec)             8\font =0.52pt\relax \fontdimen 9\font =1.0pt\relax
(fontspec)             \fontdimen 10\font =1.0pt\relax \fontdimen 11\font
(fontspec)             =1.0pt\relax \fontdimen 12\font =4.33pt\relax
(fontspec)             \fontdimen 13\font =0pt\relax }].
(fontspec)              
(fontspec)              This font family consists of the following NFSS
(fontspec)             series/shapes:
(fontspec)              
(fontspec)             - 'normal' (m/n) with NFSS spec.:
(fontspec)             <8.7->s*[0.9998966095085671]"TeX Gyre Termes
(fontspec)             Math/OT:script=math;language=dflt;"<6.45-8.7>s*[0.999896
6095085671]"TeX
(fontspec)             Gyre Termes
(fontspec)             Math/OT:script=math;language=dflt;+ssty=0;"<-6.45>s*[0.9
998966095085671]"TeX
(fontspec)             Gyre Termes Math/OT:script=math;language=dflt;+ssty=1;"
(fontspec)             - 'small caps'  (m/sc) with NFSS spec.: 
(fontspec)             and font adjustment code:
(fontspec)             \fontdimen 8\font =0.52pt\relax \fontdimen 9\font
(fontspec)             =1.0pt\relax \fontdimen 10\font =1.0pt\relax \fontdimen
(fontspec)             11\font =1.0pt\relax \fontdimen 12\font =4.33pt\relax
(fontspec)             \fontdimen 13\font =0pt\relax 

LaTeX Font Info:    Encoding `OMX' has changed to `TU' for symbol font
(Font)              `largesymbols' in the math version `normal' on input line 2
5.
LaTeX Font Info:    Overwriting symbol font `largesymbols' in version `normal'
(Font)                  OMX/lmex/m/n --> TU/TeXGyreTermesMath(3)/m/n on input l
ine 25.
LaTeX Font Info:    Encoding `OMX' has changed to `TU' for symbol font
(Font)              `largesymbols' in the math version `bold' on input line 25.

LaTeX Font Info:    Overwriting symbol font `largesymbols' in version `bold'
(Font)                  OMX/lmex/m/n --> TU/TeXGyreTermesMath(3)/b/n on input l
ine 25.

(/usr/share/texlive/texmf-dist/tex/latex/upquote/upquote.sty
Package: upquote 2012/04/19 v1.3 upright-quote and grave-accent glyphs in verba
tim

(/usr/share/texlive/texmf-dist/tex/latex/base/textcomp.sty
Package: textcomp 2020/02/02 v2.0n Standard LaTeX package
))
(/usr/share/texlive/texmf-dist/tex/latex/microtype/microtype.sty
Package: microtype 2022/06/23 v3.0f Micro-typographical refinements (RS)

(/usr/share/texlive/texmf-dist/tex/latex/etoolbox/etoolbox.sty
Package: etoolbox 2020/10/05 v2.5k e-TeX tools for LaTeX (JAW)
\etb@tempcnta=\count288
)
\MT@toks=\toks23
\MT@tempbox=\box54
\MT@count=\count289
LaTeX Info: Redefining \noprotrusionifhmode on input line 1045.
LaTeX Info: Redefining \leftprotrusion on input line 1046.
LaTeX Info: Redefining \rightprotrusion on input line 1056.
LaTeX Info: Redefining \textls on input line 1234.
\MT@outer@kern=\dimen161
LaTeX Info: Redefining \textmicrotypecontext on input line 1858.
\MT@listname@count=\count290

(/usr/share/texlive/texmf-dist/tex/latex/microtype/microtype-xetex.def
File: microtype-xetex.def 2022/06/23 v3.0f Definitions specific to xetex (RS)
LaTeX Info: Redefining \lsstyle on input line 236.
)
Package microtype Info: Loading configuration file microtype.cfg.

(/usr/share/texlive/texmf-dist/tex/latex/microtype/microtype.cfg
File: microtype.cfg 2022/06/23 v3.0f microtype main configuration file (RS)
))
(/usr/share/texlive/texmf-dist/tex/latex/parskip/parskip.sty
Package: parskip 2021-03-14 v2.0h non-zero parskip adjustments

(/usr/share/texlive/texmf-dist/tex/latex/kvoptions/kvoptions.sty
Package: kvoptions 2022-06-15 v3.15 Key value format for package options (HO)

(/usr/share/texlive/texmf-dist/tex/generic/ltxcmds/ltxcmds.sty
Package: ltxcmds 2020-05-10 v1.25 LaTeX kernel commands for general use (HO)
)
(/usr/share/texlive/texmf-dist/tex/latex/kvsetkeys/kvsetkeys.sty
Package: kvsetkeys 2022-10-05 v1.19 Key value parser (HO)
)))
(/usr/share/texlive/texmf-dist/tex/latex/tools/longtable.sty
Package: longtable 2021-09-01 v4.17 Multi-page Table package (DPC)
\LTleft=\skip53
\LTright=\skip54
\LTpre=\skip55
\LTpost=\skip56
\LTchunksize=\count291
\LTcapwidth=\dimen162
\LT@head=\box55
\LT@firsthead=\box56
\LT@foot=\box57
\LT@lastfoot=\box58
\LT@gbox=\box59
\LT@cols=\count292
\LT@rows=\count293
\c@LT@tables=\count294
\c@LT@chunks=\count295
\LT@p@ftn=\toks24
)
(/usr/share/texlive/texmf-dist/tex/latex/booktabs/booktabs.sty
Package: booktabs 2020/01/12 v1.61803398 Publication quality tables
\heavyrulewidth=\dimen163
\lightrulewidth=\dimen164
\cmidrulewidth=\dimen165
\belowrulesep=\dimen166
\belowbottomsep=\dimen167
\aboverulesep=\dimen168
\abovetopsep=\dimen169
\cmidrulesep=\dimen170
\cmidrulekern=\dimen171
\defaultaddspace=\dimen172
\@cmidla=\count296
\@cmidlb=\count297
\@aboverulesep=\dimen173
\@belowrulesep=\dimen174
\@thisruleclass=\count298
\@lastruleclass=\count299
\@thisrulewidth=\dimen175
)
(/usr/share/texlive/texmf-dist/tex/latex/tools/array.sty
Package: array 2022/09/04 v2.5g Tabular extension package (FMi)
\col@sep=\dimen176
\ar@mcellbox=\box60
\extrarowheight=\dimen177
\NC@list=\toks25
\extratabsurround=\skip57
\backup@length=\skip58
\ar@cellbox=\box61
)
\c@none=\count300

(/usr/share/texlive/texmf-dist/tex/latex/tools/calc.sty
Package: calc 2017/05/25 v4.3 Infix arithmetic (KKT,FJ)
\calc@Acount=\count301
\calc@Bcount=\count302
\calc@Adimen=\dimen178
\calc@Bdimen=\dimen179
\calc@Askip=\skip59
\calc@Bskip=\skip60
LaTeX Info: Redefining \setlength on input line 80.
LaTeX Info: Redefining \addtolength on input line 81.
\calc@Ccount=\count303
\calc@Cskip=\skip61
)
(/usr/share/texlive/texmf-dist/tex/latex/footnotehyper/footnotehyper.sty
Package: footnotehyper 2021/08/13 v1.1e hyperref aware footnote.sty (JFB)
\FNH@notes=\box62
\FNH@width=\dimen180
\FNH@toks=\toks26
)
(/usr/share/texlive/texmf-dist/tex/latex/graphics/graphicx.sty
Package: graphicx 2021/09/16 v1.2d Enhanced LaTeX Graphics (DPC,SPQR)

(/usr/share/texlive/texmf-dist/tex/latex/graphics/graphics.sty
Package: graphics 2022/03/10 v1.4e Standard LaTeX Graphics (DPC,SPQR)

(/usr/share/texlive/texmf-dist/tex/latex/graphics/trig.sty
Package: trig 2021/08/11 v1.11 sin cos tan (DPC)
)
(/usr/share/texlive/texmf-dist/tex/latex/graphics-cfg/graphics.cfg
File: graphics.cfg 2016/06/04 v1.11 sample graphics configuration
)
Package graphics Info: Driver file: xetex.def on input line 107.
)
\Gin@req@height=\dimen181
\Gin@req@width=\dimen182
)
\pandoc@box=\box63
\cslhangindent=\skip62
\csllabelwidth=\skip63

(/usr/share/texlive/texmf-dist/tex/latex/titlesec/titlesec.sty
Package: titlesec 2021/07/05 v2.14 Sectioning titles
\ttl@box=\box64
\beforetitleunit=\skip64
\aftertitleunit=\skip65
\ttl@plus=\dimen183
\ttl@minus=\dimen184
\ttl@toksa=\toks27
\titlewidth=\dimen185
\titlewidthlast=\dimen186
\titlewidthfirst=\dimen187
)
(/usr/share/texlive/texmf-dist/tex/latex/tools/tabularx.sty
Package: tabularx 2020/01/15 v2.11c `tabularx' package (DPC)
\TX@col@width=\dimen188
\TX@old@table=\dimen189
\TX@old@col=\dimen190
\TX@target=\dimen191
\TX@delta=\dimen192
\TX@cols=\count304
\TX@ftn=\toks28
)
(/usr/share/texlive/texmf-dist/tex/latex/mdframed/mdframed.sty
Package: mdframed 2013/07/01 1.9b: mdframed

(/usr/share/texlive/texmf-dist/tex/latex/zref/zref-abspage.sty
Package: zref-abspage 2022-04-07 v2.34 Module abspage for zref (HO)

(/usr/share/texlive/texmf-dist/tex/latex/zref/zref-base.sty
Package: zref-base 2022-04-07 v2.34 Module base for zref (HO)

(/usr/share/texlive/texmf-dist/tex/generic/infwarerr/infwarerr.sty
Package: infwarerr 2019/12/03 v1.5 Providing info/warning/error messages (HO)
)
(/usr/share/texlive/texmf-dist/tex/generic/kvdefinekeys/kvdefinekeys.sty
Package: kvdefinekeys 2019-12-19 v1.6 Define keys (HO)
)
(/usr/share/texlive/texmf-dist/tex/generic/pdftexcmds/pdftexcmds.sty
Package: pdftexcmds 2020-06-27 v0.33 Utility functions of pdfTeX for LuaTeX (HO
)
Package pdftexcmds Info: \pdf@primitive is available.
Package pdftexcmds Info: \pdf@ifprimitive is available.
Package pdftexcmds Info: \pdfdraftmode not found.
)
(/usr/share/texlive/texmf-dist/tex/generic/etexcmds/etexcmds.sty
Package: etexcmds 2019/12/15 v1.7 Avoid name clashes with e-TeX commands (HO)
)
(/usr/share/texlive/texmf-dist/tex/latex/auxhook/auxhook.sty
Package: auxhook 2019-12-17 v1.6 Hooks for auxiliary files (HO)
)
Package zref Info: New property list: main on input line 767.
Package zref Info: New property: default on input line 768.
Package zref Info: New property: page on input line 769.
)
(/usr/share/texlive/texmf-dist/tex/latex/base/atbegshi-ltx.sty
Package: atbegshi-ltx 2021/01/10 v1.0c Emulation of the original atbegshi
package with kernel methods
)
\c@abspage=\count305
Package zref Info: New property: abspage on input line 65.
)
(/usr/share/texlive/texmf-dist/tex/latex/needspace/needspace.sty
Package: needspace 2010/09/12 v1.3d reserve vertical space
)
\mdf@templength=\skip66
\c@mdf@globalstyle@cnt=\count306
\mdf@skipabove@length=\skip67
\mdf@skipbelow@length=\skip68
\mdf@leftmargin@length=\skip69
\mdf@rightmargin@length=\skip70
\mdf@innerleftmargin@length=\skip71
\mdf@innerrightmargin@length=\skip72
\mdf@innertopmargin@length=\skip73
\mdf@innerbottommargin@length=\skip74
\mdf@splittopskip@length=\skip75
\mdf@splitbottomskip@length=\skip76
\mdf@outermargin@length=\skip77
\mdf@innermargin@length=\skip78
\mdf@linewidth@length=\skip79
\mdf@innerlinewidth@length=\skip80
\mdf@middlelinewidth@length=\skip81
\mdf@outerlinewidth@length=\skip82
\mdf@roundcorner@length=\skip83
\mdf@footenotedistance@length=\skip84
\mdf@userdefinedwidth@length=\skip85
\mdf@needspace@length=\skip86
\mdf@frametitleaboveskip@length=\skip87
\mdf@frametitlebelowskip@length=\skip88
\mdf@frametitlerulewidth@length=\skip89
\mdf@frametitleleftmargin@length=\skip90
\mdf@frametitlerightmargin@length=\skip91
\mdf@shadowsize@length=\skip92
\mdf@extratopheight@length=\skip93
\mdf@subtitleabovelinewidth@length=\skip94
\mdf@subtitlebelowlinewidth@length=\skip95
\mdf@subtitleaboveskip@length=\skip96
\mdf@subtitlebelowskip@length=\skip97
\mdf@subtitleinneraboveskip@length=\skip98
\mdf@subtitleinnerbelowskip@length=\skip99
\mdf@subsubtitleabovelinewidth@length=\skip100
\mdf@subsubtitlebelowlinewidth@length=\skip101
\mdf@subsubtitleaboveskip@length=\skip102
\mdf@subsubtitlebelowskip@length=\skip103
\mdf@subsubtitleinneraboveskip@length=\skip104
\mdf@subsubtitleinnerbelowskip@length=\skip105

(/usr/share/texlive/texmf-dist/tex/latex/pgf/frontendlayer/tikz.sty
(/usr/share/texlive/texmf-dist/tex/latex/pgf/basiclayer/pgf.sty
(/usr/share/texlive/texmf-dist/tex/latex/pgf/utilities/pgfrcs.sty
(/usr/share/texlive/texmf-dist/tex/generic/pgf/utilities/pgfutil-common.tex
\pgfutil@everybye=\toks29
\pgfutil@tempdima=\dimen193
\pgfutil@tempdimb=\dimen194
)
(/usr/share/texlive/texmf-dist/tex/generic/pgf/utilities/pgfutil-latex.def
\pgfutil@abb=\box65
)
(/usr/share/texlive/texmf-dist/tex/generic/pgf/utilities/pgfrcs.code.tex
(/usr/share/texlive/texmf-dist/tex/generic/pgf/pgf.revision.tex)
Package: pgfrcs 2023-01-15 v3.1.10 (3.1.10)
))
Package: pgf 2023-01-15 v3.1.10 (3.1.10)

(/usr/share/texlive/texmf-dist/tex/latex/pgf/basiclayer/pgfcore.sty
(/usr/share/texlive/texmf-dist/tex/latex/pgf/systemlayer/pgfsys.sty
(/usr/share/texlive/texmf-dist/tex/generic/pgf/systemlayer/pgfsys.code.tex
Package: pgfsys 2023-01-15 v3.1.10 (3.1.10)

(/usr/share/texlive/texmf-dist/tex/generic/pgf/utilities/pgfkeys.code.tex
\pgfkeys@pathtoks=\toks30
\pgfkeys@temptoks=\toks31

(/usr/share/texlive/texmf-dist/tex/generic/pgf/utilities/pgfkeyslibraryfiltered
.code.tex
\pgfkeys@tmptoks=\toks32
))
\pgf@x=\dimen195
\pgf@y=\dimen196
\pgf@xa=\dimen197
\pgf@ya=\dimen198
\pgf@xb=\dimen199
\pgf@yb=\dimen256
\pgf@xc=\dimen257
\pgf@yc=\dimen258
\pgf@xd=\dimen259
\pgf@yd=\dimen260
\w@pgf@writea=\write3
\r@pgf@reada=\read2
\c@pgf@counta=\count307
\c@pgf@countb=\count308
\c@pgf@countc=\count309
\c@pgf@countd=\count310
\t@pgf@toka=\toks33
\t@pgf@tokb=\toks34
\t@pgf@tokc=\toks35
\pgf@sys@id@count=\count311
 (/usr/share/texlive/texmf-dist/tex/generic/pgf/systemlayer/pgf.cfg
File: pgf.cfg 2023-01-15 v3.1.10 (3.1.10)
)
Driver file for pgf: pgfsys-xetex.def
(/usr/share/texlive/texmf-dist/tex/generic/pgf/systemlayer/pgfsys-xetex.def
File: pgfsys-xetex.def 2023-01-15 v3.1.10 (3.1.10)

(/usr/share/texlive/texmf-dist/tex/generic/pgf/systemlayer/pgfsys-dvipdfmx.def
File: pgfsys-dvipdfmx.def 2023-01-15 v3.1.10 (3.1.10)

(/usr/share/texlive/texmf-dist/tex/generic/pgf/systemlayer/pgfsys-common-pdf.de
f
File: pgfsys-common-pdf.def 2023-01-15 v3.1.10 (3.1.10)
)
\pgfsys@objnum=\count312
)))
(/usr/share/texlive/texmf-dist/tex/generic/pgf/systemlayer/pgfsyssoftpath.code.
tex
File: pgfsyssoftpath.code.tex 2023-01-15 v3.1.10 (3.1.10)
\pgfsyssoftpath@smallbuffer@items=\count313
\pgfsyssoftpath@bigbuffer@items=\count314
)
(/usr/share/texlive/texmf-dist/tex/generic/pgf/systemlayer/pgfsysprotocol.code.
tex
File: pgfsysprotocol.code.tex 2023-01-15 v3.1.10 (3.1.10)
))
(/usr/share/texlive/texmf-dist/tex/generic/pgf/basiclayer/pgfcore.code.tex
Package: pgfcore 2023-01-15 v3.1.10 (3.1.10)

(/usr/share/texlive/texmf-dist/tex/generic/pgf/math/pgfmath.code.tex
(/usr/share/texlive/texmf-dist/tex/generic/pgf/math/pgfmathutil.code.tex)
(/usr/share/texlive/texmf-dist/tex/generic/pgf/math/pgfmathparser.code.tex
\pgfmath@dimen=\dimen261
\pgfmath@count=\count315
\pgfmath@box=\box66
\pgfmath@toks=\toks36
\pgfmath@stack@operand=\toks37
\pgfmath@stack@operation=\toks38
)
(/usr/share/texlive/texmf-dist/tex/generic/pgf/math/pgfmathfunctions.code.tex)
(/usr/share/texlive/texmf-dist/tex/generic/pgf/math/pgfmathfunctions.basic.code
.tex)
(/usr/share/texlive/texmf-dist/tex/generic/pgf/math/pgfmathfunctions.trigonomet
ric.code.tex)
(/usr/share/texlive/texmf-dist/tex/generic/pgf/math/pgfmathfunctions.random.cod
e.tex)
(/usr/share/texlive/texmf-dist/tex/generic/pgf/math/pgfmathfunctions.comparison
.code.tex)
(/usr/share/texlive/texmf-dist/tex/generic/pgf/math/pgfmathfunctions.base.code.
tex)
(/usr/share/texlive/texmf-dist/tex/generic/pgf/math/pgfmathfunctions.round.code
.tex)
(/usr/share/texlive/texmf-dist/tex/generic/pgf/math/pgfmathfunctions.misc.code.
tex)
(/usr/share/texlive/texmf-dist/tex/generic/pgf/math/pgfmathfunctions.integerari
thmetics.code.tex)
(/usr/share/texlive/texmf-dist/tex/generic/pgf/math/pgfmathcalc.code.tex)
(/usr/share/texlive/texmf-dist/tex/generic/pgf/math/pgfmathfloat.code.tex
\c@pgfmathroundto@lastzeros=\count316
))
(/usr/share/texlive/texmf-dist/tex/generic/pgf/math/pgfint.code.tex)
(/usr/share/texlive/texmf-dist/tex/generic/pgf/basiclayer/pgfcorepoints.code.te
x
File: pgfcorepoints.code.tex 2023-01-15 v3.1.10 (3.1.10)
\pgf@picminx=\dimen262
\pgf@picmaxx=\dimen263
\pgf@picminy=\dimen264
\pgf@picmaxy=\dimen265
\pgf@pathminx=\dimen266
\pgf@pathmaxx=\dimen267
\pgf@pathminy=\dimen268
\pgf@pathmaxy=\dimen269
\pgf@xx=\dimen270
\pgf@xy=\dimen271
\pgf@yx=\dimen272
\pgf@yy=\dimen273
\pgf@zx=\dimen274
\pgf@zy=\dimen275
)
(/usr/share/texlive/texmf-dist/tex/generic/pgf/basiclayer/pgfcorepathconstruct.
code.tex
File: pgfcorepathconstruct.code.tex 2023-01-15 v3.1.10 (3.1.10)
\pgf@path@lastx=\dimen276
\pgf@path@lasty=\dimen277
)
(/usr/share/texlive/texmf-dist/tex/generic/pgf/basiclayer/pgfcorepathusage.code
.tex
File: pgfcorepathusage.code.tex 2023-01-15 v3.1.10 (3.1.10)
\pgf@shorten@end@additional=\dimen278
\pgf@shorten@start@additional=\dimen279
)
(/usr/share/texlive/texmf-dist/tex/generic/pgf/basiclayer/pgfcorescopes.code.te
x
File: pgfcorescopes.code.tex 2023-01-15 v3.1.10 (3.1.10)
\pgfpic=\box67
\pgf@hbox=\box68
\pgf@layerbox@main=\box69
\pgf@picture@serial@count=\count317
)
(/usr/share/texlive/texmf-dist/tex/generic/pgf/basiclayer/pgfcoregraphicstate.c
ode.tex
File: pgfcoregraphicstate.code.tex 2023-01-15 v3.1.10 (3.1.10)
\pgflinewidth=\dimen280
)
(/usr/share/texlive/texmf-dist/tex/generic/pgf/basiclayer/pgfcoretransformation
s.code.tex
File: pgfcoretransformations.code.tex 2023-01-15 v3.1.10 (3.1.10)
\pgf@pt@x=\dimen281
\pgf@pt@y=\dimen282
\pgf@pt@temp=\dimen283
)
(/usr/share/texlive/texmf-dist/tex/generic/pgf/basiclayer/pgfcorequick.code.tex
File: pgfcorequick.code.tex 2023-01-15 v3.1.10 (3.1.10)
)
(/usr/share/texlive/texmf-dist/tex/generic/pgf/basiclayer/pgfcoreobjects.code.t
ex
File: pgfcoreobjects.code.tex 2023-01-15 v3.1.10 (3.1.10)
)
(/usr/share/texlive/texmf-dist/tex/generic/pgf/basiclayer/pgfcorepathprocessing
.code.tex
File: pgfcorepathprocessing.code.tex 2023-01-15 v3.1.10 (3.1.10)
)
(/usr/share/texlive/texmf-dist/tex/generic/pgf/basiclayer/pgfcorearrows.code.te
x
File: pgfcorearrows.code.tex 2023-01-15 v3.1.10 (3.1.10)
\pgfarrowsep=\dimen284
)
(/usr/share/texlive/texmf-dist/tex/generic/pgf/basiclayer/pgfcoreshade.code.tex
File: pgfcoreshade.code.tex 2023-01-15 v3.1.10 (3.1.10)
\pgf@max=\dimen285
\pgf@sys@shading@range@num=\count318
\pgf@shadingcount=\count319
)
(/usr/share/texlive/texmf-dist/tex/generic/pgf/basiclayer/pgfcoreimage.code.tex
File: pgfcoreimage.code.tex 2023-01-15 v3.1.10 (3.1.10)
)
(/usr/share/texlive/texmf-dist/tex/generic/pgf/basiclayer/pgfcoreexternal.code.
tex
File: pgfcoreexternal.code.tex 2023-01-15 v3.1.10 (3.1.10)
\pgfexternal@startupbox=\box70
)
(/usr/share/texlive/texmf-dist/tex/generic/pgf/basiclayer/pgfcorelayers.code.te
x
File: pgfcorelayers.code.tex 2023-01-15 v3.1.10 (3.1.10)
)
(/usr/share/texlive/texmf-dist/tex/generic/pgf/basiclayer/pgfcoretransparency.c
ode.tex
File: pgfcoretransparency.code.tex 2023-01-15 v3.1.10 (3.1.10)
)
(/usr/share/texlive/texmf-dist/tex/generic/pgf/basiclayer/pgfcorepatterns.code.
tex
File: pgfcorepatterns.code.tex 2023-01-15 v3.1.10 (3.1.10)
)
(/usr/share/texlive/texmf-dist/tex/generic/pgf/basiclayer/pgfcorerdf.code.tex
File: pgfcorerdf.code.tex 2023-01-15 v3.1.10 (3.1.10)
)))
(/usr/share/texlive/texmf-dist/tex/generic/pgf/modules/pgfmoduleshapes.code.tex
File: pgfmoduleshapes.code.tex 2023-01-15 v3.1.10 (3.1.10)
\pgfnodeparttextbox=\box71
) (/usr/share/texlive/texmf-dist/tex/generic/pgf/modules/pgfmoduleplot.code.tex
File: pgfmoduleplot.code.tex 2023-01-15 v3.1.10 (3.1.10)
)
(/usr/share/texlive/texmf-dist/tex/latex/pgf/compatibility/pgfcomp-version-0-65
.sty
Package: pgfcomp-version-0-65 2023-01-15 v3.1.10 (3.1.10)
\pgf@nodesepstart=\dimen286
\pgf@nodesepend=\dimen287
)
(/usr/share/texlive/texmf-dist/tex/latex/pgf/compatibility/pgfcomp-version-1-18
.sty
Package: pgfcomp-version-1-18 2023-01-15 v3.1.10 (3.1.10)
)) (/usr/share/texlive/texmf-dist/tex/latex/pgf/utilities/pgffor.sty
(/usr/share/texlive/texmf-dist/tex/latex/pgf/utilities/pgfkeys.sty
(/usr/share/texlive/texmf-dist/tex/generic/pgf/utilities/pgfkeys.code.tex))
(/usr/share/texlive/texmf-dist/tex/latex/pgf/math/pgfmath.sty
(/usr/share/texlive/texmf-dist/tex/generic/pgf/math/pgfmath.code.tex))
(/usr/share/texlive/texmf-dist/tex/generic/pgf/utilities/pgffor.code.tex
Package: pgffor 2023-01-15 v3.1.10 (3.1.10)
\pgffor@iter=\dimen288
\pgffor@skip=\dimen289
\pgffor@stack=\toks39
\pgffor@toks=\toks40
))
(/usr/share/texlive/texmf-dist/tex/generic/pgf/frontendlayer/tikz/tikz.code.tex
Package: tikz 2023-01-15 v3.1.10 (3.1.10)

(/usr/share/texlive/texmf-dist/tex/generic/pgf/libraries/pgflibraryplothandlers
.code.tex
File: pgflibraryplothandlers.code.tex 2023-01-15 v3.1.10 (3.1.10)
\pgf@plot@mark@count=\count320
\pgfplotmarksize=\dimen290
)
\tikz@lastx=\dimen291
\tikz@lasty=\dimen292
\tikz@lastxsaved=\dimen293
\tikz@lastysaved=\dimen294
\tikz@lastmovetox=\dimen295
\tikz@lastmovetoy=\dimen296
\tikzleveldistance=\dimen297
\tikzsiblingdistance=\dimen298
\tikz@figbox=\box72
\tikz@figbox@bg=\box73
\tikz@tempbox=\box74
\tikz@tempbox@bg=\box75
\tikztreelevel=\count321
\tikznumberofchildren=\count322
\tikznumberofcurrentchild=\count323
\tikz@fig@count=\count324

(/usr/share/texlive/texmf-dist/tex/generic/pgf/modules/pgfmodulematrix.code.tex
File: pgfmodulematrix.code.tex 2023-01-15 v3.1.10 (3.1.10)
\pgfmatrixcurrentrow=\count325
\pgfmatrixcurrentcolumn=\count326
\pgf@matrix@numberofcolumns=\count327
)
\tikz@expandcount=\count328

(/usr/share/texlive/texmf-dist/tex/generic/pgf/frontendlayer/tikz/libraries/tik
zlibrarytopaths.code.tex
File: tikzlibrarytopaths.code.tex 2023-01-15 v3.1.10 (3.1.10)
)))
(/usr/share/texlive/texmf-dist/tex/latex/mdframed/md-frame-1.mdf
File: md-frame-1.mdf 2013/07/01\ 1.9b: md-frame-1
)
\mdf@frametitlebox=\box76
\mdf@footnotebox=\box77
\mdf@splitbox@one=\box78
\mdf@splitbox@two=\box79
\mdf@splitbox@save=\box80
\mdfsplitboxwidth=\skip106
\mdfsplitboxtotalwidth=\skip107
\mdfsplitboxheight=\skip108
\mdfsplitboxdepth=\skip109
\mdfsplitboxtotalheight=\skip110
\mdfframetitleboxwidth=\skip111
\mdfframetitleboxtotalwidth=\skip112
\mdfframetitleboxheight=\skip113
\mdfframetitleboxdepth=\skip114
\mdfframetitleboxtotalheight=\skip115
\mdffootnoteboxwidth=\skip116
\mdffootnoteboxtotalwidth=\skip117
\mdffootnoteboxheight=\skip118
\mdffootnoteboxdepth=\skip119
\mdffootnoteboxtotalheight=\skip120
\mdftotallinewidth=\skip121
\mdfboundingboxwidth=\skip122
\mdfboundingboxtotalwidth=\skip123
\mdfboundingboxheight=\skip124
\mdfboundingboxdepth=\skip125
\mdfboundingboxtotalheight=\skip126
\mdf@freevspace@length=\skip127
\mdf@horizontalwidthofbox@length=\skip128
\mdf@verticalmarginwhole@length=\skip129
\mdf@horizontalspaceofbox=\skip130
\mdfsubtitleheight=\skip131
\mdfsubsubtitleheight=\skip132
\c@mdfcountframes=\count329

****** mdframed patching \endmdf@trivlist

****** -- success******

\mdf@envdepth=\count330
\c@mdf@env@i=\count331
\c@mdf@env@ii=\count332
\c@mdf@zref@counter=\count333
Package zref Info: New property: mdf@pagevalue on input line 895.
)
\c@kcorappendix=\count334

(/usr/share/texlive/texmf-dist/tex/latex/ragged2e/ragged2e.sty
Package: ragged2e 2022/11/13 v3.2 ragged2e Package
\CenteringLeftskip=\skip133
\RaggedLeftLeftskip=\skip134
\RaggedRightLeftskip=\skip135
\CenteringRightskip=\skip136
\RaggedLeftRightskip=\skip137
\RaggedRightRightskip=\skip138
\CenteringParfillskip=\skip139
\RaggedLeftParfillskip=\skip140
\RaggedRightParfillskip=\skip141
\JustifyingParfillskip=\skip142
\CenteringParindent=\skip143
\RaggedLeftParindent=\skip144
\RaggedRightParindent=\skip145
\JustifyingParindent=\skip146
)
(/usr/share/texlive/texmf-dist/tex/latex/bookmark/bookmark.sty
Package: bookmark 2020-11-06 v1.29 PDF bookmarks (HO)

(/usr/share/texlive/texmf-dist/tex/latex/hyperref/hyperref.sty
Package: hyperref 2022-11-13 v7.00u Hypertext links for LaTeX

(/usr/share/texlive/texmf-dist/tex/generic/pdfescape/pdfescape.sty
Package: pdfescape 2019/12/09 v1.15 Implements pdfTeX's escape features (HO)
)
(/usr/share/texlive/texmf-dist/tex/latex/hycolor/hycolor.sty
Package: hycolor 2020-01-27 v1.10 Color options for hyperref/bookmark (HO)
)
(/usr/share/texlive/texmf-dist/tex/latex/letltxmacro/letltxmacro.sty
Package: letltxmacro 2019/12/03 v1.6 Let assignment for LaTeX macros (HO)
)
(/usr/share/texlive/texmf-dist/tex/latex/hyperref/nameref.sty
Package: nameref 2022-05-17 v2.50 Cross-referencing by name of section

(/usr/share/texlive/texmf-dist/tex/latex/refcount/refcount.sty
Package: refcount 2019/12/15 v3.6 Data extraction from label references (HO)
)
(/usr/share/texlive/texmf-dist/tex/generic/gettitlestring/gettitlestring.sty
Package: gettitlestring 2019/12/15 v1.6 Cleanup title references (HO)
)
\c@section@level=\count335
)
\@linkdim=\dimen299
\Hy@linkcounter=\count336
\Hy@pagecounter=\count337

(/usr/share/texlive/texmf-dist/tex/latex/hyperref/pd1enc.def
File: pd1enc.def 2022-11-13 v7.00u Hyperref: PDFDocEncoding definition (HO)
)
(/usr/share/texlive/texmf-dist/tex/generic/intcalc/intcalc.sty
Package: intcalc 2019/12/15 v1.3 Expandable calculations with integers (HO)
)
\Hy@SavedSpaceFactor=\count338

(/usr/share/texlive/texmf-dist/tex/latex/hyperref/puenc.def
File: puenc.def 2022-11-13 v7.00u Hyperref: PDF Unicode definition (HO)
)
Package hyperref Info: Option `unicode' set `true' on input line 4045.
Package hyperref Info: Hyper figures OFF on input line 4162.
Package hyperref Info: Link nesting OFF on input line 4167.
Package hyperref Info: Hyper index ON on input line 4170.
Package hyperref Info: Plain pages OFF on input line 4177.
Package hyperref Info: Backreferencing OFF on input line 4182.
Package hyperref Info: Implicit mode ON; LaTeX internals redefined.
Package hyperref Info: Bookmarks ON on input line 4410.
\c@Hy@tempcnt=\count339

(/usr/share/texlive/texmf-dist/tex/latex/url/url.sty
\Urlmuskip=\muskip18
Package: url 2013/09/16  ver 3.4  Verb mode for urls, etc.
)
LaTeX Info: Redefining \url on input line 4748.
\XeTeXLinkMargin=\dimen300

(/usr/share/texlive/texmf-dist/tex/generic/bitset/bitset.sty
Package: bitset 2019/12/09 v1.3 Handle bit-vector datatype (HO)

(/usr/share/texlive/texmf-dist/tex/generic/bigintcalc/bigintcalc.sty
Package: bigintcalc 2019/12/15 v1.5 Expandable calculations on big integers (HO
)
))
\Fld@menulength=\count340
\Field@Width=\dimen301
\Fld@charsize=\dimen302
Package hyperref Info: Hyper figures OFF on input line 6027.
Package hyperref Info: Link nesting OFF on input line 6032.
Package hyperref Info: Hyper index ON on input line 6035.
Package hyperref Info: backreferencing OFF on input line 6042.
Package hyperref Info: Link coloring OFF on input line 6047.
Package hyperref Info: Link coloring with OCG OFF on input line 6052.
Package hyperref Info: PDF/A mode OFF on input line 6057.
\Hy@abspage=\count341
\c@Item=\count342
\c@Hfootnote=\count343
)
Package hyperref Info: Driver (autodetected): hxetex.

(/usr/share/texlive/texmf-dist/tex/latex/hyperref/hxetex.def
File: hxetex.def 2022-11-13 v7.00u Hyperref driver for XeTeX

(/usr/share/texlive/texmf-dist/tex/generic/stringenc/stringenc.sty
Package: stringenc 2019/11/29 v1.12 Convert strings between diff. encodings (HO
)
)
\pdfm@box=\box81
\c@Hy@AnnotLevel=\count344
\HyField@AnnotCount=\count345
\Fld@listcount=\count346
\c@bookmark@seq@number=\count347

(/usr/share/texlive/texmf-dist/tex/latex/rerunfilecheck/rerunfilecheck.sty
Package: rerunfilecheck 2022-07-10 v1.10 Rerun checks for auxiliary files (HO)

(/usr/share/texlive/texmf-dist/tex/latex/base/atveryend-ltx.sty
Package: atveryend-ltx 2020/08/19 v1.0a Emulation of the original atveryend pac
kage
with kernel methods
)
(/usr/share/texlive/texmf-dist/tex/generic/uniquecounter/uniquecounter.sty
Package: uniquecounter 2019/12/15 v1.4 Provide unlimited unique counter (HO)
)
Package uniquecounter Info: New unique counter `rerunfilecheck' on input line 2
85.
)
\Hy@SectionHShift=\skip147
)
(/usr/share/texlive/texmf-dist/tex/latex/bookmark/bkm-dvipdfm.def
File: bkm-dvipdfm.def 2020-11-06 v1.29 bookmark driver for dvipdfm (HO)
\BKM@id=\count348
))
(/usr/share/texlive/texmf-dist/tex/latex/xurl/xurl.sty
Package: xurl 2022/01/09 v 0.10 modify URL breaks
) (./paper.aux)
\openout1 = `paper.aux'.

LaTeX Font Info:    Checking defaults for OML/cmm/m/it on input line 201.
LaTeX Font Info:    ... okay on input line 201.
LaTeX Font Info:    Checking defaults for OMS/cmsy/m/n on input line 201.
LaTeX Font Info:    ... okay on input line 201.
LaTeX Font Info:    Checking defaults for OT1/cmr/m/n on input line 201.
LaTeX Font Info:    ... okay on input line 201.
LaTeX Font Info:    Checking defaults for T1/cmr/m/n on input line 201.
LaTeX Font Info:    ... okay on input line 201.
LaTeX Font Info:    Checking defaults for TS1/cmr/m/n on input line 201.
LaTeX Font Info:    ... okay on input line 201.
LaTeX Font Info:    Checking defaults for TU/lmr/m/n on input line 201.
LaTeX Font Info:    ... okay on input line 201.
LaTeX Font Info:    Checking defaults for OMX/cmex/m/n on input line 201.
LaTeX Font Info:    ... okay on input line 201.
LaTeX Font Info:    Checking defaults for U/cmr/m/n on input line 201.
LaTeX Font Info:    ... okay on input line 201.
LaTeX Font Info:    Checking defaults for PD1/pdf/m/n on input line 201.
LaTeX Font Info:    ... okay on input line 201.
LaTeX Font Info:    Checking defaults for PU/pdf/m/n on input line 201.
LaTeX Font Info:    ... okay on input line 201.

*geometry* driver: auto-detecting
*geometry* detected driver: xetex
*geometry* verbose mode - [ preamble ] result:
* driver: xetex
* paper: <default>
* layout: <same size as paper>
* layoutoffset:(h,v)=(0.0pt,0.0pt)
* modes: 
* h-part:(L,W,R)=(72.26999pt, 469.75502pt, 72.26999pt)
* v-part:(T,H,B)=(72.26999pt, 650.43001pt, 72.26999pt)
* \paperwidth=614.295pt
* \paperheight=794.96999pt
* \textwidth=469.75502pt
* \textheight=650.43001pt
* \oddsidemargin=0.0pt
* \evensidemargin=0.0pt
* \topmargin=-37.0pt
* \headheight=12.0pt
* \headsep=25.0pt
* \topskip=10.0pt
* \footskip=30.0pt
* \marginparwidth=65.0pt
* \marginparsep=11.0pt
* \columnsep=10.0pt
* \skip\footins=9.0pt plus 4.0pt minus 2.0pt
* \hoffset=0.0pt
* \voffset=0.0pt
* \mag=1000
* \@twocolumnfalse
* \@twosidefalse
* \@mparswitchfalse
* \@reversemarginfalse
* (1in=72.27pt=25.4mm, 1cm=28.453pt)

LaTeX Font Info:    Overwriting math alphabet `\mathsf' in version `normal'
(Font)                  OT1/lmss/m/n --> TU/lmss/m/n on input line 201.
LaTeX Font Info:    Overwriting math alphabet `\mathsf' in version `bold'
(Font)                  OT1/lmss/bx/n --> TU/lmss/b/n on input line 201.
LaTeX Font Info:    Overwriting math alphabet `\mathtt' in version `normal'
(Font)                  OT1/lmtt/m/n --> TU/lmtt/m/n on input line 201.
LaTeX Font Info:    Overwriting math alphabet `\mathtt' in version `bold'
(Font)                  OT1/lmtt/m/n --> TU/lmtt/b/n on input line 201.
LaTeX Info: Redefining \microtypecontext on input line 201.
Package microtype Info: Applying patch `item' on input line 201.
Package microtype Info: Applying patch `toc' on input line 201.
Package microtype Info: Applying patch `eqnum' on input line 201.
Package microtype Info: Applying patch `footnote' on input line 201.
Package microtype Info: Character protrusion enabled (level 2).
Package microtype Info: Using protrusion set `basicmath'.
Package microtype Info: No adjustment of tracking.
Package microtype Info: No adjustment of spacing.
Package microtype Info: No adjustment of kerning.
Package microtype Info: Loading generic protrusion settings for font family
(microtype)             `TeXGyreTermes' (encoding: TU).
(microtype)             For optimal results, create family-specific settings.
(microtype)             See the microtype manual for details.
Package hyperref Info: Link coloring OFF on input line 201.
LaTeX Font Info:    Font shape `TU/TeXGyreTermes(0)/m/n' will be
(Font)              scaled to size 14.4pt on input line 205.
LaTeX Font Info:    Font shape `TU/TeXGyreTermes(0)/b/n' will be
(Font)              scaled to size 14.4pt on input line 205.

Underfull \hbox (badness 10000) in paragraph at lines 205--205
|\TU/TeXGyreTermes(0)/b/n/14.4 KCOR: A depletion-neutralized framework for retr
ospective cohort
 []

LaTeX Font Info:    Font shape `TU/TeXGyreTermes(0)/m/n' will be
(Font)              scaled to size 12.0pt on input line 207.
LaTeX Font Info:    Font shape `TU/TeXGyreTermes(0)/b/n' will be
(Font)              scaled to size 12.0pt on input line 207.
LaTeX Font Info:    Font shape `TU/TeXGyreTermes(0)/b/n' will be
(Font)              scaled to size 10.0pt on input line 212.

Underfull \hbox (badness 2401) in paragraph at lines 260--265
\TU/TeXGyreTermes(0)/m/n/10 Randomized controlled trials (RCTs) are the gold st
andard for causal inference, but are often infeasible, 
 []

[1

]
LaTeX Font Info:    Font shape `TU/TeXGyreTermesMath(1)/m/n' will be
(Font)              scaled to size 7.4pt on input line 340.
LaTeX Font Info:    Font shape `TU/TeXGyreTermesMath(1)/m/n' will be
(Font)              scaled to size 5.5pt on input line 340.
LaTeX Font Info:    Trying to load font information for OML+lmm on input line 3
40.
 (/usr/share/texmf/tex/latex/lm/omllmm.fd
File: omllmm.fd 2015/05/01 v1.6.1 Font defs for Latin Modern
)
LaTeX Font Info:    Font shape `TU/TeXGyreTermesMath(2)/m/n' will be
(Font)              scaled to size 10.00092pt on input line 340.
LaTeX Font Info:    Font shape `TU/TeXGyreTermesMath(2)/m/n' will be
(Font)              scaled to size 7.40067pt on input line 340.
LaTeX Font Info:    Font shape `TU/TeXGyreTermesMath(2)/m/n' will be
(Font)              scaled to size 5.5005pt on input line 340.
LaTeX Font Info:    Font shape `TU/TeXGyreTermesMath(3)/m/n' will be
(Font)              scaled to size 9.99893pt on input line 340.
LaTeX Font Info:    Font shape `TU/TeXGyreTermesMath(3)/m/n' will be
(Font)              scaled to size 7.3992pt on input line 340.
LaTeX Font Info:    Font shape `TU/TeXGyreTermesMath(3)/m/n' will be
(Font)              scaled to size 5.4994pt on input line 340.
LaTeX Font Info:    Trying to load font information for U+msa on input line 340
.

(/usr/share/texlive/texmf-dist/tex/latex/amsfonts/umsa.fd
File: umsa.fd 2013/01/14 v3.01 AMS symbols A
)
(/usr/share/texlive/texmf-dist/tex/latex/microtype/mt-msa.cfg
File: mt-msa.cfg 2006/02/04 v1.1 microtype config. file: AMS symbols (a) (RS)
)
LaTeX Font Info:    Trying to load font information for U+msb on input line 340
.

(/usr/share/texlive/texmf-dist/tex/latex/amsfonts/umsb.fd
File: umsb.fd 2013/01/14 v3.01 AMS symbols B
)
(/usr/share/texlive/texmf-dist/tex/latex/microtype/mt-msb.cfg
File: mt-msb.cfg 2005/06/01 v1.0 microtype config. file: AMS symbols (b) (RS)
)
LaTeX Font Info:    Font shape `TU/TeXGyreTermes(0)/m/it' will be
(Font)              scaled to size 10.0pt on input line 366.

Underfull \hbox (badness 10000) in paragraph at lines 364--372
[]\TU/TeXGyreTermes(0)/b/n/10 Traditional matching and regression approaches: \
TU/TeXGyreTermes(0)/m/n/10 attempt to construct comparable cohorts by matching
 []


Underfull \hbox (badness 10000) in paragraph at lines 364--372
\TU/TeXGyreTermes(0)/m/n/10 or adjusting \TU/TeXGyreTermes(0)/m/it/10 character
istics of living individuals \TU/TeXGyreTermes(0)/m/n/10 at baseline or over fo
llow-up, and then estimating effects
 []


Underfull \hbox (badness 10000) in paragraph at lines 364--372
\TU/TeXGyreTermes(0)/m/n/10 via a fitted hazard model (e.g., Cox proportional h
azards). This implicitly assumes that sufficiently rich
 []


Underfull \hbox (badness 10000) in paragraph at lines 372--378
[]\TU/TeXGyreTermes(0)/b/n/10 Problem under latent frailty: \TU/TeXGyreTermes(0
)/m/n/10 even meticulous 1:1 matching on observed covariates can fail to equali
ze
 []


Underfull \hbox (badness 10000) in paragraph at lines 372--378
\TU/TeXGyreTermes(0)/m/n/10 mortality risk trajectories. In such settings, coho
rt differences arise not from mismeasured covariates, but
 []


Underfull \hbox (badness 10000) in paragraph at lines 378--385
[]\TU/TeXGyreTermes(0)/b/n/10 KCOR strategy: \TU/TeXGyreTermes(0)/m/n/10 rather
 than equating cohorts based on characteristics of the living, KCOR equates coh
orts
 []


Underfull \hbox (badness 10000) in paragraph at lines 378--385
\TU/TeXGyreTermes(0)/m/n/10 based on how they die in aggregate. It estimates co
hort-specific depletion geometry from observed
 []


Underfull \hbox (badness 10000) in paragraph at lines 378--385
\TU/TeXGyreTermes(0)/m/n/10 cumulative mortality during epidemiologically quiet
 periods, removes that geometry via analytic inversion,
 []


Underfull \hbox (badness 10000) in paragraph at lines 385--392
[]\TU/TeXGyreTermes(0)/b/n/10 Inferential distinction: \TU/TeXGyreTermes(0)/m/n
/10 Cox-type methods are \TU/TeXGyreTermes(0)/b/n/10 model-based and individual
-level\TU/TeXGyreTermes(0)/m/n/10 , conditioning on
 []


Underfull \hbox (badness 10000) in paragraph at lines 385--392
\TU/TeXGyreTermes(0)/m/n/10 survival and fitting covariate effects, whereas KCO
R is \TU/TeXGyreTermes(0)/b/n/10 measurement-based and cohort-level\TU/TeXGyreT
ermes(0)/m/n/10 , operating
 []


Underfull \hbox (badness 10000) in paragraph at lines 385--392
\TU/TeXGyreTermes(0)/m/n/10 directly on aggregated mortality trajectories witho
ut fitting covariate models. The inferential target is
 []

[2]
LaTeX Font Info:    Font shape `TU/TeXGyreTermes(0)/m/n' will be
(Font)              scaled to size 7.4pt on input line 401.

Underfull \hbox (badness 1184) in paragraph at lines 456--460
[]\TU/TeXGyreTermes(0)/m/n/10 Together, these contributions position KCOR not a
s a replacement for existing survival estimands, but as a 
 []


Underfull \hbox (badness 10000) in paragraph at lines 470--472
[]\TU/TeXGyreTermes(0)/b/n/10 Primary estimand (KCOR)\TU/TeXGyreTermes(0)/m/n/1
0 : For two fixed enrollment cohorts $[]$ and $[]$, it is a \TU/TeXGyreTermes(0
)/b/n/10 neutralized marginal
 []

LaTeX Font Info:    Font shape `TU/TeXGyreTermes(1)/m/n' will be
(Font)              scaled to size 10.0pt on input line 473.
LaTeX Font Info:    Font shape `TU/TeXGyreTermes(1)/m/n' will be
(Font)              scaled to size 7.4pt on input line 473.
LaTeX Font Info:    Font shape `TU/TeXGyreTermes(1)/m/n' will be
(Font)              scaled to size 5.5pt on input line 473.

Underfull \hbox (badness 10000) in paragraph at lines 474--479
\TU/TeXGyreTermes(0)/m/n/10 where $[][][][]$ is cohort $[]$s \TU/TeXGyreTermes
(0)/b/n/10 depletion-neutralized baseline cumulative hazard \TU/TeXGyreTermes(0
)/m/n/10 obtained by fitting
 []


Underfull \hbox (badness 10000) in paragraph at lines 479--485
[]\TU/TeXGyreTermes(0)/b/n/10 Operational summary\TU/TeXGyreTermes(0)/m/n/10 : 
KCOR proceeds by (i) estimating selection-induced depletion geometry during an
 []


Underfull \hbox (badness 10000) in paragraph at lines 479--485
\TU/TeXGyreTermes(0)/m/n/10 epidemiologically quiet period, (ii) inverting that
 geometry to obtain depletion-neutralized cumulative
 []


Underfull \hbox (badness 10000) in paragraph at lines 485--491
[]\TU/TeXGyreTermes(0)/b/n/10 Interpretation\TU/TeXGyreTermes(0)/m/n/10 : KCOR 
is a time-indexed \TU/TeXGyreTermes(0)/b/n/10 cumulative \TU/TeXGyreTermes(0)/m
/n/10 contrast on the depletion-neutralized scale. Values
 []


Underfull \hbox (badness 10000) in paragraph at lines 485--491
\TU/TeXGyreTermes(0)/m/n/10 above/below 1 indicate greater/less cumulative even
t accumulation in cohort $[]$ than $[]$ by time $[]$ after
 []


Underfull \hbox (badness 10000) in paragraph at lines 491--495
[]\TU/TeXGyreTermes(0)/b/n/10 What it is not\TU/TeXGyreTermes(0)/m/n/10 : KCOR 
is \TU/TeXGyreTermes(0)/b/n/10 not \TU/TeXGyreTermes(0)/m/n/10 a causal effect 
estimator (no ATE/ATT) and does not recover counterfactual
 []


Underfull \hbox (badness 10000) in paragraph at lines 495--502
[]\TU/TeXGyreTermes(0)/b/n/10 When interpretable\TU/TeXGyreTermes(0)/m/n/10 : I
nterpretation is conditional on explicit assumptions (fixed cohorts; shared ext
ernal
 []


Underfull \hbox (badness 10000) in paragraph at lines 495--502
\TU/TeXGyreTermes(0)/m/n/10 hazard environment; adequacy of the working frailty
 model; existence of an epidemiologically quiet
 []


Underfull \hbox (badness 10000) in paragraph at lines 495--502
\TU/TeXGyreTermes(0)/m/n/10 window) \TU/TeXGyreTermes(0)/b/n/10 and \TU/TeXGyre
Termes(0)/m/n/10 on internal diagnostics (quiet-window fit quality; post-normal
ization linearity within the quiet
 []


Underfull \hbox (badness 10000) in paragraph at lines 502--505
[]\TU/TeXGyreTermes(0)/b/n/10 If diagnostics indicate non-identifiability\TU/Te
XGyreTermes(0)/m/n/10 : the analysis is treated as not identified and KCOR is n
ot
 []

Package mdframed Info: Box was splittet wrong
 starting loop to iterate the splitting point
(mdframed)              on input line 506.
[3] [4] [5]
Underfull \hbox (badness 1062) in paragraph at lines 721--728
[]\TU/TeXGyreTermes(0)/m/n/10 Censoring or reclassification due to cohort trans
itions (e.g., moving between exposure groups over time) is 
 []

[6] [7]
LaTeX Font Info:    Font shape `TU/TeXGyreTermes(0)/m/n' will be
(Font)              scaled to size 5.5pt on input line 937.
 [8] [9]
Underfull \hbox (badness 1005) in paragraph at lines 1066--1073
\TU/TeXGyreTermes(0)/m/n/10 depletion-neutralized cumulative hazard should be a
pproximately linear in event time after inversion. 
 []

[10] [11]
File: figures/fig_kcor_workflow.png Graphic file (type bmp)
<figures/fig_kcor_workflow.png>

Underfull \hbox (badness 10000) in paragraph at lines 1273--1273
[]\TU/TeXGyreTermes(0)/m/n/10 Figure 1: []\TU/TeXGyreTermes(0)/b/n/10 KCOR as a
 two-stage framework. (A) \TU/TeXGyreTermes(0)/m/n/10 Fixed-cohort cumulative h
azards exhibit curvature due to
 []


Underfull \hbox (badness 10000) in paragraph at lines 1273--1273
\TU/TeXGyreTermes(0)/m/n/10 selection-induced depletion; late-time curvature is
 used to estimate frailty parameters for normalization. \TU/TeXGyreTermes(0)/b/
n/10 (B)
 []


Underfull \hbox (badness 10000) in paragraph at lines 1273--1273
\TU/TeXGyreTermes(0)/m/n/10 Gamma-frailty normalization yields approximately li
nearized cumulative hazards that are directly comparable across
 []


Underfull \hbox (badness 10000) in paragraph at lines 1273--1273
\TU/TeXGyreTermes(0)/m/n/10 cohorts; $[][][][]$, defined as the ratio of deplet
ion-neutralized baseline cumulative hazards, is expected to be
 []


Underfull \hbox (badness 10000) in paragraph at lines 1273--1273
\TU/TeXGyreTermes(0)/m/n/10 horizontal under the null, subject to sampling stoc
hasticity, and deviates only under net hazard differences. \TU/TeXGyreTermes(0)
/m/it/10 This
 []


Underfull \hbox (badness 10000) in paragraph at lines 1273--1273
\TU/TeXGyreTermes(0)/m/it/10 schematic is illustrative rather than empirical. I
n the schematic, $[][][][]$ denotes the depletion-neutralized baseline
 []

[12] [13]
Underfull \hbox (badness 1590) in paragraph at lines 1352--1358
[]\TU/TeXGyreTermes(0)/m/n/10 For each simulated dataset, a standard Cox propor
tional hazards model was fitted using partial likelihood 
 []


Underfull \hbox (badness 2368) in paragraph at lines 1361--1371
[]\TU/TeXGyreTermes(0)/m/n/10 The same simulated datasets were analyzed using K
COR. Observed cumulative hazards were estimated 
 []

[14]
File: figures/fig_cox_bias_hr_vs_theta.png Graphic file (type bmp)
<figures/fig_cox_bias_hr_vs_theta.png>

Underfull \hbox (badness 10000) in paragraph at lines 1428--1428
[]\TU/TeXGyreTermes(0)/m/n/10 Figure 2: []Cox regression produces spurious non-
null hazard ratios under a \TU/TeXGyreTermes(0)/m/it/10 synthetic null \TU/TeXG
yreTermes(0)/m/n/10 as frailty heterogeneity
 []


Underfull \hbox (badness 10000) in paragraph at lines 1428--1428
\TU/TeXGyreTermes(0)/m/n/10 increases. Hazard ratios (with 95% confidence inter
vals) from Cox proportional hazards regression comparing cohort
 []


Underfull \hbox (badness 10000) in paragraph at lines 1428--1428
\TU/TeXGyreTermes(0)/m/n/10 B to cohort A in simulations where the true treatme
nt effect is identically zero and cohorts differ only in frailty
 []


Underfull \hbox (badness 10000) in paragraph at lines 1428--1428
\TU/TeXGyreTermes(0)/m/n/10 variance ($[]$). Deviations from HR=1 arise solely 
from frailty-driven depletion and associated non-proportional
 []

File: figures/fig_cox_bias_kcor_vs_theta.png Graphic file (type bmp)
<figures/fig_cox_bias_kcor_vs_theta.png>

Underfull \hbox (badness 10000) in paragraph at lines 1439--1439
[]\TU/TeXGyreTermes(0)/m/n/10 Figure 3: []$[][][][]$ remains null under a synth
etic null across increasing frailty heterogeneity. $[][][][]$ asymptotes
 []


Underfull \hbox (badness 10000) in paragraph at lines 1439--1439
\TU/TeXGyreTermes(0)/m/n/10 remain near 1 across $[]$ in the same simulations, 
consistent with correct null behavior after depletion normalization.
 []

[15] [16]
Underfull \hbox (badness 1072) in paragraph at lines 1546--1549
[]\TU/TeXGyreTermes(0)/m/n/10 Throughout, curvature in cumulative hazard plots 
reflects selection-induced depletion, while linearity after 
 []

[17]
File: figures/fig2_neg_control_10yr_age_diff.png Graphic file (type bmp)
<figures/fig2_neg_control_10yr_age_diff.png>

Underfull \hbox (badness 10000) in paragraph at lines 1635--1635
[]\TU/TeXGyreTermes(0)/m/n/10 Figure 4: []Empirical negative control with appro
ximately 10-year age difference between cohorts. Despite large
 []


Underfull \hbox (badness 10000) in paragraph at lines 1635--1635
\TU/TeXGyreTermes(0)/m/n/10 baseline mortality differences, $[][][][]$ is expec
ted to be horizontal under the null, subject to sampling stochasticity,
 []


Underfull \hbox (badness 10000) in paragraph at lines 1635--1635
\TU/TeXGyreTermes(0)/m/n/10 consistent with the pseudo-null construction. Curve
s are shown as anchored $[][][][] [][][]$, i.e., $[][][][][][][][][][]$,
 []


Underfull \hbox (badness 10000) in paragraph at lines 1635--1635
\TU/TeXGyreTermes(0)/m/n/10 which removes pre-existing cumulative differences a
nd displays post-anchor divergence only.
 []


Underfull \hbox (badness 10000) in paragraph at lines 1635--1635
\TU/TeXGyreTermes(0)/m/n/10 following enrollment. Uncertainty bands (95% bootst
rap intervals) are shown. Data source: Czech Republic mortality
 []


Underfull \hbox (badness 10000) in paragraph at lines 1635--1635
\TU/TeXGyreTermes(0)/m/n/10 and vaccination dataset processed into KCOR_CMR agg
regated format (negative-control construction; see
 []

[18] [19]
Underfull \hbox (badness 1194) in paragraph at lines 1684--1701
\TU/TeXGyreTermes(0)/m/n/10 similar depletion geometry to gamma frailty, KCOR n
ormalization remains approximately valid, with bias 
 []

[20] [21]
Underfull \hbox (badness 1158) in paragraph at lines 1951--1954
[]\TU/TeXGyreTermes(0)/b/n/10 Non-frailty-driven curvature\TU/TeXGyreTermes(0)/
m/n/10 : Administrative censoring, cohort-definition drift, changes in risk-set
 
 []

[22] [23]
Underfull \hbox (badness 1117) in paragraph at lines 2056--2063
\TU/TeXGyreTermes(0)/m/n/10 In finite samples, KCOR precision is driven primari
ly by the number of events observed over follow-up. In 
 []


Underfull \hbox (badness 2626) in paragraph at lines 2080--2088
\TU/TeXGyreTermes(0)/m/n/10 COVID-19 mortality exhibits a pronounced departure 
from proportional hazards, with epidemic waves 
 []

[24]
Underfull \hbox (badness 1297) in paragraph at lines 2188--2192
[]\TU/TeXGyreTermes(0)/m/n/10 All scientific decisions, methodological choices,
 analyses, interpretations, and judgments regarding which 
 []

[25] [26]
Underfull \hbox (badness 10000) in paragraph at lines 2224--2224
[]|\TU/TeXGyreTermes(0)/m/n/10 Vaupel JW, Manton KG, Stallard E. The impact of 
heterogeneity in individual frailty on the dynamics of
 []


Underfull \hbox (badness 10000) in paragraph at lines 2231--2231
[]|\TU/TeXGyreTermes(0)/m/n/10 Grambsch PM, Therneau TM. Proportional hazards t
ests and diagnostics based on weighted residuals.
 []


Underfull \hbox (badness 10000) in paragraph at lines 2238--2238
[]|\TU/TeXGyreTermes(0)/m/n/10 Andersen PK, Gill RD. Coxs regression model for
 counting processes: a large sample study. \TU/TeXGyreTermes(0)/m/it/10 Ann Sta
tist\TU/TeXGyreTermes(0)/m/n/10 .
 []


Underfull \hbox (badness 10000) in paragraph at lines 2246--2246
[]|\TU/TeXGyreTermes(0)/m/n/10 Royston P, Parmar MKB. Flexible parametric propo
rtionalhazards and proportionalodds models for
 []


Underfull \hbox (badness 10000) in paragraph at lines 2246--2246
\TU/TeXGyreTermes(0)/m/n/10 censored survival data, with application to prognos
tic modelling and estimation of treatment effects. \TU/TeXGyreTermes(0)/m/it/10
 Statistics
 []


Underfull \hbox (badness 10000) in paragraph at lines 2252--2252
[]|\TU/TeXGyreTermes(0)/m/n/10 Aalen OO. A linear regression model for the anal
ysis of life times. \TU/TeXGyreTermes(0)/m/it/10 Statistics in Medicine\TU/TeXG
yreTermes(0)/m/n/10 . 1989;8(8):907-925.
 []


Underfull \hbox (badness 10000) in paragraph at lines 2258--2258
[]|\TU/TeXGyreTermes(0)/m/n/10 Lin DY, Ying Z. Semiparametric analysis of the a
dditive risk model. \TU/TeXGyreTermes(0)/m/it/10 Biometrika\TU/TeXGyreTermes(0)
/m/n/10 . 1994;81(1):61-71.
 []


Underfull \hbox (badness 10000) in paragraph at lines 2265--2265
[]|\TU/TeXGyreTermes(0)/m/n/10 Van Houwelingen HC. Dynamic prediction by landma
rking in event history analysis. \TU/TeXGyreTermes(0)/m/it/10 Scandinavian J
 []


Underfull \hbox (badness 10000) in paragraph at lines 2272--2272
[]|\TU/TeXGyreTermes(0)/m/n/10 Robins JM, Hernn M, Brumback B. Marginal struc
tural models and causal inference in epidemiology:
 []


Underfull \hbox (badness 10000) in paragraph at lines 2279--2279
[]|\TU/TeXGyreTermes(0)/m/n/10 Cole SR, Hernan MA. Constructing inverse probabi
lity weights for marginal structural models. \TU/TeXGyreTermes(0)/m/it/10 Ameri
can
 []


Underfull \hbox (badness 10000) in paragraph at lines 2287--2287
[]|\TU/TeXGyreTermes(0)/m/n/10 Obel N, Fox M, Tetens M, et al. Confounding and 
negative control methods in observational study of
 []


Underfull \hbox (badness 10000) in paragraph at lines 2287--2287
\TU/TeXGyreTermes(0)/m/n/10 SARS-CoV-2 vaccine effectiveness: a nationwide, pop
ulation-based Danish health registry study. \TU/TeXGyreTermes(0)/m/it/10 CLEP\T
U/TeXGyreTermes(0)/m/n/10 .
 []


Underfull \hbox (badness 10000) in paragraph at lines 2295--2295
[]|\TU/TeXGyreTermes(0)/m/n/10 Chemaitelly H, Ayoub HH, Coyle P, et al. Assessi
ng healthy vaccinee effect in COVID-19 vaccine
 []


Underfull \hbox (badness 10000) in paragraph at lines 2295--2295
\TU/TeXGyreTermes(0)/m/n/10 effectiveness studies: a national cohort study in Q
atar. Schiffer JT, Henry D, eds. \TU/TeXGyreTermes(0)/m/it/10 eLife\TU/TeXGyreT
ermes(0)/m/n/10 . 2025;14:e103690.
 []


Underfull \hbox (badness 10000) in paragraph at lines 2302--2302
[]|\TU/TeXGyreTermes(0)/m/n/10 Agampodi S, Tadesse BT, Sahastrabuddhe S, Excler
 JL, Kim JH. Biases in COVID-19 vaccine effectiveness
 []


Underfull \hbox (badness 10000) in paragraph at lines 2310--2310
[]|\TU/TeXGyreTermes(0)/m/n/10 Bakker B, Walk J, Meester R. Healthy vaccinee an
d misclassification biases in Dutch observational health
 []


Underfull \hbox (badness 10000) in paragraph at lines 2316--2316
[]|\TU/TeXGyreTermes(0)/m/n/10 Kalbfleisch JD, Prentice RL. \TU/TeXGyreTermes(0
)/m/it/10 The Statistical Analysis of Failure Time Data\TU/TeXGyreTermes(0)/m/n
/10 . 1st ed. Wiley; 2002.
 []


Underfull \hbox (badness 10000) in paragraph at lines 2322--2322
[]|\TU/TeXGyreTermes(0)/m/n/10 Deeks J, Dinnes J, DAmico R, et al. Evaluating 
non-randomised intervention studies. \TU/TeXGyreTermes(0)/m/it/10 Health Techno
l Assess\TU/TeXGyreTermes(0)/m/n/10 .
 []


Underfull \hbox (badness 10000) in paragraph at lines 2331--2331
[]|\TU/TeXGyreTermes(0)/m/n/10 Levin AT, Hanage WP, Owusu-Boaitey N, Cochran KB
, Walsh SP, Meyerowitz-Katz G. Assessing the age
 []


Underfull \hbox (badness 10000) in paragraph at lines 2331--2331
\TU/TeXGyreTermes(0)/m/n/10 specificity of infection fatality rates for COVID-1
9: systematic review, meta-analysis, and public policy
 []

[27]
Underfull \hbox (badness 10000) in paragraph at lines 2339--2339
[]|\TU/TeXGyreTermes(0)/m/n/10 anca O, Jarkovsk J, Klime D, et al. \TU/TeXGy
reTermes(0)/m/it/10 Vaccination, Positivity, Hospitalization for COVID-19, Deat
hs, Long
 []


Underfull \hbox (badness 10000) in paragraph at lines 2339--2339
\TU/TeXGyreTermes(0)/m/it/10 COVID and Comorbidities in People in the Czech Rep
ublic\TU/TeXGyreTermes(0)/m/n/10 . National Health Information Portal, Czech
 []

[28]
Underfull \hbox (badness 10000) in paragraph at lines 2355--2355
[]\TU/TeXGyreTermes(0)/m/n/10 Table 1: Summary of three large matched observati
onal studies showing
 []

[29]
Underfull \hbox (badness 10000) in paragraph at lines 2418--2418
[]\TU/TeXGyreTermes(0)/m/n/10 Table 2: Comparison of Cox proportional hazards, 
Cox with frailty, and
 []

[30]
Underfull \hbox (badness 10000) in paragraph at lines 2469--2469
[]\TU/TeXGyreTermes(0)/m/n/10 Table 3: Positioning KCOR relative to non-proport
ional hazards
 []

[31] [32]
Underfull \hbox (badness 10000) in paragraph at lines 2583--2583
[]\TU/TeXGyreTermes(0)/m/n/10 Table 5: Step-by-step KCOR algorithm (high-level)
, with recommended
 []


Underfull \hbox (badness 10000) in paragraph at lines 2583--2583
\TU/TeXGyreTermes(0)/m/n/10 prespecification and diagnostics. All analysis choi
ces and estimation
 []


Underfull \hbox (badness 10000) in paragraph at lines 2583--2583
\TU/TeXGyreTermes(0)/m/n/10 procedures are prespecified; numerical parameters s
uch as $[][]$ are
 []

[33]
Underfull \hbox (badness 10000) in paragraph at lines 2655--2655
[]\TU/TeXGyreTermes(0)/m/n/10 Table 6: Cox vs KCOR under a synthetic null with 
increasing frailty
 []


Underfull \hbox (badness 10000) in paragraph at lines 2655--2655
\TU/TeXGyreTermes(0)/m/n/10 heterogeneity. Two cohorts are simulated with ident
ical baseline
 []


Underfull \hbox (badness 10000) in paragraph at lines 2655--2655
\TU/TeXGyreTermes(0)/m/n/10 hazards and no treatment effect \TU/TeXGyreTermes(0
)/m/it/10 (null by construction)\TU/TeXGyreTermes(0)/m/n/10 ; cohorts differ
 []


Underfull \hbox (badness 10000) in paragraph at lines 2655--2655
\TU/TeXGyreTermes(0)/m/n/10 only in gamma frailty variance ($[]$). Despite the 
true hazard ratio being 1
 []


Underfull \hbox (badness 10000) in paragraph at lines 2655--2655
\TU/TeXGyreTermes(0)/m/n/10 by construction, Cox regression produces increasing
ly non-null hazard
 []


Underfull \hbox (badness 10000) in paragraph at lines 2655--2655
\TU/TeXGyreTermes(0)/m/n/10 ratios as $[]$ increases, reflecting depletion-indu
ced non-proportional
 []


Underfull \hbox (badness 10000) in paragraph at lines 2655--2655
\TU/TeXGyreTermes(0)/m/n/10 hazards. $[][][][]$ remains centered near unity wit
h negligible
 []


Underfull \hbox (badness 10000) in paragraph at lines 2655--2655
\TU/TeXGyreTermes(0)/m/n/10 post-normalization slope across $[]$ values, expect
ed to be horizontal
 []


Underfull \hbox (badness 10000) in paragraph at lines 2655--2655
\TU/TeXGyreTermes(0)/m/n/10 under the null subject to sampling stochasticity. (
Exact values depend
 []

[34]
Underfull \hbox (badness 10000) in paragraph at lines 2712--2712
[]\TU/TeXGyreTermes(0)/m/n/10 Table 7: Example end-of-window $[][][][]$ values 
from the empirical
 []


Underfull \hbox (badness 10000) in paragraph at lines 2712--2712
\TU/TeXGyreTermes(0)/m/n/10 negative control (pooled/ASMR summaries), showing n
ear-null
 []


Underfull \hbox (badness 10000) in paragraph at lines 2712--2712
\TU/TeXGyreTermes(0)/m/n/10 behavior under large composition differences. (Sour
ce:
 []

[35]
Underfull \hbox (badness 10000) in paragraph at lines 2742--2742
[]\TU/TeXGyreTermes(0)/m/n/10 Table 8: Positive control results comparing injec
ted hazard multipliers
 []


Underfull \hbox (badness 10000) in paragraph at lines 2742--2742
\TU/TeXGyreTermes(0)/m/n/10 to detected KCOR deviations. Both scenarios indicat
e KCOR deviating
 []


Underfull \hbox (badness 10000) in paragraph at lines 2742--2742
\TU/TeXGyreTermes(0)/m/n/10 from 1.0 in the expected direction, consistent with
 the estimator
 []

[36]
Underfull \hbox (badness 10000) in paragraph at lines 2797--2797
[]\TU/TeXGyreTermes(0)/m/n/10 Table 9: Comparison of Cox regression, shared fra
ilty Cox models, and
 []


Underfull \hbox (badness 10000) in paragraph at lines 2797--2797
\TU/TeXGyreTermes(0)/m/n/10 KCOR under selection-only and joint frailty + treat
ment effect
 []


Underfull \hbox (badness 10000) in paragraph at lines 2797--2797
\TU/TeXGyreTermes(0)/m/n/10 scenarios. Results are from S7 simulation (joint fr
ailty + treatment) and
 []


Underfull \hbox (badness 10000) in paragraph at lines 2797--2797
\TU/TeXGyreTermes(0)/m/n/10 gamma-frailty null scenario (selection-only). Stand
ard Cox regression
 []


Underfull \hbox (badness 10000) in paragraph at lines 2797--2797
\TU/TeXGyreTermes(0)/m/n/10 produces non-null hazard ratios under selection-onl
y conditions due to
 []


Underfull \hbox (badness 10000) in paragraph at lines 2797--2797
\TU/TeXGyreTermes(0)/m/n/10 depletion dynamics. Shared frailty Cox models parti
ally mitigate this
 []


Underfull \hbox (badness 10000) in paragraph at lines 2797--2797
\TU/TeXGyreTermes(0)/m/n/10 bias but still exhibit residual non-null behavior. 
KCOR remains
 []


Underfull \hbox (badness 10000) in paragraph at lines 2797--2797
\TU/TeXGyreTermes(0)/m/n/10 near-null under selection-only conditions and corre
ctly detects
 []


Overfull \hbox (8.22554pt too wide) in paragraph at lines 2800--2801
[]\TU/TeXGyreTermes(0)/m/n/10 Scenario  
 []


Overfull \hbox (8.22554pt too wide) in paragraph at lines 2820--2821
[]\TU/TeXGyreTermes(0)/m/n/10 Scenario  
 []


Overfull \hbox (6.35555pt too wide) in paragraph at lines 2840--2840
[]|\TU/TeXGyreTermes(0)/m/n/10 Gamma- 
 []


Overfull \hbox (0.83554pt too wide) in paragraph at lines 2842--2842
\TU/TeXGyreTermes(0)/m/n/10 (r=1.2)|  
 []


Overfull \hbox (0.83554pt too wide) in paragraph at lines 2844--2844
\TU/TeXGyreTermes(0)/m/n/10 (r=0.8)|  
 []

[37]
Underfull \hbox (badness 10000) in paragraph at lines 2864--2864
[]\TU/TeXGyreTermes(0)/m/n/10 Table 10: Simulation comparison of KCOR and alter
native estimands
 []


Underfull \hbox (badness 10000) in paragraph at lines 2864--2864
\TU/TeXGyreTermes(0)/m/n/10 under selection-induced non-proportional hazards. R
esults are
 []


Underfull \hbox (badness 10000) in paragraph at lines 2864--2864
\TU/TeXGyreTermes(0)/m/n/10 summarized across simulation scenarios (null scenar
ios: gamma-frailty
 []


Underfull \hbox (badness 10000) in paragraph at lines 2864--2864
\TU/TeXGyreTermes(0)/m/n/10 null, non-gamma frailty, contamination, sparse even
ts; effect scenarios:
 []


Underfull \hbox (badness 10000) in paragraph at lines 2864--2864
\TU/TeXGyreTermes(0)/m/n/10 injected hazard increase/decrease). KCOR remains st
able under
 []


Underfull \hbox (badness 10000) in paragraph at lines 2864--2864
\TU/TeXGyreTermes(0)/m/n/10 selection-only regimes, while RMST inherits depleti
on bias and
 []


Underfull \hbox (badness 10000) in paragraph at lines 2864--2864
\TU/TeXGyreTermes(0)/m/n/10 time-varying Cox captures non-proportional hazards 
without
 []


Underfull \hbox (badness 10000) in paragraph at lines 2864--2864
\TU/TeXGyreTermes(0)/m/n/10 normalizing selection geometry. All methods were ap
plied to identical
 []

[38]
Underfull \hbox (badness 10000) in paragraph at lines 2922--2922
[]\TU/TeXGyreTermes(0)/m/n/10 Table 11: Bootstrap coverage for KCOR uncertainty
 intervals. Coverage
 []


Underfull \hbox (badness 10000) in paragraph at lines 2922--2922
\TU/TeXGyreTermes(0)/m/n/10 is evaluated across simulation scenarios using stra
tified bootstrap
 []


Underfull \hbox (badness 10000) in paragraph at lines 2922--2922
\TU/TeXGyreTermes(0)/m/n/10 resampling. Nominal 95% confidence intervals are co
mpared to
 []


Underfull \hbox (badness 10000) in paragraph at lines 2922--2922
\TU/TeXGyreTermes(0)/m/n/10 empirical coverage (proportion of simulations where
 the true value lies
 []


Underfull \hbox (badness 10000) in paragraph at lines 2922--2922
\TU/TeXGyreTermes(0)/m/n/10 within the interval). Coverage degradation is conce
ntrated in regimes
 []


Underfull \hbox (badness 10000) in paragraph at lines 2922--2922
\TU/TeXGyreTermes(0)/m/n/10 where diagnostic criteria fail or event counts are 
sparse; when
 []


Overfull \hbox (7.70299pt too wide) in paragraph at lines 2955--2957
\TU/TeXGyreTermes(0)/m/n/10 misspecification|  
 []

[39]
Underfull \hbox (badness 1215) in paragraph at lines 3000--3007
\TU/TeXGyreTermes(0)/m/n/10 This section describes the \TU/TeXGyreTermes(0)/b/n
/10 observable diagnostics and failure modes \TU/TeXGyreTermes(0)/m/n/10 associ
ated with the KCOR working 
 []

[40]
File: figures/fig_pos_control_injected.png Graphic file (type bmp)
<figures/fig_pos_control_injected.png>

Underfull \hbox (badness 10000) in paragraph at lines 3183--3183
[]\TU/TeXGyreTermes(0)/m/n/10 Figure S1: []Positive control validation: KCOR co
rrectly detects injected effects. Left panels show harm scenario
 []


Underfull \hbox (badness 10000) in paragraph at lines 3183--3183
\TU/TeXGyreTermes(0)/m/n/10 (r=1.2), right panels show benefit scenario (r=0.8)
. Top row displays cohort hazard curves with effect window shaded.
 []


Underfull \hbox (badness 10000) in paragraph at lines 3183--3183
\TU/TeXGyreTermes(0)/m/n/10 Bottom row shows $[][][][]$ deviating from 1.0 in t
he expected direction during the effect window. Uncertainty
 []


Underfull \hbox (badness 10000) in paragraph at lines 3183--3183
\TU/TeXGyreTermes(0)/m/n/10 bands (95% bootstrap intervals; aggregated cohortt
ime resampling) are shown. X-axis units are weeks since
 []


Underfull \hbox (badness 10000) in paragraph at lines 3201--3201
[]\TU/TeXGyreTermes(0)/m/n/10 Table S4: Summary of control-test and simulation 
parameters
 []


Underfull \hbox (badness 10000) in paragraph at lines 3201--3201
\TU/TeXGyreTermes(0)/m/n/10 referenced in Sections S4.2S4.6. Numeric values ar
e fixed unless
 []


Overfull \hbox (67.90028pt too wide) in paragraph at lines 3233--3233
[]|\TU/lmtt/m/n/10 example/Frail_cohort_mix.xlsx|  
 []


Overfull \hbox (157.15028pt too wide) in paragraph at lines 3236--3236
[]|\TU/lmtt/m/n/10 code/generate_pathological_neg_control_figs.py|  
 []


Overfull \hbox (204.40028pt too wide) in paragraph at lines 3253--3253
[]|\TU/lmtt/m/n/10 test/negative_control/code/generate_negative_control.py|  
 []


Overfull \hbox (204.40028pt too wide) in paragraph at lines 3263--3263
[]|\TU/lmtt/m/n/10 test/positive_control/code/generate_positive_control.py|  
 []


Overfull \hbox (167.65028pt too wide) in paragraph at lines 3282--3282
[]|\TU/lmtt/m/n/10 test/sim_grid/code/generate_tail_sampling_sim.py|  
 []


Overfull \hbox (109.90028pt too wide) in paragraph at lines 3296--3296
[]|\TU/lmtt/m/n/10 test/sim_grid/code/generate_s7_sim.py|  
 []

[41] [42] [43] [44]
File: figures/fig_si_kcor_bias_vs_theta.png Graphic file (type bmp)
<figures/fig_si_kcor_bias_vs_theta.png>

Underfull \hbox (badness 10000) in paragraph at lines 3407--3407
[]\TU/TeXGyreTermes(0)/m/n/10 Figure S2: []Simulated-null summary: KCOR bias as
 a function of frailty variance $[]$.
 []


Underfull \hbox (badness 10000) in paragraph at lines 3407--3407
\TU/TeXGyreTermes(0)/m/n/10 cumulative deviation under the null rather than ins
tantaneous hazard bias. Points show single-run estimates from the
 []

File: figures/fig_neg_control_synthetic.png Graphic file (type bmp)
<figures/fig_neg_control_synthetic.png>

Underfull \hbox (badness 10000) in paragraph at lines 3420--3420
[]\TU/TeXGyreTermes(0)/m/n/10 Figure S3: []Synthetic negative control under str
ong selection (different curvature) but no effect: $[][][][]$ remains flat
 []


Underfull \hbox (badness 10000) in paragraph at lines 3420--3420
\TU/TeXGyreTermes(0)/m/n/10 at 1. Top panel shows cohort hazards with different
 frailty-mixture weights inducing different curvature. Bottom
 []


Underfull \hbox (badness 10000) in paragraph at lines 3420--3420
\TU/TeXGyreTermes(0)/m/n/10 panel shows $[][][][]$ remaining near 1.0 after nor
malization, demonstrating successful depletion-neutralization
 []

[45] [46] [47]
File: figures/fig_sensitivity_overview.png Graphic file (type bmp)
<figures/fig_sensitivity_overview.png>

Underfull \hbox (badness 10000) in paragraph at lines 3491--3491
[]\TU/TeXGyreTermes(0)/m/n/10 Figure S4: []Sensitivity analysis summary showing
 $[][][][]$ values across parameter grid. Heatmaps display
 []


Underfull \hbox (badness 10000) in paragraph at lines 3491--3491
[][][][]$ \TU/TeXGyreTermes(0)/m/n/10 estimates for different combinations of b
aseline weeks (rows) and quiet-window start offsets (columns).
 []


Underfull \hbox (badness 10000) in paragraph at lines 3491--3491
\TU/TeXGyreTermes(0)/m/n/10 Across all comparisons, $[][][][]$ varies smoothly 
and modestly across a wide range of quiet-start offsets and
 []


Underfull \hbox (badness 10000) in paragraph at lines 3491--3491
\TU/TeXGyreTermes(0)/m/n/10 baseline window lengths, with no qualitative change
s in sign or magnitude, indicating robustness to reasonable
 []


Underfull \hbox (badness 10000) in paragraph at lines 3491--3491
\TU/TeXGyreTermes(0)/m/n/10 parameter choices. All panels use a unified color s
cale centered at 1.0 to enable direct visual comparison across dose
 []


Underfull \hbox (badness 1005) in paragraph at lines 3498--3505
\TU/TeXGyreTermes(0)/m/n/10 geometry. Two cohorts are constructed to share iden
tical mean frailty while differing sharply in how risk is 
 []


Underfull \hbox (badness 1052) in paragraph at lines 3498--3505
\TU/TeXGyreTermes(0)/m/n/10 normalization remains effective when frailty hetero
geneity is concentrated in the tails rather than smoothly 
 []


Underfull \hbox (badness 2626) in paragraph at lines 3530--3537
\TU/TeXGyreTermes(0)/m/n/10 This simulation evaluates KCOR under conditions in 
which \TU/TeXGyreTermes(0)/b/n/10 both selection-induced depletion (frailty 
 []

[48]
Underfull \hbox (badness 1077) in paragraph at lines 3593--3597
[]\TU/TeXGyreTermes(0)/m/n/10 When uncertainty bands or bootstrap intervals are
 reported in this supplement, they are computed using an 
 []

[49]
Underfull \hbox (badness 1005) in paragraph at lines 3666--3677
[]\TU/TeXGyreTermes(0)/m/n/10 Figure []S5[] shows $[]$ as a function of quiet-w
indow midpoint date. For Dose 0 (unvaccinated) cohorts, $[]$ is 
 []

File: figures/fig_si_quiet_window_theta_scan_czech_2021_24.png Graphic file (ty
pe bmp)
<figures/fig_si_quiet_window_theta_scan_czech_2021_24.png>

Underfull \hbox (badness 10000) in paragraph at lines 3688--3688
[]\TU/TeXGyreTermes(0)/m/n/10 Figure S5: []Quiet-window robustness scan: estima
ted frailty variance $[]$ vs. quiet-window midpoint date for Czech
 []


Underfull \hbox (badness 10000) in paragraph at lines 3688--3688
\TU/TeXGyreTermes(0)/m/n/10 20212024 enrollment cohort, using 12-month windows
 shifted monthly from April 2022 through April 2023.
 []


Underfull \hbox (badness 10000) in paragraph at lines 3688--3688
\TU/TeXGyreTermes(0)/m/n/10 Marker shape denotes birth decade (1940s, 1950s). F
illed markers indicate diagnostic pass; open markers indicate
 []

File: figures/supplement/kcor_realdata_yob1930_enroll2022w26_eval2023.png Graph
ic file (type bmp)
<figures/supplement/kcor_realdata_yob1930_enroll2022w26_eval2023.png>

Underfull \hbox (badness 10000) in paragraph at lines 3731--3731
[]\TU/TeXGyreTermes(0)/m/n/10 Figure S6: []Birth-year cohort 1930: KCOR(t) traj
ectories comparing dose 2 and dose 3 to dose 0
 []


Underfull \hbox (badness 10000) in paragraph at lines 3731--3731
[]$ \TU/TeXGyreTermes(0)/m/n/10 weeks (i.e., plotted as $[][][][] [][][]$). Thi
s figure is presented as an illustrative application demonstrating estimator
 []

File: figures/supplement/kcor_realdata_yob1940_enroll2022w26_eval2023.png Graph
ic file (type bmp)
<figures/supplement/kcor_realdata_yob1940_enroll2022w26_eval2023.png>

Underfull \hbox (badness 10000) in paragraph at lines 3744--3744
[]\TU/TeXGyreTermes(0)/m/n/10 Figure S7: []Birth-year cohort 1940: KCOR(t) traj
ectories comparing dose 2 and dose 3 to dose 0
 []


Underfull \hbox (badness 10000) in paragraph at lines 3744--3744
[]$ \TU/TeXGyreTermes(0)/m/n/10 weeks (i.e., plotted as $[][][][] [][][]$). Thi
s figure is presented as an illustrative application demonstrating estimator
 []

File: figures/supplement/kcor_realdata_yob1950_enroll2022w26_eval2023.png Graph
ic file (type bmp)
<figures/supplement/kcor_realdata_yob1950_enroll2022w26_eval2023.png>

Underfull \hbox (badness 10000) in paragraph at lines 3757--3757
[]\TU/TeXGyreTermes(0)/m/n/10 Figure S8: []Birth-year cohort 1950: KCOR(t) traj
ectories comparing dose 2 and dose 3 to dose 0
 []


Underfull \hbox (badness 10000) in paragraph at lines 3757--3757
[]$ \TU/TeXGyreTermes(0)/m/n/10 weeks (i.e., plotted as $[][][][] [][][]$). Thi
s figure is presented as an illustrative application demonstrating estimator
 []

File: figures/fig3_neg_control_20yr_age_diff.png Graphic file (type bmp)
<figures/fig3_neg_control_20yr_age_diff.png>

Underfull \hbox (badness 10000) in paragraph at lines 3777--3777
[]\TU/TeXGyreTermes(0)/m/n/10 Figure S9: []Empirical negative control with appr
oximately 20-year age difference between cohorts. Even under
 []


Underfull \hbox (badness 10000) in paragraph at lines 3777--3777
\TU/TeXGyreTermes(0)/m/n/10 extreme composition differences, $[][][][]$ exhibit
s no systematic drift,
 []


Underfull \hbox (badness 10000) in paragraph at lines 3777--3777
[][][][] [][][]$\TU/TeXGyreTermes(0)/m/n/10 ). Uncertainty bands (95% bootstrap
 intervals) are shown. Data source: Czech Republic mortality and
 []


Underfull \hbox (badness 10000) in paragraph at lines 3777--3777
\TU/TeXGyreTermes(0)/m/n/10 vaccination dataset processed into KCOR_CMR aggrega
ted format (negative-control construction; see
 []

[50] [51] [52] [53] [54] [55]
Underfull \hbox (badness 1881) in paragraph at lines 3800--3816
\TU/TeXGyreTermes(0)/m/n/10 The COVID-19 vaccination period provides a natural 
empirical regime characterized by strong selection 
 []


Underfull \hbox (badness 1005) in paragraph at lines 3832--3840
[]\TU/TeXGyreTermes(0)/m/n/10 As a consequence, KCOR normalization leaves some 
cohorts cumulative hazards nearly unchanged, while 
 []

[56]
Underfull \hbox (badness 10000) in paragraph at lines 3863--3863
[]\TU/TeXGyreTermes(0)/m/n/10 Table S6: Diagnostic gate for Czech application: 
KCOR results reported
 []

[57]
Underfull \hbox (badness 10000) in paragraph at lines 3953--3953
[]\TU/TeXGyreTermes(0)/m/n/10 Table S7: Estimated gamma-frailty variance (fitte
d frailty variance) by
 []

[58]
Underfull \hbox (badness 10000) in paragraph at lines 4020--4020
[]\TU/TeXGyreTermes(0)/m/n/10 Table S8: Ratio of observed cumulative mortality 
hazards for
 []


Underfull \hbox (badness 10000) in paragraph at lines 4020--4020
\TU/TeXGyreTermes(0)/m/n/10 unvaccinated (Dose 0) versus fully vaccinated (Dose
 2) Czech cohorts
 []


Underfull \hbox (badness 10000) in paragraph at lines 4020--4020
\TU/TeXGyreTermes(0)/m/n/10 enrolled in 2021_24. (Note: the all-ages row reflec
ts aggregation effects
 []


Underfull \hbox (badness 2452) in paragraph at lines 4056--4060
[]\TU/TeXGyreTermes(0)/m/n/10 This table reports unadjusted cumulative hazards 
derived directly from the raw data, prior to any frailty 
 []

File: figures/kcor_realdata_allages_enroll2022w26_eval2023.png Graphic file (ty
pe bmp)
<figures/kcor_realdata_allages_enroll2022w26_eval2023.png>

Underfull \hbox (badness 10000) in paragraph at lines 4100--4100
[]\TU/TeXGyreTermes(0)/m/n/10 Figure S10: []All-ages stress test: $[][][][]$ tr
ajectories comparing dose 2 and dose 3 to dose 0 for cohorts enrolled in
 []


Underfull \hbox (badness 10000) in paragraph at lines 4100--4100
\TU/TeXGyreTermes(0)/m/n/10 as $[][][][] [][][]$). This figure is presented as 
an illustrative application demonstrating estimator behavior under
 []


Underfull \hbox (badness 1325) in paragraph at lines 4106--4109
\TU/TeXGyreTermes(0)/b/n/10 Environment. \TU/TeXGyreTermes(0)/m/n/10 Python 3.1
1; key dependencies include numpy, scipy, pandas, and lifelines (for Cox-model 

 []

[59] [60] (./paper.aux) ) 
Here is how much of TeX's memory you used:
 30657 strings out of 478775
 608454 string characters out of 5850944
 1905991 words of memory out of 5000000
 50165 multiletter control sequences out of 15000+600000
 516010 words of font info for 80 fonts, out of 8000000 for 9000
 14 hyphenation exceptions out of 8191
 104i,11n,122p,1194b,986s stack positions out of 10000i,1000n,20000p,200000b,200000s

Output written on paper.pdf (60 pages).
