================================================================================
KCOR v4.6 - Kirsch Cumulative Outcomes Ratio Analysis
================================================================================
Analysis Date: 2025-10-01 22:25:44
Mode: Primary Analysis
Input File: ../data/FOIA/KCOR_CMR.xlsx
Output File: ../data/FOIA/KCOR.xlsx
Log File: ../data/FOIA/KCOR_summary.log
--------------------------------------------------------------------------------
Configuration Parameters (effective):
  KCOR_NORMALIZATION_WEEK = 4
  DYNAMIC_HVE_SKIP_WEEKS = 0
  AGE_RANGE             = 10
  YEAR_RANGE            = (1920, 2009)
  ENROLLMENT_DATES      = ['2021_13', '2021_24', '2022_06', '2022_47']
  DEBUG_VERBOSE         = True
  OVERRIDE_DOSE_PAIRS   = None
  OVERRIDE_YOBS         = None
  KCOR_REPORTING_DATE   = {'2021-13': '2022-12-31', '2021_13': '2022-12-31', '2021_24': '2022-12-31', '2022_06': '2022-12-31', '2022_47': '2023-12-31'}
  NEGATIVE_CONTROL_MODE = 0
  SLOPE2_W1            = (2022-24, 2022-36)
  SLOPE2_W2            = (2023-24, 2023-36)
  SLOPE2_W3            = (2024-12, 2024-20)
  SLOPE2 selection     = W1/W2 unless enrollment_date > start(W1), then W2/W3
================================================================================

[DEBUG] Limiting to age range: 1920-2009
[DEBUG] Limiting to enrollment dates: ['2021_13', '2021_24', '2022_06', '2022_47']
[Info] Processing sheet: 2021_13
[DEBUG] Filtered to start from enrollment date 03/29/2021: 41075 rows
[DEBUG] Filtered to 41075 rows for ages 1920-2009
[DEBUG] Filtered to doses [0, 1, 2] (max dose 2): 24645 rows
[DEBUG] Aggregated across sexes: 4185 rows
  YoB 1920, % vaxxed=53  alive_by_dose= 47% 14% 39% total=45250
  YoB 1930, % vaxxed=65  alive_by_dose= 35% 21% 44% total=323833
  YoB 1940, % vaxxed=43  alive_by_dose= 57% 36% 7% total=958958
  YoB 1950, % vaxxed=10  alive_by_dose= 90% 6% 3% total=1300648
  YoB 1960, % vaxxed=10  alive_by_dose= 90% 5% 4% total=1329671
  YoB 1970, % vaxxed=7  alive_by_dose= 93% 4% 4% total=1758960
  YoB 1980, % vaxxed=5  alive_by_dose= 95% 2% 3% total=1485265
  YoB 1990, % vaxxed=4  alive_by_dose= 96% 2% 2% total=1137459
  YoB 2000, % vaxxed=1  alive_by_dose= 99% 0% 0% total=1058474
SLOPE2_DIAG,EnrollmentDate=2021_13,YoB=1920,Dose=0,W1_present=13,W2_present=13,Wm1=4.825653e-03,Wm2=0.000000e+00,reason=nonpositive_means
SLOPE2_DIAG,EnrollmentDate=2021_13,YoB=1920,Dose=1,W1_present=13,W2_present=13,Wm1=5.269561e-03,Wm2=0.000000e+00,reason=nonpositive_means
SLOPE2_DIAG,EnrollmentDate=2021_13,YoB=1920,Dose=2,W1_present=13,W2_present=13,Wm1=5.140913e-03,Wm2=0.000000e+00,reason=nonpositive_means
SLOPE2_DIAG,EnrollmentDate=2021_13,YoB=1930,Dose=0,W1_present=13,W2_present=13,Wm1=2.673606e-03,Wm2=0.000000e+00,reason=nonpositive_means
SLOPE2_DIAG,EnrollmentDate=2021_13,YoB=1930,Dose=1,W1_present=13,W2_present=13,Wm1=2.036438e-03,Wm2=0.000000e+00,reason=nonpositive_means
SLOPE2_DIAG,EnrollmentDate=2021_13,YoB=1930,Dose=2,W1_present=13,W2_present=13,Wm1=1.902873e-03,Wm2=0.000000e+00,reason=nonpositive_means
SLOPE2_DIAG,EnrollmentDate=2021_13,YoB=1940,Dose=0,W1_present=13,W2_present=13,Wm1=8.021509e-04,Wm2=0.000000e+00,reason=nonpositive_means
SLOPE2_DIAG,EnrollmentDate=2021_13,YoB=1940,Dose=1,W1_present=13,W2_present=13,Wm1=5.739731e-04,Wm2=0.000000e+00,reason=nonpositive_means
SLOPE2_DIAG,EnrollmentDate=2021_13,YoB=1940,Dose=2,W1_present=13,W2_present=13,Wm1=9.697039e-04,Wm2=0.000000e+00,reason=nonpositive_means
SLOPE2_DIAG,EnrollmentDate=2021_13,YoB=1950,Dose=0,W1_present=13,W2_present=13,Wm1=3.000069e-04,Wm2=0.000000e+00,reason=nonpositive_means
SLOPE2_DIAG,EnrollmentDate=2021_13,YoB=1950,Dose=1,W1_present=13,W2_present=13,Wm1=3.129940e-04,Wm2=0.000000e+00,reason=nonpositive_means
SLOPE2_DIAG,EnrollmentDate=2021_13,YoB=1950,Dose=2,W1_present=13,W2_present=13,Wm1=3.301722e-04,Wm2=0.000000e+00,reason=nonpositive_means
SLOPE2_DIAG,EnrollmentDate=2021_13,YoB=1960,Dose=0,W1_present=13,W2_present=13,Wm1=1.184447e-04,Wm2=0.000000e+00,reason=nonpositive_means
SLOPE2_DIAG,EnrollmentDate=2021_13,YoB=1960,Dose=1,W1_present=13,W2_present=13,Wm1=7.936211e-05,Wm2=0.000000e+00,reason=nonpositive_means
SLOPE2_DIAG,EnrollmentDate=2021_13,YoB=1960,Dose=2,W1_present=13,W2_present=13,Wm1=1.020432e-04,Wm2=0.000000e+00,reason=nonpositive_means
SLOPE2_DIAG,EnrollmentDate=2021_13,YoB=1970,Dose=0,W1_present=13,W2_present=13,Wm1=4.487846e-05,Wm2=0.000000e+00,reason=nonpositive_means
SLOPE2_DIAG,EnrollmentDate=2021_13,YoB=1970,Dose=1,W1_present=13,W2_present=13,Wm1=5.022957e-05,Wm2=0.000000e+00,reason=nonpositive_means
SLOPE2_DIAG,EnrollmentDate=2021_13,YoB=1970,Dose=2,W1_present=13,W2_present=13,Wm1=2.627073e-05,Wm2=0.000000e+00,reason=nonpositive_means
SLOPE2_DIAG,EnrollmentDate=2021_13,YoB=1980,Dose=0,W1_present=13,W2_present=13,Wm1=1.923963e-05,Wm2=0.000000e+00,reason=nonpositive_means
SLOPE2_DIAG,EnrollmentDate=2021_13,YoB=1980,Dose=1,W1_present=13,W2_present=13,Wm1=2.463294e-05,Wm2=0.000000e+00,reason=nonpositive_means
SLOPE2_DIAG,EnrollmentDate=2021_13,YoB=1980,Dose=2,W1_present=13,W2_present=13,Wm1=2.253316e-05,Wm2=0.000000e+00,reason=nonpositive_means
SLOPE2_DIAG,EnrollmentDate=2021_13,YoB=1990,Dose=0,W1_present=13,W2_present=13,Wm1=1.091288e-05,Wm2=0.000000e+00,reason=nonpositive_means
SLOPE2_DIAG,EnrollmentDate=2021_13,YoB=1990,Dose=1,W1_present=13,W2_present=13,Wm1=1.129201e-05,Wm2=0.000000e+00,reason=nonpositive_means
SLOPE2_DIAG,EnrollmentDate=2021_13,YoB=1990,Dose=2,W1_present=13,W2_present=13,Wm1=2.925264e-05,Wm2=0.000000e+00,reason=nonpositive_means
SLOPE2_DIAG,EnrollmentDate=2021_13,YoB=2000,Dose=0,W1_present=13,W2_present=13,Wm1=5.553042e-06,Wm2=0.000000e+00,reason=nonpositive_means
SLOPE2_DIAG,EnrollmentDate=2021_13,YoB=2000,Dose=1,W1_present=13,W2_present=13,Wm1=2.443942e-05,Wm2=0.000000e+00,reason=nonpositive_means
SLOPE2_DIAG,EnrollmentDate=2021_13,YoB=2000,Dose=2,W1_present=13,W2_present=13,Wm1=0.000000e+00,Wm2=0.000000e+00,reason=nonpositive_means
SLOPE2_ALL_ZERO,EnrollmentDate=2021_13,W1=2022-24..2022-36,W2=2023-24..2023-36 — no valid slope2 signal (check data coverage in those windows)
