Monte Carlo mode: Processing only 2021-24 enrollment with 25 iterations
  Using 8 parallel processes
  Max dose group: 2
  Birth-year range: 1940-1949
  Include aggregate rows: False
Loading dataset YAML config: /mnt/c/Users/stk/Documents/GitHub/KCOR/data/Czech/Czech.yaml
✓ Loaded enrollment dates from dataset config: 2021-24
KCOR_CMR start: 2026-06-01 19:24:26
  Reading the input file: data/Czech/records.csv
Filtered out 876484 records with non-mRNA vaccines (kept 11249485 out of 12125969 records)
Total records: 11249485
Records with deaths: 492292
Records with valid WeekOfDeath: 492292
Parsing dose date columns (one time only)...
  Parsing Date_FirstDose...
  Parsing Date_SecondDose...
  Parsing Date_ThirdDose...
  Parsing Date_FourthDose...
  Parsing Date_FifthDose...
  Parsing Date_SixthDose...
Dose date parsing complete for all columns.
Converting birth years to integers (one time only)...
Birth year conversion complete.
Monte Carlo mode: Extracting master population for 2021-24 enrollment...
  Filtered YearOfBirth to 1920-2005: kept 10082779/11249275 records
  Master Monte Carlo population: 733,339 records (alive at start of enrollment week, YOB 1940-1949)
  Will perform 25 bootstrap iterations using 8 parallel processes

============================================================
Starting Monte Carlo processing with 25 iterations using 8 parallel processes
============================================================
Using temporary directory: /tmp/kcor_mc_m6qrreiz
Processing 25 iterations in parallel using 8 processes...
  Using multiprocessing with 'fork' - DataFrame accessed via copy-on-write (no pickling!)
  Using 'fork' start method - DataFrame accessed via copy-on-write (no pickling!)
[Iteration 0] Starting at 2026-06-01 19:27:34
[Iteration 1] Starting at 2026-06-01 19:27:34
[Iteration 2] Starting at 2026-06-01 19:27:34
[Iteration 2] Sampling 733339 records...
[Iteration 3] Starting at 2026-06-01 19:27:34
[Iteration 3] Sampling 733339 records...
[Iteration 0] Using full dataset without sampling (733339 records)...
[Iteration 4] Starting at 2026-06-01 19:27:34
[Iteration 4] Sampling 733339 records...
[Iteration 5] Starting at 2026-06-01 19:27:34
[Iteration 5] Sampling 733339 records...
[Iteration 1] Sampling 733339 records...
[Iteration 6] Starting at 2026-06-01 19:27:34
[Iteration 7] Starting at 2026-06-01 19:27:34
[Iteration 6] Sampling 733339 records...
[Iteration 7] Sampling 733339 records...
[Iteration 0] Processing enrollment data (input: 733339 records)...
[Iteration 0] Starting process_enrollment_data...
[Iteration 0] Computing reference dates...
[Iteration 0] Freezing cohort moves...
[Iteration 0] Assigning dose groups...
[Iteration 0] Computing population base...
[Iteration 4] Processing enrollment data (input: 733339 records)...
[Iteration 4] Starting process_enrollment_data...
[Iteration 4] Computing reference dates...
[Iteration 4] Freezing cohort moves...
[Iteration 7] Processing enrollment data (input: 733339 records)...
[Iteration 7] Starting process_enrollment_data...
[Iteration 7] Computing reference dates...
[Iteration 5] Processing enrollment data (input: 733339 records)...
[Iteration 5] Starting process_enrollment_data...
[Iteration 5] Computing reference dates...
[Iteration 6] Processing enrollment data (input: 733339 records)...
[Iteration 6] Starting process_enrollment_data...
[Iteration 6] Computing reference dates...
[Iteration 7] Freezing cohort moves...
[Iteration 5] Freezing cohort moves...
[Iteration 6] Freezing cohort moves...
[Iteration 2] Processing enrollment data (input: 733339 records)...
[Iteration 2] Starting process_enrollment_data...
[Iteration 2] Computing reference dates...
[Iteration 2] Freezing cohort moves...
[Iteration 3] Processing enrollment data (input: 733339 records)...
[Iteration 3] Starting process_enrollment_data...
[Iteration 3] Computing reference dates...
[Iteration 3] Freezing cohort moves...
[Iteration 4] Assigning dose groups...
[Iteration 6] Assigning dose groups...
[Iteration 7] Assigning dose groups...
[Iteration 5] Assigning dose groups...
[Iteration 0] Computing week range...
[Iteration 2] Assigning dose groups...
[Iteration 4] Computing population base...
[Iteration 7] Computing population base...
[Iteration 5] Computing population base...
[Iteration 6] Computing population base...
[Iteration 3] Assigning dose groups...
[Iteration 1] Processing enrollment data (input: 733339 records)...
[Iteration 1] Starting process_enrollment_data...
[Iteration 1] Computing reference dates...
[Iteration 2] Computing population base...
[Iteration 1] Freezing cohort moves...
[Iteration 3] Computing population base...
[Iteration 0] Building week list (from 2020-52 to 2024-41)...
[Iteration 0] Filtering weeks for Monte Carlo (total weeks: 199)...
[Iteration 0] Week filtering complete (post-enrollment weeks: 174)
[Iteration 0] Classifying deaths...
[Iteration 1] Assigning dose groups...
[Iteration 1] Computing population base...
[Iteration 4] Computing week range...
[Iteration 5] Computing week range...
[Iteration 6] Computing week range...
[Iteration 7] Computing week range...
[Iteration 2] Computing week range...
[Iteration 0] Aggregating deaths...
[Iteration 3] Computing week range...
[Iteration 4] Building week list (from 2020-52 to 2024-41)...
[Iteration 4] Filtering weeks for Monte Carlo (total weeks: 199)...
[Iteration 4] Week filtering complete (post-enrollment weeks: 174)
[Iteration 4] Classifying deaths...
[Iteration 5] Building week list (from 2020-52 to 2024-41)...
[Iteration 5] Filtering weeks for Monte Carlo (total weeks: 199)...
[Iteration 5] Week filtering complete (post-enrollment weeks: 174)
[Iteration 5] Classifying deaths...
[Iteration 7] Building week list (from 2020-52 to 2024-41)...
[Iteration 7] Filtering weeks for Monte Carlo (total weeks: 199)...
[Iteration 2] Building week list (from 2020-52 to 2024-41)...
[Iteration 6] Building week list (from 2020-52 to 2024-41)...
[Iteration 2] Filtering weeks for Monte Carlo (total weeks: 199)...
[Iteration 6] Filtering weeks for Monte Carlo (total weeks: 199)...
[Iteration 7] Week filtering complete (post-enrollment weeks: 174)
[Iteration 7] Classifying deaths...
[Iteration 6] Week filtering complete (post-enrollment weeks: 174)
[Iteration 2] Week filtering complete (post-enrollment weeks: 174)
[Iteration 2] Classifying deaths...
[Iteration 6] Classifying deaths...
[Iteration 3] Building week list (from 2020-52 to 2024-41)...
[Iteration 3] Filtering weeks for Monte Carlo (total weeks: 199)...
[Iteration 3] Week filtering complete (post-enrollment weeks: 174)
[Iteration 3] Classifying deaths...
[Iteration 1] Computing week range...
[Iteration 1] Building week list (from 2020-52 to 2024-41)...
[Iteration 1] Filtering weeks for Monte Carlo (total weeks: 199)...
[Iteration 1] Week filtering complete (post-enrollment weeks: 174)
[Iteration 1] Classifying deaths...
[Iteration 0] Building output grid...
[Iteration 0] Sorting output grid...
[Iteration 0] Computing Alive column...
[Iteration 0] Cleaning up columns...
[Iteration 0] Enrollment data processed (output: 1044 rows)
[Iteration 0] Aggregating results...
[Iteration 0] Writing CSV file...
[Iteration 0] Writing marker file...
[Iteration 0] Completed at 2026-06-01 19:27:37
[Iteration 4] Aggregating deaths...
[Iteration 8] Starting at 2026-06-01 19:27:37
[Iteration 8] Sampling 733339 records...
[Iteration 5] Aggregating deaths...
[Iteration 6] Aggregating deaths...
[Iteration 7] Aggregating deaths...
[Iteration 2] Aggregating deaths...
[Iteration 3] Aggregating deaths...
[Iteration 1] Aggregating deaths...
  [Iteration 0] Completed - 1/25 complete at 2026-06-01 19:27:38 (elapsed: 4.0s)
[Iteration 4] Building output grid...
[Iteration 4] Sorting output grid...
[Iteration 4] Computing Alive column...
[Iteration 4] Cleaning up columns...
[Iteration 4] Enrollment data processed (output: 1044 rows)
[Iteration 4] Aggregating results...
[Iteration 4] Writing CSV file...
[Iteration 4] Writing marker file...
[Iteration 4] Completed at 2026-06-01 19:27:38
[Iteration 7] Building output grid...
[Iteration 6] Building output grid...
[Iteration 2] Building output grid...
[Iteration 7] Sorting output grid...
[Iteration 3] Building output grid...
[Iteration 5] Building output grid...
[Iteration 7] Computing Alive column...
[Iteration 6] Sorting output grid...
[Iteration 2] Sorting output grid...
[Iteration 6] Computing Alive column...
[Iteration 2] Computing Alive column...
[Iteration 9] Starting at 2026-06-01 19:27:38
[Iteration 9] Sampling 733339 records...
[Iteration 5] Sorting output grid...
[Iteration 7] Cleaning up columns...
[Iteration 5] Computing Alive column...
[Iteration 6] Cleaning up columns...
[Iteration 3] Sorting output grid...
[Iteration 3] Computing Alive column...
[Iteration 2] Cleaning up columns...
[Iteration 1] Building output grid...
  [Iteration 4] Completed - 2/25 complete at 2026-06-01 19:27:38 (elapsed: 4.5s)
[Iteration 6] Enrollment data processed (output: 1044 rows)
[Iteration 7] Enrollment data processed (output: 1044 rows)
[Iteration 6] Aggregating results...
[Iteration 7] Aggregating results...
[Iteration 2] Enrollment data processed (output: 1044 rows)
[Iteration 2] Aggregating results...
[Iteration 5] Cleaning up columns...
[Iteration 6] Writing CSV file...
[Iteration 7] Writing CSV file...
[Iteration 3] Cleaning up columns...
[Iteration 2] Writing CSV file...
[Iteration 7] Writing marker file...
[Iteration 7] Completed at 2026-06-01 19:27:38
[Iteration 6] Writing marker file...
[Iteration 6] Completed at 2026-06-01 19:27:38
[Iteration 2] Writing marker file...
[Iteration 2] Completed at 2026-06-01 19:27:38
[Iteration 1] Sorting output grid...
[Iteration 1] Computing Alive column...
[Iteration 5] Enrollment data processed (output: 1044 rows)
[Iteration 5] Aggregating results...
[Iteration 3] Enrollment data processed (output: 1044 rows)
[Iteration 3] Aggregating results...
[Iteration 5] Writing CSV file...
[Iteration 3] Writing CSV file...
[Iteration 5] Writing marker file...
[Iteration 5] Completed at 2026-06-01 19:27:38
[Iteration 3] Writing marker file...
[Iteration 3] Completed at 2026-06-01 19:27:38
[Iteration 1] Cleaning up columns...
[Iteration 1] Enrollment data processed (output: 1044 rows)
[Iteration 1] Aggregating results...
[Iteration 10] Starting at 2026-06-01 19:27:38
[Iteration 10] Sampling 733339 records...
[Iteration 1] Writing CSV file...
[Iteration 11] Starting at 2026-06-01 19:27:38
[Iteration 11] Sampling 733339 records...
[Iteration 12] Starting at 2026-06-01 19:27:38
[Iteration 12] Sampling 733339 records...
[Iteration 8] Processing enrollment data (input: 733339 records)...
[Iteration 8] Starting process_enrollment_data...
[Iteration 8] Computing reference dates...
[Iteration 1] Writing marker file...
[Iteration 1] Completed at 2026-06-01 19:27:38
[Iteration 8] Freezing cohort moves...
[Iteration 13] Starting at 2026-06-01 19:27:39
[Iteration 13] Sampling 733339 records...
[Iteration 14] Starting at 2026-06-01 19:27:39
[Iteration 14] Sampling 733339 records...
[Iteration 15] Starting at 2026-06-01 19:27:39
[Iteration 15] Sampling 733339 records...
[Iteration 8] Assigning dose groups...
[Iteration 8] Computing population base...
  [Iteration 1] Completed - 3/25 complete at 2026-06-01 19:27:39 (elapsed: 5.0s)
  [Iteration 2] Completed - 4/25 complete at 2026-06-01 19:27:39 (elapsed: 5.0s)
  [Iteration 3] Completed - 5/25 complete at 2026-06-01 19:27:39 (elapsed: 5.0s)
  [Iteration 5] Completed - 6/25 complete at 2026-06-01 19:27:39 (elapsed: 5.0s)
  [Iteration 6] Completed - 7/25 complete at 2026-06-01 19:27:39 (elapsed: 5.0s)
  [Iteration 7] Completed - 8/25 complete at 2026-06-01 19:27:39 (elapsed: 5.0s)
[Iteration 9] Processing enrollment data (input: 733339 records)...
[Iteration 9] Starting process_enrollment_data...
[Iteration 9] Computing reference dates...
[Iteration 9] Freezing cohort moves...
[Iteration 8] Computing week range...
[Iteration 11] Processing enrollment data (input: 733339 records)...
[Iteration 11] Starting process_enrollment_data...
[Iteration 11] Computing reference dates...
[Iteration 12] Processing enrollment data (input: 733339 records)...
[Iteration 12] Starting process_enrollment_data...
[Iteration 12] Computing reference dates...
[Iteration 11] Freezing cohort moves...
[Iteration 10] Processing enrollment data (input: 733339 records)...
[Iteration 10] Starting process_enrollment_data...
[Iteration 10] Computing reference dates...
[Iteration 12] Freezing cohort moves...
[Iteration 10] Freezing cohort moves...
[Iteration 8] Building week list (from 2020-52 to 2024-41)...
[Iteration 8] Filtering weeks for Monte Carlo (total weeks: 199)...
[Iteration 8] Week filtering complete (post-enrollment weeks: 174)
[Iteration 8] Classifying deaths...
[Iteration 9] Assigning dose groups...
[Iteration 14] Processing enrollment data (input: 733339 records)...
[Iteration 14] Starting process_enrollment_data...
[Iteration 14] Computing reference dates...
[Iteration 14] Freezing cohort moves...
[Iteration 13] Processing enrollment data (input: 733339 records)...
[Iteration 13] Starting process_enrollment_data...
[Iteration 13] Computing reference dates...
[Iteration 13] Freezing cohort moves...
[Iteration 9] Computing population base...
[Iteration 12] Assigning dose groups...
[Iteration 11] Assigning dose groups...
[Iteration 10] Assigning dose groups...
[Iteration 11] Computing population base...
[Iteration 12] Computing population base...
[Iteration 10] Computing population base...
[Iteration 14] Assigning dose groups...
[Iteration 13] Assigning dose groups...
[Iteration 15] Processing enrollment data (input: 733339 records)...
[Iteration 15] Starting process_enrollment_data...
[Iteration 15] Computing reference dates...
[Iteration 15] Freezing cohort moves...
[Iteration 14] Computing population base...
[Iteration 13] Computing population base...
[Iteration 15] Assigning dose groups...
[Iteration 15] Computing population base...
[Iteration 8] Aggregating deaths...
[Iteration 9] Computing week range...
[Iteration 10] Computing week range...
[Iteration 11] Computing week range...
[Iteration 12] Computing week range...
[Iteration 9] Building week list (from 2020-52 to 2024-41)...
[Iteration 9] Filtering weeks for Monte Carlo (total weeks: 199)...
[Iteration 9] Week filtering complete (post-enrollment weeks: 174)
[Iteration 9] Classifying deaths...
[Iteration 13] Computing week range...
[Iteration 10] Building week list (from 2020-52 to 2024-41)...
[Iteration 10] Filtering weeks for Monte Carlo (total weeks: 199)...
[Iteration 10] Week filtering complete (post-enrollment weeks: 174)
[Iteration 10] Classifying deaths...
[Iteration 14] Computing week range...
[Iteration 11] Building week list (from 2020-52 to 2024-41)...
[Iteration 11] Filtering weeks for Monte Carlo (total weeks: 199)...
[Iteration 11] Week filtering complete (post-enrollment weeks: 174)
[Iteration 11] Classifying deaths...
[Iteration 12] Building week list (from 2020-52 to 2024-41)...
[Iteration 12] Filtering weeks for Monte Carlo (total weeks: 199)...
[Iteration 12] Week filtering complete (post-enrollment weeks: 174)
[Iteration 12] Classifying deaths...
[Iteration 13] Building week list (from 2020-52 to 2024-41)...
[Iteration 13] Filtering weeks for Monte Carlo (total weeks: 199)...
[Iteration 13] Week filtering complete (post-enrollment weeks: 174)
[Iteration 13] Classifying deaths...
[Iteration 14] Building week list (from 2020-52 to 2024-41)...
[Iteration 14] Filtering weeks for Monte Carlo (total weeks: 199)...
[Iteration 14] Week filtering complete (post-enrollment weeks: 174)
[Iteration 14] Classifying deaths...
[Iteration 15] Computing week range...
[Iteration 8] Building output grid...
[Iteration 8] Sorting output grid...
[Iteration 8] Computing Alive column...
[Iteration 8] Cleaning up columns...
[Iteration 15] Building week list (from 2020-52 to 2024-41)...
[Iteration 15] Filtering weeks for Monte Carlo (total weeks: 199)...
[Iteration 15] Week filtering complete (post-enrollment weeks: 174)
[Iteration 15] Classifying deaths...
[Iteration 8] Enrollment data processed (output: 1044 rows)
[Iteration 8] Aggregating results...
[Iteration 8] Writing CSV file...
[Iteration 8] Writing marker file...
[Iteration 8] Completed at 2026-06-01 19:27:41
[Iteration 16] Starting at 2026-06-01 19:27:41
[Iteration 16] Sampling 733339 records...
  [Iteration 8] Completed - 9/25 complete at 2026-06-01 19:27:41 (elapsed: 7.5s)
[Iteration 9] Aggregating deaths...
[Iteration 12] Aggregating deaths...
[Iteration 10] Aggregating deaths...
[Iteration 11] Aggregating deaths...
[Iteration 13] Aggregating deaths...
[Iteration 14] Aggregating deaths...
[Iteration 15] Aggregating deaths...
[Iteration 9] Building output grid...
[Iteration 9] Sorting output grid...
[Iteration 9] Computing Alive column...
[Iteration 16] Processing enrollment data (input: 733339 records)...
[Iteration 16] Starting process_enrollment_data...
[Iteration 16] Computing reference dates...
[Iteration 16] Freezing cohort moves...
[Iteration 9] Cleaning up columns...
[Iteration 11] Building output grid...
[Iteration 12] Building output grid...
[Iteration 9] Enrollment data processed (output: 1044 rows)
[Iteration 9] Aggregating results...
[Iteration 9] Writing CSV file...
[Iteration 12] Sorting output grid...
[Iteration 11] Sorting output grid...
[Iteration 9] Writing marker file...
[Iteration 12] Computing Alive column...
[Iteration 11] Computing Alive column...
[Iteration 9] Completed at 2026-06-01 19:27:42
[Iteration 10] Building output grid...
[Iteration 10] Sorting output grid...
[Iteration 10] Computing Alive column...
[Iteration 12] Cleaning up columns...
[Iteration 11] Cleaning up columns...
[Iteration 14] Building output grid...
[Iteration 13] Building output grid...
[Iteration 14] Sorting output grid...
[Iteration 14] Computing Alive column...
[Iteration 16] Assigning dose groups...
[Iteration 10] Cleaning up columns...
[Iteration 12] Enrollment data processed (output: 1044 rows)
[Iteration 12] Aggregating results...
[Iteration 17] Starting at 2026-06-01 19:27:42
[Iteration 11] Enrollment data processed (output: 1044 rows)
[Iteration 17] Sampling 733339 records...
[Iteration 11] Aggregating results...
[Iteration 12] Writing CSV file...
[Iteration 13] Sorting output grid...
[Iteration 12] Writing marker file...
[Iteration 12] Completed at 2026-06-01 19:27:42
[Iteration 13] Computing Alive column...
[Iteration 11] Writing CSV file...
[Iteration 11] Writing marker file...
[Iteration 11] Completed at 2026-06-01 19:27:42
[Iteration 10] Enrollment data processed (output: 1044 rows)
[Iteration 10] Aggregating results...
[Iteration 10] Writing CSV file...
[Iteration 15] Building output grid...
[Iteration 14] Cleaning up columns...
[Iteration 10] Writing marker file...
[Iteration 10] Completed at 2026-06-01 19:27:42
[Iteration 16] Computing population base...
[Iteration 15] Sorting output grid...
[Iteration 15] Computing Alive column...
[Iteration 13] Cleaning up columns...
[Iteration 14] Enrollment data processed (output: 1044 rows)
[Iteration 14] Aggregating results...
[Iteration 14] Writing CSV file...
[Iteration 14] Writing marker file...
[Iteration 14] Completed at 2026-06-01 19:27:42
  [Iteration 9] Completed - 10/25 complete at 2026-06-01 19:27:42 (elapsed: 8.5s)
[Iteration 13] Enrollment data processed (output: 1044 rows)
[Iteration 13] Aggregating results...
[Iteration 15] Cleaning up columns...
[Iteration 18] Starting at 2026-06-01 19:27:42
[Iteration 18] Sampling 733339 records...
[Iteration 13] Writing CSV file...
[Iteration 19] Starting at 2026-06-01 19:27:42
[Iteration 19] Sampling 733339 records...
[Iteration 13] Writing marker file...
[Iteration 13] Completed at 2026-06-01 19:27:42
[Iteration 15] Enrollment data processed (output: 1044 rows)
[Iteration 15] Aggregating results...
[Iteration 20] Starting at 2026-06-01 19:27:42
[Iteration 20] Sampling 733339 records...
[Iteration 15] Writing CSV file...
[Iteration 15] Writing marker file...
[Iteration 15] Completed at 2026-06-01 19:27:42
[Iteration 21] Starting at 2026-06-01 19:27:42
[Iteration 21] Sampling 733339 records...
[Iteration 22] Starting at 2026-06-01 19:27:42
[Iteration 22] Sampling 733339 records...
[Iteration 23] Starting at 2026-06-01 19:27:43
[Iteration 23] Sampling 733339 records...
  [Iteration 10] Completed - 11/25 complete at 2026-06-01 19:27:43 (elapsed: 9.0s)
  [Iteration 11] Completed - 12/25 complete at 2026-06-01 19:27:43 (elapsed: 9.0s)
  [Iteration 12] Completed - 13/25 complete at 2026-06-01 19:27:43 (elapsed: 9.0s)
  [Iteration 13] Completed - 14/25 complete at 2026-06-01 19:27:43 (elapsed: 9.0s)
  [Iteration 14] Completed - 15/25 complete at 2026-06-01 19:27:43 (elapsed: 9.0s)
  [Iteration 15] Completed - 16/25 complete at 2026-06-01 19:27:43 (elapsed: 9.0s)
[Iteration 16] Computing week range...
[Iteration 16] Building week list (from 2020-52 to 2024-41)...
[Iteration 16] Filtering weeks for Monte Carlo (total weeks: 199)...
[Iteration 16] Week filtering complete (post-enrollment weeks: 174)
[Iteration 16] Classifying deaths...
[Iteration 17] Processing enrollment data (input: 733339 records)...
[Iteration 17] Starting process_enrollment_data...
[Iteration 17] Computing reference dates...
[Iteration 17] Freezing cohort moves...
[Iteration 19] Processing enrollment data (input: 733339 records)...
[Iteration 19] Starting process_enrollment_data...
[Iteration 19] Computing reference dates...
[Iteration 19] Freezing cohort moves...
[Iteration 18] Processing enrollment data (input: 733339 records)...
[Iteration 18] Starting process_enrollment_data...
[Iteration 18] Computing reference dates...
[Iteration 18] Freezing cohort moves...
[Iteration 17] Assigning dose groups...
[Iteration 20] Processing enrollment data (input: 733339 records)...
[Iteration 20] Starting process_enrollment_data...
[Iteration 20] Computing reference dates...
[Iteration 20] Freezing cohort moves...
[Iteration 21] Processing enrollment data (input: 733339 records)...
[Iteration 21] Starting process_enrollment_data...
[Iteration 21] Computing reference dates...
[Iteration 21] Freezing cohort moves...
[Iteration 17] Computing population base...
[Iteration 22] Processing enrollment data (input: 733339 records)...
[Iteration 22] Starting process_enrollment_data...
[Iteration 22] Computing reference dates...
[Iteration 22] Freezing cohort moves...
[Iteration 23] Processing enrollment data (input: 733339 records)...
[Iteration 23] Starting process_enrollment_data...
[Iteration 23] Computing reference dates...
[Iteration 23] Freezing cohort moves...
[Iteration 19] Assigning dose groups...
[Iteration 18] Assigning dose groups...
[Iteration 16] Aggregating deaths...
[Iteration 19] Computing population base...
[Iteration 20] Assigning dose groups...
[Iteration 21] Assigning dose groups...
[Iteration 18] Computing population base...
[Iteration 20] Computing population base...
[Iteration 22] Assigning dose groups...
[Iteration 23] Assigning dose groups...
[Iteration 21] Computing population base...
[Iteration 22] Computing population base...
[Iteration 23] Computing population base...
[Iteration 17] Computing week range...
[Iteration 16] Building output grid...
[Iteration 19] Computing week range...
[Iteration 16] Sorting output grid...
[Iteration 16] Computing Alive column...
[Iteration 18] Computing week range...
[Iteration 20] Computing week range...
[Iteration 16] Cleaning up columns...
[Iteration 17] Building week list (from 2020-52 to 2024-41)...
[Iteration 17] Filtering weeks for Monte Carlo (total weeks: 199)...
[Iteration 17] Week filtering complete (post-enrollment weeks: 174)
[Iteration 17] Classifying deaths...
[Iteration 16] Enrollment data processed (output: 1044 rows)
[Iteration 16] Aggregating results...
[Iteration 21] Computing week range...
[Iteration 16] Writing CSV file...
[Iteration 16] Writing marker file...
[Iteration 16] Completed at 2026-06-01 19:27:45
[Iteration 19] Building week list (from 2020-52 to 2024-41)...
[Iteration 19] Filtering weeks for Monte Carlo (total weeks: 199)...
[Iteration 19] Week filtering complete (post-enrollment weeks: 174)
[Iteration 19] Classifying deaths...
[Iteration 22] Computing week range...
[Iteration 18] Building week list (from 2020-52 to 2024-41)...
[Iteration 18] Filtering weeks for Monte Carlo (total weeks: 199)...
[Iteration 18] Week filtering complete (post-enrollment weeks: 174)
[Iteration 18] Classifying deaths...
[Iteration 23] Computing week range...
[Iteration 20] Building week list (from 2020-52 to 2024-41)...
[Iteration 20] Filtering weeks for Monte Carlo (total weeks: 199)...
[Iteration 20] Week filtering complete (post-enrollment weeks: 174)
[Iteration 20] Classifying deaths...
[Iteration 21] Building week list (from 2020-52 to 2024-41)...
[Iteration 21] Filtering weeks for Monte Carlo (total weeks: 199)...
[Iteration 21] Week filtering complete (post-enrollment weeks: 174)
[Iteration 21] Classifying deaths...
[Iteration 24] Starting at 2026-06-01 19:27:45
[Iteration 24] Sampling 733339 records...
[Iteration 22] Building week list (from 2020-52 to 2024-41)...
[Iteration 22] Filtering weeks for Monte Carlo (total weeks: 199)...
[Iteration 22] Week filtering complete (post-enrollment weeks: 174)
[Iteration 22] Classifying deaths...
  [Iteration 16] Completed - 17/25 complete at 2026-06-01 19:27:45 (elapsed: 11.0s)
[Iteration 23] Building week list (from 2020-52 to 2024-41)...
[Iteration 23] Filtering weeks for Monte Carlo (total weeks: 199)...
[Iteration 23] Week filtering complete (post-enrollment weeks: 174)
[Iteration 23] Classifying deaths...
[Iteration 17] Aggregating deaths...
[Iteration 18] Aggregating deaths...
[Iteration 19] Aggregating deaths...
[Iteration 20] Aggregating deaths...
[Iteration 24] Processing enrollment data (input: 733339 records)...
[Iteration 24] Starting process_enrollment_data...
[Iteration 24] Computing reference dates...
[Iteration 24] Freezing cohort moves...
[Iteration 22] Aggregating deaths...
[Iteration 21] Aggregating deaths...
[Iteration 23] Aggregating deaths...
[Iteration 24] Assigning dose groups...
[Iteration 24] Computing population base...
[Iteration 17] Building output grid...
[Iteration 17] Sorting output grid...
[Iteration 17] Computing Alive column...
[Iteration 17] Cleaning up columns...
[Iteration 17] Enrollment data processed (output: 1044 rows)
[Iteration 17] Aggregating results...
[Iteration 17] Writing CSV file...
[Iteration 17] Writing marker file...
[Iteration 17] Completed at 2026-06-01 19:27:46
[Iteration 18] Building output grid...
[Iteration 18] Sorting output grid...
[Iteration 20] Building output grid...
[Iteration 18] Computing Alive column...
[Iteration 19] Building output grid...
[Iteration 20] Sorting output grid...
[Iteration 20] Computing Alive column...
[Iteration 19] Sorting output grid...
[Iteration 19] Computing Alive column...
[Iteration 18] Cleaning up columns...
[Iteration 20] Cleaning up columns...
[Iteration 18] Enrollment data processed (output: 1044 rows)
[Iteration 18] Aggregating results...
[Iteration 19] Cleaning up columns...
[Iteration 18] Writing CSV file...
[Iteration 18] Writing marker file...
[Iteration 18] Completed at 2026-06-01 19:27:46
[Iteration 20] Enrollment data processed (output: 1044 rows)
[Iteration 20] Aggregating results...
[Iteration 20] Writing CSV file...
[Iteration 22] Building output grid...
[Iteration 20] Writing marker file...
[Iteration 20] Completed at 2026-06-01 19:27:46
[Iteration 19] Enrollment data processed (output: 1044 rows)
[Iteration 19] Aggregating results...
[Iteration 19] Writing CSV file...
[Iteration 19] Writing marker file...
[Iteration 19] Completed at 2026-06-01 19:27:46
[Iteration 23] Building output grid...
[Iteration 22] Sorting output grid...
[Iteration 22] Computing Alive column...
[Iteration 23] Sorting output grid...
[Iteration 23] Computing Alive column...
[Iteration 21] Building output grid...
[Iteration 21] Sorting output grid...
[Iteration 21] Computing Alive column...
[Iteration 22] Cleaning up columns...
[Iteration 24] Computing week range...
[Iteration 23] Cleaning up columns...
[Iteration 22] Enrollment data processed (output: 1044 rows)
[Iteration 22] Aggregating results...
[Iteration 21] Cleaning up columns...
[Iteration 23] Enrollment data processed (output: 1044 rows)
[Iteration 23] Aggregating results...
[Iteration 22] Writing CSV file...
[Iteration 23] Writing CSV file...
[Iteration 22] Writing marker file...
[Iteration 22] Completed at 2026-06-01 19:27:46
[Iteration 23] Writing marker file...
[Iteration 23] Completed at 2026-06-01 19:27:46
[Iteration 21] Enrollment data processed (output: 1044 rows)
[Iteration 21] Aggregating results...
[Iteration 21] Writing CSV file...
[Iteration 21] Writing marker file...
[Iteration 21] Completed at 2026-06-01 19:27:46
[Iteration 24] Building week list (from 2020-52 to 2024-41)...
[Iteration 24] Filtering weeks for Monte Carlo (total weeks: 199)...
[Iteration 24] Week filtering complete (post-enrollment weeks: 174)
[Iteration 24] Classifying deaths...
  [Iteration 17] Completed - 18/25 complete at 2026-06-01 19:27:46 (elapsed: 12.5s)
  [Iteration 18] Completed - 19/25 complete at 2026-06-01 19:27:46 (elapsed: 12.5s)
  [Iteration 19] Completed - 20/25 complete at 2026-06-01 19:27:46 (elapsed: 12.5s)
  [Iteration 20] Completed - 21/25 complete at 2026-06-01 19:27:46 (elapsed: 12.5s)
  [Iteration 21] Completed - 22/25 complete at 2026-06-01 19:27:46 (elapsed: 12.5s)
  [Iteration 22] Completed - 23/25 complete at 2026-06-01 19:27:46 (elapsed: 12.5s)
  [Iteration 23] Completed - 24/25 complete at 2026-06-01 19:27:46 (elapsed: 12.5s)
[Iteration 24] Aggregating deaths...
[Iteration 24] Building output grid...
[Iteration 24] Sorting output grid...
[Iteration 24] Computing Alive column...
[Iteration 24] Cleaning up columns...
[Iteration 24] Enrollment data processed (output: 1044 rows)
[Iteration 24] Aggregating results...
[Iteration 24] Writing CSV file...
[Iteration 24] Writing marker file...
[Iteration 24] Completed at 2026-06-01 19:27:47
  [Iteration 24] Completed - 25/25 complete at 2026-06-01 19:27:47 (elapsed: 13.5s)

Completed all 25 iterations in 13.6 seconds (0.54 seconds per iteration)

Combining all iterations into single sheet...
  Loaded iteration 0 (1044 rows)
  Loaded iteration 1 (1044 rows)
  Loaded iteration 2 (1044 rows)
  Loaded iteration 3 (1044 rows)
  Loaded iteration 4 (1044 rows)
  Loaded iteration 5 (1044 rows)
  Loaded iteration 6 (1044 rows)
  Loaded iteration 7 (1044 rows)
  Loaded iteration 8 (1044 rows)
  Loaded iteration 9 (1044 rows)
  Loaded iteration 10 (1044 rows)
  Loaded iteration 11 (1044 rows)
  Loaded iteration 12 (1044 rows)
  Loaded iteration 13 (1044 rows)
  Loaded iteration 14 (1044 rows)
  Loaded iteration 15 (1044 rows)
  Loaded iteration 16 (1044 rows)
  Loaded iteration 17 (1044 rows)
  Loaded iteration 18 (1044 rows)
  Loaded iteration 19 (1044 rows)
  Loaded iteration 20 (1044 rows)
  Loaded iteration 21 (1044 rows)
  Loaded iteration 22 (1044 rows)
  Loaded iteration 23 (1044 rows)
  Loaded iteration 24 (1044 rows)
  Combined total: 26100 rows from 25 iterations
  Wrote all iterations to sheet '2021_24' (26100 rows)

============================================================
Monte Carlo processing complete!
============================================================
Wrote all 25 Monte Carlo iterations to data/Czech/KCOR_CMR_MC_audit_25.xlsx
