================================================================================
KCOR v7.6 - Kirsch Cumulative Outcomes Ratio Analysis
================================================================================
Analysis Date: 2026-06-01 19:27:51
Mode: Monte Carlo Audit n=25 (Monte Carlo)
Input File: data/Czech/KCOR_CMR_MC_audit_25.xlsx
Output File: data/Czech/KCOR_MC_audit_25.xlsx
Log File: data/Czech/KCOR_MC_audit_25_summary.log
[DEBUG] Loaded dose pairs config from /mnt/c/Users/stk/Documents/GitHub/KCOR/data/Czech/Czech.yaml
[DEBUG] Loaded NPH_correction config from /mnt/c/Users/stk/Documents/GitHub/KCOR/data/Czech/Czech.yaml
[DEBUG] Loaded 4 theta estimation window(s) from /mnt/c/Users/stk/Documents/GitHub/KCOR/data/Czech/Czech.yaml
[DEBUG] Loaded Gompertz theta fit config from /mnt/c/Users/stk/Documents/GitHub/KCOR/data/Czech/Czech.yaml: {'gamma_per_year': 0.085, 'k_anchor_weeks': 4, 'gamma_per_week': 0.0016346153846153847, 'k_anchor_tolerance': 0.2, 'convergence_tol': 1e-08, 'max_iterations': 25}
--------------------------------------------------------------------------------
Configuration Parameters (effective):
  KCOR_NORMALIZATION_WEEKS = 4
  DYNAMIC_HVE_SKIP_WEEKS = 2
  AGE_RANGE             = 10
  YEAR_RANGE            = (1920, 2009)
  ENROLLMENT_DATES      = None
  MC_ENROLLMENT_DATE    = 2021_24
  MC_YOB_RANGE          = 1940-1949
  MC_YOB_BUCKETS        = [1940]
  MC_INCLUDE_AGGREGATES = False
  DEBUG_VERBOSE         = True
  OVERRIDE_DOSE_PAIRS   = None
  OVERRIDE_YOBS         = None
  Reporting date calculation: 1 year from enrollment date
  NEGATIVE_CONTROL_MODE = 0
  THETA_ESTIMATION_WINDOWS = 2023-19..2023-40 (2023 post COVID); 2022-22..2022-25 (post booster); 2021-26..2021-36 (post primary); 2024-11..2024-14 (post 2024)
  THETA_IDENTIFIABILITY = min_quiet_deaths=30, theta0_max=100.0, action=set_zero
  GOMPERTZ_THETA_FIT     = gamma=0.085/yr, k_anchor_weeks=4, convergence_tol=1e-08, max_iterations=25, gamma_per_week=0.00163462
  NPH_CORRECTION        = 2021-41..2022-12, forced_alpha sensitivity=1.180, neutralization=symmetric_all_cohorts
  NORMALIZATION_METHOD  = KCOR7 (gamma-frailty inversion)
================================================================================

[INFO] Monte Carlo mode: Found 1 enrollment date sheet(s): ['2021_24']
[DEBUG] Limiting to age range: 1920-2009
[DEBUG] Limiting to enrollment dates: [2021_24] (processing 1 enrollment date sheet(s))
[Info] Processing sheet: 2021_24
[DEBUG] Input data for sheet 2021_24:
  Columns: ['ISOweekDied', 'YearOfBirth', 'Dose', 'DateDied', 'Dead', 'Alive', 'mc_id']
  Rows: 26100
  mc_id column: 26100/26100 non-NaN, unique values: [0, 1, 2, 3, 4, 5, 6, 7, 8, 9, 10, 11, 12, 13, 14, 15, 16, 17, 18, 19, 20, 21, 22, 23, 24]
  mc_id range: 0 to 24
[INFO] Processing 25 Monte Carlo iteration(s): [0, 1, 2, 3, 4, 5, 6, 7, 8, 9, 10, 11, 12, 13, 14, 15, 16, 17, 18, 19, 20, 21, 22, 23, 24]
  Alive column: 26100/26100 non-NaN, 26100/26100 > 0
  Alive range: 20439 to 300344
  Dead column: 26100/26100 non-NaN, range: 0 to 296
  ISOweekDied sample: ['2021-24', '2021-24', '2021-24']
[DEBUG] Monte Carlo mode: Filtered to YOB 1940-1949 (aggregates=False): 26100 rows
[DEBUG] Monte Carlo mode: Using enrollment date 06/14/2021 (2021-24) for iteration 2021_24
[DEBUG] Filtered to start from enrollment date: 26100 rows
[DEBUG] Monte Carlo mode: Filtered to doses [0, 1, 2] (max dose 2): 26100 rows
[DEBUG] Monte Carlo mode: Filtered to YOB buckets [1940] (aggregates=False): 26100 rows
[DEBUG] Sample ISOweekDied values: ['2021-24', '2021-24', '2021-24', '2021-24', '2021-24']
[DEBUG] Sample parsed ISO int values: [202124.0, 202124.0, 202124.0, 202124.0, 202124.0]
[DEBUG] Quiet window: 2023-01 (202301) to 2023-52 (202352)
[DEBUG] Valid ISO int values: 13050/13050
[DEBUG] ISO int range in data: 202124 to 202441
enroll | iter | YoB | dose | theta | k | relRMSE | bins
----------------------------------------------------------------------
2021_24 | 0 | 1940 | 0 | 0.000000e+00 | nan | nan | 41
2021_24 | 1 | 1940 | 0 | 0.000000e+00 | nan | nan | 41
[KCOR7_INSUFFICIENT_SIGNAL] enroll=2021_24, yob=1940, dose=0
2021_24 | 2 | 1940 | 0 | 0.000000e+00 | 1.844205e-03 | nan | 42
[KCOR7_INSUFFICIENT_SIGNAL] enroll=2021_24, yob=1940, dose=0
2021_24 | 3 | 1940 | 0 | 0.000000e+00 | 1.691736e-03 | nan | 42
[KCOR7_INSUFFICIENT_SIGNAL] enroll=2021_24, yob=1940, dose=0
2021_24 | 4 | 1940 | 0 | 0.000000e+00 | 1.775377e-03 | nan | 42
[KCOR7_INSUFFICIENT_SIGNAL] enroll=2021_24, yob=1940, dose=0
2021_24 | 5 | 1940 | 0 | 0.000000e+00 | 1.825887e-03 | nan | 42
2021_24 | 6 | 1940 | 0 | 0.000000e+00 | nan | nan | 41
2021_24 | 7 | 1940 | 0 | 0.000000e+00 | nan | nan | 41
2021_24 | 8 | 1940 | 0 | 0.000000e+00 | nan | nan | 41
2021_24 | 9 | 1940 | 0 | 0.000000e+00 | nan | nan | 41
2021_24 | 10 | 1940 | 0 | 0.000000e+00 | nan | nan | 41
2021_24 | 11 | 1940 | 0 | 0.000000e+00 | nan | nan | 41
2021_24 | 12 | 1940 | 0 | 0.000000e+00 | nan | nan | 41
2021_24 | 13 | 1940 | 0 | 0.000000e+00 | nan | nan | 41
2021_24 | 14 | 1940 | 0 | 0.000000e+00 | nan | nan | 41
2021_24 | 15 | 1940 | 0 | 0.000000e+00 | nan | nan | 41
2021_24 | 16 | 1940 | 0 | 0.000000e+00 | nan | nan | 41
2021_24 | 17 | 1940 | 0 | 0.000000e+00 | nan | nan | 41
2021_24 | 18 | 1940 | 0 | 0.000000e+00 | nan | nan | 41
2021_24 | 19 | 1940 | 0 | 0.000000e+00 | nan | nan | 41
2021_24 | 20 | 1940 | 0 | 0.000000e+00 | nan | nan | 41
2021_24 | 21 | 1940 | 0 | 0.000000e+00 | nan | nan | 41
2021_24 | 22 | 1940 | 0 | 0.000000e+00 | nan | nan | 41
2021_24 | 23 | 1940 | 0 | 0.000000e+00 | nan | nan | 41
2021_24 | 24 | 1940 | 0 | 0.000000e+00 | nan | nan | 41
2021_24 | 0 | 1940 | 1 | 0.000000e+00 | nan | nan | 41
2021_24 | 1 | 1940 | 1 | 0.000000e+00 | nan | nan | 41
[KCOR7_INSUFFICIENT_SIGNAL] enroll=2021_24, yob=1940, dose=1
2021_24 | 2 | 1940 | 1 | 0.000000e+00 | 5.012531e-04 | nan | 42
[KCOR7_INSUFFICIENT_SIGNAL] enroll=2021_24, yob=1940, dose=1
2021_24 | 3 | 1940 | 1 | 0.000000e+00 | 5.564737e-04 | nan | 42
[KCOR7_INSUFFICIENT_SIGNAL] enroll=2021_24, yob=1940, dose=1
2021_24 | 4 | 1940 | 1 | 0.000000e+00 | 5.941244e-04 | nan | 42
[KCOR7_INSUFFICIENT_SIGNAL] enroll=2021_24, yob=1940, dose=1
2021_24 | 5 | 1940 | 1 | 0.000000e+00 | 4.851915e-04 | nan | 42
2021_24 | 6 | 1940 | 1 | 0.000000e+00 | nan | nan | 41
2021_24 | 7 | 1940 | 1 | 0.000000e+00 | nan | nan | 41
2021_24 | 8 | 1940 | 1 | 0.000000e+00 | nan | nan | 41
2021_24 | 9 | 1940 | 1 | 0.000000e+00 | nan | nan | 41
2021_24 | 10 | 1940 | 1 | 0.000000e+00 | nan | nan | 41
2021_24 | 11 | 1940 | 1 | 0.000000e+00 | nan | nan | 41
2021_24 | 12 | 1940 | 1 | 0.000000e+00 | nan | nan | 41
2021_24 | 13 | 1940 | 1 | 0.000000e+00 | nan | nan | 41
2021_24 | 14 | 1940 | 1 | 0.000000e+00 | nan | nan | 41
2021_24 | 15 | 1940 | 1 | 0.000000e+00 | nan | nan | 41
2021_24 | 16 | 1940 | 1 | 0.000000e+00 | nan | nan | 41
2021_24 | 17 | 1940 | 1 | 0.000000e+00 | nan | nan | 41
2021_24 | 18 | 1940 | 1 | 0.000000e+00 | nan | nan | 41
2021_24 | 19 | 1940 | 1 | 0.000000e+00 | nan | nan | 41
2021_24 | 20 | 1940 | 1 | 0.000000e+00 | nan | nan | 41
2021_24 | 21 | 1940 | 1 | 0.000000e+00 | nan | nan | 41
2021_24 | 22 | 1940 | 1 | 0.000000e+00 | nan | nan | 41
2021_24 | 23 | 1940 | 1 | 0.000000e+00 | nan | nan | 41
2021_24 | 24 | 1940 | 1 | 0.000000e+00 | nan | nan | 41
2021_24 | 0 | 1940 | 2 | 0.000000e+00 | nan | nan | 41
2021_24 | 1 | 1940 | 2 | 0.000000e+00 | nan | nan | 41
[KCOR7_INSUFFICIENT_SIGNAL] enroll=2021_24, yob=1940, dose=2
2021_24 | 2 | 1940 | 2 | 0.000000e+00 | 3.165415e-04 | nan | 42
[KCOR7_INSUFFICIENT_SIGNAL] enroll=2021_24, yob=1940, dose=2
2021_24 | 3 | 1940 | 2 | 0.000000e+00 | 3.574839e-04 | nan | 42
[KCOR7_INSUFFICIENT_SIGNAL] enroll=2021_24, yob=1940, dose=2
2021_24 | 4 | 1940 | 2 | 0.000000e+00 | 3.766511e-04 | nan | 42
[KCOR7_INSUFFICIENT_SIGNAL] enroll=2021_24, yob=1940, dose=2
2021_24 | 5 | 1940 | 2 | 0.000000e+00 | 4.417593e-04 | nan | 42
2021_24 | 6 | 1940 | 2 | 0.000000e+00 | nan | nan | 41
2021_24 | 7 | 1940 | 2 | 0.000000e+00 | nan | nan | 41
2021_24 | 8 | 1940 | 2 | 0.000000e+00 | nan | nan | 41
2021_24 | 9 | 1940 | 2 | 0.000000e+00 | nan | nan | 41
2021_24 | 10 | 1940 | 2 | 0.000000e+00 | nan | nan | 41
2021_24 | 11 | 1940 | 2 | 0.000000e+00 | nan | nan | 41
2021_24 | 12 | 1940 | 2 | 0.000000e+00 | nan | nan | 41
2021_24 | 13 | 1940 | 2 | 0.000000e+00 | nan | nan | 41
2021_24 | 14 | 1940 | 2 | 0.000000e+00 | nan | nan | 41
2021_24 | 15 | 1940 | 2 | 0.000000e+00 | nan | nan | 41
2021_24 | 16 | 1940 | 2 | 0.000000e+00 | nan | nan | 41
2021_24 | 17 | 1940 | 2 | 0.000000e+00 | nan | nan | 41
2021_24 | 18 | 1940 | 2 | 0.000000e+00 | nan | nan | 41
2021_24 | 19 | 1940 | 2 | 0.000000e+00 | nan | nan | 41
2021_24 | 20 | 1940 | 2 | 0.000000e+00 | nan | nan | 41
2021_24 | 21 | 1940 | 2 | 0.000000e+00 | nan | nan | 41
2021_24 | 22 | 1940 | 2 | 0.000000e+00 | nan | nan | 41
2021_24 | 23 | 1940 | 2 | 0.000000e+00 | nan | nan | 41
2021_24 | 24 | 1940 | 2 | 0.000000e+00 | nan | nan | 41
[NPH_POST_INV] enroll=2021_24 yob=1940 dose=0 alpha=1.1800 k_hat=0.0018442 f_min=1.0000 f_max=1.0000 max_abs_H_change=0 wave_points=24 corrected=0 skipped_nonpos=24
[NPH_POST_INV] enroll=2021_24 yob=1940 dose=0 alpha=1.1800 k_hat=0.00169174 f_min=1.0000 f_max=1.0000 max_abs_H_change=0 wave_points=24 corrected=0 skipped_nonpos=24
[NPH_POST_INV] enroll=2021_24 yob=1940 dose=0 alpha=1.1800 k_hat=0.00177538 f_min=1.0000 f_max=1.0000 max_abs_H_change=0 wave_points=24 corrected=0 skipped_nonpos=24
[NPH_POST_INV] enroll=2021_24 yob=1940 dose=0 alpha=1.1800 k_hat=0.00182589 f_min=1.0000 f_max=1.0000 max_abs_H_change=0 wave_points=24 corrected=0 skipped_nonpos=24
[NPH_POST_INV] enroll=2021_24 yob=1940 dose=1 alpha=1.1800 k_hat=0.000501253 f_min=1.0000 f_max=1.0000 max_abs_H_change=0 wave_points=24 corrected=0 skipped_nonpos=24
[NPH_POST_INV] enroll=2021_24 yob=1940 dose=1 alpha=1.1800 k_hat=0.000556474 f_min=1.0000 f_max=1.0000 max_abs_H_change=0 wave_points=24 corrected=0 skipped_nonpos=24
[NPH_POST_INV] enroll=2021_24 yob=1940 dose=1 alpha=1.1800 k_hat=0.000594124 f_min=1.0000 f_max=1.0000 max_abs_H_change=0 wave_points=24 corrected=0 skipped_nonpos=24
[NPH_POST_INV] enroll=2021_24 yob=1940 dose=1 alpha=1.1800 k_hat=0.000485192 f_min=1.0000 f_max=1.0000 max_abs_H_change=0 wave_points=24 corrected=0 skipped_nonpos=24
[NPH_POST_INV] enroll=2021_24 yob=1940 dose=2 alpha=1.1800 k_hat=0.000316541 f_min=1.0000 f_max=1.0000 max_abs_H_change=0 wave_points=24 corrected=0 skipped_nonpos=24
[NPH_POST_INV] enroll=2021_24 yob=1940 dose=2 alpha=1.1800 k_hat=0.000357484 f_min=1.0000 f_max=1.0000 max_abs_H_change=0 wave_points=24 corrected=0 skipped_nonpos=24
[NPH_POST_INV] enroll=2021_24 yob=1940 dose=2 alpha=1.1800 k_hat=0.000376651 f_min=1.0000 f_max=1.0000 max_abs_H_change=0 wave_points=24 corrected=0 skipped_nonpos=24
[NPH_POST_INV] enroll=2021_24 yob=1940 dose=2 alpha=1.1800 k_hat=0.000441759 f_min=1.0000 f_max=1.0000 max_abs_H_change=0 wave_points=24 corrected=0 skipped_nonpos=24
[MC] Wrote iteration 2021_24 to sheet '2021_24' (13125 rows)
[MC] Wrote Monte Carlo output to data/Czech/KCOR_MC_audit_25.xlsx
[MC Summary] Creating summary with 75 data points

================================================================================
MONTE CARLO SUMMARY - KCOR VALUES AT REPORTING DATE (2021_24)
================================================================================

Dose combination: 1 vs 0 - Year 1940
------------------------------------------------------------
   Iteration         KCOR
-------------------------
           0       0.9877
           1       0.9789
           2       1.1621
           3       1.0158
           4       1.0005
           5       0.9998
           6       1.0228
           7       0.9958
           8       1.0673
           9       1.1115
          10       1.1050
          11       0.9980
          12       1.0734
          13       1.0999
          14       1.0684
          15       1.0124
          16       1.1568
          17       1.0756
          18       1.2000
          19       0.9436
          20       1.1409
          21       1.0459
          22       1.0649
          23       1.1144
          24       1.0570

Dose combination: 2 vs 0 - Year 1940
------------------------------------------------------------
   Iteration         KCOR
-------------------------
           0       1.2234
           1       1.2985
           2       1.2748
           3       1.3172
           4       1.2666
           5       1.3163
           6       1.2571
           7       1.2053
           8       1.2188
           9       1.2365
          10       1.2565
          11       1.2704
          12       1.2665
          13       1.3492
          14       1.2885
          15       1.1921
          16       1.3931
          17       1.2270
          18       1.3980
          19       1.2824
          20       1.3005
          21       1.2858
          22       1.3395
          23       1.2338
          24       1.2470

Dose combination: 2 vs 1 - Year 1940
------------------------------------------------------------
   Iteration         KCOR
-------------------------
           0       1.2386
           1       1.3264
           2       1.0970
           3       1.2966
           4       1.2660
           5       1.3166
           6       1.2290
           7       1.2104
           8       1.1419
           9       1.1124
          10       1.1372
          11       1.2730
          12       1.1799
          13       1.2266
          14       1.2060
          15       1.1774
          16       1.2043
          17       1.1407
          18       1.1649
          19       1.3591
          20       1.1399
          21       1.2294
          22       1.2578
          23       1.1072
          24       1.1797

================================================================================
SUMMARY STATISTICS
================================================================================

Dose combination: 1 vs 0 - Year 1940
------------------------------------------------------------
  Iterations: 25
  Mean KCOR:   1.0599
  Median KCOR: 1.0649
  Std Dev:     0.0652
  Min:         0.9436
  Max:         1.2000
  2.5th %ile:  0.9648
  25th %ile:   1.0005
  75th %ile:   1.1050
  97.5th %ile: 1.1773
  95% Range:   [0.9648, 1.1773]

Dose combination: 2 vs 0 - Year 1940
------------------------------------------------------------
  Iterations: 25
  Mean KCOR:   1.2778
  Median KCOR: 1.2704
  Std Dev:     0.0533
  Min:         1.1921
  Max:         1.3980
  2.5th %ile:  1.2000
  25th %ile:   1.2365
  75th %ile:   1.3005
  97.5th %ile: 1.3950
  95% Range:   [1.2000, 1.3950]

Dose combination: 2 vs 1 - Year 1940
------------------------------------------------------------
  Iterations: 25
  Mean KCOR:   1.2087
  Median KCOR: 1.2060
  Std Dev:     0.0717
  Min:         1.0970
  Max:         1.3591
  2.5th %ile:  1.1031
  25th %ile:   1.1419
  75th %ile:   1.2578
  97.5th %ile: 1.3395
  95% Range:   [1.1031, 1.3395]

================================================================================
[Summary] Creating summary file: data/Czech/KCOR_summary.xlsx
  - 2021_24: 3 dose combinations, 82 summary rows
  - theta0_status_summary: 1 enrollment rows (file=data/Czech/KCOR_summary.xlsx, sheet=theta0_status_summary)
    2021_24: any_non_ok_status=False, quality_flag=False, quality_flag_detail=
[Summary] Created summary with 1 enrollment periods
[KCOR] Completed at: 2026-06-01 19:29:46
[KCOR] Elapsed time: 0:01:54
