================================================================================
KCOR v4.4 - Kirsch Cumulative Outcomes Ratio Analysis
================================================================================
Analysis Date: 2025-09-27 12:26:26
Mode: Primary Analysis
Input File: ../data/Czech/KCOR_CMR.xlsx
Output File: ../data/Czech/KCOR.xlsx
Log File: ../data/Czech/KCOR_summary.log
--------------------------------------------------------------------------------
Configuration Parameters (effective):
  FINAL_KCOR_MIN        = 0
  FINAL_KCOR_DATE       = 4/1/24
  KCOR_NORMALIZATION_WEEK = 4
  SLOPE_ANCHOR_T        = 0
  DYNAMIC_HVE_SKIP_WEEKS = 0
  AGE_RANGE             = 10
  SLOPE_WINDOW_SIZE     = 2
  MA_TOTAL_LENGTH       = 8
  CENTERED              = True
  YEAR_RANGE            = (1920, 2009)
  ENROLLMENT_DATES      = ['2021_13', '2021_24', '2022_06', '2022_47']
  DEBUG_VERBOSE         = True
  OVERRIDE_DOSE_PAIRS   = None
  OVERRIDE_YOBS         = None
  QUIET_ANCHOR_ISO_WEEKS= ['2022-25', '2023-28', '2024-15']
  MIN_ANCHOR_GAP_WEEKS  = 26
  MIN_ANCHOR_SEPARATION_WEEKS = 39
  KCOR_REPORTING_DATE   = {'2021-13': '2022-12-31', '2021_13': '2022-12-31', '2021_24': '2022-12-31', '2022_06': '2022-12-31', '2022_47': '2023-12-31'}
================================================================================

[DEBUG] Limiting to age range: 1920-2009
[DEBUG] Limiting to enrollment dates: ['2021_13', '2021_24', '2022_06', '2022_47']
[Info] Processing sheet: 2021_13
[DEBUG] Filtered to start from enrollment date 03/29/2021: 141525 rows
[DEBUG] Filtered to 133200 rows for ages 1920-2009
[DEBUG] Filtered to doses [0, 1, 2] (max dose 2): 79920 rows
[DEBUG] Aggregated across sexes: 4995 rows
[INFO] 2021_13 dynamic anchors: t=64 (2022-06-20), t=119 (2023-07-10), Δt=55 weeks

[DEBUG] Computed slopes for sheet 2021_13:
  YoB 1920, Dose 0: slope = -0.003816
  YoB 1930, Dose 0: slope = -0.001640
  YoB 1940, Dose 0: slope = -0.000052
  YoB 1950, Dose 0: slope = 0.000548
  YoB 1960, Dose 0: slope = 0.001188
  YoB 1970, Dose 0: slope = 0.001178
  YoB 1980, Dose 0: slope = 0.001901
  YoB 1990, Dose 0: slope = 0.002549
  YoB 2000, Dose 0: slope = -0.000307
  YoB 1920, Dose 1: slope = 0.000867
  YoB 1930, Dose 1: slope = 0.000062
  YoB 1940, Dose 1: slope = 0.002133
  YoB 1950, Dose 1: slope = 0.000866
  YoB 1960, Dose 1: slope = -0.001542
  YoB 1970, Dose 1: slope = 0.005520
  YoB 1980, Dose 1: slope = 0.003619
  YoB 1990, Dose 1: slope = 0.000447
  YoB 2000, Dose 1: slope = 0.000000
  YoB 1920, Dose 2: slope = 0.002204
  YoB 1930, Dose 2: slope = 0.001480
  YoB 1940, Dose 2: slope = 0.001488
  YoB 1950, Dose 2: slope = 0.000053
  YoB 1960, Dose 2: slope = -0.004411
  YoB 1970, Dose 2: slope = 0.003127
  YoB 1980, Dose 2: slope = 0.017227
  YoB 1990, Dose 2: slope = 0.007070
  YoB 2000, Dose 2: slope = 0.000000
  YoB 1920, total slope = -0.000521  % vaxxed=58  (u,v)=(17291, 24009)
  YoB 1930, total slope = 0.000116  % vaxxed=66  (u,v)=(108468, 208980)
  YoB 1940, total slope = 0.000848  % vaxxed=43  (u,v)=(535775, 407907)
  YoB 1950, total slope = 0.000553  % vaxxed=10  (u,v)=(1146274, 124352)
  YoB 1960, total slope = 0.000788  % vaxxed=10  (u,v)=(1166254, 129324)
  YoB 1970, total slope = 0.001421  % vaxxed=8  (u,v)=(1580142, 131298)
  YoB 1980, total slope = 0.002346  % vaxxed=5  (u,v)=(1359745, 72486)
  YoB 1990, total slope = 0.002604  % vaxxed=4  (u,v)=(1112039, 44473)
  YoB 2000, total slope = -0.000305  % vaxxed=1  (u,v)=(1042593, 5337)

Note that the total slope can be a smoking gun diagnostic metric. 
Total slopes should range from .002 to -.002 for a safe vaccine.

[Info] Processing sheet: 2021_24
[DEBUG] Filtered to start from enrollment date 06/14/2021: 133110 rows
[DEBUG] Filtered to 125280 rows for ages 1920-2009
[DEBUG] Filtered to doses [0, 1, 2] (max dose 2): 75168 rows
[DEBUG] Aggregated across sexes: 4698 rows
[INFO] 2021_24 dynamic anchors: t=53 (2022-06-20), t=108 (2023-07-10), Δt=55 weeks

[DEBUG] Computed slopes for sheet 2021_24:
  YoB 1920, Dose 0: slope = -0.003878
  YoB 1930, Dose 0: slope = -0.002502
  YoB 1940, Dose 0: slope = -0.002040
  YoB 1950, Dose 0: slope = -0.000723
  YoB 1960, Dose 0: slope = -0.000469
  YoB 1970, Dose 0: slope = -0.000085
  YoB 1980, Dose 0: slope = 0.000405
  YoB 1990, Dose 0: slope = 0.002004
  YoB 2000, Dose 0: slope = -0.001467
  YoB 1920, Dose 1: slope = -0.003542
  YoB 1930, Dose 1: slope = -0.000762
  YoB 1940, Dose 1: slope = 0.001182
  YoB 1950, Dose 1: slope = 0.001658
  YoB 1960, Dose 1: slope = 0.003468
  YoB 1970, Dose 1: slope = 0.003555
  YoB 1980, Dose 1: slope = 0.008535
  YoB 1990, Dose 1: slope = 0.004422
  YoB 2000, Dose 1: slope = 0.016821
  YoB 1920, Dose 2: slope = 0.001551
  YoB 1930, Dose 2: slope = 0.001003
  YoB 1940, Dose 2: slope = 0.001955
  YoB 1950, Dose 2: slope = 0.000978
  YoB 1960, Dose 2: slope = 0.000286
  YoB 1970, Dose 2: slope = 0.003173
  YoB 1980, Dose 2: slope = 0.006615
  YoB 1990, Dose 2: slope = 0.004360
  YoB 2000, Dose 2: slope = 0.000000
  YoB 1920, total slope = -0.000480  % vaxxed=71  (u,v)=(11340, 27811)
  YoB 1930, total slope = 0.000152  % vaxxed=81  (u,v)=(59085, 251361)
  YoB 1940, total slope = 0.001088  % vaxxed=82  (u,v)=(169274, 766292)
  YoB 1950, total slope = 0.000779  % vaxxed=75  (u,v)=(316378, 949449)
  YoB 1960, total slope = 0.001405  % vaxxed=63  (u,v)=(475613, 818224)
  YoB 1970, total slope = 0.001884  % vaxxed=55  (u,v)=(761808, 948849)
  YoB 1980, total slope = 0.003263  % vaxxed=37  (u,v)=(899514, 532469)
  YoB 1990, total slope = 0.002457  % vaxxed=19  (u,v)=(937986, 218424)
  YoB 2000, total slope = -0.000754  % vaxxed=5  (u,v)=(997230, 50679)

Note that the total slope can be a smoking gun diagnostic metric. 
Total slopes should range from .002 to -.002 for a safe vaccine.

[Info] Processing sheet: 2022_06
[DEBUG] Filtered to start from enrollment date 02/07/2022: 107100 rows
[DEBUG] Filtered to 100800 rows for ages 1920-2009
[DEBUG] Filtered to doses [0, 1, 2, 3] (max dose 3): 80640 rows
[DEBUG] Aggregated across sexes: 5040 rows
[INFO] 2022_06 dynamic anchors: t=74 (2023-07-10), t=113 (2024-04-08), Δt=39 weeks

[DEBUG] Computed slopes for sheet 2022_06:
  YoB 1920, Dose 0: slope = 0.003418
  YoB 1930, Dose 0: slope = 0.000683
  YoB 1940, Dose 0: slope = -0.000326
  YoB 1950, Dose 0: slope = 0.000017
  YoB 1960, Dose 0: slope = -0.001764
  YoB 1970, Dose 0: slope = -0.002412
  YoB 1980, Dose 0: slope = -0.003539
  YoB 1990, Dose 0: slope = -0.003980
  YoB 2000, Dose 0: slope = 0.000368
  YoB 1920, Dose 1: slope = 0.001725
  YoB 1930, Dose 1: slope = 0.000327
  YoB 1940, Dose 1: slope = 0.004021
  YoB 1950, Dose 1: slope = -0.000856
  YoB 1960, Dose 1: slope = -0.003085
  YoB 1970, Dose 1: slope = 0.009618
  YoB 1980, Dose 1: slope = 0.010966
  YoB 1990, Dose 1: slope = 0.020415
  YoB 2000, Dose 1: slope = -0.007104
  YoB 1920, Dose 2: slope = -0.002159
  YoB 1930, Dose 2: slope = 0.001089
  YoB 1940, Dose 2: slope = 0.000410
  YoB 1950, Dose 2: slope = -0.003880
  YoB 1960, Dose 2: slope = 0.000975
  YoB 1970, Dose 2: slope = -0.000183
  YoB 1980, Dose 2: slope = -0.002014
  YoB 1990, Dose 2: slope = -0.011207
  YoB 2000, Dose 2: slope = -0.006542
  YoB 1920, Dose 3: slope = 0.000279
  YoB 1930, Dose 3: slope = 0.002997
  YoB 1940, Dose 3: slope = 0.002120
  YoB 1950, Dose 3: slope = 0.001105
  YoB 1960, Dose 3: slope = 0.001094
  YoB 1970, Dose 3: slope = -0.003568
  YoB 1980, Dose 3: slope = -0.008418
  YoB 1990, Dose 3: slope = -0.008658
  YoB 2000, Dose 3: slope = -0.042568
  YoB 1920, total slope = 0.000701  % vaxxed=79  (u,v)=(6742, 25271)
  YoB 1930, total slope = 0.002425  % vaxxed=88  (u,v)=(35371, 252148)
  YoB 1940, total slope = 0.001757  % vaxxed=90  (u,v)=(93174, 817874)
  YoB 1950, total slope = 0.000204  % vaxxed=86  (u,v)=(169821, 1081798)
  YoB 1960, total slope = 0.000245  % vaxxed=79  (u,v)=(266299, 1022121)
  YoB 1970, total slope = -0.001536  % vaxxed=76  (u,v)=(418011, 1290099)
  YoB 1980, total slope = -0.003395  % vaxxed=68  (u,v)=(463431, 967590)
  YoB 1990, total slope = -0.005646  % vaxxed=65  (u,v)=(406232, 749799)
  YoB 2000, total slope = -0.006910  % vaxxed=59  (u,v)=(433934, 613790)

Note that the total slope can be a smoking gun diagnostic metric. 
Total slopes should range from .002 to -.002 for a safe vaccine.

[Info] Processing sheet: 2022_47
[DEBUG] Filtered to start from enrollment date 11/21/2022: 75735 rows
[DEBUG] Filtered to 71280 rows for ages 1920-2009
[DEBUG] Filtered to doses [0, 1, 2, 3, 4] (max dose 4): 71280 rows
[DEBUG] Aggregated across sexes: 4455 rows
[INFO] 2022_47 dynamic anchors: t=33 (2023-07-10), t=72 (2024-04-08), Δt=39 weeks

[DEBUG] Computed slopes for sheet 2022_47:
  YoB 1920, Dose 0: slope = 0.003529
  YoB 1930, Dose 0: slope = 0.001027
  YoB 1940, Dose 0: slope = -0.000325
  YoB 1950, Dose 0: slope = 0.000031
  YoB 1960, Dose 0: slope = -0.001875
  YoB 1970, Dose 0: slope = -0.002263
  YoB 1980, Dose 0: slope = -0.003352
  YoB 1990, Dose 0: slope = -0.004510
  YoB 2000, Dose 0: slope = -0.000218
  YoB 1920, Dose 1: slope = -0.002362
  YoB 1930, Dose 1: slope = -0.000384
  YoB 1940, Dose 1: slope = 0.004375
  YoB 1950, Dose 1: slope = 0.000257
  YoB 1960, Dose 1: slope = -0.003075
  YoB 1970, Dose 1: slope = 0.010797
  YoB 1980, Dose 1: slope = 0.013958
  YoB 1990, Dose 1: slope = 0.016476
  YoB 2000, Dose 1: slope = 0.008589
  YoB 1920, Dose 2: slope = -0.000626
  YoB 1930, Dose 2: slope = 0.001961
  YoB 1940, Dose 2: slope = 0.001697
  YoB 1950, Dose 2: slope = -0.005262
  YoB 1960, Dose 2: slope = 0.001270
  YoB 1970, Dose 2: slope = 0.000037
  YoB 1980, Dose 2: slope = -0.002972
  YoB 1990, Dose 2: slope = -0.006584
  YoB 2000, Dose 2: slope = -0.011355
  YoB 1920, Dose 3: slope = 0.000011
  YoB 1930, Dose 3: slope = 0.002883
  YoB 1940, Dose 3: slope = 0.001215
  YoB 1950, Dose 3: slope = 0.001035
  YoB 1960, Dose 3: slope = 0.000671
  YoB 1970, Dose 3: slope = -0.002013
  YoB 1980, Dose 3: slope = -0.003403
  YoB 1990, Dose 3: slope = -0.012198
  YoB 2000, Dose 3: slope = -0.009039
  YoB 1920, Dose 4: slope = 0.000489
  YoB 1930, Dose 4: slope = 0.002424
  YoB 1940, Dose 4: slope = 0.003272
  YoB 1950, Dose 4: slope = 0.001170
  YoB 1960, Dose 4: slope = 0.002458
  YoB 1970, Dose 4: slope = -0.015946
  YoB 1980, Dose 4: slope = -0.029586
  YoB 1990, Dose 4: slope = -0.002053
  YoB 2000, Dose 4: slope = 0.000000
  YoB 1920, total slope = 0.000670  % vaxxed=81  (u,v)=(4747, 20096)
  YoB 1930, total slope = 0.002383  % vaxxed=89  (u,v)=(29755, 231739)
  YoB 1940, total slope = 0.001715  % vaxxed=90  (u,v)=(86740, 796080)
  YoB 1950, total slope = 0.000296  % vaxxed=87  (u,v)=(164073, 1071661)
  YoB 1960, total slope = 0.000172  % vaxxed=80  (u,v)=(261694, 1020720)
  YoB 1970, total slope = -0.001285  % vaxxed=76  (u,v)=(412512, 1292756)
  YoB 1980, total slope = -0.002643  % vaxxed=68  (u,v)=(456849, 973197)
  YoB 1990, total slope = -0.005517  % vaxxed=65  (u,v)=(399235, 756407)
  YoB 2000, total slope = -0.005683  % vaxxed=59  (u,v)=(426359, 621152)

Note that the total slope can be a smoking gun diagnostic metric. 
Total slopes should range from .002 to -.002 for a safe vaccine.


================================================================================
KCOR VALUES AT REPORTING DATES - ALL SHEETS
================================================================================

Sheet: 2021_13 — Reporting date: 2023-01-02
============================================================

Dose combination: 1 vs 0 [2021_13]
--------------------------------------------------
            YoB | KCOR [95% CI] | KCOR_o
--------------------------------------------------
  ASMR (pooled)   |   1.3870 [1.349, 1.426] | -
  1920            |   0.9562 [0.882, 1.036] | 1.2647
  1930            |   1.1516 [1.107, 1.198] | 1.3010
  1940            |   1.6557 [1.597, 1.716] | 1.8632
  1950            |   1.5213 [1.397, 1.657] | 1.5455
  1960            |   1.7967 [1.499, 2.154] | 1.5918
  1970            |   1.2856 [0.955, 1.730] | 1.5774
  1980            |   1.5204 [0.811, 2.851] | 1.6374
  1990            |   1.9119 [0.000, 19.119] | 0.0323
  2000            |   7.9660 [0.000, 79.660] | 0.0246

Dose combination: 2 vs 0 [2021_13]
--------------------------------------------------
            YoB | KCOR [95% CI] | KCOR_o
--------------------------------------------------
  ASMR (pooled)   |   1.5504 [1.501, 1.602] | -
  1920            |   1.1817 [1.110, 1.258] | 1.6926
  1930            |   1.6916 [1.631, 1.755] | 2.0633
  1940            |   1.6920 [1.600, 1.789] | 1.7986
  1950            |   1.3836 [1.247, 1.536] | 1.3495
  1960            |   1.9049 [1.563, 2.321] | 1.4650
  1970            |   1.2708 [0.908, 1.778] | 1.3932
  1980            |   0.3440 [0.229, 0.517] | 0.6550
  1990            |   1.6347 [0.668, 4.002] | 2.0445
  2000            |   3.1674 [0.000, 31.674] | 0.0067

Dose combination: 2 vs 1 [2021_13]
--------------------------------------------------
            YoB | KCOR [95% CI] | KCOR_o
--------------------------------------------------
  ASMR (pooled)   |   1.1176 [1.073, 1.164] | -
  1920            |   1.2358 [1.131, 1.350] | 1.3383
  1930            |   1.4689 [1.403, 1.538] | 1.5860
  1940            |   1.0219 [0.960, 1.088] | 0.9654
  1950            |   0.9095 [0.797, 1.038] | 0.8732
  1960            |   1.0602 [0.813, 1.382] | 0.9203
  1970            |   0.9885 [0.634, 1.541] | 0.8832
  1980            |   0.2263 [0.108, 0.474] | 0.4000
  1990            |   0.7738 [0.000, 7.738] | 1.2414
  2000            |   0.3976 [0.000, 3.976] | 0.2727

Sheet: 2021_24 — Reporting date: 2023-01-02
============================================================

Dose combination: 1 vs 0 [2021_24]
--------------------------------------------------
            YoB | KCOR [95% CI] | KCOR_o
--------------------------------------------------
  ASMR (pooled)   |   1.0814 [1.052, 1.112] | -
  1920            |   0.9338 [0.844, 1.033] | 0.9983
  1930            |   1.0141 [0.959, 1.072] | 1.1319
  1940            |   1.1232 [1.072, 1.177] | 1.3025
  1950            |   1.2476 [1.181, 1.317] | 1.3876
  1960            |   1.1305 [1.041, 1.228] | 1.3299
  1970            |   1.0609 [0.941, 1.197] | 1.2326
  1980            |   0.6321 [0.505, 0.792] | 0.8600
  1990            |   3.5740 [1.456, 8.775] | 4.0000
  2000            |   0.4953 [0.196, 1.250] | 1.0925

Dose combination: 2 vs 0 [2021_24]
--------------------------------------------------
            YoB | KCOR [95% CI] | KCOR_o
--------------------------------------------------
  ASMR (pooled)   |   1.1986 [1.173, 1.225] | -
  1920            |   0.8674 [0.816, 0.922] | 1.1768
  1930            |   1.0733 [1.035, 1.113] | 1.3184
  1940            |   1.2762 [1.230, 1.324] | 1.5379
  1950            |   1.5182 [1.437, 1.604] | 1.6439
  1960            |   1.3526 [1.219, 1.501] | 1.3969
  1970            |   1.2546 [1.060, 1.485] | 1.4255
  1980            |   0.9778 [0.717, 1.334] | 1.2365
  1990            |   0.9727 [0.610, 1.551] | 1.0698
  2000            |   1.1109 [0.450, 2.740] | 1.1799

Dose combination: 2 vs 1 [2021_24]
--------------------------------------------------
            YoB | KCOR [95% CI] | KCOR_o
--------------------------------------------------
  ASMR (pooled)   |   1.1084 [1.077, 1.141] | -
  1920            |   0.9289 [0.842, 1.025] | 1.1788
  1930            |   1.0584 [1.004, 1.116] | 1.1647
  1940            |   1.1362 [1.084, 1.191] | 1.1808
  1950            |   1.2169 [1.141, 1.298] | 1.1847
  1960            |   1.1965 [1.063, 1.347] | 1.0504
  1970            |   1.1826 [0.978, 1.430] | 1.1565
  1980            |   1.5469 [1.081, 2.214] | 1.4379
  1990            |   0.2722 [0.101, 0.731] | 0.2674
  2000            |   2.2428 [0.638, 7.890] | 1.0800

Sheet: 2022_06 — Reporting date: 2023-01-02
============================================================

Dose combination: 1 vs 0 [2022_06]
--------------------------------------------------
            YoB | KCOR [95% CI] | KCOR_o
--------------------------------------------------
  ASMR (pooled)   |   1.0350 [0.990, 1.082] | -
  1920            |   1.3341 [1.094, 1.627] | 1.3976
  1930            |   1.1327 [1.039, 1.235] | 1.1609
  1940            |   0.8772 [0.815, 0.944] | 0.9723
  1950            |   1.2184 [1.108, 1.340] | 1.2028
  1960            |   0.9983 [0.877, 1.136] | 0.9712
  1970            |   0.7500 [0.631, 0.891] | 0.9636
  1980            |   0.7943 [0.595, 1.061] | 1.0707
  1990            |   0.6889 [0.445, 1.065] | 1.1050
  2000            |   2.0390 [0.830, 5.010] | 1.7518

Dose combination: 2 vs 0 [2022_06]
--------------------------------------------------
            YoB | KCOR [95% CI] | KCOR_o
--------------------------------------------------
  ASMR (pooled)   |   1.0718 [1.048, 1.096] | -
  1920            |   1.0736 [0.995, 1.158] | 0.9386
  1930            |   1.0693 [1.026, 1.115] | 1.0748
  1940            |   0.9997 [0.961, 1.040] | 1.0139
  1950            |   1.2589 [1.196, 1.325] | 1.1596
  1960            |   0.9935 [0.918, 1.076] | 1.0538
  1970            |   1.1055 [0.989, 1.236] | 1.1590
  1980            |   1.0913 [0.903, 1.319] | 1.1285
  1990            |   1.6620 [1.236, 2.235] | 1.3583
  2000            |   1.6744 [1.140, 2.459] | 1.4234

Dose combination: 2 vs 1 [2022_06]
--------------------------------------------------
            YoB | KCOR [95% CI] | KCOR_o
--------------------------------------------------
  ASMR (pooled)   |   1.0355 [0.991, 1.083] | -
  1920            |   0.8047 [0.658, 0.984] | 0.6716
  1930            |   0.9440 [0.865, 1.030] | 0.9258
  1940            |   1.1396 [1.059, 1.226] | 1.0428
  1950            |   1.0332 [0.938, 1.138] | 0.9641
  1960            |   0.9952 [0.871, 1.137] | 1.0851
  1970            |   1.4739 [1.231, 1.764] | 1.2028
  1980            |   1.3740 [1.008, 1.873] | 1.0540
  1990            |   2.4128 [1.512, 3.851] | 1.2293
  2000            |   0.8212 [0.326, 2.067] | 0.8125

Dose combination: 3 vs 2 [2022_06]
--------------------------------------------------
            YoB | KCOR [95% CI] | KCOR_o
--------------------------------------------------
  ASMR (pooled)   |   1.5190 [1.488, 1.551] | -
  1920            |   1.3936 [1.298, 1.496] | 1.5656
  1930            |   1.4506 [1.398, 1.505] | 1.5795
  1940            |   1.7165 [1.658, 1.777] | 1.8182
  1950            |   1.3756 [1.309, 1.445] | 1.5418
  1960            |   1.3454 [1.237, 1.463] | 1.3531
  1970            |   1.5340 [1.342, 1.753] | 1.4168
  1980            |   1.2405 [0.982, 1.567] | 1.0594
  1990            |   0.9926 [0.660, 1.493] | 1.0824
  2000            |   2.0372 [1.152, 3.603] | 0.7692

Dose combination: 3 vs 0 [2022_06]
--------------------------------------------------
            YoB | KCOR [95% CI] | KCOR_o
--------------------------------------------------
  ASMR (pooled)   |   1.6281 [1.596, 1.661] | -
  1920            |   1.4961 [1.406, 1.592] | 1.4695
  1930            |   1.5511 [1.498, 1.607] | 1.6976
  1940            |   1.7160 [1.657, 1.778] | 1.8434
  1950            |   1.7316 [1.653, 1.814] | 1.7879
  1960            |   1.3366 [1.236, 1.445] | 1.4259
  1970            |   1.6958 [1.498, 1.919] | 1.6420
  1980            |   1.3538 [1.102, 1.663] | 1.1956
  1990            |   1.6497 [1.138, 2.392] | 1.4702
  2000            |   3.4111 [2.008, 5.795] | 1.0949

Sheet: 2022_47 — Reporting date: 2024-01-01
============================================================

Dose combination: 4 vs 3 [2022_47]
--------------------------------------------------
            YoB | KCOR [95% CI] | KCOR_o
--------------------------------------------------
  ASMR (pooled)   |   1.2465 [1.214, 1.280] | -
  1920            |   1.3231 [1.223, 1.431] | 1.3475
  1930            |   1.1708 [1.126, 1.217] | 1.1683
  1940            |   1.1573 [1.112, 1.205] | 1.2310
  1950            |   1.3080 [1.230, 1.390] | 1.3150
  1960            |   1.3794 [1.188, 1.602] | 1.4491
  1970            |   2.9288 [2.136, 4.017] | 1.8924
  1980            |   1.7269 [1.217, 2.450] | 0.8042
  1990            |   0.6454 [0.372, 1.119] | 0.8409
  2000            |   3.7594 [0.000, 37.594] | 0.1087

Dose combination: 4 vs 2 [2022_47]
--------------------------------------------------
            YoB | KCOR [95% CI] | KCOR_o
--------------------------------------------------
  ASMR (pooled)   |   1.2608 [1.222, 1.301] | -
  1920            |   1.0473 [0.935, 1.172] | 1.1740
  1930            |   1.2647 [1.201, 1.332] | 1.3367
  1940            |   1.2496 [1.187, 1.316] | 1.3363
  1950            |   1.0942 [1.019, 1.175] | 1.3116
  1960            |   1.4547 [1.244, 1.701] | 1.5056
  1970            |   3.5269 [2.565, 4.850] | 2.1518
  1980            |   1.6784 [1.181, 2.385] | 0.7753
  1990            |   0.8258 [0.480, 1.421] | 0.9306
  2000            |   3.5630 [0.000, 35.630] | 0.0467

Dose combination: 4 vs 1 [2022_47]
--------------------------------------------------
            YoB | KCOR [95% CI] | KCOR_o
--------------------------------------------------
  ASMR (pooled)   |   1.4554 [1.377, 1.538] | -
  1920            |   1.0434 [0.811, 1.342] | 1.0394
  1930            |   1.2819 [1.151, 1.427] | 1.3583
  1940            |   1.6093 [1.467, 1.765] | 1.5806
  1950            |   1.4526 [1.298, 1.626] | 1.4885
  1960            |   1.1731 [0.961, 1.431] | 1.3662
  1970            |   5.0675 [3.583, 7.168] | 2.3925
  1980            |   1.4727 [0.907, 2.392] | 0.4433
  1990            |   1.5354 [0.804, 2.932] | 0.9127
  2000            |   4.9146 [0.000, 49.146] | 0.3846

Dose combination: 4 vs 0 [2022_47]
--------------------------------------------------
            YoB | KCOR [95% CI] | KCOR_o
--------------------------------------------------
  ASMR (pooled)   |   1.2803 [1.242, 1.320] | -
  1920            |   1.6084 [1.470, 1.760] | 1.4994
  1930            |   1.1660 [1.110, 1.224] | 1.2497
  1940            |   1.1762 [1.119, 1.237] | 1.3172
  1950            |   1.3796 [1.289, 1.477] | 1.4313
  1960            |   1.3576 [1.166, 1.581] | 1.5287
  1970            |   3.1916 [2.328, 4.376] | 2.0694
  1980            |   1.5789 [1.124, 2.217] | 0.7343
  1990            |   0.6202 [0.362, 1.062] | 0.6609
  2000            |   4.1845 [0.000, 41.845] | 0.0373
================================================================================
[Done] Wrote 21730 rows to ../data/Czech/KCOR.xlsx
[Summary] Creating summary file: ../data/Czech/KCOR_summary.xlsx
  - 2021_13: 3 dose combinations, 37 summary rows
  - 2021_24: 3 dose combinations, 37 summary rows
  - 2022_06: 5 dose combinations, 61 summary rows
  - 2022_47: 4 dose combinations, 49 summary rows
[Summary] Created summary with 4 enrollment periods
