================================================================================
KCOR v4.4 - Kirsch Cumulative Outcomes Ratio Analysis
================================================================================
Analysis Date: 2025-09-28 17:13:25
Mode: Primary Analysis
Input File: ../data/Czech/KCOR_CMR.xlsx
Output File: ../data/Czech/KCOR.xlsx
Log File: ../data/Czech/KCOR_summary.log
--------------------------------------------------------------------------------
Configuration Parameters (effective):
  FINAL_KCOR_MIN        = 0
  FINAL_KCOR_DATE       = 4/1/24
  KCOR_NORMALIZATION_WEEK = 4
  SLOPE_ANCHOR_T        = 0
  DYNAMIC_HVE_SKIP_WEEKS = 0
  AGE_RANGE             = 10
  SLOPE_WINDOW_SIZE     = 2
  MA_TOTAL_LENGTH       = 8
  CENTERED              = True
  YEAR_RANGE            = (1920, 2009)
  ENROLLMENT_DATES      = ['2021_13', '2021_24', '2022_06', '2022_47']
  DEBUG_VERBOSE         = True
  OVERRIDE_DOSE_PAIRS   = None
  OVERRIDE_YOBS         = None
  QUIET_ANCHOR_ISO_WEEKS= ['2022-25', '2023-28', '2024-15']
  MIN_ANCHOR_GAP_WEEKS  = 26
  MIN_ANCHOR_SEPARATION_WEEKS = 39
  KCOR_REPORTING_DATE   = {'2021-13': '2022-12-31', '2021_13': '2022-12-31', '2021_24': '2022-12-31', '2022_06': '2022-12-31', '2022_47': '2023-12-31'}
  SLOPE_NORMALIZE_YOB_LE= 1900
================================================================================

[DEBUG] Limiting to age range: 1920-2009
[DEBUG] Limiting to enrollment dates: ['2021_13', '2021_24', '2022_06', '2022_47']
[Info] Processing sheet: 2021_13
[DEBUG] Filtered to start from enrollment date 03/29/2021: 141525 rows
[DEBUG] Filtered to 133200 rows for ages 1920-2009
[DEBUG] Filtered to doses [0, 1, 2] (max dose 2): 79920 rows
[DEBUG] Aggregated across sexes: 4995 rows
[INFO] 2021_13 dynamic anchors: t=64 (2022-06-20), t=119 (2023-07-10), Δt=55 weeks

[DEBUG] Computed slopes for sheet 2021_13:
  YoB 1920, Dose 0: slope = -0.003816
  YoB 1930, Dose 0: slope = -0.001640
  YoB 1940, Dose 0: slope = -0.000052
  YoB 1950, Dose 0: slope = 0.000548
  YoB 1960, Dose 0: slope = 0.001188
  YoB 1970, Dose 0: slope = 0.001178
  YoB 1980, Dose 0: slope = 0.001901
  YoB 1990, Dose 0: slope = 0.002549
  YoB 2000, Dose 0: slope = -0.000307
  YoB 1920, Dose 1: slope = 0.000867
  YoB 1930, Dose 1: slope = 0.000062
  YoB 1940, Dose 1: slope = 0.002133
  YoB 1950, Dose 1: slope = 0.000866
  YoB 1960, Dose 1: slope = -0.001542
  YoB 1970, Dose 1: slope = 0.005520
  YoB 1980, Dose 1: slope = 0.003619
  YoB 1990, Dose 1: slope = 0.000447
  YoB 2000, Dose 1: slope = 0.000000
  YoB 1920, Dose 2: slope = 0.002204
  YoB 1930, Dose 2: slope = 0.001480
  YoB 1940, Dose 2: slope = 0.001488
  YoB 1950, Dose 2: slope = 0.000053
  YoB 1960, Dose 2: slope = -0.004411
  YoB 1970, Dose 2: slope = 0.003127
  YoB 1980, Dose 2: slope = 0.017227
  YoB 1990, Dose 2: slope = 0.007070
  YoB 2000, Dose 2: slope = 0.000000
  YoB 1920, total slope = -0.000521  % vaxxed=58  (u,v)=(17291, 24009)
  YoB 1930, total slope = 0.000116  % vaxxed=66  (u,v)=(108468, 208980)
  YoB 1940, total slope = 0.000848  % vaxxed=43  (u,v)=(535775, 407907)
  YoB 1950, total slope = 0.000553  % vaxxed=10  (u,v)=(1146274, 124352)
  YoB 1960, total slope = 0.000788  % vaxxed=10  (u,v)=(1166254, 129324)
  YoB 1970, total slope = 0.001421  % vaxxed=8  (u,v)=(1580142, 131298)
  YoB 1980, total slope = 0.002346  % vaxxed=5  (u,v)=(1359745, 72486)
  YoB 1990, total slope = 0.002604  % vaxxed=4  (u,v)=(1112039, 44473)
  YoB 2000, total slope = -0.000305  % vaxxed=1  (u,v)=(1042593, 5337)

Sanity check: All comoputed slopes should be positive since people don't get younger.
[Info] Processing sheet: 2021_24
[DEBUG] Filtered to start from enrollment date 06/14/2021: 133110 rows
[DEBUG] Filtered to 125280 rows for ages 1920-2009
[DEBUG] Filtered to doses [0, 1, 2] (max dose 2): 75168 rows
[DEBUG] Aggregated across sexes: 4698 rows
[INFO] 2021_24 dynamic anchors: t=53 (2022-06-20), t=108 (2023-07-10), Δt=55 weeks

[DEBUG] Computed slopes for sheet 2021_24:
  YoB 1920, Dose 0: slope = -0.003878
  YoB 1930, Dose 0: slope = -0.002502
  YoB 1940, Dose 0: slope = -0.002040
  YoB 1950, Dose 0: slope = -0.000723
  YoB 1960, Dose 0: slope = -0.000469
  YoB 1970, Dose 0: slope = -0.000085
  YoB 1980, Dose 0: slope = 0.000405
  YoB 1990, Dose 0: slope = 0.002004
  YoB 2000, Dose 0: slope = -0.001467
  YoB 1920, Dose 1: slope = -0.003542
  YoB 1930, Dose 1: slope = -0.000762
  YoB 1940, Dose 1: slope = 0.001182
  YoB 1950, Dose 1: slope = 0.001658
  YoB 1960, Dose 1: slope = 0.003468
  YoB 1970, Dose 1: slope = 0.003555
  YoB 1980, Dose 1: slope = 0.008535
  YoB 1990, Dose 1: slope = 0.004422
  YoB 2000, Dose 1: slope = 0.016821
  YoB 1920, Dose 2: slope = 0.001551
  YoB 1930, Dose 2: slope = 0.001003
  YoB 1940, Dose 2: slope = 0.001955
  YoB 1950, Dose 2: slope = 0.000978
  YoB 1960, Dose 2: slope = 0.000286
  YoB 1970, Dose 2: slope = 0.003173
  YoB 1980, Dose 2: slope = 0.006615
  YoB 1990, Dose 2: slope = 0.004360
  YoB 2000, Dose 2: slope = 0.000000
  YoB 1920, total slope = -0.000480  % vaxxed=71  (u,v)=(11340, 27811)
  YoB 1930, total slope = 0.000152  % vaxxed=81  (u,v)=(59085, 251361)
  YoB 1940, total slope = 0.001088  % vaxxed=82  (u,v)=(169274, 766292)
  YoB 1950, total slope = 0.000779  % vaxxed=75  (u,v)=(316378, 949449)
  YoB 1960, total slope = 0.001405  % vaxxed=63  (u,v)=(475613, 818224)
  YoB 1970, total slope = 0.001884  % vaxxed=55  (u,v)=(761808, 948849)
  YoB 1980, total slope = 0.003263  % vaxxed=37  (u,v)=(899514, 532469)
  YoB 1990, total slope = 0.002457  % vaxxed=19  (u,v)=(937986, 218424)
  YoB 2000, total slope = -0.000754  % vaxxed=5  (u,v)=(997230, 50679)

Sanity check: All comoputed slopes should be positive since people don't get younger.
[Info] Processing sheet: 2022_06
[DEBUG] Filtered to start from enrollment date 02/07/2022: 107100 rows
[DEBUG] Filtered to 100800 rows for ages 1920-2009
[DEBUG] Filtered to doses [0, 1, 2, 3] (max dose 3): 80640 rows
[DEBUG] Aggregated across sexes: 5040 rows
[INFO] 2022_06 dynamic anchors: t=74 (2023-07-10), t=113 (2024-04-08), Δt=39 weeks

[DEBUG] Computed slopes for sheet 2022_06:
  YoB 1920, Dose 0: slope = 0.003418
  YoB 1930, Dose 0: slope = 0.000683
  YoB 1940, Dose 0: slope = -0.000326
  YoB 1950, Dose 0: slope = 0.000017
  YoB 1960, Dose 0: slope = -0.001764
  YoB 1970, Dose 0: slope = -0.002412
  YoB 1980, Dose 0: slope = -0.003539
  YoB 1990, Dose 0: slope = -0.003980
  YoB 2000, Dose 0: slope = 0.000368
  YoB 1920, Dose 1: slope = 0.001725
  YoB 1930, Dose 1: slope = 0.000327
  YoB 1940, Dose 1: slope = 0.004021
  YoB 1950, Dose 1: slope = -0.000856
  YoB 1960, Dose 1: slope = -0.003085
  YoB 1970, Dose 1: slope = 0.009618
  YoB 1980, Dose 1: slope = 0.010966
  YoB 1990, Dose 1: slope = 0.020415
  YoB 2000, Dose 1: slope = -0.007104
  YoB 1920, Dose 2: slope = -0.002159
  YoB 1930, Dose 2: slope = 0.001089
  YoB 1940, Dose 2: slope = 0.000410
  YoB 1950, Dose 2: slope = -0.003880
  YoB 1960, Dose 2: slope = 0.000975
  YoB 1970, Dose 2: slope = -0.000183
  YoB 1980, Dose 2: slope = -0.002014
  YoB 1990, Dose 2: slope = -0.011207
  YoB 2000, Dose 2: slope = -0.006542
  YoB 1920, Dose 3: slope = 0.000279
  YoB 1930, Dose 3: slope = 0.002997
  YoB 1940, Dose 3: slope = 0.002120
  YoB 1950, Dose 3: slope = 0.001105
  YoB 1960, Dose 3: slope = 0.001094
  YoB 1970, Dose 3: slope = -0.003568
  YoB 1980, Dose 3: slope = -0.008418
  YoB 1990, Dose 3: slope = -0.008658
  YoB 2000, Dose 3: slope = -0.042568
  YoB 1920, total slope = 0.000701  % vaxxed=79  (u,v)=(6742, 25271)
  YoB 1930, total slope = 0.002425  % vaxxed=88  (u,v)=(35371, 252148)
  YoB 1940, total slope = 0.001757  % vaxxed=90  (u,v)=(93174, 817874)
  YoB 1950, total slope = 0.000204  % vaxxed=86  (u,v)=(169821, 1081798)
  YoB 1960, total slope = 0.000245  % vaxxed=79  (u,v)=(266299, 1022121)
  YoB 1970, total slope = -0.001536  % vaxxed=76  (u,v)=(418011, 1290099)
  YoB 1980, total slope = -0.003395  % vaxxed=68  (u,v)=(463431, 967590)
  YoB 1990, total slope = -0.005646  % vaxxed=65  (u,v)=(406232, 749799)
  YoB 2000, total slope = -0.006910  % vaxxed=59  (u,v)=(433934, 613790)

Sanity check: All comoputed slopes should be positive since people don't get younger.
[Info] Processing sheet: 2022_47
[DEBUG] Filtered to start from enrollment date 11/21/2022: 75735 rows
[DEBUG] Filtered to 71280 rows for ages 1920-2009
[DEBUG] Filtered to doses [0, 1, 2, 3, 4] (max dose 4): 71280 rows
[DEBUG] Aggregated across sexes: 4455 rows
[INFO] 2022_47 dynamic anchors: t=33 (2023-07-10), t=72 (2024-04-08), Δt=39 weeks

[DEBUG] Computed slopes for sheet 2022_47:
  YoB 1920, Dose 0: slope = 0.003529
  YoB 1930, Dose 0: slope = 0.001027
  YoB 1940, Dose 0: slope = -0.000325
  YoB 1950, Dose 0: slope = 0.000031
  YoB 1960, Dose 0: slope = -0.001875
  YoB 1970, Dose 0: slope = -0.002263
  YoB 1980, Dose 0: slope = -0.003352
  YoB 1990, Dose 0: slope = -0.004510
  YoB 2000, Dose 0: slope = -0.000218
  YoB 1920, Dose 1: slope = -0.002362
  YoB 1930, Dose 1: slope = -0.000384
  YoB 1940, Dose 1: slope = 0.004375
  YoB 1950, Dose 1: slope = 0.000257
  YoB 1960, Dose 1: slope = -0.003075
  YoB 1970, Dose 1: slope = 0.010797
  YoB 1980, Dose 1: slope = 0.013958
  YoB 1990, Dose 1: slope = 0.016476
  YoB 2000, Dose 1: slope = 0.008589
  YoB 1920, Dose 2: slope = -0.000626
  YoB 1930, Dose 2: slope = 0.001961
  YoB 1940, Dose 2: slope = 0.001697
  YoB 1950, Dose 2: slope = -0.005262
  YoB 1960, Dose 2: slope = 0.001270
  YoB 1970, Dose 2: slope = 0.000037
  YoB 1980, Dose 2: slope = -0.002972
  YoB 1990, Dose 2: slope = -0.006584
  YoB 2000, Dose 2: slope = -0.011355
  YoB 1920, Dose 3: slope = 0.000011
  YoB 1930, Dose 3: slope = 0.002883
  YoB 1940, Dose 3: slope = 0.001215
  YoB 1950, Dose 3: slope = 0.001035
  YoB 1960, Dose 3: slope = 0.000671
  YoB 1970, Dose 3: slope = -0.002013
  YoB 1980, Dose 3: slope = -0.003403
  YoB 1990, Dose 3: slope = -0.012198
  YoB 2000, Dose 3: slope = -0.009039
  YoB 1920, Dose 4: slope = 0.000489
  YoB 1930, Dose 4: slope = 0.002424
  YoB 1940, Dose 4: slope = 0.003272
  YoB 1950, Dose 4: slope = 0.001170
  YoB 1960, Dose 4: slope = 0.002458
  YoB 1970, Dose 4: slope = -0.015946
  YoB 1980, Dose 4: slope = -0.029586
  YoB 1990, Dose 4: slope = -0.002053
  YoB 2000, Dose 4: slope = 0.000000
  YoB 1920, total slope = 0.000670  % vaxxed=81  (u,v)=(4747, 20096)
  YoB 1930, total slope = 0.002383  % vaxxed=89  (u,v)=(29755, 231739)
  YoB 1940, total slope = 0.001715  % vaxxed=90  (u,v)=(86740, 796080)
  YoB 1950, total slope = 0.000296  % vaxxed=87  (u,v)=(164073, 1071661)
  YoB 1960, total slope = 0.000172  % vaxxed=80  (u,v)=(261694, 1020720)
  YoB 1970, total slope = -0.001285  % vaxxed=76  (u,v)=(412512, 1292756)
  YoB 1980, total slope = -0.002643  % vaxxed=68  (u,v)=(456849, 973197)
  YoB 1990, total slope = -0.005517  % vaxxed=65  (u,v)=(399235, 756407)
  YoB 2000, total slope = -0.005683  % vaxxed=59  (u,v)=(426359, 621152)

Sanity check: All comoputed slopes should be positive since people don't get younger.

================================================================================
KCOR VALUES AT REPORTING DATES - ALL SHEETS
================================================================================

Sheet: 2021_13 — Reporting date: 2023-01-02
============================================================

Dose combination: 1 vs 0 [2021_13]
--------------------------------------------------
            YoB | KCOR [95% CI] | KCOR_o
--------------------------------------------------
  ASMR (pooled)   |   1.5019 [1.461, 1.544] | -
  1920            |   1.1943 [1.102, 1.294] | 1.2647
  1930            |   1.2437 [1.196, 1.293] | 1.3010
  1940            |   1.8376 [1.773, 1.905] | 1.8632
  1950            |   1.5456 [1.419, 1.683] | 1.5455
  1960            |   1.5894 [1.326, 1.906] | 1.5918
  1970            |   1.5770 [1.173, 2.120] | 1.5774
  1980            |   1.6376 [0.876, 3.062] | 1.6374
  1990            |   1.7281 [0.000, 17.281] | 0.0323
  2000            |   8.0955 [0.000, 80.955] | 0.0246

Dose combination: 2 vs 0 [2021_13]
--------------------------------------------------
            YoB | KCOR [95% CI] | KCOR_o
--------------------------------------------------
  ASMR (pooled)   |   1.6879 [1.634, 1.744] | -
  1920            |   1.5732 [1.478, 1.675] | 1.6926
  1930            |   1.9558 [1.886, 2.029] | 2.0633
  1940            |   1.8148 [1.717, 1.919] | 1.7986
  1950            |   1.3536 [1.220, 1.502] | 1.3495
  1960            |   1.4626 [1.199, 1.784] | 1.4650
  1970            |   1.3922 [0.996, 1.945] | 1.3932
  1980            |   0.6550 [0.438, 0.979] | 0.6550
  1990            |   2.0453 [0.843, 4.959] | 2.0445
  2000            |   3.2189 [0.000, 32.189] | 0.0067

Dose combination: 2 vs 1 [2021_13]
--------------------------------------------------
            YoB | KCOR [95% CI] | KCOR_o
--------------------------------------------------
  ASMR (pooled)   |   1.1229 [1.078, 1.170] | -
  1920            |   1.3173 [1.206, 1.439] | 1.3383
  1930            |   1.5726 [1.502, 1.647] | 1.5860
  1940            |   0.9876 [0.928, 1.051] | 0.9654
  1950            |   0.8758 [0.767, 1.000] | 0.8732
  1960            |   0.9202 [0.705, 1.200] | 0.9203
  1970            |   0.8828 [0.567, 1.374] | 0.8832
  1980            |   0.4000 [0.192, 0.833] | 0.4000
  1990            |   1.0896 [0.000, 10.896] | 1.2414
  2000            |   0.3976 [0.000, 3.976] | 0.2727

Sheet: 2021_24 — Reporting date: 2023-01-02
============================================================

Dose combination: 1 vs 0 [2021_24]
--------------------------------------------------
            YoB | KCOR [95% CI] | KCOR_o
--------------------------------------------------
  ASMR (pooled)   |   1.1929 [1.160, 1.226] | -
  1920            |   0.9462 [0.855, 1.047] | 0.9983
  1930            |   1.0840 [1.025, 1.146] | 1.1319
  1940            |   1.2713 [1.213, 1.332] | 1.3025
  1950            |   1.3714 [1.299, 1.448] | 1.3876
  1960            |   1.3244 [1.220, 1.438] | 1.3299
  1970            |   1.2309 [1.092, 1.388] | 1.2326
  1980            |   0.8595 [0.687, 1.075] | 0.8600
  1990            |   3.9998 [1.642, 9.745] | 4.0000
  2000            |   1.0927 [0.443, 2.696] | 1.0925

Dose combination: 2 vs 0 [2021_24]
--------------------------------------------------
            YoB | KCOR [95% CI] | KCOR_o
--------------------------------------------------
  ASMR (pooled)   |   1.3704 [1.341, 1.400] | -
  1920            |   1.0828 [1.019, 1.151] | 1.1768
  1930            |   1.2331 [1.189, 1.278] | 1.3184
  1940            |   1.4916 [1.438, 1.547] | 1.5379
  1950            |   1.6234 [1.537, 1.715] | 1.6439
  1960            |   1.3924 [1.255, 1.545] | 1.3969
  1970            |   1.4244 [1.204, 1.685] | 1.4255
  1980            |   1.2366 [0.909, 1.683] | 1.2365
  1990            |   1.0700 [0.672, 1.704] | 1.0698
  2000            |   1.1812 [0.479, 2.914] | 1.1799

Dose combination: 2 vs 1 [2021_24]
--------------------------------------------------
            YoB | KCOR [95% CI] | KCOR_o
--------------------------------------------------
  ASMR (pooled)   |   1.1487 [1.116, 1.182] | -
  1920            |   1.1443 [1.037, 1.262] | 1.1788
  1930            |   1.1375 [1.079, 1.199] | 1.1647
  1940            |   1.1733 [1.120, 1.229] | 1.1808
  1950            |   1.1838 [1.110, 1.263] | 1.1847
  1960            |   1.0514 [0.934, 1.183] | 1.0504
  1970            |   1.1572 [0.958, 1.398] | 1.1565
  1980            |   1.4386 [1.009, 2.052] | 1.4379
  1990            |   0.2675 [0.100, 0.713] | 0.2674
  2000            |   1.0810 [0.312, 3.739] | 1.0800

Sheet: 2022_06 — Reporting date: 2023-01-02
============================================================

Dose combination: 1 vs 0 [2022_06]
--------------------------------------------------
            YoB | KCOR [95% CI] | KCOR_o
--------------------------------------------------
  ASMR (pooled)   |   1.0689 [1.023, 1.117] | -
  1920            |   1.2860 [1.055, 1.568] | 1.3976
  1930            |   1.1245 [1.031, 1.226] | 1.1609
  1940            |   0.9575 [0.890, 1.030] | 0.9723
  1950            |   1.1957 [1.087, 1.315] | 1.2028
  1960            |   0.9700 [0.852, 1.104] | 0.9712
  1970            |   0.9634 [0.812, 1.143] | 0.9636
  1980            |   1.0706 [0.803, 1.427] | 1.0707
  1990            |   1.1050 [0.719, 1.699] | 1.1050
  2000            |   1.7519 [0.706, 4.345] | 1.7518

Dose combination: 2 vs 0 [2022_06]
--------------------------------------------------
            YoB | KCOR [95% CI] | KCOR_o
--------------------------------------------------
  ASMR (pooled)   |   1.0605 [1.037, 1.084] | -
  1920            |   0.9535 [0.884, 1.029] | 0.9386
  1930            |   1.0785 [1.034, 1.124] | 1.0748
  1940            |   1.0149 [0.976, 1.056] | 1.0139
  1950            |   1.1590 [1.101, 1.220] | 1.1596
  1960            |   1.0527 [0.972, 1.140] | 1.0538
  1970            |   1.1585 [1.036, 1.295] | 1.1590
  1980            |   1.1282 [0.933, 1.365] | 1.1285
  1990            |   1.3582 [1.007, 1.832] | 1.3583
  2000            |   1.4233 [0.968, 2.093] | 1.4234

Dose combination: 2 vs 1 [2022_06]
--------------------------------------------------
            YoB | KCOR [95% CI] | KCOR_o
--------------------------------------------------
  ASMR (pooled)   |   0.9921 [0.949, 1.037] | -
  1920            |   0.7415 [0.606, 0.907] | 0.6716
  1930            |   0.9591 [0.879, 1.046] | 0.9258
  1940            |   1.0599 [0.985, 1.140] | 1.0428
  1950            |   0.9693 [0.880, 1.068] | 0.9641
  1960            |   1.0853 [0.950, 1.240] | 1.0851
  1970            |   1.2025 [1.006, 1.437] | 1.2028
  1980            |   1.0537 [0.774, 1.434] | 1.0540
  1990            |   1.2292 [0.773, 1.954] | 1.2293
  2000            |   0.8124 [0.320, 2.065] | 0.8125

Dose combination: 3 vs 2 [2022_06]
--------------------------------------------------
            YoB | KCOR [95% CI] | KCOR_o
--------------------------------------------------
  ASMR (pooled)   |   1.5917 [1.559, 1.625] | -
  1920            |   1.4695 [1.369, 1.577] | 1.5656
  1930            |   1.5195 [1.464, 1.577] | 1.5795
  1940            |   1.7873 [1.726, 1.851] | 1.8182
  1950            |   1.5324 [1.458, 1.610] | 1.5418
  1960            |   1.3517 [1.243, 1.470] | 1.3531
  1970            |   1.4165 [1.239, 1.619] | 1.4168
  1980            |   1.0595 [0.837, 1.340] | 1.0594
  1990            |   1.0824 [0.717, 1.635] | 1.0824
  2000            |   0.7693 [0.424, 1.397] | 0.7692

Dose combination: 3 vs 0 [2022_06]
--------------------------------------------------
            YoB | KCOR [95% CI] | KCOR_o
--------------------------------------------------
  ASMR (pooled)   |   1.6880 [1.655, 1.722] | -
  1920            |   1.4012 [1.317, 1.490] | 1.4695
  1930            |   1.6389 [1.582, 1.697] | 1.6976
  1940            |   1.8140 [1.751, 1.879] | 1.8434
  1950            |   1.7760 [1.696, 1.860] | 1.7879
  1960            |   1.4229 [1.316, 1.538] | 1.4259
  1970            |   1.6409 [1.449, 1.858] | 1.6420
  1980            |   1.1953 [0.971, 1.471] | 1.1956
  1990            |   1.4701 [1.011, 2.139] | 1.4702
  2000            |   1.0949 [0.627, 1.912] | 1.0949

Sheet: 2022_47 — Reporting date: 2024-01-01
============================================================

Dose combination: 4 vs 3 [2022_47]
--------------------------------------------------
            YoB | KCOR [95% CI] | KCOR_o
--------------------------------------------------
  ASMR (pooled)   |   1.2474 [1.215, 1.281] | -
  1920            |   1.3400 [1.239, 1.449] | 1.3475
  1930            |   1.1606 [1.117, 1.206] | 1.1683
  1940            |   1.2272 [1.179, 1.277] | 1.2310
  1950            |   1.3146 [1.237, 1.397] | 1.3150
  1960            |   1.4505 [1.250, 1.684] | 1.4491
  1970            |   1.8937 [1.375, 2.608] | 1.8924
  1980            |   0.8047 [0.560, 1.156] | 0.8042
  1990            |   0.8414 [0.485, 1.461] | 0.8409
  2000            |   4.9744 [0.000, 49.744] | 0.1087

Dose combination: 4 vs 2 [2022_47]
--------------------------------------------------
            YoB | KCOR [95% CI] | KCOR_o
--------------------------------------------------
  ASMR (pooled)   |   1.3020 [1.262, 1.344] | -
  1920            |   1.0790 [0.964, 1.208] | 1.1740
  1930            |   1.2837 [1.219, 1.352] | 1.3367
  1940            |   1.3089 [1.243, 1.378] | 1.3363
  1950            |   1.3016 [1.212, 1.398] | 1.3116
  1960            |   1.5054 [1.288, 1.760] | 1.5056
  1970            |   2.1529 [1.559, 2.973] | 2.1518
  1980            |   0.7758 [0.539, 1.116] | 0.7753
  1990            |   0.9312 [0.541, 1.604] | 0.9306
  2000            |   5.0326 [0.000, 50.326] | 0.0467

Dose combination: 4 vs 1 [2022_47]
--------------------------------------------------
            YoB | KCOR [95% CI] | KCOR_o
--------------------------------------------------
  ASMR (pooled)   |   1.4465 [1.369, 1.528] | -
  1920            |   1.1299 [0.878, 1.455] | 1.0394
  1930            |   1.3817 [1.241, 1.538] | 1.3583
  1940            |   1.5873 [1.448, 1.740] | 1.5806
  1950            |   1.4909 [1.332, 1.669] | 1.4885
  1960            |   1.3669 [1.120, 1.668] | 1.3662
  1970            |   2.3933 [1.687, 3.395] | 2.3925
  1980            |   0.4435 [0.272, 0.724] | 0.4433
  1990            |   0.9133 [0.480, 1.738] | 0.9127
  2000            |   3.8273 [0.000, 38.273] | 0.3846

Dose combination: 4 vs 0 [2022_47]
--------------------------------------------------
            YoB | KCOR [95% CI] | KCOR_o
--------------------------------------------------
  ASMR (pooled)   |   1.3201 [1.281, 1.361] | -
  1920            |   1.4970 [1.368, 1.638] | 1.4994
  1930            |   1.2118 [1.154, 1.272] | 1.2497
  1940            |   1.2986 [1.235, 1.365] | 1.3172
  1950            |   1.4239 [1.330, 1.524] | 1.4313
  1960            |   1.5274 [1.312, 1.778] | 1.5287
  1970            |   2.0696 [1.503, 2.849] | 2.0694
  1980            |   0.7346 [0.516, 1.045] | 0.7343
  1990            |   0.6613 [0.386, 1.133] | 0.6609
  2000            |   4.2108 [0.000, 42.108] | 0.0373
================================================================================
[Done] Wrote 21730 rows to ../data/Czech/KCOR.xlsx
[Summary] Creating summary file: ../data/Czech/KCOR_summary.xlsx
  - 2021_13: 3 dose combinations, 37 summary rows
  - 2021_24: 3 dose combinations, 37 summary rows
  - 2022_06: 5 dose combinations, 61 summary rows
  - 2022_47: 4 dose combinations, 49 summary rows
[Summary] Created summary with 4 enrollment periods
